<?xml version="1.0" encoding="UTF-8"?>
<robot generator="Robot 7.4.1 (Python 3.12.2 on win32)" generated="2026-02-19T00:37:09.046278" rpa="false" schemaversion="5">
<suite id="s1" name="Pbi Features Tests" source="D:\Software Engineer\PaiNamNae\PaiNamNaeWebApp\tests\robot\pbi_features_tests.robot">
<kw name="Create API Session" owner="common" type="SETUP">
<kw name="Create Session" owner="RequestsLibrary">
<msg time="2026-02-19T00:37:09.459278" level="INFO">Creating Session using : alias=api, url=https://painamnaewebapp-production.up.railway.app/api, headers={},                     cookies={}, auth=None, timeout=None, proxies=None, verify=False,                     debug=0 </msg>
<arg>api</arg>
<arg>${BASE_URL}</arg>
<arg>verify=${verify_ssl}</arg>
<arg>disable_warnings=${True}</arg>
<doc>Create Session: create a HTTP session to a server</doc>
<status status="PASS" start="2026-02-19T00:37:09.459278" elapsed="0.000000"/>
</kw>
<doc>Create a session for API requests</doc>
<status status="PASS" start="2026-02-19T00:37:09.458277" elapsed="0.001001"/>
</kw>
<test id="s1-t1" name="PBI16-001 Account Deletion - Request Delete Requires Auth" line="29">
<kw name="Create Dictionary" owner="BuiltIn">
<msg time="2026-02-19T00:37:09.460279" level="INFO">${body} = {'password': 'anypassword'}</msg>
<var>${body}</var>
<arg>password=anypassword</arg>
<doc>Creates and returns a dictionary based on the given ``items``.</doc>
<status status="PASS" start="2026-02-19T00:37:09.460279" elapsed="0.000000"/>
</kw>
<kw name="POST On Session" owner="RequestsLibrary">
<msg time="2026-02-19T00:37:10.002719" level="INFO">POST Request : url=https://painamnaewebapp-production.up.railway.app/api/account/request-delete 
 path_url=/api/account/request-delete 
 headers={'User-Agent': 'python-requests/2.32.5', 'Accept-Encoding': 'gzip, deflate', 'Accept': '*/*', 'Connection': 'keep-alive', 'Content-Length': '27', 'Content-Type': 'application/json'} 
 body=b'{"password": "anypassword"}' 
 </msg>
<msg time="2026-02-19T00:37:10.002719" level="INFO">POST Response : url=https://painamnaewebapp-production.up.railway.app/api/account/request-delete 
 status=401, reason=Unauthorized 
 headers={'Access-Control-Allow-Credentials': 'true', 'Content-Length': '66', 'Content-Security-Policy': "default-src 'self';base-uri 'self';font-src 'self' https: data:;form-action 'self';frame-ancestors 'self';img-src 'self' data:;object-src 'none';script-src 'self';script-src-attr 'none';style-src 'self' https: 'unsafe-inline';upgrade-insecure-requests", 'Content-Type': 'application/json; charset=utf-8', 'Cross-Origin-Opener-Policy': 'same-origin', 'Cross-Origin-Resource-Policy': 'same-origin', 'Date': 'Wed, 18 Feb 2026 17:37:10 GMT', 'Etag': 'W/"42-VIvuqXCkSos5B2HjVRGsrV8/u7s"', 'Origin-Agent-Cluster': '?1', 'Referrer-Policy': 'no-referrer', 'Server': 'railway-edge', 'Strict-Transport-Security': 'max-age=15552000; includeSubDomains', 'Vary': 'Origin', 'X-Content-Type-Options': 'nosniff', 'X-Dns-Prefetch-Control': 'off', 'X-Download-Options': 'noopen', 'X-Frame-Options': 'SAMEORIGIN', 'X-Permitted-Cross-Domain-Policies': 'none', 'X-Railway-Edge': 'railway/asia-southeast1-eqsg3a', 'X-Railway-Request-Id': 'P7fH3yeWSMulzy7ADcO5xA', 'X-Xss-Protection': '0'} 
 body={"success":false,"message":"Not authorized, no token","data":null} 
 </msg>
<msg time="2026-02-19T00:37:10.002719" level="INFO">${response} = &lt;Response [401]&gt;</msg>
<var>${response}</var>
<arg>api</arg>
<arg>/account/request-delete</arg>
<arg>json=${body}</arg>
<arg>expected_status=any</arg>
<doc>Sends a POST request on a previously created HTTP Session.</doc>
<status status="PASS" start="2026-02-19T00:37:09.460279" elapsed="0.542440"/>
</kw>
<kw name="Should Be Equal As Strings" owner="BuiltIn">
<msg time="2026-02-19T00:37:10.003719" level="INFO">Argument types are:
&lt;class 'int'&gt;
&lt;class 'str'&gt;</msg>
<arg>${response.status_code}</arg>
<arg>401</arg>
<doc>Fails if objects are unequal after converting them to strings.</doc>
<status status="PASS" start="2026-02-19T00:37:10.002719" elapsed="0.001000"/>
</kw>
<kw name="Log" owner="BuiltIn">
<msg time="2026-02-19T00:37:10.003719" level="INFO">Request delete endpoint requires authentication</msg>
<arg>Request delete endpoint requires authentication</arg>
<doc>Logs the given message with the given level.</doc>
<status status="PASS" start="2026-02-19T00:37:10.003719" elapsed="0.000000"/>
</kw>
<doc>ทดสอบว่าการขอลบบัญชีต้อง login</doc>
<tag>account-deletion</tag>
<tag>pbi16</tag>
<tag>security</tag>
<status status="PASS" start="2026-02-19T00:37:09.459278" elapsed="0.544441"/>
</test>
<test id="s1-t2" name="PBI16-002 Account Deletion - Request Status Endpoint Exists" line="37">
<kw name="GET On Session" owner="RequestsLibrary">
<msg time="2026-02-19T00:37:10.210719" level="INFO">GET Request : url=https://painamnaewebapp-production.up.railway.app/api/account/deletion-status 
 path_url=/api/account/deletion-status 
 headers={'User-Agent': 'python-requests/2.32.5', 'Accept-Encoding': 'gzip, deflate', 'Accept': '*/*', 'Connection': 'keep-alive'} 
 body=None 
 </msg>
<msg time="2026-02-19T00:37:10.210719" level="INFO">GET Response : url=https://painamnaewebapp-production.up.railway.app/api/account/deletion-status 
 status=401, reason=Unauthorized 
 headers={'Access-Control-Allow-Credentials': 'true', 'Content-Length': '66', 'Content-Security-Policy': "default-src 'self';base-uri 'self';font-src 'self' https: data:;form-action 'self';frame-ancestors 'self';img-src 'self' data:;object-src 'none';script-src 'self';script-src-attr 'none';style-src 'self' https: 'unsafe-inline';upgrade-insecure-requests", 'Content-Type': 'application/json; charset=utf-8', 'Cross-Origin-Opener-Policy': 'same-origin', 'Cross-Origin-Resource-Policy': 'same-origin', 'Date': 'Wed, 18 Feb 2026 17:37:10 GMT', 'Etag': 'W/"42-VIvuqXCkSos5B2HjVRGsrV8/u7s"', 'Origin-Agent-Cluster': '?1', 'Referrer-Policy': 'no-referrer', 'Server': 'railway-edge', 'Strict-Transport-Security': 'max-age=15552000; includeSubDomains', 'Vary': 'Origin', 'X-Content-Type-Options': 'nosniff', 'X-Dns-Prefetch-Control': 'off', 'X-Download-Options': 'noopen', 'X-Frame-Options': 'SAMEORIGIN', 'X-Permitted-Cross-Domain-Policies': 'none', 'X-Railway-Edge': 'railway/asia-southeast1-eqsg3a', 'X-Railway-Request-Id': 'GpdHPNR6Tw2X4XihDcO5xA', 'X-Xss-Protection': '0'} 
 body={"success":false,"message":"Not authorized, no token","data":null} 
 </msg>
<msg time="2026-02-19T00:37:10.210719" level="INFO">${response} = &lt;Response [401]&gt;</msg>
<var>${response}</var>
<arg>api</arg>
<arg>/account/deletion-status</arg>
<arg>expected_status=any</arg>
<doc>Sends a GET request on a previously created HTTP Session.</doc>
<status status="PASS" start="2026-02-19T00:37:10.004722" elapsed="0.205997"/>
</kw>
<kw name="Should Be Equal As Strings" owner="BuiltIn">
<msg time="2026-02-19T00:37:10.211719" level="INFO">Argument types are:
&lt;class 'int'&gt;
&lt;class 'str'&gt;</msg>
<arg>${response.status_code}</arg>
<arg>401</arg>
<doc>Fails if objects are unequal after converting them to strings.</doc>
<status status="PASS" start="2026-02-19T00:37:10.210719" elapsed="0.001000"/>
</kw>
<kw name="Log" owner="BuiltIn">
<msg time="2026-02-19T00:37:10.211719" level="INFO">Deletion status endpoint exists and requires authentication</msg>
<arg>Deletion status endpoint exists and requires authentication</arg>
<doc>Logs the given message with the given level.</doc>
<status status="PASS" start="2026-02-19T00:37:10.211719" elapsed="0.000000"/>
</kw>
<doc>ทดสอบว่า endpoint สำหรับดูสถานะการลบบัญชีมีอยู่</doc>
<tag>account-deletion</tag>
<tag>api</tag>
<tag>pbi16</tag>
<status status="PASS" start="2026-02-19T00:37:10.003719" elapsed="0.208000"/>
</test>
<test id="s1-t3" name="PBI16-003 Account Deletion - Cancel Endpoint Exists" line="45">
<kw name="POST On Session" owner="RequestsLibrary">
<msg time="2026-02-19T00:37:10.415719" level="INFO">POST Request : url=https://painamnaewebapp-production.up.railway.app/api/account/cancel-delete 
 path_url=/api/account/cancel-delete 
 headers={'User-Agent': 'python-requests/2.32.5', 'Accept-Encoding': 'gzip, deflate', 'Accept': '*/*', 'Connection': 'keep-alive', 'Content-Length': '0'} 
 body=None 
 </msg>
<msg time="2026-02-19T00:37:10.415719" level="INFO">POST Response : url=https://painamnaewebapp-production.up.railway.app/api/account/cancel-delete 
 status=401, reason=Unauthorized 
 headers={'Access-Control-Allow-Credentials': 'true', 'Content-Length': '66', 'Content-Security-Policy': "default-src 'self';base-uri 'self';font-src 'self' https: data:;form-action 'self';frame-ancestors 'self';img-src 'self' data:;object-src 'none';script-src 'self';script-src-attr 'none';style-src 'self' https: 'unsafe-inline';upgrade-insecure-requests", 'Content-Type': 'application/json; charset=utf-8', 'Cross-Origin-Opener-Policy': 'same-origin', 'Cross-Origin-Resource-Policy': 'same-origin', 'Date': 'Wed, 18 Feb 2026 17:37:10 GMT', 'Etag': 'W/"42-VIvuqXCkSos5B2HjVRGsrV8/u7s"', 'Origin-Agent-Cluster': '?1', 'Referrer-Policy': 'no-referrer', 'Server': 'railway-edge', 'Strict-Transport-Security': 'max-age=15552000; includeSubDomains', 'Vary': 'Origin', 'X-Content-Type-Options': 'nosniff', 'X-Dns-Prefetch-Control': 'off', 'X-Download-Options': 'noopen', 'X-Frame-Options': 'SAMEORIGIN', 'X-Permitted-Cross-Domain-Policies': 'none', 'X-Railway-Edge': 'railway/asia-southeast1-eqsg3a', 'X-Railway-Request-Id': 'cJC2rq6QQrqCSblVDcO5xA', 'X-Xss-Protection': '0'} 
 body={"success":false,"message":"Not authorized, no token","data":null} 
 </msg>
<msg time="2026-02-19T00:37:10.415719" level="INFO">${response} = &lt;Response [401]&gt;</msg>
<var>${response}</var>
<arg>api</arg>
<arg>/account/cancel-delete</arg>
<arg>expected_status=any</arg>
<doc>Sends a POST request on a previously created HTTP Session.</doc>
<status status="PASS" start="2026-02-19T00:37:10.212719" elapsed="0.203000"/>
</kw>
<kw name="Should Be Equal As Strings" owner="BuiltIn">
<msg time="2026-02-19T00:37:10.416718" level="INFO">Argument types are:
&lt;class 'int'&gt;
&lt;class 'str'&gt;</msg>
<arg>${response.status_code}</arg>
<arg>401</arg>
<doc>Fails if objects are unequal after converting them to strings.</doc>
<status status="PASS" start="2026-02-19T00:37:10.415719" elapsed="0.000999"/>
</kw>
<kw name="Log" owner="BuiltIn">
<msg time="2026-02-19T00:37:10.416718" level="INFO">Cancel deletion endpoint exists and requires authentication</msg>
<arg>Cancel deletion endpoint exists and requires authentication</arg>
<doc>Logs the given message with the given level.</doc>
<status status="PASS" start="2026-02-19T00:37:10.416718" elapsed="0.000000"/>
</kw>
<doc>ทดสอบว่า endpoint สำหรับยกเลิกการลบบัญชีมีอยู่</doc>
<tag>account-deletion</tag>
<tag>api</tag>
<tag>pbi16</tag>
<status status="PASS" start="2026-02-19T00:37:10.212719" elapsed="0.203999"/>
</test>
<test id="s1-t4" name="PBI16-004 Account Deletion - Confirm Delete Requires Auth" line="53">
<kw name="Create Dictionary" owner="BuiltIn">
<msg time="2026-02-19T00:37:10.417718" level="INFO">${body} = {'password': 'anypassword'}</msg>
<var>${body}</var>
<arg>password=anypassword</arg>
<doc>Creates and returns a dictionary based on the given ``items``.</doc>
<status status="PASS" start="2026-02-19T00:37:10.417718" elapsed="0.000000"/>
</kw>
<kw name="DELETE On Session" owner="RequestsLibrary">
<msg time="2026-02-19T00:37:10.620720" level="INFO">DELETE Request : url=https://painamnaewebapp-production.up.railway.app/api/account/confirm 
 path_url=/api/account/confirm 
 headers={'User-Agent': 'python-requests/2.32.5', 'Accept-Encoding': 'gzip, deflate', 'Accept': '*/*', 'Connection': 'keep-alive', 'Content-Length': '27', 'Content-Type': 'application/json'} 
 body=b'{"password": "anypassword"}' 
 </msg>
<msg time="2026-02-19T00:37:10.620720" level="INFO">DELETE Response : url=https://painamnaewebapp-production.up.railway.app/api/account/confirm 
 status=401, reason=Unauthorized 
 headers={'Access-Control-Allow-Credentials': 'true', 'Content-Length': '66', 'Content-Security-Policy': "default-src 'self';base-uri 'self';font-src 'self' https: data:;form-action 'self';frame-ancestors 'self';img-src 'self' data:;object-src 'none';script-src 'self';script-src-attr 'none';style-src 'self' https: 'unsafe-inline';upgrade-insecure-requests", 'Content-Type': 'application/json; charset=utf-8', 'Cross-Origin-Opener-Policy': 'same-origin', 'Cross-Origin-Resource-Policy': 'same-origin', 'Date': 'Wed, 18 Feb 2026 17:37:10 GMT', 'Etag': 'W/"42-VIvuqXCkSos5B2HjVRGsrV8/u7s"', 'Origin-Agent-Cluster': '?1', 'Referrer-Policy': 'no-referrer', 'Server': 'railway-edge', 'Strict-Transport-Security': 'max-age=15552000; includeSubDomains', 'Vary': 'Origin', 'X-Content-Type-Options': 'nosniff', 'X-Dns-Prefetch-Control': 'off', 'X-Download-Options': 'noopen', 'X-Frame-Options': 'SAMEORIGIN', 'X-Permitted-Cross-Domain-Policies': 'none', 'X-Railway-Edge': 'railway/asia-southeast1-eqsg3a', 'X-Railway-Request-Id': 'UxCIR3wWQVCA22-uDcO5xA', 'X-Xss-Protection': '0'} 
 body={"success":false,"message":"Not authorized, no token","data":null} 
 </msg>
<msg time="2026-02-19T00:37:10.620720" level="INFO">${response} = &lt;Response [401]&gt;</msg>
<var>${response}</var>
<arg>api</arg>
<arg>/account/confirm</arg>
<arg>json=${body}</arg>
<arg>expected_status=any</arg>
<doc>Sends a DELETE request on a previously created HTTP Session.</doc>
<status status="PASS" start="2026-02-19T00:37:10.417718" elapsed="0.203002"/>
</kw>
<kw name="Should Be Equal As Strings" owner="BuiltIn">
<msg time="2026-02-19T00:37:10.621720" level="INFO">Argument types are:
&lt;class 'int'&gt;
&lt;class 'str'&gt;</msg>
<arg>${response.status_code}</arg>
<arg>401</arg>
<doc>Fails if objects are unequal after converting them to strings.</doc>
<status status="PASS" start="2026-02-19T00:37:10.620720" elapsed="0.001000"/>
</kw>
<kw name="Log" owner="BuiltIn">
<msg time="2026-02-19T00:37:10.621720" level="INFO">Confirm delete endpoint requires authentication</msg>
<arg>Confirm delete endpoint requires authentication</arg>
<doc>Logs the given message with the given level.</doc>
<status status="PASS" start="2026-02-19T00:37:10.621720" elapsed="0.000000"/>
</kw>
<doc>ทดสอบว่าการยืนยันลบบัญชีต้อง login</doc>
<tag>account-deletion</tag>
<tag>pbi16</tag>
<tag>validation</tag>
<status status="PASS" start="2026-02-19T00:37:10.416718" elapsed="0.205002"/>
</test>
<test id="s1-t5" name="PBI16-005 Account Deletion - Full Flow Test (Requires Auth)" line="61">
<kw name="Create Dictionary" owner="BuiltIn">
<msg time="2026-02-19T00:37:10.622721" level="INFO">${body} = {'email': 'testuser@example.com', 'password': '123123aq'}</msg>
<var>${body}</var>
<arg>email=${TEST_USER_EMAIL}</arg>
<arg>password=${TEST_USER_PASSWORD}</arg>
<doc>Creates and returns a dictionary based on the given ``items``.</doc>
<status status="PASS" start="2026-02-19T00:37:10.622721" elapsed="0.000000"/>
</kw>
<kw name="POST On Session" owner="RequestsLibrary">
<msg time="2026-02-19T00:37:10.902887" level="INFO">POST Request : url=https://painamnaewebapp-production.up.railway.app/api/auth/login 
 path_url=/api/auth/login 
 headers={'User-Agent': 'python-requests/2.32.5', 'Accept-Encoding': 'gzip, deflate', 'Accept': '*/*', 'Connection': 'keep-alive', 'Content-Length': '57', 'Content-Type': 'application/json'} 
 body=b'{"email": "testuser@example.com", "password": "123123aq"}' 
 </msg>
<msg time="2026-02-19T00:37:10.902887" level="INFO">POST Response : url=https://painamnaewebapp-production.up.railway.app/api/auth/login 
 status=200, reason=OK 
 headers={'Access-Control-Allow-Credentials': 'true', 'Content-Length': '533', 'Content-Security-Policy': "default-src 'self';base-uri 'self';font-src 'self' https: data:;form-action 'self';frame-ancestors 'self';img-src 'self' data:;object-src 'none';script-src 'self';script-src-attr 'none';style-src 'self' https: 'unsafe-inline';upgrade-insecure-requests", 'Content-Type': 'application/json; charset=utf-8', 'Cross-Origin-Opener-Policy': 'same-origin', 'Cross-Origin-Resource-Policy': 'same-origin', 'Date': 'Wed, 18 Feb 2026 17:37:10 GMT', 'Etag': 'W/"215-XVGQCWei1n0UuH66OUlmIQAl9CQ"', 'Origin-Agent-Cluster': '?1', 'Referrer-Policy': 'no-referrer', 'Server': 'railway-edge', 'Strict-Transport-Security': 'max-age=15552000; includeSubDomains', 'Vary': 'Origin', 'X-Content-Type-Options': 'nosniff', 'X-Dns-Prefetch-Control': 'off', 'X-Download-Options': 'noopen', 'X-Frame-Options': 'SAMEORIGIN', 'X-Permitted-Cross-Domain-Policies': 'none', 'X-Railway-Edge': 'railway/asia-southeast1-eqsg3a', 'X-Railway-Request-Id': '0C7dDKdxTrSTlZXKDcO5xA', 'X-Xss-Protection': '0'} 
 body={"success":true,"message":"Login successful","data":{"token":"eyJhbGciOiJIUzI1NiIsInR5cCI6IkpXVCJ9.eyJzdWIiOiJjbWxzNzB4amkwMDBmMTAzbzVzemtwbmRmIiwicm9sZSI6IlBBU1NFTkdFUiIsImlhdCI6MTc3MTQzNjIzMCwiZXhwIjoxNzcxNDM5ODMwfQ.UbfYej7Pze4HY5gL8ZrowRqQ9Rf1Ny6hSEBADFAmHsw","user":{"id":"cmls70xji000f103o5szkpndf","firstName":"TestUser1","lastName":"UserTest1","profilePicture":null,"role":"PASSENGER","passengerSuspendedUntil":null,"driverSuspendedUntil":null,"status":"ACTIVE","deletedAt":null,"scheduledDeleteAt":null,"deleteReason":null}}} 
 </msg>
<msg time="2026-02-19T00:37:10.902887" level="INFO">${login_response} = &lt;Response [200]&gt;</msg>
<var>${login_response}</var>
<arg>api</arg>
<arg>/auth/login</arg>
<arg>json=${body}</arg>
<arg>expected_status=any</arg>
<doc>Sends a POST request on a previously created HTTP Session.</doc>
<status status="PASS" start="2026-02-19T00:37:10.622721" elapsed="0.280166"/>
</kw>
<kw name="Skip If" owner="BuiltIn">
<arg>${login_response.status_code} != 200</arg>
<arg>Test user not available for deletion test</arg>
<doc>Skips the rest of the current test if the ``condition`` is True.</doc>
<status status="PASS" start="2026-02-19T00:37:10.902887" elapsed="0.001000"/>
</kw>
<kw name="Set Variable" owner="BuiltIn">
<msg time="2026-02-19T00:37:10.904887" level="INFO">${token} = eyJhbGciOiJIUzI1NiIsInR5cCI6IkpXVCJ9.eyJzdWIiOiJjbWxzNzB4amkwMDBmMTAzbzVzemtwbmRmIiwicm9sZSI6IlBBU1NFTkdFUiIsImlhdCI6MTc3MTQzNjIzMCwiZXhwIjoxNzcxNDM5ODMwfQ.UbfYej7Pze4HY5gL8ZrowRqQ9Rf1Ny6hSEBADFAmHsw</msg>
<var>${token}</var>
<arg>${login_response.json()['data']['token']}</arg>
<doc>Returns the given values which can then be assigned to a variables.</doc>
<status status="PASS" start="2026-02-19T00:37:10.903887" elapsed="0.001000"/>
</kw>
<kw name="Create Dictionary" owner="BuiltIn">
<msg time="2026-02-19T00:37:10.905887" level="INFO">${headers} = {'Authorization': 'Bearer eyJhbGciOiJIUzI1NiIsInR5cCI6IkpXVCJ9.eyJzdWIiOiJjbWxzNzB4amkwMDBmMTAzbzVzemtwbmRmIiwicm9sZSI6IlBBU1NFTkdFUiIsImlhdCI6MTc3MTQzNjIzMCwiZXhwIjoxNzcxNDM5ODMwfQ.UbfYej7Pze4HY5gL8Z...</msg>
<var>${headers}</var>
<arg>Authorization=Bearer ${token}</arg>
<arg>Content-Type=application/json</arg>
<doc>Creates and returns a dictionary based on the given ``items``.</doc>
<status status="PASS" start="2026-02-19T00:37:10.905887" elapsed="0.000000"/>
</kw>
<kw name="GET On Session" owner="RequestsLibrary">
<msg time="2026-02-19T00:37:11.115730" level="INFO">GET Request : url=https://painamnaewebapp-production.up.railway.app/api/account/deletion-status 
 path_url=/api/account/deletion-status 
 headers={'User-Agent': 'python-requests/2.32.5', 'Accept-Encoding': 'gzip, deflate', 'Accept': '*/*', 'Connection': 'keep-alive', 'Authorization': 'Bearer eyJhbGciOiJIUzI1NiIsInR5cCI6IkpXVCJ9.eyJzdWIiOiJjbWxzNzB4amkwMDBmMTAzbzVzemtwbmRmIiwicm9sZSI6IlBBU1NFTkdFUiIsImlhdCI6MTc3MTQzNjIzMCwiZXhwIjoxNzcxNDM5ODMwfQ.UbfYej7Pze4HY5gL8ZrowRqQ9Rf1Ny6hSEBADFAmHsw', 'Content-Type': 'application/json'} 
 body=None 
 </msg>
<msg time="2026-02-19T00:37:11.115730" level="INFO">GET Response : url=https://painamnaewebapp-production.up.railway.app/api/account/deletion-status 
 status=200, reason=OK 
 headers={'Access-Control-Allow-Credentials': 'true', 'Content-Length': '69', 'Content-Security-Policy': "default-src 'self';base-uri 'self';font-src 'self' https: data:;form-action 'self';frame-ancestors 'self';img-src 'self' data:;object-src 'none';script-src 'self';script-src-attr 'none';style-src 'self' https: 'unsafe-inline';upgrade-insecure-requests", 'Content-Type': 'application/json; charset=utf-8', 'Cross-Origin-Opener-Policy': 'same-origin', 'Cross-Origin-Resource-Policy': 'same-origin', 'Date': 'Wed, 18 Feb 2026 17:37:11 GMT', 'Etag': 'W/"45-B2Rnrj2Mw4VTizR6B/TO1oYl7Fw"', 'Origin-Agent-Cluster': '?1', 'Referrer-Policy': 'no-referrer', 'Server': 'railway-edge', 'Strict-Transport-Security': 'max-age=15552000; includeSubDomains', 'Vary': 'Origin', 'X-Content-Type-Options': 'nosniff', 'X-Dns-Prefetch-Control': 'off', 'X-Download-Options': 'noopen', 'X-Frame-Options': 'SAMEORIGIN', 'X-Permitted-Cross-Domain-Policies': 'none', 'X-Railway-Edge': 'railway/asia-southeast1-eqsg3a', 'X-Railway-Request-Id': 'uR3Mw6t2SjSbr6eIDcO5xA', 'X-Xss-Protection': '0'} 
 body={"success":true,"data":{"isPendingDeletion":false,"status":"ACTIVE"}} 
 </msg>
<msg time="2026-02-19T00:37:11.115730" level="INFO">${status_response} = &lt;Response [200]&gt;</msg>
<var>${status_response}</var>
<arg>api</arg>
<arg>/account/deletion-status</arg>
<arg>headers=${headers}</arg>
<arg>expected_status=any</arg>
<doc>Sends a GET request on a previously created HTTP Session.</doc>
<status status="PASS" start="2026-02-19T00:37:10.905887" elapsed="0.209843"/>
</kw>
<kw name="Log" owner="BuiltIn">
<msg time="2026-02-19T00:37:11.116731" level="INFO">Deletion status: {'success': True, 'data': {'isPendingDeletion': False, 'status': 'ACTIVE'}}</msg>
<arg>Deletion status: ${status_response.json()}</arg>
<doc>Logs the given message with the given level.</doc>
<status status="PASS" start="2026-02-19T00:37:11.115730" elapsed="0.001001"/>
</kw>
<kw name="Create Dictionary" owner="BuiltIn">
<msg time="2026-02-19T00:37:11.116731" level="INFO">${delete_body} = {'password': '123123aq'}</msg>
<var>${delete_body}</var>
<arg>password=${TEST_USER_PASSWORD}</arg>
<doc>Creates and returns a dictionary based on the given ``items``.</doc>
<status status="PASS" start="2026-02-19T00:37:11.116731" elapsed="0.000000"/>
</kw>
<kw name="DELETE On Session" owner="RequestsLibrary">
<msg time="2026-02-19T00:37:11.323730" level="INFO">DELETE Request : url=https://painamnaewebapp-production.up.railway.app/api/account/delete 
 path_url=/api/account/delete 
 headers={'User-Agent': 'python-requests/2.32.5', 'Accept-Encoding': 'gzip, deflate', 'Accept': '*/*', 'Connection': 'keep-alive', 'Authorization': 'Bearer eyJhbGciOiJIUzI1NiIsInR5cCI6IkpXVCJ9.eyJzdWIiOiJjbWxzNzB4amkwMDBmMTAzbzVzemtwbmRmIiwicm9sZSI6IlBBU1NFTkdFUiIsImlhdCI6MTc3MTQzNjIzMCwiZXhwIjoxNzcxNDM5ODMwfQ.UbfYej7Pze4HY5gL8ZrowRqQ9Rf1Ny6hSEBADFAmHsw', 'Content-Type': 'application/json', 'Content-Length': '24'} 
 body=b'{"password": "123123aq"}' 
 </msg>
<msg time="2026-02-19T00:37:11.323730" level="INFO">DELETE Response : url=https://painamnaewebapp-production.up.railway.app/api/account/delete 
 status=404, reason=Not Found 
 headers={'Access-Control-Allow-Credentials': 'true', 'Content-Length': '75', 'Content-Security-Policy': "default-src 'self';base-uri 'self';font-src 'self' https: data:;form-action 'self';frame-ancestors 'self';img-src 'self' data:;object-src 'none';script-src 'self';script-src-attr 'none';style-src 'self' https: 'unsafe-inline';upgrade-insecure-requests", 'Content-Type': 'application/json; charset=utf-8', 'Cross-Origin-Opener-Policy': 'same-origin', 'Cross-Origin-Resource-Policy': 'same-origin', 'Date': 'Wed, 18 Feb 2026 17:37:11 GMT', 'Etag': 'W/"4b-EgW7xMG9LyBs9CCaoQC/FWQYNNA"', 'Origin-Agent-Cluster': '?1', 'Referrer-Policy': 'no-referrer', 'Server': 'railway-edge', 'Strict-Transport-Security': 'max-age=15552000; includeSubDomains', 'Vary': 'Origin', 'X-Content-Type-Options': 'nosniff', 'X-Dns-Prefetch-Control': 'off', 'X-Download-Options': 'noopen', 'X-Frame-Options': 'SAMEORIGIN', 'X-Permitted-Cross-Domain-Policies': 'none', 'X-Railway-Edge': 'railway/asia-southeast1-eqsg3a', 'X-Railway-Request-Id': 'CUSIAk_wRrmGY3C5DcO5xA', 'X-Xss-Protection': '0'} 
 body={"success":false,"message":"Cannot DELETE /api/account/delete","data":null} 
 </msg>
<msg time="2026-02-19T00:37:11.323730" level="INFO">${delete_response} = &lt;Response [404]&gt;</msg>
<var>${delete_response}</var>
<arg>api</arg>
<arg>/account/delete</arg>
<arg>json=${delete_body}</arg>
<arg>headers=${headers}</arg>
<arg>expected_status=any</arg>
<doc>Sends a DELETE request on a previously created HTTP Session.</doc>
<status status="PASS" start="2026-02-19T00:37:11.116731" elapsed="0.206999"/>
</kw>
<kw name="Log" owner="BuiltIn">
<msg time="2026-02-19T00:37:11.324730" level="INFO">Delete response: {'success': False, 'message': 'Cannot DELETE /api/account/delete', 'data': None}</msg>
<arg>Delete response: ${delete_response.json()}</arg>
<doc>Logs the given message with the given level.</doc>
<status status="PASS" start="2026-02-19T00:37:11.323730" elapsed="0.001000"/>
</kw>
<kw name="Run Keyword If" owner="BuiltIn">
<arg>${delete_response.status_code} == 200</arg>
<arg>POST On Session</arg>
<arg>api</arg>
<arg>/account/cancel-deletion</arg>
<arg>headers=${headers}</arg>
<arg>expected_status=any</arg>
<doc>Runs the given keyword with the given arguments, if ``condition`` is true.</doc>
<status status="PASS" start="2026-02-19T00:37:11.324730" elapsed="0.001001"/>
</kw>
<doc>ทดสอบ flow การลบบัญชีแบบครบถ้วน</doc>
<tag>account-deletion</tag>
<tag>integration</tag>
<tag>pbi16</tag>
<tag>requires-auth</tag>
<status status="PASS" start="2026-02-19T00:37:10.621720" elapsed="0.704011"/>
</test>
<test id="s1-t6" name="PBI08-001 Routes - Get All Routes (Public)" line="93">
<kw name="GET On Session" owner="RequestsLibrary">
<msg time="2026-02-19T00:37:12.414301" level="INFO">GET Request : url=https://painamnaewebapp-production.up.railway.app/api/routes 
 path_url=/api/routes 
 headers={'User-Agent': 'python-requests/2.32.5', 'Accept-Encoding': 'gzip, deflate', 'Accept': '*/*', 'Connection': 'keep-alive'} 
 body=None 
 </msg>
<msg time="2026-02-19T00:37:12.414301" level="INFO">GET Response : url=https://painamnaewebapp-production.up.railway.app/api/routes 
 status=200, reason=OK 
 headers={'Access-Control-Allow-Credentials': 'true', 'Content-Length': '145829', 'Content-Security-Policy': "default-src 'self';base-uri 'self';font-src 'self' https: data:;form-action 'self';frame-ancestors 'self';img-src 'self' data:;object-src 'none';script-src 'self';script-src-attr 'none';style-src 'self' https: 'unsafe-inline';upgrade-insecure-requests", 'Content-Type': 'application/json; charset=utf-8', 'Cross-Origin-Opener-Policy': 'same-origin', 'Cross-Origin-Resource-Policy': 'same-origin', 'Date': 'Wed, 18 Feb 2026 17:37:11 GMT', 'Etag': 'W/"239a5-NLsD8MvTQCsCdHnKa3IhH8dJt0I"', 'Origin-Agent-Cluster': '?1', 'Referrer-Policy': 'no-referrer', 'Server': 'railway-edge', 'Strict-Transport-Security': 'max-age=15552000; includeSubDomains', 'Vary': 'Origin', 'X-Content-Type-Options': 'nosniff', 'X-Dns-Prefetch-Control': 'off', 'X-Download-Options': 'noopen', 'X-Frame-Options': 'SAMEORIGIN', 'X-Permitted-Cross-Domain-Policies': 'none', 'X-Railway-Edge': 'railway/asia-southeast1-eqsg3a', 'X-Railway-Request-Id': 'mK6eCAKeS8-CUfGcDcO5xA', 'X-Xss-Protection': '0'} 
 body={"success":true,"message":"Routes retrieved successfully","data":[{"id":"cmlsanoh7000r13ysoczw2ra1","driverId":"cmlrutbi10000xe7rhsd2l021","vehicleId":"cmlrwu6ce0006gss0ht6ftuz3","startLocation":{"lat":16.4847068,"lng":102.8147634,"name":"หลังมหาวิทยาลัยขอนแก่น","address":"714, 12 อิงมอ ซอย 3 Tambon Sila, Amphoe Mueang Khon Kaen, Chang Wat Khon Kaen 40000"},"endLocation":{"lat":16.4331744,"lng":102.8261746,"name":"Central Khonkaen","address":"99 99/1 Sri Chant Rd, Tambon Nai Mueang, Amphoe Mueang Khon Kaen, Chang Wat Khon Kaen 40000"},"departureTime":"2026-02-22T09:20:00.000Z","availableSeats":4,"pricePerSeat":78,"conditions":"ทำได้หมด","status":"AVAILABLE","cancelledAt":null,"cancelledBy":null,"routePolyline":"usrcBm_prRBm@@QrAHHaBNwCXAn@?V?x@FdBR~AHpAPpBTnAXt@Lp@HlBBBuACmBCiDB{BxBBh@F~@F|CL`@}F\\mFv@}Ml@kKf@yILkCTiCLyCh@cHn@wIBgAAy@?u@TA`EBjIN`MZfUd@zTd@~IRfHLdLVjRh@hHNhEF~@?hTn@zEF~@J~L`CRLfCh@pCh@xCj@~Bd@zCl@`I|AhARfA^vAv@tC~BrCxBrHbG|BdBd@XtFpCn@V~@XHWt@ZnBd@ZFp@PXCFIPYFc@LiAF{@^oEJuA[IaAYcDm@","distanceMeters":8285,"durationSeconds":968,"routeSummary":"ถนนหมายเลข 2","distance":"8.3 กม.","duration":"16 นาที","waypoints":{"requested":[],"optimizedOrder":[],"used":[],"optimize":true},"landmarks":{"overview_polyline":"usrcBm_prRBm@@QrAHHaBNwCXAn@?V?x@FdBR~AHpAPpBTnAXt@Lp@HlBBBuACmBCiDB{BxBBh@F~@F|CL`@}F\\mFv@}Ml@kKf@yILkCTiCLyCh@cHn@wIBgAAy@?u@TA`EBjIN`MZfUd@zTd@~IRfHLdLVjRh@hHNhEF~@?hTn@zEF~@J~L`CRLfCh@pCh@xCj@~Bd@zCl@`I|AhARfA^vAv@tC~BrCxBrHbG|BdBd@XtFpCn@V~@XHWt@ZnBd@ZFp@PXCFIPYFc@LiAF{@^oEJuA[IaAYcDm@"},"steps":[{"html_instructions":"มุ่งไปทางทิศ&lt;b&gt;ตะวันออก&lt;/b&gt; ไปตาม &lt;b&gt;หลังมอ ซ. 9/&lt;wbr/&gt;2ก&lt;/b&gt; เข้าสู่ &lt;b&gt;หลังมอ ซ. 9/&lt;wbr/&gt;2&lt;/b&gt;","distance":"35 ม.","duration":"1 นาที","start_location":{"lat":16.4845927,"lng":102.8147879},"end_location":{"lat":16.4845646,"lng":102.8151103},"travel_mode":"DRIVING","maneuver":null},{"html_instructions":"เลี้ยว&lt;b&gt;ขวา&lt;/b&gt;แยกที่ 1 เข้าสู่ &lt;b&gt;หลังมอ ซ. 9/&lt;wbr/&gt;2&lt;/b&gt;","distance":"47 ม.","duration":"1 นาที","start_location":{"lat":16.4845646,"lng":102.8151103},"end_location":{"lat":16.4841413,"lng":102.8150648},"travel_mode":"DRIVING","maneuver":"turn-right"},{"html_instructions":"เลี้ยว&lt;b&gt;ซ้าย&lt;/b&gt; เข้าสู่ &lt;b&gt;ซ. หลังมอ 9&lt;/b&gt;","distance":"0.1 กม.","duration":"1 นาที","start_location":{"lat":16.4841413,"lng":102.8150648},"end_location":{"lat":16.4840101,"lng":102.8163144},"travel_mode":"DRIVING","maneuver":"turn-left"},{"html_instructions":"เลี้ยว&lt;b&gt;ขวา&lt;/b&gt; เข้าสู่ &lt;b&gt;ถ. หลังมอ&lt;/b&gt;&lt;div style=\"font-size:0.9em\"&gt;ผ่าน I-Sty (ทางซ้าย)&lt;/div&gt;","distance":"0.5 กม.","duration":"2 นาที","start_location":{"lat":16.4840101,"lng":102.8163144},"end_location":{"lat":16.4797909,"lng":102.8156638},"travel_mode":"DRIVING","maneuver":"turn-right"},{"html_instructions":"เลี้ยว &lt;b&gt;ซ้าย&lt;/b&gt; หลังสี่แยก 7-Eleven สาขา มอดินแดง (07499) (ทางด้านซ้าย)","distance":"0.3 กม.","duration":"1 นาที","start_location":{"lat":16.4797909,"lng":102.8156638},"end_location":{"lat":16.4797861,"lng":102.8181051},"travel_mode":"DRIVING","maneuver":"turn-left"},{"html_instructions":"เลี้ยว &lt;b&gt;ขวา&lt;/b&gt; หลังสี่แยก เค แคมปัส เครื่องเขียน (ทางด้านซ้าย)","distance":"0.2 กม.","duration":"1 นาที","start_location":{"lat":16.4797861,"lng":102.8181051},"end_location":{"lat":16.477861,"lng":102.8179408},"travel_mode":"DRIVING","maneuver":"turn-right"},{"html_instructions":"เลี้ยว&lt;b&gt;ซ้าย&lt;/b&gt; เข้าสู่ &lt;b&gt;ถนน มอดินแดง&lt;/b&gt;","distance":"1.1 กม.","duration":"2 นาที","start_location":{"lat":16.477861,"lng":102.8179408},"end_location":{"lat":16.4766548,"lng":102.8278867},"travel_mode":"DRIVING","maneuver":"turn-left"},{"html_instructions":"เมื่อถึงวงเวียน ใช้ทางออก &lt;b&gt;ที่ 1&lt;/b&gt; และวิ่งต่อไปบน &lt;b&gt;ถนน มอดินแดง&lt;/b&gt;","distance":"0.5 กม.","duration":"1 นาที","start_location":{"lat":16.4766548,"lng":102.8278867},"end_location":{"lat":16.4761122,"lng":102.8322583},"travel_mode":"DRIVING","maneuver":"roundabout-left"},{"html_instructions":"เลี้ยว&lt;b&gt;ขวา&lt;/b&gt; เข้าสู่ &lt;b&gt;ถนนหมายเลข 2&lt;/b&gt;","distance":"3.4 กม.","duration":"5 นาที","start_location":{"lat":16.4761122,"lng":102.8322583},"end_location":{"lat":16.4457296,"lng":102.8305367},"travel_mode":"DRIVING","maneuver":"turn-right"},{"html_instructions":"ชิด&lt;b&gt;ขวา&lt;/b&gt; เพื่อวิ่งบน &lt;b&gt;ถนนหมายเลข 2&lt;/b&gt;","distance":"1.5 กม.","duration":"2 นาที","start_location":{"lat":16.4457296,"lng":102.8305367},"end_location":{"lat":16.433612,"lng":102.8242301},"travel_mode":"DRIVING","maneuver":"keep-right"},{"html_instructions":"เลี้ยว&lt;b&gt;ซ้าย&lt;/b&gt; ไปยัง &lt;b&gt;ถนนหมายเลข 12&lt;/b&gt;","distance":"14 ม.","duration":"1 นาที","start_location":{"lat":16.433612,"lng":102.8242301},"end_location":{"lat":16.4335626,"lng":102.8243473},"travel_mode":"DRIVING","maneuver":"turn-left"},{"html_instructions":"เลี้ยว&lt;b&gt;ขวา&lt;/b&gt; เข้าสู่ &lt;b&gt;ถนนหมายเลข 12&lt;/b&gt;","distance":"0.1 กม.","duration":"1 นาที","start_location":{"lat":16.4335626,"lng":102.8243473},"end_location":{"lat":16.4323394,"lng":102.8238877},"travel_mode":"DRIVING","maneuver":"turn-right"},{"html_instructions":"เลี้ยว&lt;b&gt;ซ้าย&lt;/b&gt; เพื่อวิ่งบน &lt;b&gt;ถนนหมายเลข 12&lt;/b&gt;","distance":"0.3 กม.","duration":"1 นาที","start_location":{"lat":16.4323394,"lng":102.8238877},"end_location":{"lat":16.4317078,"lng":102.8264113},"travel_mode":"DRIVING","maneuver":"turn-left"},{"html_instructions":"เลี้ยว&lt;b&gt;ซ้าย&lt;/b&gt;&lt;div style=\"font-size:0.9em\"&gt;ปลายทางจะอยู่ทางซ้าย&lt;/div&gt;","distance":"0.2 กม.","duration":"1 นาที","start_location":{"lat":16.4317078,"lng":102.8264113},"end_location":{"lat":16.4330016,"lng":102.8268214},"travel_mode":"DRIVING","maneuver":"turn-left"}],"createdAt":"2026-02-18T17:16:33.067Z","updatedAt":"2026-02-18T17:16:33.067Z","driver":{"id":"cmlrutbi10000xe7rhsd2l021","firstName":"Worachat","lastName":"Paranya","gender":"MALE","profilePicture":"https://res.cloudinary.com/dm6jyl42g/image/upload/v1771434886/painamnae/profiles/qtfcbmblwqdcyuhegcpm.jpg","isVerified":true},"vehicle":{"vehicleModel":"Ben CLS","vehicleType":"Sedan","photos":["https://res.cloudinary.com/dm6jyl42g/image/upload/v1771411780/painamnae/vehicles/lsixg2n2nflobcbnmrou.jpg","https://res.cloudinary.com/dm6jyl42g/image/upload/v1771411780/painamnae/vehicles/dxdsfqco0ev03sdlbkjd.jpg","https://res.cloudinary.com/dm6jyl42g/image/upload/v1771411779/painamnae/vehicles/bxgijd8lpyhjcpnahwr7.png"],"amenities":["มีหมด"]}},{"id":"cmlrxney40022gss0hny790cu","driverId":"cmlrvt55s0000zarlxaor1ndr","vehicleId":"cmlrxna8v0020gss0ken29cnw","startLocation":{"lat":13.67545162920663,"lng":100.7347096198082,"name":"ตำบลราชาเทวะ","address":"ตำบลราชาเทวะ อำเภอบางพลี สมุทรปราการ 10540 ประเทศ"},"endLocation":{"lat":16.34923808951689,"lng":102.9100025885582,"name":"ตำบล เขวาไร่","address":"ตำบล เขวาไร่ อำเภอ โกสุมพิสัย มหาสารคาม 44140 ประเทศ"},"departureTime":"2026-02-18T11:10:00.000Z","availableSeats":0,"pricePerSeat":200,"conditions":"","status":"FULL","cancelledAt":null,"cancelledBy":null,"routePolyline":"gkmrAiszeRbt@hMd\\tFdV~DjH_J|IqZnIkW`IoLcByEtObMhmA|`@~jAdg@ytBl`Fsf@dmAoAdKgEmKcxA}aA_s@_R{v@Y_kEwCy`BeL_dA{AskAzGydDvyA{gBx]klBbZ}kB~SmiApJ{~@wFi~AgZefDysA}nA}h@}rBkq@cnB_\\qmBuLgsDf@uuDfoA_fAnJs~B@epEtS_qAnf@qw@~^glF~dCcoDfbB}kAdj@g\\xPiAhK}AcTw^az@gqCgrG_xB_bFoEok@uMyi@}nAqqCe}AqlDulAm`CukAyt@e`DmnBepAk{@ga@at@sWiWsr@uq@yg@mc@a{@}MuiBuq@kcCwWmhEif@aqAg\\ymF_uAisAyNc~ApMwPq@oCoiAsN_\\m|@uiAyq@o~@usCknC{m@yu@}cAs}Ci}AexEmrAy~Dcn@obAg_@ifAwm@yd@c^ekA}J{vAfAu|AtF{`@oGiXrIav@zi@uc@tLog@ka@snAiNkx@Co^|RwgAdLyeAms@m|FwWqtByL}_A{Pwf@cX}a@_Ncx@eZ{zBlO_|@hWg]f@m^sBk\\qTyg@qK}cAc^eaEiXi}CsV}hByc@qa@}aA}w@ca@aQa`BeyAsnC{}B{_Ain@qk@}L_~Dct@wy@}Nwb@gL{N_Pc`@qq@{u@{K_]{Isq@wLysAqr@sl@gk@y\\cdAqi@{rA}d@it@uhBgfBia@aq@k[woAeg@ovBwmAssFwdFcwRagEw{Pk|BgeJeDwb@|Hwj@jOex@xBgY{t@{c@q|Aax@crFysC{Zk_@wQei@q}@c}CaQ{eAkkAi{Dsz@sgCg}DiwLoFmz@lSkt@frB_|ChkAyyAzl@k^IgVgToc@gb@i}@XqeAtAu_Ai\\uk@kc@yj@cz@ue@ghCavAyi@{`AydA}b@yjDqeAib@kd@{n@_Y_zB{x@{Z{NmnAizAg`AsjAeZca@eNwm@aIkh@mJu_@m`@}Pep@uHgbBpBe_AtFq|BisA{lBkx@ajDgmAg|QmyHoyFmtC_fCstAkhCqh@ofEyo@srDoj@ioLuvAqnB_Ys~@cWilGsdBy|Amb@om@mGogGyDmqBy@ct@u@arAar@_mFs|CclFqtCswFezCidHwxAqnEq}@u_BgIesAa`@}hGciBsiCgv@{yBeb@_uGwh@ufC_WilC}q@etFiuAmpDeh@i}As`@sa@aKz@sTxBoLcRyZkCyjB|Qcs@lhAcrDfo@edA|EwLcQuSuJ_Xg\\{j@uFiTkLwDo^i@}h@eNqU{_@sGa]_J_HmYgAgJH","distanceMeters":473810,"durationSeconds":22789,"routeSummary":"ถนนหมายเลข 2","distance":"474 กม.","duration":"6 ชั่วโมง 20 นาที","waypoints":{"requested":[],"optimizedOrder":[],"used":[],"optimize":true},"landmarks":{"overview_polyline":"gkmrAiszeRbt@hMd\\tFdV~DjH_J|IqZnIkW`IoLcByEtObMhmA|`@~jAdg@ytBl`Fsf@dmAoAdKgEmKcxA}aA_s@_R{v@Y_kEwCy`BeL_dA{AskAzGydDvyA{gBx]klBbZ}kB~SmiApJ{~@wFi~AgZefDysA}nA}h@}rBkq@cnB_\\qmBuLgsDf@uuDfoA_fAnJs~B@epEtS_qAnf@qw@~^glF~dCcoDfbB}kAdj@g\\xPiAhK}AcTw^az@gqCgrG_xB_bFoEok@uMyi@}nAqqCe}AqlDulAm`CukAyt@e`DmnBepAk{@ga@at@sWiWsr@uq@yg@mc@a{@}MuiBuq@kcCwWmhEif@aqAg\\ymF_uAisAyNc~ApMwPq@oCoiAsN_\\m|@uiAyq@o~@usCknC{m@yu@}cAs}Ci}AexEmrAy~Dcn@obAg_@ifAwm@yd@c^ekA}J{vAfAu|AtF{`@oGiXrIav@zi@uc@tLog@ka@snAiNkx@Co^|RwgAdLyeAms@m|FwWqtByL}_A{Pwf@cX}a@_Ncx@eZ{zBlO_|@hWg]f@m^sBk\\qTyg@qK}cAc^eaEiXi}CsV}hByc@qa@}aA}w@ca@aQa`BeyAsnC{}B{_Ain@qk@}L_~Dct@wy@}Nwb@gL{N_Pc`@qq@{u@{K_]{Isq@wLysAqr@sl@gk@y\\cdAqi@{rA}d@it@uhBgfBia@aq@k[woAeg@ovBwmAssFwdFcwRagEw{Pk|BgeJeDwb@|Hwj@jOex@xBgY{t@{c@q|Aax@crFysC{Zk_@wQei@q}@c}CaQ{eAkkAi{Dsz@sgCg}DiwLoFmz@lSkt@frB_|ChkAyyAzl@k^IgVgToc@gb@i}@XqeAtAu_Ai\\uk@kc@yj@cz@ue@ghCavAyi@{`AydA}b@yjDqeAib@kd@{n@_Y_zB{x@{Z{NmnAizAg`AsjAeZca@eNwm@aIkh@mJu_@m`@}Pep@uHgbBpBe_AtFq|BisA{lBkx@ajDgmAg|QmyHoyFmtC_fCstAkhCqh@ofEyo@srDoj@ioLuvAqnB_Ys~@cWilGsdBy|Amb@om@mGogGyDmqBy@ct@u@arAar@_mFs|CclFqtCswFezCidHwxAqnEq}@u_BgIesAa`@}hGciBsiCgv@{yBeb@_uGwh@ufC_WilC}q@etFiuAmpDeh@i}As`@sa@aKz@sTxBoLcRyZkCyjB|Qcs@lhAcrDfo@edA|EwLcQuSuJ_Xg\\{j@uFiTkLwDo^i@}h@eNqU{_@sGa]_J_HmYgAgJH"},"steps":[{"html_instructions":"มุ่งหน้าทาง&lt;b&gt;ใต้&lt;/b&gt;","distance":"2.1 กม.","duration":"3 นาที","start_location":{"lat":13.6723576,"lng":100.7392517},"end_location":{"lat":13.6545127,"lng":100.7344367},"travel_mode":"DRIVING","maneuver":null},{"html_instructions":"เลี้ยว&lt;b&gt;ซ้าย&lt;/b&gt;","distance":"0.7 กม.","duration":"1 นาที","start_location":{"lat":13.6545127,"lng":100.7344367},"end_location":{"l... (set the log level to DEBUG or TRACE to see the full content) 
 </msg>
<msg time="2026-02-19T00:37:12.414301" level="INFO">${response} = &lt;Response [200]&gt;</msg>
<var>${response}</var>
<arg>api</arg>
<arg>/routes</arg>
<arg>expected_status=any</arg>
<doc>Sends a GET request on a previously created HTTP Session.</doc>
<status status="PASS" start="2026-02-19T00:37:11.326731" elapsed="1.088571"/>
</kw>
<kw name="Run Keyword If" owner="BuiltIn">
<kw name="Validate Response Has Data" owner="common">
<kw name="Set Variable" owner="BuiltIn">
<msg time="2026-02-19T00:37:12.418303" level="INFO">${json} = {'success': True, 'message': 'Routes retrieved successfully', 'data': [{'id': 'cmlsanoh7000r13ysoczw2ra1', 'driverId': 'cmlrutbi10000xe7rhsd2l021', 'vehicleId': 'cmlrwu6ce0006gss0ht6ftuz3', 'startLoca...</msg>
<var>${json}</var>
<arg>${response.json()}</arg>
<doc>Returns the given values which can then be assigned to a variables.</doc>
<status status="PASS" start="2026-02-19T00:37:12.415302" elapsed="0.003001"/>
</kw>
<kw name="Dictionary Should Contain Key" owner="Collections">
<arg>${json}</arg>
<arg>data</arg>
<doc>Fails if ``key`` is not found from ``dictionary``.</doc>
<status status="PASS" start="2026-02-19T00:37:12.418303" elapsed="0.000000"/>
</kw>
<arg>${response}</arg>
<doc>Validate that response contains data field</doc>
<status status="PASS" start="2026-02-19T00:37:12.415302" elapsed="0.003001"/>
</kw>
<arg>${response.status_code} == 200</arg>
<arg>Validate Response Has Data</arg>
<arg>${response}</arg>
<doc>Runs the given keyword with the given arguments, if ``condition`` is true.</doc>
<status status="PASS" start="2026-02-19T00:37:12.415302" elapsed="0.003001"/>
</kw>
<kw name="Log" owner="BuiltIn">
<msg time="2026-02-19T00:37:12.419302" level="INFO">Routes list retrieved successfully</msg>
<arg>Routes list retrieved successfully</arg>
<doc>Logs the given message with the given level.</doc>
<status status="PASS" start="2026-02-19T00:37:12.419302" elapsed="0.000000"/>
</kw>
<doc>ทดสอบการดึงรายการเส้นทางทั้งหมด</doc>
<tag>api</tag>
<tag>pbi8</tag>
<tag>routes</tag>
<status status="PASS" start="2026-02-19T00:37:11.325731" elapsed="1.093571"/>
</test>
<test id="s1-t7" name="PBI08-002 Routes - Get Routes With Pagination" line="101">
<kw name="Create Dictionary" owner="BuiltIn">
<msg time="2026-02-19T00:37:12.420303" level="INFO">${params} = {'page': '1', 'limit': '10'}</msg>
<var>${params}</var>
<arg>page=1</arg>
<arg>limit=10</arg>
<doc>Creates and returns a dictionary based on the given ``items``.</doc>
<status status="PASS" start="2026-02-19T00:37:12.419302" elapsed="0.001001"/>
</kw>
<kw name="GET On Session" owner="RequestsLibrary">
<msg time="2026-02-19T00:37:12.914302" level="INFO">GET Request : url=https://painamnaewebapp-production.up.railway.app/api/routes?page=1&amp;limit=10 
 path_url=/api/routes?page=1&amp;limit=10 
 headers={'User-Agent': 'python-requests/2.32.5', 'Accept-Encoding': 'gzip, deflate', 'Accept': '*/*', 'Connection': 'keep-alive'} 
 body=None 
 </msg>
<msg time="2026-02-19T00:37:12.914302" level="INFO">GET Response : url=https://painamnaewebapp-production.up.railway.app/api/routes?page=1&amp;limit=10 
 status=200, reason=OK 
 headers={'Access-Control-Allow-Credentials': 'true', 'Content-Length': '145829', 'Content-Security-Policy': "default-src 'self';base-uri 'self';font-src 'self' https: data:;form-action 'self';frame-ancestors 'self';img-src 'self' data:;object-src 'none';script-src 'self';script-src-attr 'none';style-src 'self' https: 'unsafe-inline';upgrade-insecure-requests", 'Content-Type': 'application/json; charset=utf-8', 'Cross-Origin-Opener-Policy': 'same-origin', 'Cross-Origin-Resource-Policy': 'same-origin', 'Date': 'Wed, 18 Feb 2026 17:37:12 GMT', 'Etag': 'W/"239a5-pQoWG+fAsvJ8hgMiDOOqfH1r99I"', 'Origin-Agent-Cluster': '?1', 'Referrer-Policy': 'no-referrer', 'Server': 'railway-edge', 'Strict-Transport-Security': 'max-age=15552000; includeSubDomains', 'Vary': 'Origin', 'X-Content-Type-Options': 'nosniff', 'X-Dns-Prefetch-Control': 'off', 'X-Download-Options': 'noopen', 'X-Frame-Options': 'SAMEORIGIN', 'X-Permitted-Cross-Domain-Policies': 'none', 'X-Railway-Edge': 'railway/asia-southeast1-eqsg3a', 'X-Railway-Request-Id': 'eTQ2yPKiST64ameDDcO5xA', 'X-Xss-Protection': '0'} 
 body={"success":true,"message":"Routes retrieved successfully","data":[{"id":"cmlsanoh7000r13ysoczw2ra1","driverId":"cmlrutbi10000xe7rhsd2l021","vehicleId":"cmlrwu6ce0006gss0ht6ftuz3","startLocation":{"lat":16.4847068,"lng":102.8147634,"name":"หลังมหาวิทยาลัยขอนแก่น","address":"714, 12 อิงมอ ซอย 3 Tambon Sila, Amphoe Mueang Khon Kaen, Chang Wat Khon Kaen 40000"},"endLocation":{"lat":16.4331744,"lng":102.8261746,"name":"Central Khonkaen","address":"99 99/1 Sri Chant Rd, Tambon Nai Mueang, Amphoe Mueang Khon Kaen, Chang Wat Khon Kaen 40000"},"departureTime":"2026-02-22T09:20:00.000Z","availableSeats":4,"pricePerSeat":78,"conditions":"ทำได้หมด","status":"AVAILABLE","cancelledAt":null,"cancelledBy":null,"routePolyline":"usrcBm_prRBm@@QrAHHaBNwCXAn@?V?x@FdBR~AHpAPpBTnAXt@Lp@HlBBBuACmBCiDB{BxBBh@F~@F|CL`@}F\\mFv@}Ml@kKf@yILkCTiCLyCh@cHn@wIBgAAy@?u@TA`EBjIN`MZfUd@zTd@~IRfHLdLVjRh@hHNhEF~@?hTn@zEF~@J~L`CRLfCh@pCh@xCj@~Bd@zCl@`I|AhARfA^vAv@tC~BrCxBrHbG|BdBd@XtFpCn@V~@XHWt@ZnBd@ZFp@PXCFIPYFc@LiAF{@^oEJuA[IaAYcDm@","distanceMeters":8285,"durationSeconds":968,"routeSummary":"ถนนหมายเลข 2","distance":"8.3 กม.","duration":"16 นาที","waypoints":{"requested":[],"optimizedOrder":[],"used":[],"optimize":true},"landmarks":{"overview_polyline":"usrcBm_prRBm@@QrAHHaBNwCXAn@?V?x@FdBR~AHpAPpBTnAXt@Lp@HlBBBuACmBCiDB{BxBBh@F~@F|CL`@}F\\mFv@}Ml@kKf@yILkCTiCLyCh@cHn@wIBgAAy@?u@TA`EBjIN`MZfUd@zTd@~IRfHLdLVjRh@hHNhEF~@?hTn@zEF~@J~L`CRLfCh@pCh@xCj@~Bd@zCl@`I|AhARfA^vAv@tC~BrCxBrHbG|BdBd@XtFpCn@V~@XHWt@ZnBd@ZFp@PXCFIPYFc@LiAF{@^oEJuA[IaAYcDm@"},"steps":[{"html_instructions":"มุ่งไปทางทิศ&lt;b&gt;ตะวันออก&lt;/b&gt; ไปตาม &lt;b&gt;หลังมอ ซ. 9/&lt;wbr/&gt;2ก&lt;/b&gt; เข้าสู่ &lt;b&gt;หลังมอ ซ. 9/&lt;wbr/&gt;2&lt;/b&gt;","distance":"35 ม.","duration":"1 นาที","start_location":{"lat":16.4845927,"lng":102.8147879},"end_location":{"lat":16.4845646,"lng":102.8151103},"travel_mode":"DRIVING","maneuver":null},{"html_instructions":"เลี้ยว&lt;b&gt;ขวา&lt;/b&gt;แยกที่ 1 เข้าสู่ &lt;b&gt;หลังมอ ซ. 9/&lt;wbr/&gt;2&lt;/b&gt;","distance":"47 ม.","duration":"1 นาที","start_location":{"lat":16.4845646,"lng":102.8151103},"end_location":{"lat":16.4841413,"lng":102.8150648},"travel_mode":"DRIVING","maneuver":"turn-right"},{"html_instructions":"เลี้ยว&lt;b&gt;ซ้าย&lt;/b&gt; เข้าสู่ &lt;b&gt;ซ. หลังมอ 9&lt;/b&gt;","distance":"0.1 กม.","duration":"1 นาที","start_location":{"lat":16.4841413,"lng":102.8150648},"end_location":{"lat":16.4840101,"lng":102.8163144},"travel_mode":"DRIVING","maneuver":"turn-left"},{"html_instructions":"เลี้ยว&lt;b&gt;ขวา&lt;/b&gt; เข้าสู่ &lt;b&gt;ถ. หลังมอ&lt;/b&gt;&lt;div style=\"font-size:0.9em\"&gt;ผ่าน I-Sty (ทางซ้าย)&lt;/div&gt;","distance":"0.5 กม.","duration":"2 นาที","start_location":{"lat":16.4840101,"lng":102.8163144},"end_location":{"lat":16.4797909,"lng":102.8156638},"travel_mode":"DRIVING","maneuver":"turn-right"},{"html_instructions":"เลี้ยว &lt;b&gt;ซ้าย&lt;/b&gt; หลังสี่แยก 7-Eleven สาขา มอดินแดง (07499) (ทางด้านซ้าย)","distance":"0.3 กม.","duration":"1 นาที","start_location":{"lat":16.4797909,"lng":102.8156638},"end_location":{"lat":16.4797861,"lng":102.8181051},"travel_mode":"DRIVING","maneuver":"turn-left"},{"html_instructions":"เลี้ยว &lt;b&gt;ขวา&lt;/b&gt; หลังสี่แยก เค แคมปัส เครื่องเขียน (ทางด้านซ้าย)","distance":"0.2 กม.","duration":"1 นาที","start_location":{"lat":16.4797861,"lng":102.8181051},"end_location":{"lat":16.477861,"lng":102.8179408},"travel_mode":"DRIVING","maneuver":"turn-right"},{"html_instructions":"เลี้ยว&lt;b&gt;ซ้าย&lt;/b&gt; เข้าสู่ &lt;b&gt;ถนน มอดินแดง&lt;/b&gt;","distance":"1.1 กม.","duration":"2 นาที","start_location":{"lat":16.477861,"lng":102.8179408},"end_location":{"lat":16.4766548,"lng":102.8278867},"travel_mode":"DRIVING","maneuver":"turn-left"},{"html_instructions":"เมื่อถึงวงเวียน ใช้ทางออก &lt;b&gt;ที่ 1&lt;/b&gt; และวิ่งต่อไปบน &lt;b&gt;ถนน มอดินแดง&lt;/b&gt;","distance":"0.5 กม.","duration":"1 นาที","start_location":{"lat":16.4766548,"lng":102.8278867},"end_location":{"lat":16.4761122,"lng":102.8322583},"travel_mode":"DRIVING","maneuver":"roundabout-left"},{"html_instructions":"เลี้ยว&lt;b&gt;ขวา&lt;/b&gt; เข้าสู่ &lt;b&gt;ถนนหมายเลข 2&lt;/b&gt;","distance":"3.4 กม.","duration":"5 นาที","start_location":{"lat":16.4761122,"lng":102.8322583},"end_location":{"lat":16.4457296,"lng":102.8305367},"travel_mode":"DRIVING","maneuver":"turn-right"},{"html_instructions":"ชิด&lt;b&gt;ขวา&lt;/b&gt; เพื่อวิ่งบน &lt;b&gt;ถนนหมายเลข 2&lt;/b&gt;","distance":"1.5 กม.","duration":"2 นาที","start_location":{"lat":16.4457296,"lng":102.8305367},"end_location":{"lat":16.433612,"lng":102.8242301},"travel_mode":"DRIVING","maneuver":"keep-right"},{"html_instructions":"เลี้ยว&lt;b&gt;ซ้าย&lt;/b&gt; ไปยัง &lt;b&gt;ถนนหมายเลข 12&lt;/b&gt;","distance":"14 ม.","duration":"1 นาที","start_location":{"lat":16.433612,"lng":102.8242301},"end_location":{"lat":16.4335626,"lng":102.8243473},"travel_mode":"DRIVING","maneuver":"turn-left"},{"html_instructions":"เลี้ยว&lt;b&gt;ขวา&lt;/b&gt; เข้าสู่ &lt;b&gt;ถนนหมายเลข 12&lt;/b&gt;","distance":"0.1 กม.","duration":"1 นาที","start_location":{"lat":16.4335626,"lng":102.8243473},"end_location":{"lat":16.4323394,"lng":102.8238877},"travel_mode":"DRIVING","maneuver":"turn-right"},{"html_instructions":"เลี้ยว&lt;b&gt;ซ้าย&lt;/b&gt; เพื่อวิ่งบน &lt;b&gt;ถนนหมายเลข 12&lt;/b&gt;","distance":"0.3 กม.","duration":"1 นาที","start_location":{"lat":16.4323394,"lng":102.8238877},"end_location":{"lat":16.4317078,"lng":102.8264113},"travel_mode":"DRIVING","maneuver":"turn-left"},{"html_instructions":"เลี้ยว&lt;b&gt;ซ้าย&lt;/b&gt;&lt;div style=\"font-size:0.9em\"&gt;ปลายทางจะอยู่ทางซ้าย&lt;/div&gt;","distance":"0.2 กม.","duration":"1 นาที","start_location":{"lat":16.4317078,"lng":102.8264113},"end_location":{"lat":16.4330016,"lng":102.8268214},"travel_mode":"DRIVING","maneuver":"turn-left"}],"createdAt":"2026-02-18T17:16:33.067Z","updatedAt":"2026-02-18T17:16:33.067Z","driver":{"id":"cmlrutbi10000xe7rhsd2l021","firstName":"Worachat","lastName":"Paranya","gender":"MALE","profilePicture":"https://res.cloudinary.com/dm6jyl42g/image/upload/v1771434886/painamnae/profiles/qtfcbmblwqdcyuhegcpm.jpg","isVerified":true},"vehicle":{"vehicleModel":"Ben CLS","vehicleType":"Sedan","photos":["https://res.cloudinary.com/dm6jyl42g/image/upload/v1771411780/painamnae/vehicles/lsixg2n2nflobcbnmrou.jpg","https://res.cloudinary.com/dm6jyl42g/image/upload/v1771411780/painamnae/vehicles/dxdsfqco0ev03sdlbkjd.jpg","https://res.cloudinary.com/dm6jyl42g/image/upload/v1771411779/painamnae/vehicles/bxgijd8lpyhjcpnahwr7.png"],"amenities":["มีหมด"]}},{"id":"cmlrxney40022gss0hny790cu","driverId":"cmlrvt55s0000zarlxaor1ndr","vehicleId":"cmlrxna8v0020gss0ken29cnw","startLocation":{"lat":13.67545162920663,"lng":100.7347096198082,"name":"ตำบลราชาเทวะ","address":"ตำบลราชาเทวะ อำเภอบางพลี สมุทรปราการ 10540 ประเทศ"},"endLocation":{"lat":16.34923808951689,"lng":102.9100025885582,"name":"ตำบล เขวาไร่","address":"ตำบล เขวาไร่ อำเภอ โกสุมพิสัย มหาสารคาม 44140 ประเทศ"},"departureTime":"2026-02-18T11:10:00.000Z","availableSeats":0,"pricePerSeat":200,"conditions":"","status":"FULL","cancelledAt":null,"cancelledBy":null,"routePolyline":"gkmrAiszeRbt@hMd\\tFdV~DjH_J|IqZnIkW`IoLcByEtObMhmA|`@~jAdg@ytBl`Fsf@dmAoAdKgEmKcxA}aA_s@_R{v@Y_kEwCy`BeL_dA{AskAzGydDvyA{gBx]klBbZ}kB~SmiApJ{~@wFi~AgZefDysA}nA}h@}rBkq@cnB_\\qmBuLgsDf@uuDfoA_fAnJs~B@epEtS_qAnf@qw@~^glF~dCcoDfbB}kAdj@g\\xPiAhK}AcTw^az@gqCgrG_xB_bFoEok@uMyi@}nAqqCe}AqlDulAm`CukAyt@e`DmnBepAk{@ga@at@sWiWsr@uq@yg@mc@a{@}MuiBuq@kcCwWmhEif@aqAg\\ymF_uAisAyNc~ApMwPq@oCoiAsN_\\m|@uiAyq@o~@usCknC{m@yu@}cAs}Ci}AexEmrAy~Dcn@obAg_@ifAwm@yd@c^ekA}J{vAfAu|AtF{`@oGiXrIav@zi@uc@tLog@ka@snAiNkx@Co^|RwgAdLyeAms@m|FwWqtByL}_A{Pwf@cX}a@_Ncx@eZ{zBlO_|@hWg]f@m^sBk\\qTyg@qK}cAc^eaEiXi}CsV}hByc@qa@}aA}w@ca@aQa`BeyAsnC{}B{_Ain@qk@}L_~Dct@wy@}Nwb@gL{N_Pc`@qq@{u@{K_]{Isq@wLysAqr@sl@gk@y\\cdAqi@{rA}d@it@uhBgfBia@aq@k[woAeg@ovBwmAssFwdFcwRagEw{Pk|BgeJeDwb@|Hwj@jOex@xBgY{t@{c@q|Aax@crFysC{Zk_@wQei@q}@c}CaQ{eAkkAi{Dsz@sgCg}DiwLoFmz@lSkt@frB_|ChkAyyAzl@k^IgVgToc@gb@i}@XqeAtAu_Ai\\uk@kc@yj@cz@ue@ghCavAyi@{`AydA}b@yjDqeAib@kd@{n@_Y_zB{x@{Z{NmnAizAg`AsjAeZca@eNwm@aIkh@mJu_@m`@}Pep@uHgbBpBe_AtFq|BisA{lBkx@ajDgmAg|QmyHoyFmtC_fCstAkhCqh@ofEyo@srDoj@ioLuvAqnB_Ys~@cWilGsdBy|Amb@om@mGogGyDmqBy@ct@u@arAar@_mFs|CclFqtCswFezCidHwxAqnEq}@u_BgIesAa`@}hGciBsiCgv@{yBeb@_uGwh@ufC_WilC}q@etFiuAmpDeh@i}As`@sa@aKz@sTxBoLcRyZkCyjB|Qcs@lhAcrDfo@edA|EwLcQuSuJ_Xg\\{j@uFiTkLwDo^i@}h@eNqU{_@sGa]_J_HmYgAgJH","distanceMeters":473810,"durationSeconds":22789,"routeSummary":"ถนนหมายเลข 2","distance":"474 กม.","duration":"6 ชั่วโมง 20 นาที","waypoints":{"requested":[],"optimizedOrder":[],"used":[],"optimize":true},"landmarks":{"overview_polyline":"gkmrAiszeRbt@hMd\\tFdV~DjH_J|IqZnIkW`IoLcByEtObMhmA|`@~jAdg@ytBl`Fsf@dmAoAdKgEmKcxA}aA_s@_R{v@Y_kEwCy`BeL_dA{AskAzGydDvyA{gBx]klBbZ}kB~SmiApJ{~@wFi~AgZefDysA}nA}h@}rBkq@cnB_\\qmBuLgsDf@uuDfoA_fAnJs~B@epEtS_qAnf@qw@~^glF~dCcoDfbB}kAdj@g\\xPiAhK}AcTw^az@gqCgrG_xB_bFoEok@uMyi@}nAqqCe}AqlDulAm`CukAyt@e`DmnBepAk{@ga@at@sWiWsr@uq@yg@mc@a{@}MuiBuq@kcCwWmhEif@aqAg\\ymF_uAisAyNc~ApMwPq@oCoiAsN_\\m|@uiAyq@o~@usCknC{m@yu@}cAs}Ci}AexEmrAy~Dcn@obAg_@ifAwm@yd@c^ekA}J{vAfAu|AtF{`@oGiXrIav@zi@uc@tLog@ka@snAiNkx@Co^|RwgAdLyeAms@m|FwWqtByL}_A{Pwf@cX}a@_Ncx@eZ{zBlO_|@hWg]f@m^sBk\\qTyg@qK}cAc^eaEiXi}CsV}hByc@qa@}aA}w@ca@aQa`BeyAsnC{}B{_Ain@qk@}L_~Dct@wy@}Nwb@gL{N_Pc`@qq@{u@{K_]{Isq@wLysAqr@sl@gk@y\\cdAqi@{rA}d@it@uhBgfBia@aq@k[woAeg@ovBwmAssFwdFcwRagEw{Pk|BgeJeDwb@|Hwj@jOex@xBgY{t@{c@q|Aax@crFysC{Zk_@wQei@q}@c}CaQ{eAkkAi{Dsz@sgCg}DiwLoFmz@lSkt@frB_|ChkAyyAzl@k^IgVgToc@gb@i}@XqeAtAu_Ai\\uk@kc@yj@cz@ue@ghCavAyi@{`AydA}b@yjDqeAib@kd@{n@_Y_zB{x@{Z{NmnAizAg`AsjAeZca@eNwm@aIkh@mJu_@m`@}Pep@uHgbBpBe_AtFq|BisA{lBkx@ajDgmAg|QmyHoyFmtC_fCstAkhCqh@ofEyo@srDoj@ioLuvAqnB_Ys~@cWilGsdBy|Amb@om@mGogGyDmqBy@ct@u@arAar@_mFs|CclFqtCswFezCidHwxAqnEq}@u_BgIesAa`@}hGciBsiCgv@{yBeb@_uGwh@ufC_WilC}q@etFiuAmpDeh@i}As`@sa@aKz@sTxBoLcRyZkCyjB|Qcs@lhAcrDfo@edA|EwLcQuSuJ_Xg\\{j@uFiTkLwDo^i@}h@eNqU{_@sGa]_J_HmYgAgJH"},"steps":[{"html_instructions":"มุ่งหน้าทาง&lt;b&gt;ใต้&lt;/b&gt;","distance":"2.1 กม.","duration":"3 นาที","start_location":{"lat":13.6723576,"lng":100.7392517},"end_location":{"lat":13.6545127,"lng":100.7344367},"travel_mode":"DRIVING","maneuver":null},{"html_instructions":"เลี้ยว&lt;b&gt;ซ้าย&lt;/b&gt;","distance":"0.7 กม.","duration":"1 นาที","start_location":{"lat":13.6545127,"lng":100.7344367},"end_location":{"l... (set the log level to DEBUG or TRACE to see the full content) 
 </msg>
<msg time="2026-02-19T00:37:12.914302" level="INFO">${response} = &lt;Response [200]&gt;</msg>
<var>${response}</var>
<arg>api</arg>
<arg>/routes</arg>
<arg>params=${params}</arg>
<arg>expected_status=any</arg>
<doc>Sends a GET request on a previously created HTTP Session.</doc>
<status status="PASS" start="2026-02-19T00:37:12.420303" elapsed="0.493999"/>
</kw>
<kw name="Run Keyword If" owner="BuiltIn">
<kw name="Validate Pagination Response" owner="common">
<kw name="Set Variable" owner="BuiltIn">
<msg time="2026-02-19T00:37:12.918304" level="INFO">${json} = {'success': True, 'message': 'Routes retrieved successfully', 'data': [{'id': 'cmlsanoh7000r13ysoczw2ra1', 'driverId': 'cmlrutbi10000xe7rhsd2l021', 'vehicleId': 'cmlrwu6ce0006gss0ht6ftuz3', 'startLoca...</msg>
<var>${json}</var>
<arg>${response.json()}</arg>
<doc>Returns the given values which can then be assigned to a variables.</doc>
<status status="PASS" start="2026-02-19T00:37:12.915302" elapsed="0.003002"/>
</kw>
<kw name="Dictionary Should Contain Key" owner="Collections">
<arg>${json}</arg>
<arg>pagination</arg>
<doc>Fails if ``key`` is not found from ``dictionary``.</doc>
<status status="PASS" start="2026-02-19T00:37:12.918304" elapsed="0.000000"/>
</kw>
<kw name="Set Variable" owner="BuiltIn">
<msg time="2026-02-19T00:37:12.919303" level="INFO">${pagination} = {'page': 1, 'limit': 10, 'total': 7, 'totalPages': 1}</msg>
<var>${pagination}</var>
<arg>${json['pagination']}</arg>
<doc>Returns the given values which can then be assigned to a variables.</doc>
<status status="PASS" start="2026-02-19T00:37:12.918304" elapsed="0.000999"/>
</kw>
<kw name="Dictionary Should Contain Key" owner="Collections">
<arg>${pagination}</arg>
<arg>page</arg>
<doc>Fails if ``key`` is not found from ``dictionary``.</doc>
<status status="PASS" start="2026-02-19T00:37:12.919303" elapsed="0.000000"/>
</kw>
<kw name="Dictionary Should Contain Key" owner="Collections">
<arg>${pagination}</arg>
<arg>limit</arg>
<doc>Fails if ``key`` is not found from ``dictionary``.</doc>
<status status="PASS" start="2026-02-19T00:37:12.919303" elapsed="0.000000"/>
</kw>
<kw name="Dictionary Should Contain Key" owner="Collections">
<arg>${pagination}</arg>
<arg>total</arg>
<doc>Fails if ``key`` is not found from ``dictionary``.</doc>
<status status="PASS" start="2026-02-19T00:37:12.919303" elapsed="0.000000"/>
</kw>
<kw name="Dictionary Should Contain Key" owner="Collections">
<arg>${pagination}</arg>
<arg>totalPages</arg>
<doc>Fails if ``key`` is not found from ``dictionary``.</doc>
<status status="PASS" start="2026-02-19T00:37:12.919303" elapsed="0.000000"/>
</kw>
<arg>${response}</arg>
<doc>Validate that response contains pagination fields</doc>
<status status="PASS" start="2026-02-19T00:37:12.915302" elapsed="0.004001"/>
</kw>
<arg>${response.status_code} == 200</arg>
<arg>Validate Pagination Response</arg>
<arg>${response}</arg>
<doc>Runs the given keyword with the given arguments, if ``condition`` is true.</doc>
<status status="PASS" start="2026-02-19T00:37:12.914302" elapsed="0.005001"/>
</kw>
<kw name="Log" owner="BuiltIn">
<msg time="2026-02-19T00:37:12.920302" level="INFO">Routes pagination working correctly</msg>
<arg>Routes pagination working correctly</arg>
<doc>Logs the given message with the given level.</doc>
<status status="PASS" start="2026-02-19T00:37:12.920302" elapsed="0.000000"/>
</kw>
<doc>ทดสอบ pagination สำหรับรายการเส้นทาง</doc>
<tag>pagination</tag>
<tag>pbi8</tag>
<tag>routes</tag>
<status status="PASS" start="2026-02-19T00:37:12.419302" elapsed="0.501000"/>
</test>
<test id="s1-t8" name="PBI08-003 Routes - Search Routes By Seats (GTE Filter)" line="110">
<kw name="Create Dictionary" owner="BuiltIn">
<msg time="2026-02-19T00:37:12.921303" level="INFO">${params} = {'seatsRequired': '2'}</msg>
<var>${params}</var>
<arg>seatsRequired=2</arg>
<doc>Creates and returns a dictionary based on the given ``items``.</doc>
<status status="PASS" start="2026-02-19T00:37:12.921303" elapsed="0.000000"/>
</kw>
<kw name="GET On Session" owner="RequestsLibrary">
<msg time="2026-02-19T00:37:13.292313" level="INFO">GET Request : url=https://painamnaewebapp-production.up.railway.app/api/routes?seatsRequired=2 
 path_url=/api/routes?seatsRequired=2 
 headers={'User-Agent': 'python-requests/2.32.5', 'Accept-Encoding': 'gzip, deflate', 'Accept': '*/*', 'Connection': 'keep-alive'} 
 body=None 
 </msg>
<msg time="2026-02-19T00:37:13.293303" level="INFO">GET Response : url=https://painamnaewebapp-production.up.railway.app/api/routes?seatsRequired=2 
 status=200, reason=OK 
 headers={'Access-Control-Allow-Credentials': 'true', 'Content-Length': '93534', 'Content-Security-Policy': "default-src 'self';base-uri 'self';font-src 'self' https: data:;form-action 'self';frame-ancestors 'self';img-src 'self' data:;object-src 'none';script-src 'self';script-src-attr 'none';style-src 'self' https: 'unsafe-inline';upgrade-insecure-requests", 'Content-Type': 'application/json; charset=utf-8', 'Cross-Origin-Opener-Policy': 'same-origin', 'Cross-Origin-Resource-Policy': 'same-origin', 'Date': 'Wed, 18 Feb 2026 17:37:13 GMT', 'Etag': 'W/"16d5e-xxyPAawHmBZOFrpFs2m6tE7wcyA"', 'Origin-Agent-Cluster': '?1', 'Referrer-Policy': 'no-referrer', 'Server': 'railway-edge', 'Strict-Transport-Security': 'max-age=15552000; includeSubDomains', 'Vary': 'Origin', 'X-Content-Type-Options': 'nosniff', 'X-Dns-Prefetch-Control': 'off', 'X-Download-Options': 'noopen', 'X-Frame-Options': 'SAMEORIGIN', 'X-Permitted-Cross-Domain-Policies': 'none', 'X-Railway-Edge': 'railway/asia-southeast1-eqsg3a', 'X-Railway-Request-Id': 'nFkbhbBDT5qGvmvzDcO5xA', 'X-Xss-Protection': '0'} 
 body={"success":true,"message":"Routes retrieved successfully","data":[{"id":"cmlsanoh7000r13ysoczw2ra1","driverId":"cmlrutbi10000xe7rhsd2l021","vehicleId":"cmlrwu6ce0006gss0ht6ftuz3","startLocation":{"lat":16.4847068,"lng":102.8147634,"name":"หลังมหาวิทยาลัยขอนแก่น","address":"714, 12 อิงมอ ซอย 3 Tambon Sila, Amphoe Mueang Khon Kaen, Chang Wat Khon Kaen 40000"},"endLocation":{"lat":16.4331744,"lng":102.8261746,"name":"Central Khonkaen","address":"99 99/1 Sri Chant Rd, Tambon Nai Mueang, Amphoe Mueang Khon Kaen, Chang Wat Khon Kaen 40000"},"departureTime":"2026-02-22T09:20:00.000Z","availableSeats":4,"pricePerSeat":78,"conditions":"ทำได้หมด","status":"AVAILABLE","cancelledAt":null,"cancelledBy":null,"routePolyline":"usrcBm_prRBm@@QrAHHaBNwCXAn@?V?x@FdBR~AHpAPpBTnAXt@Lp@HlBBBuACmBCiDB{BxBBh@F~@F|CL`@}F\\mFv@}Ml@kKf@yILkCTiCLyCh@cHn@wIBgAAy@?u@TA`EBjIN`MZfUd@zTd@~IRfHLdLVjRh@hHNhEF~@?hTn@zEF~@J~L`CRLfCh@pCh@xCj@~Bd@zCl@`I|AhARfA^vAv@tC~BrCxBrHbG|BdBd@XtFpCn@V~@XHWt@ZnBd@ZFp@PXCFIPYFc@LiAF{@^oEJuA[IaAYcDm@","distanceMeters":8285,"durationSeconds":968,"routeSummary":"ถนนหมายเลข 2","distance":"8.3 กม.","duration":"16 นาที","waypoints":{"requested":[],"optimizedOrder":[],"used":[],"optimize":true},"landmarks":{"overview_polyline":"usrcBm_prRBm@@QrAHHaBNwCXAn@?V?x@FdBR~AHpAPpBTnAXt@Lp@HlBBBuACmBCiDB{BxBBh@F~@F|CL`@}F\\mFv@}Ml@kKf@yILkCTiCLyCh@cHn@wIBgAAy@?u@TA`EBjIN`MZfUd@zTd@~IRfHLdLVjRh@hHNhEF~@?hTn@zEF~@J~L`CRLfCh@pCh@xCj@~Bd@zCl@`I|AhARfA^vAv@tC~BrCxBrHbG|BdBd@XtFpCn@V~@XHWt@ZnBd@ZFp@PXCFIPYFc@LiAF{@^oEJuA[IaAYcDm@"},"steps":[{"html_instructions":"มุ่งไปทางทิศ&lt;b&gt;ตะวันออก&lt;/b&gt; ไปตาม &lt;b&gt;หลังมอ ซ. 9/&lt;wbr/&gt;2ก&lt;/b&gt; เข้าสู่ &lt;b&gt;หลังมอ ซ. 9/&lt;wbr/&gt;2&lt;/b&gt;","distance":"35 ม.","duration":"1 นาที","start_location":{"lat":16.4845927,"lng":102.8147879},"end_location":{"lat":16.4845646,"lng":102.8151103},"travel_mode":"DRIVING","maneuver":null},{"html_instructions":"เลี้ยว&lt;b&gt;ขวา&lt;/b&gt;แยกที่ 1 เข้าสู่ &lt;b&gt;หลังมอ ซ. 9/&lt;wbr/&gt;2&lt;/b&gt;","distance":"47 ม.","duration":"1 นาที","start_location":{"lat":16.4845646,"lng":102.8151103},"end_location":{"lat":16.4841413,"lng":102.8150648},"travel_mode":"DRIVING","maneuver":"turn-right"},{"html_instructions":"เลี้ยว&lt;b&gt;ซ้าย&lt;/b&gt; เข้าสู่ &lt;b&gt;ซ. หลังมอ 9&lt;/b&gt;","distance":"0.1 กม.","duration":"1 นาที","start_location":{"lat":16.4841413,"lng":102.8150648},"end_location":{"lat":16.4840101,"lng":102.8163144},"travel_mode":"DRIVING","maneuver":"turn-left"},{"html_instructions":"เลี้ยว&lt;b&gt;ขวา&lt;/b&gt; เข้าสู่ &lt;b&gt;ถ. หลังมอ&lt;/b&gt;&lt;div style=\"font-size:0.9em\"&gt;ผ่าน I-Sty (ทางซ้าย)&lt;/div&gt;","distance":"0.5 กม.","duration":"2 นาที","start_location":{"lat":16.4840101,"lng":102.8163144},"end_location":{"lat":16.4797909,"lng":102.8156638},"travel_mode":"DRIVING","maneuver":"turn-right"},{"html_instructions":"เลี้ยว &lt;b&gt;ซ้าย&lt;/b&gt; หลังสี่แยก 7-Eleven สาขา มอดินแดง (07499) (ทางด้านซ้าย)","distance":"0.3 กม.","duration":"1 นาที","start_location":{"lat":16.4797909,"lng":102.8156638},"end_location":{"lat":16.4797861,"lng":102.8181051},"travel_mode":"DRIVING","maneuver":"turn-left"},{"html_instructions":"เลี้ยว &lt;b&gt;ขวา&lt;/b&gt; หลังสี่แยก เค แคมปัส เครื่องเขียน (ทางด้านซ้าย)","distance":"0.2 กม.","duration":"1 นาที","start_location":{"lat":16.4797861,"lng":102.8181051},"end_location":{"lat":16.477861,"lng":102.8179408},"travel_mode":"DRIVING","maneuver":"turn-right"},{"html_instructions":"เลี้ยว&lt;b&gt;ซ้าย&lt;/b&gt; เข้าสู่ &lt;b&gt;ถนน มอดินแดง&lt;/b&gt;","distance":"1.1 กม.","duration":"2 นาที","start_location":{"lat":16.477861,"lng":102.8179408},"end_location":{"lat":16.4766548,"lng":102.8278867},"travel_mode":"DRIVING","maneuver":"turn-left"},{"html_instructions":"เมื่อถึงวงเวียน ใช้ทางออก &lt;b&gt;ที่ 1&lt;/b&gt; และวิ่งต่อไปบน &lt;b&gt;ถนน มอดินแดง&lt;/b&gt;","distance":"0.5 กม.","duration":"1 นาที","start_location":{"lat":16.4766548,"lng":102.8278867},"end_location":{"lat":16.4761122,"lng":102.8322583},"travel_mode":"DRIVING","maneuver":"roundabout-left"},{"html_instructions":"เลี้ยว&lt;b&gt;ขวา&lt;/b&gt; เข้าสู่ &lt;b&gt;ถนนหมายเลข 2&lt;/b&gt;","distance":"3.4 กม.","duration":"5 นาที","start_location":{"lat":16.4761122,"lng":102.8322583},"end_location":{"lat":16.4457296,"lng":102.8305367},"travel_mode":"DRIVING","maneuver":"turn-right"},{"html_instructions":"ชิด&lt;b&gt;ขวา&lt;/b&gt; เพื่อวิ่งบน &lt;b&gt;ถนนหมายเลข 2&lt;/b&gt;","distance":"1.5 กม.","duration":"2 นาที","start_location":{"lat":16.4457296,"lng":102.8305367},"end_location":{"lat":16.433612,"lng":102.8242301},"travel_mode":"DRIVING","maneuver":"keep-right"},{"html_instructions":"เลี้ยว&lt;b&gt;ซ้าย&lt;/b&gt; ไปยัง &lt;b&gt;ถนนหมายเลข 12&lt;/b&gt;","distance":"14 ม.","duration":"1 นาที","start_location":{"lat":16.433612,"lng":102.8242301},"end_location":{"lat":16.4335626,"lng":102.8243473},"travel_mode":"DRIVING","maneuver":"turn-left"},{"html_instructions":"เลี้ยว&lt;b&gt;ขวา&lt;/b&gt; เข้าสู่ &lt;b&gt;ถนนหมายเลข 12&lt;/b&gt;","distance":"0.1 กม.","duration":"1 นาที","start_location":{"lat":16.4335626,"lng":102.8243473},"end_location":{"lat":16.4323394,"lng":102.8238877},"travel_mode":"DRIVING","maneuver":"turn-right"},{"html_instructions":"เลี้ยว&lt;b&gt;ซ้าย&lt;/b&gt; เพื่อวิ่งบน &lt;b&gt;ถนนหมายเลข 12&lt;/b&gt;","distance":"0.3 กม.","duration":"1 นาที","start_location":{"lat":16.4323394,"lng":102.8238877},"end_location":{"lat":16.4317078,"lng":102.8264113},"travel_mode":"DRIVING","maneuver":"turn-left"},{"html_instructions":"เลี้ยว&lt;b&gt;ซ้าย&lt;/b&gt;&lt;div style=\"font-size:0.9em\"&gt;ปลายทางจะอยู่ทางซ้าย&lt;/div&gt;","distance":"0.2 กม.","duration":"1 นาที","start_location":{"lat":16.4317078,"lng":102.8264113},"end_location":{"lat":16.4330016,"lng":102.8268214},"travel_mode":"DRIVING","maneuver":"turn-left"}],"createdAt":"2026-02-18T17:16:33.067Z","updatedAt":"2026-02-18T17:16:33.067Z","driver":{"id":"cmlrutbi10000xe7rhsd2l021","firstName":"Worachat","lastName":"Paranya","gender":"MALE","profilePicture":"https://res.cloudinary.com/dm6jyl42g/image/upload/v1771434886/painamnae/profiles/qtfcbmblwqdcyuhegcpm.jpg","isVerified":true},"vehicle":{"vehicleModel":"Ben CLS","vehicleType":"Sedan","photos":["https://res.cloudinary.com/dm6jyl42g/image/upload/v1771411780/painamnae/vehicles/lsixg2n2nflobcbnmrou.jpg","https://res.cloudinary.com/dm6jyl42g/image/upload/v1771411780/painamnae/vehicles/dxdsfqco0ev03sdlbkjd.jpg","https://res.cloudinary.com/dm6jyl42g/image/upload/v1771411779/painamnae/vehicles/bxgijd8lpyhjcpnahwr7.png"],"amenities":["มีหมด"]}},{"id":"cmlrx2sws000mgss0ucc0c9wj","driverId":"cmlrutbi10000xe7rhsd2l021","vehicleId":"cmlrwu6ce0006gss0ht6ftuz3","startLocation":{"lat":15.03833696296498,"lng":104.8499191373368,"name":"ตำบล โคกก่อง","address":"ตำบล โคกก่อง อำเภอ สำโรง อุบลราชธานี ประเทศ"},"endLocation":{"lat":12.94022892941754,"lng":101.1019282053581,"name":"ตำบล มาบยางพร","address":"ตำบล มาบยางพร อำเภอปลวกแดง ระยอง ประเทศ"},"departureTime":"2026-02-24T14:00:00.000Z","availableSeats":4,"pricePerSeat":3000,"conditions":"ห้ามอ้วน","status":"AVAILABLE","cancelledAt":null,"cancelledBy":null,"routePolyline":"w~wzA_h}~RpKnCeHlY}_@pm@nFd^`_@`ToM|b@}UjR{c@~u@mNpw@eYbj@gVtUvk@rV`u@~_@~y@hV|hBvy@lzDjuA~~ElfBt}HxiCtdC~jAnx@vg@zqAx^|uBpx@dDl]xy@_Hr|BbS~{Ar_@|w@Oxn@rh@djAfa@rtAPlaAiM~Lle@~wA`cEfbCbqDxgAdcB`v@`hAy@f_B{HhwCqGj~ByRt}I@l`HxFbdHddBz{LfqDlnWpF~dJcRjkJuEd~BdNhdCv{@h{Ehk@niExEvxErTbiTlC~{LckAn{DjIfkB~V|lD`f@bwBlm@hdC`KvhBzGtoGcLtgE{t@zqFu{A`mFhFrtBtQlgAfuA~fInc@vhCtClmAkv@bkEefAxhGie@boCoBx`A|sBhvEbm@dwDhUzrC_QzqFxFd[zb@jC|l@hiA~xAdzChtBhnBd~AdqAjaB|Gd^aFziCpt@f|@rp@yG~r@dCfqEeFz`B|Ah_@|Kf[dn@nLhL~]l}@|lBrg@tmAptAx^hmB|d@rxAt|@fe@hOxD`\\xTvKdRhHlQnWp|@lRxu@~t@j{@tmA~`@|bAxh@n{Dd\\|xAd`AriA|eEndA|iBdg@`aAbqAhjBh|AffBneAbuBhr@ddCuH``DjbAr|@p|@nbBb_Ar}@jd@bj@{Ldt@{f@`]pDj{Ca_AvmB{iBbg@re@r`Cm@tiArAtt@lRjiEnv@jwAgPnv@sHcOfvCcBlbBvc@biA|KpiDl`EtvFp~@faCeUzhDjTrnAr_@no@nmD`lBl`A|N`|@sg@f]kTxb@``DnfAnyDpdAddBbaB`pE~jBtcCf`B|{@~bAzdA`nExjA~|Ad[dTnG}Kdf@c^zqAiR~nAchAhrFa[|kBtHla@aq@vqDt_@d`At[jm@Brg@e^poEaIhmAdNpxF|EpbJt@fvGgFfiEui@lqEd_@j|IpCbaL]|eErW|eDvKbgHhIjjEsAvaFgUlmDgj@vyCs]xhBEr{B|Apd@z\\|Irk@fRpm@rr@ni@pu@bZbw@pwBrcBhpAveAdn@jwBjdAzpBluBzhCnaC|sEppB`eF|fAfrBfbAzh@ndDt~AdbCfeDjbEji@tnB}L|iCof@|mDgpA|hLvO~kF|m@ldFhXjjDro@dsDx~@hcE||@nuAlyAzfD|sA~jDbpCvcCrvB|_Br\\t|Ar\\jo@vi@jmAhlBb}@xw@fdBjrAfzBbpBvvC|}Bvm@te@dEod@bzAmo@jp@mRbUck@jh@ym@t_AyTxs@oA|k@bWhbB`Zn^uW|JzDhD}B","distanceMeters":580872,"durationSeconds":30693,"routeSummary":"ถ. โชคชัย - เดชอุดม","distance":"581 กม.","duration":"8 ชั่วโมง 32 นาที","waypoints":{"requested":[],"optimizedOrder":[],"used":[],"optimize":true},"landmarks":{"overview_polyline":"w~wzA_h}~RpKnCeHlY}_@pm@nFd^`_@`ToM|b@}UjR{c@~u@mNpw@eYbj@gVtUvk@rV`u@~_@~y@hV|hBvy@lzDjuA~~ElfBt}HxiCtdC~jAnx@vg@zqAx^|uBpx@dDl]xy@_Hr|BbS~{Ar_@|w@Oxn@rh@djAfa@rtAPlaAiM~Lle@~wA`cEfbCbqDxgAdcB`v@`hAy@f_B{HhwCqGj~ByRt}I@l`HxFbdHddBz{LfqDlnWpF~dJcRjkJuEd~BdNhdCv{@h{Ehk@niExEvxErTbiTlC~{LckAn{DjIfkB~V|lD`f@bwBlm@hdC`KvhBzGtoGcLtgE{t@zqFu{A`mFhFrtBtQlgAfuA~fInc@vhCtClmAkv@bkEefAxhGie@boCoBx`A|sBhvEbm@dwDhUzrC_QzqFxFd[zb@jC|l@hiA~xAdzChtBhnBd~AdqAjaB|Gd^aFziCpt@f|@rp@yG~r@dCfqEeFz`B|Ah_@|Kf[dn@nLhL~]l}@|lBrg@tmAptAx^hmB|d@rxAt|@fe@hOxD`\\xTvKdRhHlQnWp|@lRxu@~t@j{@tmA~`@|bAxh@n{Dd\\|xAd`AriA|eEndA|iBdg@`aAbqAhjBh|AffBneAbuBhr@ddCuH``DjbAr|@p|@nbBb_Ar}@jd@bj@{Ldt@{f@`]pDj{Ca_AvmB{iBbg@re@r`Cm@tiArAtt@lRjiEnv@jwAgPnv@sHcOfvCcBlbBvc@biA|KpiDl`EtvFp~@faCeUzhDjTrnAr_@no@nmD`lBl`A|N`|@sg@f]kTxb@``DnfAnyDpdAddBbaB`pE~jBtcCf`B|{@~bAzdA`nExjA~|Ad[dTnG}Kdf@c^zqAiR~nAchAhrFa[|kBtHla@aq@vqDt_@d`At[jm@Brg@e^poEaIhmAdNpxF|EpbJt@fvGgFfiEui@lqEd_@j|IpCbaL]|eErW|eDvKbgHhIjjEsAvaFgUlmDgj@vyCs]xhBEr{B|Apd@z\\|Irk@fRpm@rr@ni@pu@bZbw@pwBrcBhpAveAdn@jwBjdAzpBluBzhCnaC|sEppB`eF|fAfrBfbAzh@ndDt~AdbCfeDjbEji@tnB}L|iCof@|mDgpA|hLvO~kF|m@ldFhXjjDro@dsDx~@hcE||@nuAlyAzfD|sA~jDbpCvcCrvB|_Br\\t|Ar\\jo@vi@jmAhlBb}@xw@fdBjrAfzBbpBvvC|}Bvm@te@dEod@bzAmo@jp@mRbUck@jh@ym@t_AyTxs@oA|k@bWhbB`Zn^uW|JzDhD}B"},"steps":[{"html_instructions":"มุ่งหน้าทาง&lt;b&gt;ใต้&lt;/b&gt;","distance":"0.4 กม.","duration":"1 นาที","start_location":{"lat":15.0374032,"lng":104.8488048},"end_location":{"lat":15.0343917,"lng":104.8476407},"travel_mode":"DRIVING","maneuver":null},{"html_instructions":"เลี้ยว&lt;b&gt;ขวา&lt;/b&gt;","distance":"1.6 กม.","duration":"2 นาที","start_location":{"lat":15.0343917,"lng":104.8476407},"end_location":{"lat":... (set the log level to DEBUG or TRACE to see the full content) 
 </msg>
<msg time="2026-02-19T00:37:13.293303" level="INFO">${response} = &lt;Response [200]&gt;</msg>
<var>${response}</var>
<arg>api</arg>
<arg>/routes</arg>
<arg>params=${params}</arg>
<arg>expected_status=any</arg>
<doc>Sends a GET request on a previously created HTTP Session.</doc>
<status status="PASS" start="2026-02-19T00:37:12.921303" elapsed="0.372000"/>
</kw>
<kw name="Log" owner="BuiltIn">
<msg time="2026-02-19T00:37:13.295303" level="INFO">Search response: {'success': True, 'message': 'Routes retrieved successfully', 'data': [{'id': 'cmlsanoh7000r13ysoczw2ra1', 'driverId': 'cmlrutbi10000xe7rhsd2l021', 'vehicleId': 'cmlrwu6ce0006gss0ht6ftuz3', 'startLocation': {'lat': 16.4847068, 'lng': 102.8147634, 'name': 'หลังมหาวิทยาลัยขอนแก่น', 'address': '714, 12 อิงมอ ซอย 3 Tambon Sila, Amphoe Mueang Khon Kaen, Chang Wat Khon Kaen 40000'}, 'endLocation': {'lat': 16.4331744, 'lng': 102.8261746, 'name': 'Central Khonkaen', 'address': '99 99/1 Sri Chant Rd, Tambon Nai Mueang, Amphoe Mueang Khon Kaen, Chang Wat Khon Kaen 40000'}, 'departureTime': '2026-02-22T09:20:00.000Z', 'availableSeats': 4, 'pricePerSeat': 78, 'conditions': 'ทำได้หมด', 'status': 'AVAILABLE', 'cancelledAt': None, 'cancelledBy': None, 'routePolyline': 'usrcBm_prRBm@@QrAHHaBNwCXAn@?V?x@FdBR~AHpAPpBTnAXt@Lp@HlBBBuACmBCiDB{BxBBh@F~@F|CL`@}F\\mFv@}Ml@kKf@yILkCTiCLyCh@cHn@wIBgAAy@?u@TA`EBjIN`MZfUd@zTd@~IRfHLdLVjRh@hHNhEF~@?hTn@zEF~@J~L`CRLfCh@pCh@xCj@~Bd@zCl@`I|AhARfA^vAv@tC~BrCxBrHbG|BdBd@XtFpCn@V~@XHWt@ZnBd@ZFp@PXCFIPYFc@LiAF{@^oEJuA[IaAYcDm@', 'distanceMeters': 8285, 'durationSeconds': 968, 'routeSummary': 'ถนนหมายเลข 2', 'distance': '8.3 กม.', 'duration': '16 นาที', 'waypoints': {'requested': [], 'optimizedOrder': [], 'used': [], 'optimize': True}, 'landmarks': {'overview_polyline': 'usrcBm_prRBm@@QrAHHaBNwCXAn@?V?x@FdBR~AHpAPpBTnAXt@Lp@HlBBBuACmBCiDB{BxBBh@F~@F|CL`@}F\\mFv@}Ml@kKf@yILkCTiCLyCh@cHn@wIBgAAy@?u@TA`EBjIN`MZfUd@zTd@~IRfHLdLVjRh@hHNhEF~@?hTn@zEF~@J~L`CRLfCh@pCh@xCj@~Bd@zCl@`I|AhARfA^vAv@tC~BrCxBrHbG|BdBd@XtFpCn@V~@XHWt@ZnBd@ZFp@PXCFIPYFc@LiAF{@^oEJuA[IaAYcDm@'}, 'steps': [{'html_instructions': 'มุ่งไปทางทิศ&lt;b&gt;ตะวันออก&lt;/b&gt; ไปตาม &lt;b&gt;หลังมอ ซ. 9/&lt;wbr/&gt;2ก&lt;/b&gt; เข้าสู่ &lt;b&gt;หลังมอ ซ. 9/&lt;wbr/&gt;2&lt;/b&gt;', 'distance': '35 ม.', 'duration': '1 นาที', 'start_location': {'lat': 16.4845927, 'lng': 102.8147879}, 'end_location': {'lat': 16.4845646, 'lng': 102.8151103}, 'travel_mode': 'DRIVING', 'maneuver': None}, {'html_instructions': 'เลี้ยว&lt;b&gt;ขวา&lt;/b&gt;แยกที่ 1 เข้าสู่ &lt;b&gt;หลังมอ ซ. 9/&lt;wbr/&gt;2&lt;/b&gt;', 'distance': '47 ม.', 'duration': '1 นาที', 'start_location': {'lat': 16.4845646, 'lng': 102.8151103}, 'end_location': {'lat': 16.4841413, 'lng': 102.8150648}, 'travel_mode': 'DRIVING', 'maneuver': 'turn-right'}, {'html_instructions': 'เลี้ยว&lt;b&gt;ซ้าย&lt;/b&gt; เข้าสู่ &lt;b&gt;ซ. หลังมอ 9&lt;/b&gt;', 'distance': '0.1 กม.', 'duration': '1 นาที', 'start_location': {'lat': 16.4841413, 'lng': 102.8150648}, 'end_location': {'lat': 16.4840101, 'lng': 102.8163144}, 'travel_mode': 'DRIVING', 'maneuver': 'turn-left'}, {'html_instructions': 'เลี้ยว&lt;b&gt;ขวา&lt;/b&gt; เข้าสู่ &lt;b&gt;ถ. หลังมอ&lt;/b&gt;&lt;div style="font-size:0.9em"&gt;ผ่าน I-Sty (ทางซ้าย)&lt;/div&gt;', 'distance': '0.5 กม.', 'duration': '2 นาที', 'start_location': {'lat': 16.4840101, 'lng': 102.8163144}, 'end_location': {'lat': 16.4797909, 'lng': 102.8156638}, 'travel_mode': 'DRIVING', 'maneuver': 'turn-right'}, {'html_instructions': 'เลี้ยว &lt;b&gt;ซ้าย&lt;/b&gt; หลังสี่แยก 7-Eleven สาขา มอดินแดง (07499) (ทางด้านซ้าย)', 'distance': '0.3 กม.', 'duration': '1 นาที', 'start_location': {'lat': 16.4797909, 'lng': 102.8156638}, 'end_location': {'lat': 16.4797861, 'lng': 102.8181051}, 'travel_mode': 'DRIVING', 'maneuver': 'turn-left'}, {'html_instructions': 'เลี้ยว &lt;b&gt;ขวา&lt;/b&gt; หลังสี่แยก เค แคมปัส เครื่องเขียน (ทางด้านซ้าย)', 'distance': '0.2 กม.', 'duration': '1 นาที', 'start_location': {'lat': 16.4797861, 'lng': 102.8181051}, 'end_location': {'lat': 16.477861, 'lng': 102.8179408}, 'travel_mode': 'DRIVING', 'maneuver': 'turn-right'}, {'html_instructions': 'เลี้ยว&lt;b&gt;ซ้าย&lt;/b&gt; เข้าสู่ &lt;b&gt;ถนน มอดินแดง&lt;/b&gt;', 'distance': '1.1 กม.', 'duration': '2 นาที', 'start_location': {'lat': 16.477861, 'lng': 102.8179408}, 'end_location': {'lat': 16.4766548, 'lng': 102.8278867}, 'travel_mode': 'DRIVING', 'maneuver': 'turn-left'}, {'html_instructions': 'เมื่อถึงวงเวียน ใช้ทางออก &lt;b&gt;ที่ 1&lt;/b&gt; และวิ่งต่อไปบน &lt;b&gt;ถนน มอดินแดง&lt;/b&gt;', 'distance': '0.5 กม.', 'duration': '1 นาที', 'start_location': {'lat': 16.4766548, 'lng': 102.8278867}, 'end_location': {'lat': 16.4761122, 'lng': 102.8322583}, 'travel_mode': 'DRIVING', 'maneuver': 'roundabout-left'}, {'html_instructions': 'เลี้ยว&lt;b&gt;ขวา&lt;/b&gt; เข้าสู่ &lt;b&gt;ถนนหมายเลข 2&lt;/b&gt;', 'distance': '3.4 กม.', 'duration': '5 นาที', 'start_location': {'lat': 16.4761122, 'lng': 102.8322583}, 'end_location': {'lat': 16.4457296, 'lng': 102.8305367}, 'travel_mode': 'DRIVING', 'maneuver': 'turn-right'}, {'html_instructions': 'ชิด&lt;b&gt;ขวา&lt;/b&gt; เพื่อวิ่งบน &lt;b&gt;ถนนหมายเลข 2&lt;/b&gt;', 'distance': '1.5 กม.', 'duration': '2 นาที', 'start_location': {'lat': 16.4457296, 'lng': 102.8305367}, 'end_location': {'lat': 16.433612, 'lng': 102.8242301}, 'travel_mode': 'DRIVING', 'maneuver': 'keep-right'}, {'html_instructions': 'เลี้ยว&lt;b&gt;ซ้าย&lt;/b&gt; ไปยัง &lt;b&gt;ถนนหมายเลข 12&lt;/b&gt;', 'distance': '14 ม.', 'duration': '1 นาที', 'start_location': {'lat': 16.433612, 'lng': 102.8242301}, 'end_location': {'lat': 16.4335626, 'lng': 102.8243473}, 'travel_mode': 'DRIVING', 'maneuver': 'turn-left'}, {'html_instructions': 'เลี้ยว&lt;b&gt;ขวา&lt;/b&gt; เข้าสู่ &lt;b&gt;ถนนหมายเลข 12&lt;/b&gt;', 'distance': '0.1 กม.', 'duration': '1 นาที', 'start_location': {'lat': 16.4335626, 'lng': 102.8243473}, 'end_location': {'lat': 16.4323394, 'lng': 102.8238877}, 'travel_mode': 'DRIVING', 'maneuver': 'turn-right'}, {'html_instructions': 'เลี้ยว&lt;b&gt;ซ้าย&lt;/b&gt; เพื่อวิ่งบน &lt;b&gt;ถนนหมายเลข 12&lt;/b&gt;', 'distance': '0.3 กม.', 'duration': '1 นาที', 'start_location': {'lat': 16.4323394, 'lng': 102.8238877}, 'end_location': {'lat': 16.4317078, 'lng': 102.8264113}, 'travel_mode': 'DRIVING', 'maneuver': 'turn-left'}, {'html_instructions': 'เลี้ยว&lt;b&gt;ซ้าย&lt;/b&gt;&lt;div style="font-size:0.9em"&gt;ปลายทางจะอยู่ทางซ้าย&lt;/div&gt;', 'distance': '0.2 กม.', 'duration': '1 นาที', 'start_location': {'lat': 16.4317078, 'lng': 102.8264113}, 'end_location': {'lat': 16.4330016, 'lng': 102.8268214}, 'travel_mode': 'DRIVING', 'maneuver': 'turn-left'}], 'createdAt': '2026-02-18T17:16:33.067Z', 'updatedAt': '2026-02-18T17:16:33.067Z', 'driver': {'id': 'cmlrutbi10000xe7rhsd2l021', 'firstName': 'Worachat', 'lastName': 'Paranya', 'gender': 'MALE', 'profilePicture': 'https://res.cloudinary.com/dm6jyl42g/image/upload/v1771434886/painamnae/profiles/qtfcbmblwqdcyuhegcpm.jpg', 'isVerified': True}, 'vehicle': {'vehicleModel': 'Ben CLS', 'vehicleType': 'Sedan', 'photos': ['https://res.cloudinary.com/dm6jyl42g/image/upload/v1771411780/painamnae/vehicles/lsixg2n2nflobcbnmrou.jpg', 'https://res.cloudinary.com/dm6jyl42g/image/upload/v1771411780/painamnae/vehicles/dxdsfqco0ev03sdlbkjd.jpg', 'https://res.cloudinary.com/dm6jyl42g/image/upload/v1771411779/painamnae/vehicles/bxgijd8lpyhjcpnahwr7.png'], 'amenities': ['มีหมด']}}, {'id': 'cmlrx2sws000mgss0ucc0c9wj', 'driverId': 'cmlrutbi10000xe7rhsd2l021', 'vehicleId': 'cmlrwu6ce0006gss0ht6ftuz3', 'startLocation': {'lat': 15.03833696296498, 'lng': 104.8499191373368, 'name': 'ตำบล โคกก่อง', 'address': 'ตำบล โคกก่อง อำเภอ สำโรง อุบลราชธานี ประเทศ'}, 'endLocation': {'lat': 12.94022892941754, 'lng': 101.1019282053581, 'name': 'ตำบล มาบยางพร', 'address': 'ตำบล มาบยางพร อำเภอปลวกแดง ระยอง ประเทศ'}, 'departureTime': '2026-02-24T14:00:00.000Z', 'availableSeats': 4, 'pricePerSeat': 3000, 'conditions': 'ห้ามอ้วน', 'status': 'AVAILABLE', 'cancelledAt': None, 'cancelledBy': None, 'routePolyline': 'w~wzA_h}~RpKnCeHlY}_@pm@nFd^`_@`ToM|b@}UjR{c@~u@mNpw@eYbj@gVtUvk@rV`u@~_@~y@hV|hBvy@lzDjuA~~ElfBt}HxiCtdC~jAnx@vg@zqAx^|uBpx@dDl]xy@_Hr|BbS~{Ar_@|w@Oxn@rh@djAfa@rtAPlaAiM~Lle@~wA`cEfbCbqDxgAdcB`v@`hAy@f_B{HhwCqGj~ByRt}I@l`HxFbdHddBz{LfqDlnWpF~dJcRjkJuEd~BdNhdCv{@h{Ehk@niExEvxErTbiTlC~{LckAn{DjIfkB~V|lD`f@bwBlm@hdC`KvhBzGtoGcLtgE{t@zqFu{A`mFhFrtBtQlgAfuA~fInc@vhCtClmAkv@bkEefAxhGie@boCoBx`A|sBhvEbm@dwDhUzrC_QzqFxFd[zb@jC|l@hiA~xAdzChtBhnBd~AdqAjaB|Gd^aFziCpt@f|@rp@yG~r@dCfqEeFz`B|Ah_@|Kf[dn@nLhL~]l}@|lBrg@tmAptAx^hmB|d@rxAt|@fe@hOxD`\\xTvKdRhHlQnWp|@lRxu@~t@j{@tmA~`@|bAxh@n{Dd\\|xAd`AriA|eEndA|iBdg@`aAbqAhjBh|AffBneAbuBhr@ddCuH``DjbAr|@p|@nbBb_Ar}@jd@bj@{Ldt@{f@`]pDj{Ca_AvmB{iBbg@re@r`Cm@tiArAtt@lRjiEnv@jwAgPnv@sHcOfvCcBlbBvc@biA|KpiDl`EtvFp~@faCeUzhDjTrnAr_@no@nmD`lBl`A|N`|@sg@f]kTxb@``DnfAnyDpdAddBbaB`pE~jBtcCf`B|{@~bAzdA`nExjA~|Ad[dTnG}Kdf@c^zqAiR~nAchAhrFa[|kBtHla@aq@vqDt_@d`At[jm@Brg@e^poEaIhmAdNpxF|EpbJt@fvGgFfiEui@lqEd_@j|IpCbaL]|eErW|eDvKbgHhIjjEsAvaFgUlmDgj@vyCs]xhBEr{B|Apd@z\\|Irk@fRpm@rr@ni@pu@bZbw@pwBrcBhpAveAdn@jwBjdAzpBluBzhCnaC|sEppB`eF|fAfrBfbAzh@ndDt~AdbCfeDjbEji@tnB}L|iCof@|mDgpA|hLvO~kF|m@ldFhXjjDro@dsDx~@hcE||@nuAlyAzfD|sA~jDbpCvcCrvB|_Br\\t|Ar\\jo@vi@jmAhlBb}@xw@fdBjrAfzBbpBvvC|}Bvm@te@dEod@bzAmo@jp@mRbUck@jh@ym@t_AyTxs@oA|k@bWhbB`Zn^uW|JzDhD}B', 'distanceMeters': 580872, 'durationSeconds': 30693, 'routeSummary': 'ถ. โชคชัย - เดชอุดม', 'distance': '581 กม.', 'duration': '8 ชั่วโมง 32 นาที', 'waypoints': {'requested': [], 'optimizedOrder': [], 'used': [], 'optimize': True}, 'landmarks': {'overview_polyline': 'w~wzA_h}~RpKnCeHlY}_@pm@nFd^`_@`ToM|b@}UjR{c@~u@mNpw@eYbj@gVtUvk@rV`u@~_@~y@hV|hBvy@lzDjuA~~ElfBt}HxiCtdC~jAnx@vg@zqAx^|uBpx@dDl]xy@_Hr|BbS~{Ar_@|w@Oxn@rh@djAfa@rtAPlaAiM~Lle@~wA`cEfbCbqDxgAdcB`v@`hAy@f_B{HhwCqGj~ByRt}I@l`HxFbdHddBz{LfqDlnWpF~dJcRjkJuEd~BdNhdCv{@h{Ehk@niExEvxErTbiTlC~{LckAn{DjIfkB~V|lD`f@bwBlm@hdC`KvhBzGtoGcLtgE{t@zqFu{A`mFhFrtBtQlgAfuA~fInc@vhCtClmAkv@bkEefAxhGie@boCoBx`A|sBhvEbm@dwDhUzrC_QzqFxFd[zb@jC|l@hiA~xAdzChtBhnBd~AdqAjaB|Gd^aFziCpt@f|@rp@yG~r@dCfqEeFz`B|Ah_@|Kf[dn@nLhL~]l}@|lBrg@tmAptAx^hmB|d@rxAt|@fe@hOxD`\\xTvKdRhHlQnWp|@lRxu@~t@j{@tmA~`@|bAxh@n{Dd\\|xAd`AriA|eEndA|iBdg@`aAbqAhjBh|AffBneAbuBhr@ddCuH``DjbAr|@p|@nbBb_Ar}@jd@bj@{Ldt@{f@`]pDj{Ca_AvmB{iBbg@re@r`Cm@tiArAtt@lRjiEnv@jwAgPnv@sHcOfvCcBlbBvc@biA|KpiDl`EtvFp~@faCeUzhDjTrnAr_@no@nmD`lBl`A|N`|@sg@f]kTxb@``DnfAnyDpdAddBbaB`pE~jBtcCf`B|{@~bAzdA`nExjA~|Ad[dTnG}Kdf@c^zqAiR~nAchAhrFa[|kBtHla@aq@vqDt_@d`At[jm@Brg@e^poEaIhmAdNpxF|EpbJt@fvGgFfiEui@lqEd_@j|IpCbaL]|eErW|eDvKbgHhIjjEsAvaFgUlmDgj@vyCs]xhBEr{B|Apd@z\\|Irk@fRpm@rr@ni@pu@bZbw@pwBrcBhpAveAdn@jwBjdAzpBluBzhCnaC|sEppB`eF|fAfrBfbAzh@ndDt~AdbCfeDjbEji@tnB}L|iCof@|mDgpA|hLvO~kF|m@ldFhXjjDro@dsDx~@hcE||@nuAlyAzfD|sA~jDbpCvcCrvB|_Br\\t|Ar\\jo@vi@jmAhlBb}@xw@fdBjrAfzBbpBvvC|}Bvm@te@dEod@bzAmo@jp@mRbUck@jh@ym@t_AyTxs@oA|k@bWhbB`Zn^uW|JzDhD}B'}, 'steps': [{'html_instructions': 'มุ่งหน้าทาง&lt;b&gt;ใต้&lt;/b&gt;', 'distance': '0.4 กม.', 'duration': '1 นาที', 'start_location': {'lat': 15.0374032, 'lng': 104.8488048}, 'end_location': {'lat': 15.0343917, 'lng': 104.8476407}, 'travel_mode': 'DRIVING', 'maneuver': None}, {'html_instructions': 'เลี้ยว&lt;b&gt;ขวา&lt;/b&gt;', 'distance': '1.6 กม.', 'duration': '2 นาที', 'start_location': {'lat': 15.0343917, 'lng': 104.8476407}, 'end_location': {'lat': 15.0425862, 'lng': 104.8359206}, 'travel_mode': 'DRIVING', 'maneuver': 'turn-right'}, {'html_instructions': 'เลี้ยว&lt;b&gt;ซ้าย&lt;/b&gt;', 'distance':
[...]
<arg>- PATCH /reports/admin/:id/acknowledge - รับทราบรายงาน</arg>
<doc>Logs the given message with the given level.</doc>
<status status="PASS" start="2026-02-19T00:37:18.053278" elapsed="0.000000"/>
</kw>
<kw name="Log" owner="BuiltIn">
<msg time="2026-02-19T00:37:18.053278" level="INFO">- PATCH /reports/admin/:id/resolve - แก้ไขเรื่องเสร็จสิ้น</msg>
<arg>- PATCH /reports/admin/:id/resolve - แก้ไขเรื่องเสร็จสิ้น</arg>
<doc>Logs the given message with the given level.</doc>
<status status="PASS" start="2026-02-19T00:37:18.053278" elapsed="0.000000"/>
</kw>
<kw name="Log" owner="BuiltIn">
<msg time="2026-02-19T00:37:18.053278" level="INFO">- PATCH /reports/admin/:id/dismiss - ยกเลิกรายงาน</msg>
<arg>- PATCH /reports/admin/:id/dismiss - ยกเลิกรายงาน</arg>
<doc>Logs the given message with the given level.</doc>
<status status="PASS" start="2026-02-19T00:37:18.053278" elapsed="0.000000"/>
</kw>
<doc>ทดสอบ admin actions สำหรับจัดการรายงาน</doc>
<tag>admin</tag>
<tag>pbi13</tag>
<tag>reports</tag>
<tag>requires-auth</tag>
<status status="PASS" start="2026-02-19T00:37:17.346487" elapsed="0.706791"/>
</test>
<test id="s1-t23" name="PBI13-008 Reports - UI Uses Toast Instead Of Alert" line="297">
<kw name="Log" owner="BuiltIn">
<msg time="2026-02-19T00:37:18.056279" level="INFO">Bug fix verified: frontend/pages/admin/reports/index.vue</msg>
<arg>Bug fix verified: frontend/pages/admin/reports/index.vue</arg>
<doc>Logs the given message with the given level.</doc>
<status status="PASS" start="2026-02-19T00:37:18.055279" elapsed="0.001000"/>
</kw>
<kw name="Log" owner="BuiltIn">
<msg time="2026-02-19T00:37:18.056279" level="INFO">Changed alert(error.data?.message) to toast.error()</msg>
<arg>Changed alert(error.data?.message) to toast.error()</arg>
<doc>Logs the given message with the given level.</doc>
<status status="PASS" start="2026-02-19T00:37:18.056279" elapsed="0.000000"/>
</kw>
<kw name="Log" owner="BuiltIn">
<msg time="2026-02-19T00:37:18.056279" level="INFO">This provides better UX and consistent error display</msg>
<arg>This provides better UX and consistent error display</arg>
<doc>Logs the given message with the given level.</doc>
<status status="PASS" start="2026-02-19T00:37:18.056279" elapsed="0.000000"/>
</kw>
<doc>ตรวจสอบว่าหน้า reports ใช้ toast แทน alert</doc>
<tag>bug-fix</tag>
<tag>pbi13</tag>
<tag>reports</tag>
<tag>ui</tag>
<status status="PASS" start="2026-02-19T00:37:18.055279" elapsed="0.001000"/>
</test>
<test id="s1-t24" name="PBI13-009 Reports - Report Icons Are Type-Specific" line="304">
<kw name="Log" owner="BuiltIn">
<msg time="2026-02-19T00:37:18.057278" level="INFO">UI fix verified: Report icons are now type-specific</msg>
<arg>UI fix verified: Report icons are now type-specific</arg>
<doc>Logs the given message with the given level.</doc>
<status status="PASS" start="2026-02-19T00:37:18.057278" elapsed="0.000000"/>
</kw>
<kw name="Log" owner="BuiltIn">
<msg time="2026-02-19T00:37:18.057278" level="INFO">- SPEEDING: Lightning bolt icon</msg>
<arg>- SPEEDING: Lightning bolt icon</arg>
<doc>Logs the given message with the given level.</doc>
<status status="PASS" start="2026-02-19T00:37:18.057278" elapsed="0.000000"/>
</kw>
<kw name="Log" owner="BuiltIn">
<msg time="2026-02-19T00:37:18.058279" level="INFO">- RECKLESS_DRIVING: Warning triangle icon</msg>
<arg>- RECKLESS_DRIVING: Warning triangle icon</arg>
<doc>Logs the given message with the given level.</doc>
<status status="PASS" start="2026-02-19T00:37:18.057278" elapsed="0.001001"/>
</kw>
<kw name="Log" owner="BuiltIn">
<msg time="2026-02-19T00:37:18.058279" level="INFO">- PHONE_WHILE_DRIVING: Phone icon</msg>
<arg>- PHONE_WHILE_DRIVING: Phone icon</arg>
<doc>Logs the given message with the given level.</doc>
<status status="PASS" start="2026-02-19T00:37:18.058279" elapsed="0.000000"/>
</kw>
<kw name="Log" owner="BuiltIn">
<msg time="2026-02-19T00:37:18.058279" level="INFO">- DIRTY_VEHICLE: Trash icon</msg>
<arg>- DIRTY_VEHICLE: Trash icon</arg>
<doc>Logs the given message with the given level.</doc>
<status status="PASS" start="2026-02-19T00:37:18.058279" elapsed="0.000000"/>
</kw>
<kw name="Log" owner="BuiltIn">
<msg time="2026-02-19T00:37:18.058279" level="INFO">- RUDE_BEHAVIOR: Face frown icon</msg>
<arg>- RUDE_BEHAVIOR: Face frown icon</arg>
<doc>Logs the given message with the given level.</doc>
<status status="PASS" start="2026-02-19T00:37:18.058279" elapsed="0.000000"/>
</kw>
<kw name="Log" owner="BuiltIn">
<msg time="2026-02-19T00:37:18.058279" level="INFO">- ROUTE_DEVIATION: Map pin icon</msg>
<arg>- ROUTE_DEVIATION: Map pin icon</arg>
<doc>Logs the given message with the given level.</doc>
<status status="PASS" start="2026-02-19T00:37:18.058279" elapsed="0.000000"/>
</kw>
<kw name="Log" owner="BuiltIn">
<msg time="2026-02-19T00:37:18.059427" level="INFO">- LATE_ARRIVAL: Clock icon</msg>
<arg>- LATE_ARRIVAL: Clock icon</arg>
<doc>Logs the given message with the given level.</doc>
<status status="PASS" start="2026-02-19T00:37:18.059427" elapsed="0.000000"/>
</kw>
<kw name="Log" owner="BuiltIn">
<msg time="2026-02-19T00:37:18.060428" level="INFO">- NO_SHOW: User X icon</msg>
<arg>- NO_SHOW: User X icon</arg>
<doc>Logs the given message with the given level.</doc>
<status status="PASS" start="2026-02-19T00:37:18.059427" elapsed="0.001001"/>
</kw>
<kw name="Log" owner="BuiltIn">
<msg time="2026-02-19T00:37:18.060428" level="INFO">- UNSAFE_VEHICLE: Shield exclamation icon</msg>
<arg>- UNSAFE_VEHICLE: Shield exclamation icon</arg>
<doc>Logs the given message with the given level.</doc>
<status status="PASS" start="2026-02-19T00:37:18.060428" elapsed="0.000000"/>
</kw>
<kw name="Log" owner="BuiltIn">
<msg time="2026-02-19T00:37:18.060428" level="INFO">- OTHER: Question mark icon</msg>
<arg>- OTHER: Question mark icon</arg>
<doc>Logs the given message with the given level.</doc>
<status status="PASS" start="2026-02-19T00:37:18.060428" elapsed="0.000000"/>
</kw>
<doc>ตรวจสอบว่า icons ในหน้า reports แสดงตามประเภท</doc>
<tag>pbi13</tag>
<tag>reports</tag>
<tag>ui</tag>
<status status="PASS" start="2026-02-19T00:37:18.057278" elapsed="0.003150"/>
</test>
<test id="s1-t25" name="Integration-001 Health Check" line="323">
<kw name="GET On Session" owner="RequestsLibrary">
<msg time="2026-02-19T00:37:18.269858" level="INFO">GET Request : url=https://painamnaewebapp-production.up.railway.app/api/health 
 path_url=/api/health 
 headers={'User-Agent': 'python-requests/2.32.5', 'Accept-Encoding': 'gzip, deflate', 'Accept': '*/*', 'Connection': 'keep-alive'} 
 body=None 
 </msg>
<msg time="2026-02-19T00:37:18.269858" level="INFO">GET Response : url=https://painamnaewebapp-production.up.railway.app/api/health 
 status=200, reason=OK 
 headers={'Access-Control-Allow-Credentials': 'true', 'Content-Length': '106', 'Content-Security-Policy': "default-src 'self';base-uri 'self';font-src 'self' https: data:;form-action 'self';frame-ancestors 'self';img-src 'self' data:;object-src 'none';script-src 'self';script-src-attr 'none';style-src 'self' https: 'unsafe-inline';upgrade-insecure-requests", 'Content-Type': 'application/json; charset=utf-8', 'Cross-Origin-Opener-Policy': 'same-origin', 'Cross-Origin-Resource-Policy': 'same-origin', 'Date': 'Wed, 18 Feb 2026 17:37:18 GMT', 'Etag': 'W/"6a-srvAPFAW+1PzsuGowtORbi4vlGw"', 'Origin-Agent-Cluster': '?1', 'Referrer-Policy': 'no-referrer', 'Server': 'railway-edge', 'Strict-Transport-Security': 'max-age=15552000; includeSubDomains', 'Vary': 'Origin', 'X-Content-Type-Options': 'nosniff', 'X-Dns-Prefetch-Control': 'off', 'X-Download-Options': 'noopen', 'X-Frame-Options': 'SAMEORIGIN', 'X-Permitted-Cross-Domain-Policies': 'none', 'X-Railway-Edge': 'railway/asia-southeast1-eqsg3a', 'X-Railway-Request-Id': 'NqvPbXCxRaeQq0_tDcO5xA', 'X-Xss-Protection': '0'} 
 body={"success":true,"message":"API is running","timestamp":"2026-02-18T17:37:18.304Z","uptime":6029.993768737} 
 </msg>
<msg time="2026-02-19T00:37:18.269858" level="INFO">${response} = &lt;Response [200]&gt;</msg>
<var>${response}</var>
<arg>api</arg>
<arg>/health</arg>
<arg>expected_status=any</arg>
<doc>Sends a GET request on a previously created HTTP Session.</doc>
<status status="PASS" start="2026-02-19T00:37:18.061426" elapsed="0.208432"/>
</kw>
<kw name="Should Be Equal As Strings" owner="BuiltIn">
<msg time="2026-02-19T00:37:18.270858" level="INFO">Argument types are:
&lt;class 'int'&gt;
&lt;class 'str'&gt;</msg>
<arg>${response.status_code}</arg>
<arg>200</arg>
<doc>Fails if objects are unequal after converting them to strings.</doc>
<status status="PASS" start="2026-02-19T00:37:18.269858" elapsed="0.001000"/>
</kw>
<kw name="Log" owner="BuiltIn">
<msg time="2026-02-19T00:37:18.270858" level="INFO">API is healthy</msg>
<arg>API is healthy</arg>
<doc>Logs the given message with the given level.</doc>
<status status="PASS" start="2026-02-19T00:37:18.270858" elapsed="0.000000"/>
</kw>
<doc>ทดสอบว่า API ทำงานปกติ</doc>
<tag>health</tag>
<tag>integration</tag>
<status status="PASS" start="2026-02-19T00:37:18.061426" elapsed="0.209432"/>
</test>
<test id="s1-t26" name="Integration-002 Authentication Flow" line="330">
<kw name="Create Dictionary" owner="BuiltIn">
<msg time="2026-02-19T00:37:18.271857" level="INFO">${body} = {'email': 'test@test.com', 'password': 'test'}</msg>
<var>${body}</var>
<arg>email=test@test.com</arg>
<arg>password=test</arg>
<doc>Creates and returns a dictionary based on the given ``items``.</doc>
<status status="PASS" start="2026-02-19T00:37:18.271857" elapsed="0.000000"/>
</kw>
<kw name="POST On Session" owner="RequestsLibrary">
<msg time="2026-02-19T00:37:18.481175" level="INFO">POST Request : url=https://painamnaewebapp-production.up.railway.app/api/auth/login 
 path_url=/api/auth/login 
 headers={'User-Agent': 'python-requests/2.32.5', 'Accept-Encoding': 'gzip, deflate', 'Accept': '*/*', 'Connection': 'keep-alive', 'Content-Length': '46', 'Content-Type': 'application/json'} 
 body=b'{"email": "test@test.com", "password": "test"}' 
 </msg>
<msg time="2026-02-19T00:37:18.481175" level="INFO">POST Response : url=https://painamnaewebapp-production.up.railway.app/api/auth/login 
 status=400, reason=Bad Request 
 headers={'Access-Control-Allow-Credentials': 'true', 'Content-Length': '114', 'Content-Security-Policy': "default-src 'self';base-uri 'self';font-src 'self' https: data:;form-action 'self';frame-ancestors 'self';img-src 'self' data:;object-src 'none';script-src 'self';script-src-attr 'none';style-src 'self' https: 'unsafe-inline';upgrade-insecure-requests", 'Content-Type': 'application/json; charset=utf-8', 'Cross-Origin-Opener-Policy': 'same-origin', 'Cross-Origin-Resource-Policy': 'same-origin', 'Date': 'Wed, 18 Feb 2026 17:37:18 GMT', 'Etag': 'W/"72-akSkTLg/SS+GM0UkdaA93yqKNpI"', 'Origin-Agent-Cluster': '?1', 'Referrer-Policy': 'no-referrer', 'Server': 'railway-edge', 'Strict-Transport-Security': 'max-age=15552000; includeSubDomains', 'Vary': 'Origin', 'X-Content-Type-Options': 'nosniff', 'X-Dns-Prefetch-Control': 'off', 'X-Download-Options': 'noopen', 'X-Frame-Options': 'SAMEORIGIN', 'X-Permitted-Cross-Domain-Policies': 'none', 'X-Railway-Edge': 'railway/asia-southeast1-eqsg3a', 'X-Railway-Request-Id': 'R8Mg04auSbmhjefuDcO5xA', 'X-Xss-Protection': '0'} 
 body={"success":false,"message":"Validation error: body.password - Password must be at least 6 characters","data":null} 
 </msg>
<msg time="2026-02-19T00:37:18.481175" level="INFO">${response} = &lt;Response [400]&gt;</msg>
<var>${response}</var>
<arg>api</arg>
<arg>/auth/login</arg>
<arg>json=${body}</arg>
<arg>expected_status=any</arg>
<doc>Sends a POST request on a previously created HTTP Session.</doc>
<status status="PASS" start="2026-02-19T00:37:18.271857" elapsed="0.209318"/>
</kw>
<kw name="Should Be True" owner="BuiltIn">
<arg>${response.status_code} in [200, 400, 401]</arg>
<doc>Fails if the given condition is not true.</doc>
<status status="PASS" start="2026-02-19T00:37:18.481175" elapsed="0.000999"/>
</kw>
<kw name="Log" owner="BuiltIn">
<msg time="2026-02-19T00:37:18.482174" level="INFO">Authentication endpoint working: 400</msg>
<arg>Authentication endpoint working: ${response.status_code}</arg>
<doc>Logs the given message with the given level.</doc>
<status status="PASS" start="2026-02-19T00:37:18.482174" elapsed="0.000000"/>
</kw>
<doc>ทดสอบ authentication flow</doc>
<tag>auth</tag>
<tag>integration</tag>
<status status="PASS" start="2026-02-19T00:37:18.271857" elapsed="0.210317"/>
</test>
<test id="s1-t27" name="Integration-003 All Bug Fixes Applied" line="340">
<kw name="Log" owner="BuiltIn">
<msg time="2026-02-19T00:37:18.483175" level="INFO">=== Backend Bug Fixes ===</msg>
<arg>=== Backend Bug Fixes ===</arg>
<doc>Logs the given message with the given level.</doc>
<status status="PASS" start="2026-02-19T00:37:18.483175" elapsed="0.000000"/>
</kw>
<kw name="Log" owner="BuiltIn">
<msg time="2026-02-19T00:37:18.483175" level="INFO">1. route.service.js: seatsRequired uses GTE instead of exact match</msg>
<arg>1. route.service.js: seatsRequired uses GTE instead of exact match</arg>
<doc>Logs the given message with the given level.</doc>
<status status="PASS" start="2026-02-19T00:37:18.483175" elapsed="0.000000"/>
</kw>
<kw name="Log" owner="BuiltIn">
<msg time="2026-02-19T00:37:18.483175" level="INFO">2. booking.service.js: Removed duplicate adminCreateBooking export</msg>
<arg>2. booking.service.js: Removed duplicate adminCreateBooking export</arg>
<doc>Logs the given message with the given level.</doc>
<status status="PASS" start="2026-02-19T00:37:18.483175" elapsed="0.000000"/>
</kw>
<kw name="Log" owner="BuiltIn">
<msg time="2026-02-19T00:37:18.484175" level="INFO">3. route.controller.js: adminCreateRoute has try-catch for Google Directions</msg>
<arg>3. route.controller.js: adminCreateRoute has try-catch for Google Directions</arg>
<doc>Logs the given message with the given level.</doc>
<status status="PASS" start="2026-02-19T00:37:18.483175" elapsed="0.001000"/>
</kw>
<kw name="Log" owner="BuiltIn">
<msg time="2026-02-19T00:37:18.484175" level="INFO">4. route.controller.js: adminUpdateRoute has try-catch for Google Directions</msg>
<arg>4. route.controller.js: adminUpdateRoute has try-catch for Google Directions</arg>
<doc>Logs the given message with the given level.</doc>
<status status="PASS" start="2026-02-19T00:37:18.484175" elapsed="0.000000"/>
</kw>
<kw name="Log" owner="BuiltIn">
<msg time="2026-02-19T00:37:18.484175" level="INFO">5. emergency.service.js: Uses ApiError instead of generic Error</msg>
<arg>5. emergency.service.js: Uses ApiError instead of generic Error</arg>
<doc>Logs the given message with the given level.</doc>
<status status="PASS" start="2026-02-19T00:37:18.484175" elapsed="0.000000"/>
</kw>
<kw name="Log" owner="BuiltIn">
<msg time="2026-02-19T00:37:18.484175" level="INFO">6. activityLog.controller.js: Safe pagination parsing with defaults</msg>
<arg>6. activityLog.controller.js: Safe pagination parsing with defaults</arg>
<doc>Logs the given message with the given level.</doc>
<status status="PASS" start="2026-02-19T00:37:18.484175" elapsed="0.000000"/>
</kw>
<kw name="Log" owner="BuiltIn">
<msg time="2026-02-19T00:37:18.485175" level="INFO">7. routes/index.js: Added /health endpoint</msg>
<arg>7. routes/index.js: Added /health endpoint</arg>
<doc>Logs the given message with the given level.</doc>
<status status="PASS" start="2026-02-19T00:37:18.485175" elapsed="0.000000"/>
</kw>
<kw name="Log" owner="BuiltIn">
<msg time="2026-02-19T00:37:18.485175" level="INFO">=== Frontend Bug Fixes ===</msg>
<arg>=== Frontend Bug Fixes ===</arg>
<doc>Logs the given message with the given level.</doc>
<status status="PASS" start="2026-02-19T00:37:18.485175" elapsed="0.000000"/>
</kw>
<kw name="Log" owner="BuiltIn">
<msg time="2026-02-19T00:37:18.485175" level="INFO">1. admin/bookings/index.vue: Uses config.public.apiBase instead of localhost</msg>
<arg>1. admin/bookings/index.vue: Uses config.public.apiBase instead of localhost</arg>
<doc>Logs the given message with the given level.</doc>
<status status="PASS" start="2026-02-19T00:37:18.485175" elapsed="0.000000"/>
</kw>
<kw name="Log" owner="BuiltIn">
<msg time="2026-02-19T00:37:18.486173" level="INFO">2. register/index.vue: Username validation min 6 (was 4)</msg>
<arg>2. register/index.vue: Username validation min 6 (was 4)</arg>
<doc>Logs the given message with the given level.</doc>
<status status="PASS" start="2026-02-19T00:37:18.485175" elapsed="0.000998"/>
</kw>
<kw name="Log" owner="BuiltIn">
<msg time="2026-02-19T00:37:18.486173" level="INFO">3. register/index.vue: Phone validation exactly 10 digits (was 9-10)</msg>
<arg>3. register/index.vue: Phone validation exactly 10 digits (was 9-10)</arg>
<doc>Logs the given message with the given level.</doc>
<status status="PASS" start="2026-02-19T00:37:18.486173" elapsed="0.000000"/>
</kw>
<kw name="Log" owner="BuiltIn">
<msg time="2026-02-19T00:37:18.486173" level="INFO">4. admin/reports/index.vue: Uses toast instead of alert</msg>
<arg>4. admin/reports/index.vue: Uses toast instead of alert</arg>
<doc>Logs the given message with the given level.</doc>
<status status="PASS" start="2026-02-19T00:37:18.486173" elapsed="0.000000"/>
</kw>
<kw name="Log" owner="BuiltIn">
<msg time="2026-02-19T00:37:18.486173" level="INFO">5. profile/emergency-contacts.vue: Uses toast instead of alert</msg>
<arg>5. profile/emergency-contacts.vue: Uses toast instead of alert</arg>
<doc>Logs the given message with the given level.</doc>
<status status="PASS" start="2026-02-19T00:37:18.486173" elapsed="0.000000"/>
</kw>
<kw name="Log" owner="BuiltIn">
<msg time="2026-02-19T00:37:18.487176" level="INFO">6. createTrip/index.vue: Validates seats (1-20) and price (1-10000)</msg>
<arg>6. createTrip/index.vue: Validates seats (1-20) and price (1-10000)</arg>
<doc>Logs the given message with the given level.</doc>
<status status="PASS" start="2026-02-19T00:37:18.486173" elapsed="0.001003"/>
</kw>
<doc>สรุป bug fixes ทั้งหมดที่ทำ</doc>
<tag>bug-fix</tag>
<tag>integration</tag>
<tag>summary</tag>
<status status="PASS" start="2026-02-19T00:37:18.482174" elapsed="0.005002"/>
</test>
<kw name="Delete All Sessions" owner="RequestsLibrary" type="TEARDOWN">
<msg time="2026-02-19T00:37:18.487176" level="INFO">Deleting All Sessions</msg>
<doc>Removes all the session objects</doc>
<status status="PASS" start="2026-02-19T00:37:18.487176" elapsed="0.000000"/>
</kw>
<doc>Feature Tests for PBI #16, #8, #13
ทดสอบ features หลักที่พัฒนา:
- PBI #16: Account Deletion
- PBI #8: Suggested Routes
- PBI #13: Driver Reports</doc>
<status status="PASS" start="2026-02-19T00:37:09.047279" elapsed="9.439897"/>
</suite>
<statistics>
<total>
<stat pass="27" fail="0" skip="0">All Tests</stat>
</total>
<tag>
<stat pass="5" fail="0" skip="0">account-deletion</stat>
<stat pass="4" fail="0" skip="0">admin</stat>
<stat pass="4" fail="0" skip="0">api</stat>
<stat pass="1" fail="0" skip="0">auth</stat>
<stat pass="4" fail="0" skip="0">bug-fix</stat>
<stat pass="1" fail="0" skip="0">error-handling</stat>
<stat pass="1" fail="0" skip="0">health</stat>
<stat pass="5" fail="0" skip="0">integration</stat>
<stat pass="1" fail="0" skip="0">pagination</stat>
<stat pass="9" fail="0" skip="0">pbi13</stat>
<stat pass="5" fail="0" skip="0">pbi16</stat>
<stat pass="10" fail="0" skip="0">pbi8</stat>
<stat pass="9" fail="0" skip="0">reports</stat>
<stat pass="4" fail="0" skip="0">requires-auth</stat>
<stat pass="10" fail="0" skip="0">routes</stat>
<stat pass="3" fail="0" skip="0">search</stat>
<stat pass="7" fail="0" skip="0">security</stat>
<stat pass="1" fail="0" skip="0">summary</stat>
<stat pass="2" fail="0" skip="0">ui</stat>
<stat pass="3" fail="0" skip="0">validation</stat>
</tag>
<suite>
<stat name="Pbi Features Tests" id="s1" pass="27" fail="0" skip="0">Pbi Features Tests</stat>
</suite>
</statistics>
<errors>
</errors>
</robot>
