<?xml version="1.0" encoding="UTF-8"?>
<robot generator="Robot 7.4.2 (Python 3.14.2 on win32)" generated="2026-03-04T20:21:42.376505" rpa="false" schemaversion="5">
<suite id="s1" name="Feature API Tests" source="C:\Users\taran\Downloads\PaiNamNaeWebApp-main (3)\PaiNamNaeWebApp-main\Sprint#2\test\robot\pbi_feature_tests.robot">
<kw name="Prepare Test Environment" type="SETUP">
<kw name="Create API Session" owner="common">
<kw name="Create Session" owner="RequestsLibrary">
<msg time="2026-03-04T20:21:42.508590" level="INFO">Creating Session using : alias=api, url=https://painamnaewebapp-production.up.railway.app/api, headers={},                     cookies={}, auth=None, timeout=None, proxies=None, verify=False,                     debug=0 </msg>
<arg>api</arg>
<arg>${BASE_URL}</arg>
<arg>verify=${verify_ssl}</arg>
<arg>disable_warnings=${True}</arg>
<doc>Create Session: create a HTTP session to a server</doc>
<status status="PASS" start="2026-03-04T20:21:42.508335" elapsed="0.000464"/>
</kw>
<doc>Create a session for API requests</doc>
<status status="PASS" start="2026-03-04T20:21:42.507876" elapsed="0.001000"/>
</kw>
<kw name="Login And Get Token" owner="common">
<kw name="Create API Session" owner="common">
<kw name="Create Session" owner="RequestsLibrary">
<msg time="2026-03-04T20:21:42.509492" level="INFO">Creating Session using : alias=api, url=https://painamnaewebapp-production.up.railway.app/api, headers={},                     cookies={}, auth=None, timeout=None, proxies=None, verify=False,                     debug=0 </msg>
<arg>api</arg>
<arg>${BASE_URL}</arg>
<arg>verify=${verify_ssl}</arg>
<arg>disable_warnings=${True}</arg>
<doc>Create Session: create a HTTP session to a server</doc>
<status status="PASS" start="2026-03-04T20:21:42.509320" elapsed="0.000280"/>
</kw>
<doc>Create a session for API requests</doc>
<status status="PASS" start="2026-03-04T20:21:42.509183" elapsed="0.000463"/>
</kw>
<kw name="Create Dictionary" owner="BuiltIn">
<msg time="2026-03-04T20:21:42.510131" level="INFO">${body} = {'email': 'testuser@example.com', 'password': '123123aq'}</msg>
<var>${body}</var>
<arg>email=${email}</arg>
<arg>password=${password}</arg>
<doc>Creates and returns a dictionary based on the given ``items``.</doc>
<status status="PASS" start="2026-03-04T20:21:42.509715" elapsed="0.000438"/>
</kw>
<kw name="POST On Session" owner="RequestsLibrary">
<msg time="2026-03-04T20:21:43.114839" level="INFO">POST Request : url=https://painamnaewebapp-production.up.railway.app/api/auth/login 
 path_url=/api/auth/login 
 headers={'User-Agent': 'python-requests/2.32.5', 'Accept-Encoding': 'gzip, deflate, zstd', 'Accept': '*/*', 'Connection': 'keep-alive', 'Content-Length': '57', 'Content-Type': 'application/json'} 
 body=b'{"email": "testuser@example.com", "password": "123123aq"}' 
 </msg>
<msg time="2026-03-04T20:21:43.114949" level="INFO">POST Response : url=https://painamnaewebapp-production.up.railway.app/api/auth/login 
 status=200, reason=OK 
 headers={'Connection': 'keep-alive', 'Content-Length': '567', 'Access-Control-Allow-Credentials': 'true', 'Content-Security-Policy': "default-src 'self';base-uri 'self';font-src 'self' https: data:;form-action 'self';frame-ancestors 'self';img-src 'self' data:;object-src 'none';script-src 'self';script-src-attr 'none';style-src 'self' https: 'unsafe-inline';upgrade-insecure-requests", 'Content-Type': 'application/json; charset=utf-8', 'Cross-Origin-Opener-Policy': 'same-origin', 'Cross-Origin-Resource-Policy': 'same-origin', 'Etag': 'W/"237-SzGuOOtmAAKCS36M6gbpUPPWxpU"', 'Origin-Agent-Cluster': '?1', 'Referrer-Policy': 'no-referrer', 'Server': 'railway-edge', 'Strict-Transport-Security': 'max-age=15552000; includeSubDomains', 'X-Content-Type-Options': 'nosniff', 'X-Dns-Prefetch-Control': 'off', 'X-Download-Options': 'noopen', 'X-Frame-Options': 'SAMEORIGIN', 'X-Permitted-Cross-Domain-Policies': 'none', 'X-Railway-Edge': 'railway/asia-southeast1-eqsg3a', 'X-Railway-Request-Id': 'GrtW7FslTMe8kdEkV7rehQ', 'X-Xss-Protection': '0', 'Accept-Ranges': 'bytes', 'Via': '1.1 varnish, 1.1 varnish', 'Date': 'Wed, 04 Mar 2026 13:21:42 GMT', 'X-Cache': 'MISS, MISS', 'X-Cache-Hits': '0, 0', 'X-Timer': 'S1772630503.502981,VS0,VE489', 'Vary': 'Origin', 'X-Railway-CDN-Edge': 'fastly/cache-bkk2310027-BKK'} 
 body={"success":true,"message":"Login successful","data":{"token":"eyJhbGciOiJIUzI1NiIsInR5cCI6IkpXVCJ9.eyJzdWIiOiJjbWxzNzB4amkwMDBmMTAzbzVzemtwbmRmIiwicm9sZSI6IlBBU1NFTkdFUiIsImlhdCI6MTc3MjYzMDUwMiwiZXhwIjoxNzcyNjM0MTAyfQ.WATWyCAw6NfEO_7i0up7V2kruaXyKaNelHpXPtt3va0","user":{"id":"cmls70xji000f103o5szkpndf","firstName":"TestUser1","lastName":"UserTest1","profilePicture":null,"role":"PASSENGER","passengerSuspendedUntil":null,"driverSuspendedUntil":null,"averageRating":0,"reviewCount":0,"status":"ACTIVE","deletedAt":null,"scheduledDeleteAt":null,"deleteReason":null}}} 
 </msg>
<msg time="2026-03-04T20:21:43.115083" level="INFO">${response} = &lt;Response [200]&gt;</msg>
<var>${response}</var>
<arg>api</arg>
<arg>/auth/login</arg>
<arg>json=${body}</arg>
<doc>Sends a POST request on a previously created HTTP Session.</doc>
<status status="PASS" start="2026-03-04T20:21:42.510232" elapsed="0.604871"/>
</kw>
<kw name="Should Be Equal As Strings" owner="BuiltIn">
<msg time="2026-03-04T20:21:43.115844" level="INFO">Argument types are:
&lt;class 'int'&gt;
&lt;class 'str'&gt;</msg>
<arg>${response.status_code}</arg>
<arg>${STATUS_OK}</arg>
<doc>Fails if objects are unequal after converting them to strings.</doc>
<status status="PASS" start="2026-03-04T20:21:43.115226" elapsed="0.000666"/>
</kw>
<kw name="Set Variable" owner="BuiltIn">
<msg time="2026-03-04T20:21:43.116995" level="INFO">${token} = eyJhbGciOiJIUzI1NiIsInR5cCI6IkpXVCJ9.eyJzdWIiOiJjbWxzNzB4amkwMDBmMTAzbzVzemtwbmRmIiwicm9sZSI6IlBBU1NFTkdFUiIsImlhdCI6MTc3MjYzMDUwMiwiZXhwIjoxNzcyNjM0MTAyfQ.WATWyCAw6NfEO_7i0up7V2kruaXyKaNelHpXPtt3va0</msg>
<var>${token}</var>
<arg>${response.json()['data']['token']}</arg>
<doc>Returns the given values which can then be assigned to a variables.</doc>
<status status="PASS" start="2026-03-04T20:21:43.115965" elapsed="0.001052"/>
</kw>
<return>
<value>${token}</value>
<status status="PASS" start="2026-03-04T20:21:43.117057" elapsed="0.000043"/>
</return>
<msg time="2026-03-04T20:21:43.117196" level="INFO">${token} = eyJhbGciOiJIUzI1NiIsInR5cCI6IkpXVCJ9.eyJzdWIiOiJjbWxzNzB4amkwMDBmMTAzbzVzemtwbmRmIiwicm9sZSI6IlBBU1NFTkdFUiIsImlhdCI6MTc3MjYzMDUwMiwiZXhwIjoxNzcyNjM0MTAyfQ.WATWyCAw6NfEO_7i0up7V2kruaXyKaNelHpXPtt3va0</msg>
<var>${token}</var>
<arg>${TEST_EMAIL}</arg>
<arg>${TEST_PASSWORD}</arg>
<doc>Login and return the auth token</doc>
<status status="PASS" start="2026-03-04T20:21:42.509000" elapsed="0.608213"/>
</kw>
<kw name="Create Authorized Header" owner="common">
<kw name="Create Dictionary" owner="BuiltIn">
<msg time="2026-03-04T20:21:43.117771" level="INFO">${headers} = {'Authorization': 'Bearer eyJhbGciOiJIUzI1NiIsInR5cCI6IkpXVCJ9.eyJzdWIiOiJjbWxzNzB4amkwMDBmMTAzbzVzemtwbmRmIiwicm9sZSI6IlBBU1NFTkdFUiIsImlhdCI6MTc3MjYzMDUwMiwiZXhwIjoxNzcyNjM0MTAyfQ.WATWyCAw6NfEO_7i0u...</msg>
<var>${headers}</var>
<arg>Authorization=Bearer ${token}</arg>
<arg>Content-Type=application/json</arg>
<doc>Creates and returns a dictionary based on the given ``items``.</doc>
<status status="PASS" start="2026-03-04T20:21:43.117511" elapsed="0.000278"/>
</kw>
<return>
<value>${headers}</value>
<status status="PASS" start="2026-03-04T20:21:43.117822" elapsed="0.000023"/>
</return>
<msg time="2026-03-04T20:21:43.117933" level="INFO">${headers} = {'Authorization': 'Bearer eyJhbGciOiJIUzI1NiIsInR5cCI6IkpXVCJ9.eyJzdWIiOiJjbWxzNzB4amkwMDBmMTAzbzVzemtwbmRmIiwicm9sZSI6IlBBU1NFTkdFUiIsImlhdCI6MTc3MjYzMDUwMiwiZXhwIjoxNzcyNjM0MTAyfQ.WATWyCAw6NfEO_7i0u...</msg>
<var>${headers}</var>
<arg>${token}</arg>
<doc>Create header with Bearer token</doc>
<status status="PASS" start="2026-03-04T20:21:43.117335" elapsed="0.000614"/>
</kw>
<kw name="GET On Session" owner="RequestsLibrary">
<msg time="2026-03-04T20:21:43.532653" level="INFO">GET Request : url=https://painamnaewebapp-production.up.railway.app/api/reviews/reviewable 
 path_url=/api/reviews/reviewable 
 headers={'User-Agent': 'python-requests/2.32.5', 'Accept-Encoding': 'gzip, deflate, zstd', 'Accept': '*/*', 'Connection': 'keep-alive', 'Authorization': 'Bearer eyJhbGciOiJIUzI1NiIsInR5cCI6IkpXVCJ9.eyJzdWIiOiJjbWxzNzB4amkwMDBmMTAzbzVzemtwbmRmIiwicm9sZSI6IlBBU1NFTkdFUiIsImlhdCI6MTc3MjYzMDUwMiwiZXhwIjoxNzcyNjM0MTAyfQ.WATWyCAw6NfEO_7i0up7V2kruaXyKaNelHpXPtt3va0', 'Content-Type': 'application/json'} 
 body=None 
 </msg>
<msg time="2026-03-04T20:21:43.532786" level="INFO">GET Response : url=https://painamnaewebapp-production.up.railway.app/api/reviews/reviewable 
 status=200, reason=OK 
 headers={'Connection': 'keep-alive', 'Content-Length': '26', 'Access-Control-Allow-Credentials': 'true', 'Content-Security-Policy': "default-src 'self';base-uri 'self';font-src 'self' https: data:;form-action 'self';frame-ancestors 'self';img-src 'self' data:;object-src 'none';script-src 'self';script-src-attr 'none';style-src 'self' https: 'unsafe-inline';upgrade-insecure-requests", 'Content-Type': 'application/json; charset=utf-8', 'Cross-Origin-Opener-Policy': 'same-origin', 'Cross-Origin-Resource-Policy': 'same-origin', 'Etag': 'W/"1a-s3B6blipWxCo2IriQlJeaz0uh7I"', 'Origin-Agent-Cluster': '?1', 'Referrer-Policy': 'no-referrer', 'Server': 'railway-edge', 'Strict-Transport-Security': 'max-age=15552000; includeSubDomains', 'X-Content-Type-Options': 'nosniff', 'X-Dns-Prefetch-Control': 'off', 'X-Download-Options': 'noopen', 'X-Frame-Options': 'SAMEORIGIN', 'X-Permitted-Cross-Domain-Policies': 'none', 'X-Railway-Edge': 'railway/asia-southeast1-eqsg3a', 'X-Railway-Request-Id': 'UduDb2VfS4CPpVDVmrpb1w', 'X-Xss-Protection': '0', 'Accept-Ranges': 'bytes', 'Via': '1.1 varnish, 1.1 varnish', 'Date': 'Wed, 04 Mar 2026 13:21:43 GMT', 'X-Cache': 'MISS, MISS', 'X-Cache-Hits': '0, 0', 'X-Timer': 'S1772630503.007792,VS0,VE402', 'Vary': 'Origin', 'X-Railway-CDN-Edge': 'fastly/cache-bkk2310027-BKK'} 
 body={"success":true,"data":[]} 
 </msg>
<msg time="2026-03-04T20:21:43.532929" level="INFO">${rev} = &lt;Response [200]&gt;</msg>
<var>${rev}</var>
<arg>api</arg>
<arg>/reviews/reviewable</arg>
<arg>headers=${headers}</arg>
<arg>expected_status=any</arg>
<doc>Sends a GET request on a previously created HTTP Session.</doc>
<status status="PASS" start="2026-03-04T20:21:43.118012" elapsed="0.414943"/>
</kw>
<kw name="Run Keyword If" owner="BuiltIn">
<arg>'${rev.status_code}' == '${STATUS_OK}' and len(${rev.json()['data']}) &gt; 0</arg>
<arg>Set Suite Variable</arg>
<arg>${VALID_TRIP_ID}</arg>
<arg>${rev.json()['data'][0]['id']}</arg>
<doc>Runs the given keyword with the given arguments, if ``condition`` is true.</doc>
<status status="PASS" start="2026-03-04T20:21:43.533125" elapsed="0.001101"/>
</kw>
<kw name="GET On Session" owner="RequestsLibrary">
<msg time="2026-03-04T20:21:43.949364" level="INFO">GET Request : url=https://painamnaewebapp-production.up.railway.app/api/reviews/me 
 path_url=/api/reviews/me 
 headers={'User-Agent': 'python-requests/2.32.5', 'Accept-Encoding': 'gzip, deflate, zstd', 'Accept': '*/*', 'Connection': 'keep-alive', 'Authorization': 'Bearer eyJhbGciOiJIUzI1NiIsInR5cCI6IkpXVCJ9.eyJzdWIiOiJjbWxzNzB4amkwMDBmMTAzbzVzemtwbmRmIiwicm9sZSI6IlBBU1NFTkdFUiIsImlhdCI6MTc3MjYzMDUwMiwiZXhwIjoxNzcyNjM0MTAyfQ.WATWyCAw6NfEO_7i0up7V2kruaXyKaNelHpXPtt3va0', 'Content-Type': 'application/json'} 
 body=None 
 </msg>
<msg time="2026-03-04T20:21:43.949451" level="INFO">GET Response : url=https://painamnaewebapp-production.up.railway.app/api/reviews/me 
 status=200, reason=OK 
 headers={'Connection': 'keep-alive', 'Content-Length': '86', 'Access-Control-Allow-Credentials': 'true', 'Content-Security-Policy': "default-src 'self';base-uri 'self';font-src 'self' https: data:;form-action 'self';frame-ancestors 'self';img-src 'self' data:;object-src 'none';script-src 'self';script-src-attr 'none';style-src 'self' https: 'unsafe-inline';upgrade-insecure-requests", 'Content-Type': 'application/json; charset=utf-8', 'Cross-Origin-Opener-Policy': 'same-origin', 'Cross-Origin-Resource-Policy': 'same-origin', 'Etag': 'W/"56-zXitF75nHcjEDL/YadMZ53AvpiI"', 'Origin-Agent-Cluster': '?1', 'Referrer-Policy': 'no-referrer', 'Server': 'railway-edge', 'Strict-Transport-Security': 'max-age=15552000; includeSubDomains', 'X-Content-Type-Options': 'nosniff', 'X-Dns-Prefetch-Control': 'off', 'X-Download-Options': 'noopen', 'X-Frame-Options': 'SAMEORIGIN', 'X-Permitted-Cross-Domain-Policies': 'none', 'X-Railway-Edge': 'railway/asia-southeast1-eqsg3a', 'X-Railway-Request-Id': '7JVmt9XySb6LZVeD-8Y8hA', 'X-Xss-Protection': '0', 'Accept-Ranges': 'bytes', 'Via': '1.1 varnish, 1.1 varnish', 'Date': 'Wed, 04 Mar 2026 13:21:43 GMT', 'X-Cache': 'MISS, MISS', 'X-Cache-Hits': '0, 0', 'X-Timer': 'S1772630503.423890,VS0,VE403', 'Vary': 'Origin', 'X-Railway-CDN-Edge': 'fastly/cache-bkk2310027-BKK'} 
 body={"success":true,"data":[],"pagination":{"page":1,"limit":20,"total":0,"totalPages":0}} 
 </msg>
<msg time="2026-03-04T20:21:43.949559" level="INFO">${myr} = &lt;Response [200]&gt;</msg>
<var>${myr}</var>
<arg>api</arg>
<arg>/reviews/me</arg>
<arg>headers=${headers}</arg>
<arg>expected_status=any</arg>
<doc>Sends a GET request on a previously created HTTP Session.</doc>
<status status="PASS" start="2026-03-04T20:21:43.534306" elapsed="0.415274"/>
</kw>
<kw name="Run Keyword If" owner="BuiltIn">
<arg>'${myr.status_code}' == '${STATUS_OK}' and len(${myr.json()['data']}) &gt; 0</arg>
<arg>Set Suite Variable</arg>
<arg>${EXISTING_REVIEW_ID}</arg>
<arg>${myr.json()['data'][0]['id']}</arg>
<doc>Runs the given keyword with the given arguments, if ``condition`` is true.</doc>
<status status="PASS" start="2026-03-04T20:21:43.949728" elapsed="0.000925"/>
</kw>
<kw name="Run Keyword If" owner="BuiltIn">
<arg>'${myr.status_code}' == '${STATUS_OK}' and len(${myr.json()['data']}) &gt; 0</arg>
<arg>Set Suite Variable</arg>
<arg>${TARGET_REVIEW_ID}</arg>
<arg>${myr.json()['data'][0]['id']}</arg>
<doc>Runs the given keyword with the given arguments, if ``condition`` is true.</doc>
<status status="PASS" start="2026-03-04T20:21:43.950740" elapsed="0.000740"/>
</kw>
<kw name="Login And Get Token" owner="common">
<kw name="Create API Session" owner="common">
<kw name="Create Session" owner="RequestsLibrary">
<msg time="2026-03-04T20:21:43.952131" level="INFO">Creating Session using : alias=api, url=https://painamnaewebapp-production.up.railway.app/api, headers={},                     cookies={}, auth=None, timeout=None, proxies=None, verify=False,                     debug=0 </msg>
<arg>api</arg>
<arg>${BASE_URL}</arg>
<arg>verify=${verify_ssl}</arg>
<arg>disable_warnings=${True}</arg>
<doc>Create Session: create a HTTP session to a server</doc>
<status status="PASS" start="2026-03-04T20:21:43.951956" elapsed="0.000299"/>
</kw>
<doc>Create a session for API requests</doc>
<status status="PASS" start="2026-03-04T20:21:43.951827" elapsed="0.000473"/>
</kw>
<kw name="Create Dictionary" owner="BuiltIn">
<msg time="2026-03-04T20:21:43.952639" level="INFO">${body} = {'email': 'admin@csgroup41.cpkku.com', 'password': '123123aq'}</msg>
<var>${body}</var>
<arg>email=${email}</arg>
<arg>password=${password}</arg>
<doc>Creates and returns a dictionary based on the given ``items``.</doc>
<status status="PASS" start="2026-03-04T20:21:43.952364" elapsed="0.000293"/>
</kw>
<kw name="POST On Session" owner="RequestsLibrary">
<msg time="2026-03-04T20:21:44.888777" level="INFO">POST Request : url=https://painamnaewebapp-production.up.railway.app/api/auth/login 
 path_url=/api/auth/login 
 headers={'User-Agent': 'python-requests/2.32.5', 'Accept-Encoding': 'gzip, deflate, zstd', 'Accept': '*/*', 'Connection': 'keep-alive', 'Content-Length': '62', 'Content-Type': 'application/json'} 
 body=b'{"email": "admin@csgroup41.cpkku.com", "password": "123123aq"}' 
 </msg>
<msg time="2026-03-04T20:21:44.888888" level="INFO">POST Response : url=https://painamnaewebapp-production.up.railway.app/api/auth/login 
 status=200, reason=OK 
 headers={'Connection': 'keep-alive', 'Content-Length': '662', 'Access-Control-Allow-Credentials': 'true', 'Content-Security-Policy': "default-src 'self';base-uri 'self';font-src 'self' https: data:;form-action 'self';frame-ancestors 'self';img-src 'self' data:;object-src 'none';script-src 'self';script-src-attr 'none';style-src 'self' https: 'unsafe-inline';upgrade-insecure-requests", 'Content-Type': 'application/json; charset=utf-8', 'Cross-Origin-Opener-Policy': 'same-origin', 'Cross-Origin-Resource-Policy': 'same-origin', 'Etag': 'W/"296-UnSglXHligiGdK2rgiOF6l1V5wc"', 'Origin-Agent-Cluster': '?1', 'Referrer-Policy': 'no-referrer', 'Server': 'railway-edge', 'Strict-Transport-Security': 'max-age=15552000; includeSubDomains', 'X-Content-Type-Options': 'nosniff', 'X-Dns-Prefetch-Control': 'off', 'X-Download-Options': 'noopen', 'X-Frame-Options': 'SAMEORIGIN', 'X-Permitted-Cross-Domain-Policies': 'none', 'X-Railway-Edge': 'railway/asia-southeast1-eqsg3a', 'X-Railway-Request-Id': 'CMwwt7bXSdmpqMGs0ubPiw', 'X-Xss-Protection': '0', 'Accept-Ranges': 'bytes', 'Via': '1.1 varnish, 1.1 varnish', 'Date': 'Wed, 04 Mar 2026 13:21:44 GMT', 'X-Cache': 'MISS, MISS', 'X-Cache-Hits': '0, 0', 'X-Timer': 'S1772630504.298484,VS0,VE469', 'Vary': 'Origin', 'X-Railway-CDN-Edge': 'fastly/cache-bkk2310024-BKK'} 
 body={"success":true,"message":"Login successful","data":{"token":"eyJhbGciOiJIUzI1NiIsInR5cCI6IkpXVCJ9.eyJzdWIiOiJjbWxyMmVjNXowMDAwOWYyM2xqcThkdGY2Iiwicm9sZSI6IkFETUlOIiwiaWF0IjoxNzcyNjMwNTA0LCJleHAiOjE3NzI2MzQxMDR9.zx9rnsUZxO6I79NSg3F1kthed5-ZoXFHgGOI9RS2zvM","user":{"id":"cmlr2ec5z00009f23ljq8dtf6","firstName":"System","lastName":"Administrator","profilePicture":"https://res.cloudinary.com/dm6jyl42g/image/upload/v1771411587/painamnae/profiles/d2fhk2rlnlzbkhjfrzrq.webp","role":"ADMIN","passengerSuspendedUntil":null,"driverSuspendedUntil":null,"averageRating":0,"reviewCount":0,"status":"ACTIVE","deletedAt":null,"scheduledDeleteAt":null,"deleteReason":null}}} 
 </msg>
<msg time="2026-03-04T20:21:44.889048" level="INFO">${response} = &lt;Response [200]&gt;</msg>
<var>${response}</var>
<arg>api</arg>
<arg>/auth/login</arg>
<arg>json=${body}</arg>
<doc>Sends a POST request on a previously created HTTP Session.</doc>
<status status="PASS" start="2026-03-04T20:21:43.952725" elapsed="0.936349"/>
</kw>
<kw name="Should Be Equal As Strings" owner="BuiltIn">
<msg time="2026-03-04T20:21:44.889948" level="INFO">Argument types are:
&lt;class 'int'&gt;
&lt;class 'str'&gt;</msg>
<arg>${response.status_code}</arg>
<arg>${STATUS_OK}</arg>
<doc>Fails if objects are unequal after converting them to strings.</doc>
<status status="PASS" start="2026-03-04T20:21:44.889230" elapsed="0.000767"/>
</kw>
<kw name="Set Variable" owner="BuiltIn">
<msg time="2026-03-04T20:21:44.890503" level="INFO">${token} = eyJhbGciOiJIUzI1NiIsInR5cCI6IkpXVCJ9.eyJzdWIiOiJjbWxyMmVjNXowMDAwOWYyM2xqcThkdGY2Iiwicm9sZSI6IkFETUlOIiwiaWF0IjoxNzcyNjMwNTA0LCJleHAiOjE3NzI2MzQxMDR9.zx9rnsUZxO6I79NSg3F1kthed5-ZoXFHgGOI9RS2zvM</msg>
<var>${token}</var>
<arg>${response.json()['data']['token']}</arg>
<doc>Returns the given values which can then be assigned to a variables.</doc>
<status status="PASS" start="2026-03-04T20:21:44.890068" elapsed="0.000454"/>
</kw>
<return>
<value>${token}</value>
<status status="PASS" start="2026-03-04T20:21:44.890560" elapsed="0.000030"/>
</return>
<msg time="2026-03-04T20:21:44.890679" level="INFO">${admin_token} = eyJhbGciOiJIUzI1NiIsInR5cCI6IkpXVCJ9.eyJzdWIiOiJjbWxyMmVjNXowMDAwOWYyM2xqcThkdGY2Iiwicm9sZSI6IkFETUlOIiwiaWF0IjoxNzcyNjMwNTA0LCJleHAiOjE3NzI2MzQxMDR9.zx9rnsUZxO6I79NSg3F1kthed5-ZoXFHgGOI9RS2zvM</msg>
<var>${admin_token}</var>
<arg>${ADMIN_EMAIL}</arg>
<arg>${ADMIN_PASSWORD}</arg>
<doc>Login and return the auth token</doc>
<status status="PASS" start="2026-03-04T20:21:43.951630" elapsed="0.939065"/>
</kw>
<kw name="Create Authorized Header" owner="common">
<kw name="Create Dictionary" owner="BuiltIn">
<msg time="2026-03-04T20:21:44.891212" level="INFO">${headers} = {'Authorization': 'Bearer eyJhbGciOiJIUzI1NiIsInR5cCI6IkpXVCJ9.eyJzdWIiOiJjbWxyMmVjNXowMDAwOWYyM2xqcThkdGY2Iiwicm9sZSI6IkFETUlOIiwiaWF0IjoxNzcyNjMwNTA0LCJleHAiOjE3NzI2MzQxMDR9.zx9rnsUZxO6I79NSg3F1kthe...</msg>
<var>${headers}</var>
<arg>Authorization=Bearer ${token}</arg>
<arg>Content-Type=application/json</arg>
<doc>Creates and returns a dictionary based on the given ``items``.</doc>
<status status="PASS" start="2026-03-04T20:21:44.890972" elapsed="0.000259"/>
</kw>
<return>
<value>${headers}</value>
<status status="PASS" start="2026-03-04T20:21:44.891263" elapsed="0.000016"/>
</return>
<msg time="2026-03-04T20:21:44.891355" level="INFO">${admin_headers} = {'Authorization': 'Bearer eyJhbGciOiJIUzI1NiIsInR5cCI6IkpXVCJ9.eyJzdWIiOiJjbWxyMmVjNXowMDAwOWYyM2xqcThkdGY2Iiwicm9sZSI6IkFETUlOIiwiaWF0IjoxNzcyNjMwNTA0LCJleHAiOjE3NzI2MzQxMDR9.zx9rnsUZxO6I79NSg3F1kthe...</msg>
<var>${admin_headers}</var>
<arg>${admin_token}</arg>
<doc>Create header with Bearer token</doc>
<status status="PASS" start="2026-03-04T20:21:44.890814" elapsed="0.000558"/>
</kw>
<kw name="GET On Session" owner="RequestsLibrary">
<msg time="2026-03-04T20:21:45.313330" level="INFO">GET Request : url=https://painamnaewebapp-production.up.railway.app/api/reviews/me 
 path_url=/api/reviews/me 
 headers={'User-Agent': 'python-requests/2.32.5', 'Accept-Encoding': 'gzip, deflate, zstd', 'Accept': '*/*', 'Connection': 'keep-alive', 'Authorization': 'Bearer eyJhbGciOiJIUzI1NiIsInR5cCI6IkpXVCJ9.eyJzdWIiOiJjbWxyMmVjNXowMDAwOWYyM2xqcThkdGY2Iiwicm9sZSI6IkFETUlOIiwiaWF0IjoxNzcyNjMwNTA0LCJleHAiOjE3NzI2MzQxMDR9.zx9rnsUZxO6I79NSg3F1kthed5-ZoXFHgGOI9RS2zvM', 'Content-Type': 'application/json'} 
 body=None 
 </msg>
<msg time="2026-03-04T20:21:45.313433" level="INFO">GET Response : url=https://painamnaewebapp-production.up.railway.app/api/reviews/me 
 status=200, reason=OK 
 headers={'Connection': 'keep-alive', 'Content-Length': '86', 'Access-Control-Allow-Credentials': 'true', 'Content-Security-Policy': "default-src 'self';base-uri 'self';font-src 'self' https: data:;form-action 'self';frame-ancestors 'self';img-src 'self' data:;object-src 'none';script-src 'self';script-src-attr 'none';style-src 'self' https: 'unsafe-inline';upgrade-insecure-requests", 'Content-Type': 'application/json; charset=utf-8', 'Cross-Origin-Opener-Policy': 'same-origin', 'Cross-Origin-Resource-Policy': 'same-origin', 'Etag': 'W/"56-zXitF75nHcjEDL/YadMZ53AvpiI"', 'Origin-Agent-Cluster': '?1', 'Referrer-Policy': 'no-referrer', 'Server': 'railway-edge', 'Strict-Transport-Security': 'max-age=15552000; includeSubDomains', 'X-Content-Type-Options': 'nosniff', 'X-Dns-Prefetch-Control': 'off', 'X-Download-Options': 'noopen', 'X-Frame-Options': 'SAMEORIGIN', 'X-Permitted-Cross-Domain-Policies': 'none', 'X-Railway-Edge': 'railway/asia-southeast1-eqsg3a', 'X-Railway-Request-Id': 'SjDg1QUQTTKQWYRVAXC71g', 'X-Xss-Protection': '0', 'Accept-Ranges': 'bytes', 'Via': '1.1 varnish, 1.1 varnish', 'Date': 'Wed, 04 Mar 2026 13:21:45 GMT', 'X-Cache': 'MISS, MISS', 'X-Cache-Hits': '0, 0', 'X-Timer': 'S1772630505.781447,VS0,VE410', 'Vary': 'Origin', 'X-Railway-CDN-Edge': 'fastly/cache-bkk2310024-BKK'} 
 body={"success":true,"data":[],"pagination":{"page":1,"limit":20,"total":0,"totalPages":0}} 
 </msg>
<msg time="2026-03-04T20:21:45.313548" level="INFO">${all_reviews} = &lt;Response [200]&gt;</msg>
<var>${all_reviews}</var>
<arg>api</arg>
<arg>/reviews/me</arg>
<arg>headers=${admin_headers}</arg>
<arg>expected_status=any</arg>
<doc>Sends a GET request on a previously created HTTP Session.</doc>
<status status="PASS" start="2026-03-04T20:21:44.891434" elapsed="0.422133"/>
</kw>
<kw name="Run Keyword If" owner="BuiltIn">
<arg>'${all_reviews.status_code}' == '${STATUS_OK}' and len(${all_reviews.json()['data']}) &gt; 0</arg>
<arg>Set Suite Variable</arg>
<arg>${TARGET_REVIEW_ID}</arg>
<arg>${all_reviews.json()['data'][0]['id']}</arg>
<doc>Runs the given keyword with the given arguments, if ``condition`` is true.</doc>
<status status="PASS" start="2026-03-04T20:21:45.313710" elapsed="0.000921"/>
</kw>
<kw name="Log" owner="BuiltIn">
<msg time="2026-03-04T20:21:45.314901" level="INFO">Prepare Test Environment completed - test data discovery finished</msg>
<arg>Prepare Test Environment completed - test data discovery finished</arg>
<doc>Logs the given message with the given level.</doc>
<status status="PASS" start="2026-03-04T20:21:45.314724" elapsed="0.000210"/>
</kw>
<doc>Create API session and discover test trip IDs for review tests</doc>
<status status="PASS" start="2026-03-04T20:21:42.507602" elapsed="2.807390"/>
</kw>
<test id="s1-t1" name="TC-REV-001: ในฐานะผู้โดยสาร สามารถกดดูรีวิวที่ฉันเคยเขียนได้" line="33">
<kw name="Login And Get Token" owner="common">
<kw name="Create API Session" owner="common">
<kw name="Create Session" owner="RequestsLibrary">
<msg time="2026-03-04T20:21:45.317181" level="INFO">Creating Session using : alias=api, url=https://painamnaewebapp-production.up.railway.app/api, headers={},                     cookies={}, auth=None, timeout=None, proxies=None, verify=False,                     debug=0 </msg>
<arg>api</arg>
<arg>${BASE_URL}</arg>
<arg>verify=${verify_ssl}</arg>
<arg>disable_warnings=${True}</arg>
<doc>Create Session: create a HTTP session to a server</doc>
<status status="PASS" start="2026-03-04T20:21:45.316966" elapsed="0.000384"/>
</kw>
<doc>Create a session for API requests</doc>
<status status="PASS" start="2026-03-04T20:21:45.316772" elapsed="0.000631"/>
</kw>
<kw name="Create Dictionary" owner="BuiltIn">
<msg time="2026-03-04T20:21:45.317787" level="INFO">${body} = {'email': 'testuser@example.com', 'password': '123123aq'}</msg>
<var>${body}</var>
<arg>email=${email}</arg>
<arg>password=${password}</arg>
<doc>Creates and returns a dictionary based on the given ``items``.</doc>
<status status="PASS" start="2026-03-04T20:21:45.317478" elapsed="0.000329"/>
</kw>
<kw name="POST On Session" owner="RequestsLibrary">
<msg time="2026-03-04T20:21:45.840515" level="INFO">POST Request : url=https://painamnaewebapp-production.up.railway.app/api/auth/login 
 path_url=/api/auth/login 
 headers={'User-Agent': 'python-requests/2.32.5', 'Accept-Encoding': 'gzip, deflate, zstd', 'Accept': '*/*', 'Connection': 'keep-alive', 'Content-Length': '57', 'Content-Type': 'application/json'} 
 body=b'{"email": "testuser@example.com", "password": "123123aq"}' 
 </msg>
<msg time="2026-03-04T20:21:45.840619" level="INFO">POST Response : url=https://painamnaewebapp-production.up.railway.app/api/auth/login 
 status=200, reason=OK 
 headers={'Connection': 'keep-alive', 'Content-Length': '567', 'Access-Control-Allow-Credentials': 'true', 'Content-Security-Policy': "default-src 'self';base-uri 'self';font-src 'self' https: data:;form-action 'self';frame-ancestors 'self';img-src 'self' data:;object-src 'none';script-src 'self';script-src-attr 'none';style-src 'self' https: 'unsafe-inline';upgrade-insecure-requests", 'Content-Type': 'application/json; charset=utf-8', 'Cross-Origin-Opener-Policy': 'same-origin', 'Cross-Origin-Resource-Policy': 'same-origin', 'Etag': 'W/"237-UAeiEhLaY4u12AUR/KXLZF4m9fY"', 'Origin-Agent-Cluster': '?1', 'Referrer-Policy': 'no-referrer', 'Server': 'railway-edge', 'Strict-Transport-Security': 'max-age=15552000; includeSubDomains', 'X-Content-Type-Options': 'nosniff', 'X-Dns-Prefetch-Control': 'off', 'X-Download-Options': 'noopen', 'X-Frame-Options': 'SAMEORIGIN', 'X-Permitted-Cross-Domain-Policies': 'none', 'X-Railway-Edge': 'railway/asia-southeast1-eqsg3a', 'X-Railway-Request-Id': 'JbXDrPFzTAu-rp3cJH0Vcg', 'X-Xss-Protection': '0', 'Accept-Ranges': 'bytes', 'Via': '1.1 varnish, 1.1 varnish', 'Date': 'Wed, 04 Mar 2026 13:21:45 GMT', 'X-Cache': 'MISS, MISS', 'X-Cache-Hits': '0, 0', 'X-Timer': 'S1772630505.260203,VS0,VE460', 'Vary': 'Origin', 'X-Railway-CDN-Edge': 'fastly/cache-bkk2310023-BKK'} 
 body={"success":true,"message":"Login successful","data":{"token":"eyJhbGciOiJIUzI1NiIsInR5cCI6IkpXVCJ9.eyJzdWIiOiJjbWxzNzB4amkwMDBmMTAzbzVzemtwbmRmIiwicm9sZSI6IlBBU1NFTkdFUiIsImlhdCI6MTc3MjYzMDUwNSwiZXhwIjoxNzcyNjM0MTA1fQ.iTe2JxjCeBlbCvud4pTA4UVRYJgUtrYodfIXFd6hLXI","user":{"id":"cmls70xji000f103o5szkpndf","firstName":"TestUser1","lastName":"UserTest1","profilePicture":null,"role":"PASSENGER","passengerSuspendedUntil":null,"driverSuspendedUntil":null,"averageRating":0,"reviewCount":0,"status":"ACTIVE","deletedAt":null,"scheduledDeleteAt":null,"deleteReason":null}}} 
 </msg>
<msg time="2026-03-04T20:21:45.840755" level="INFO">${response} = &lt;Response [200]&gt;</msg>
<var>${response}</var>
<arg>api</arg>
<arg>/auth/login</arg>
<arg>json=${body}</arg>
<doc>Sends a POST request on a previously created HTTP Session.</doc>
<status status="PASS" start="2026-03-04T20:21:45.317875" elapsed="0.522905"/>
</kw>
<kw name="Should Be Equal As Strings" owner="BuiltIn">
<msg time="2026-03-04T20:21:45.841613" level="INFO">Argument types are:
&lt;class 'int'&gt;
&lt;class 'str'&gt;</msg>
<arg>${response.status_code}</arg>
<arg>${STATUS_OK}</arg>
<doc>Fails if objects are unequal after converting them to strings.</doc>
<status status="PASS" start="2026-03-04T20:21:45.840934" elapsed="0.000719"/>
</kw>
<kw name="Set Variable" owner="BuiltIn">
<msg time="2026-03-04T20:21:45.842159" level="INFO">${token} = eyJhbGciOiJIUzI1NiIsInR5cCI6IkpXVCJ9.eyJzdWIiOiJjbWxzNzB4amkwMDBmMTAzbzVzemtwbmRmIiwicm9sZSI6IlBBU1NFTkdFUiIsImlhdCI6MTc3MjYzMDUwNSwiZXhwIjoxNzcyNjM0MTA1fQ.iTe2JxjCeBlbCvud4pTA4UVRYJgUtrYodfIXFd6hLXI</msg>
<var>${token}</var>
<arg>${response.json()['data']['token']}</arg>
<doc>Returns the given values which can then be assigned to a variables.</doc>
<status status="PASS" start="2026-03-04T20:21:45.841723" elapsed="0.000456"/>
</kw>
<return>
<value>${token}</value>
<status status="PASS" start="2026-03-04T20:21:45.842216" elapsed="0.000030"/>
</return>
<msg time="2026-03-04T20:21:45.842331" level="INFO">${token} = eyJhbGciOiJIUzI1NiIsInR5cCI6IkpXVCJ9.eyJzdWIiOiJjbWxzNzB4amkwMDBmMTAzbzVzemtwbmRmIiwicm9sZSI6IlBBU1NFTkdFUiIsImlhdCI6MTc3MjYzMDUwNSwiZXhwIjoxNzcyNjM0MTA1fQ.iTe2JxjCeBlbCvud4pTA4UVRYJgUtrYodfIXFd6hLXI</msg>
<var>${token}</var>
<arg>${TEST_EMAIL}</arg>
<arg>${TEST_PASSWORD}</arg>
<doc>Login and return the auth token</doc>
<status status="PASS" start="2026-03-04T20:21:45.316487" elapsed="0.525867"/>
</kw>
<kw name="Create Authorized Header" owner="common">
<kw name="Create Dictionary" owner="BuiltIn">
<msg time="2026-03-04T20:21:45.843041" level="INFO">${headers} = {'Authorization': 'Bearer eyJhbGciOiJIUzI1NiIsInR5cCI6IkpXVCJ9.eyJzdWIiOiJjbWxzNzB4amkwMDBmMTAzbzVzemtwbmRmIiwicm9sZSI6IlBBU1NFTkdFUiIsImlhdCI6MTc3MjYzMDUwNSwiZXhwIjoxNzcyNjM0MTA1fQ.iTe2JxjCeBlbCvud4p...</msg>
<var>${headers}</var>
<arg>Authorization=Bearer ${token}</arg>
<arg>Content-Type=application/json</arg>
<doc>Creates and returns a dictionary based on the given ``items``.</doc>
<status status="PASS" start="2026-03-04T20:21:45.842800" elapsed="0.000259"/>
</kw>
<return>
<value>${headers}</value>
<status status="PASS" start="2026-03-04T20:21:45.843091" elapsed="0.000020"/>
</return>
<msg time="2026-03-04T20:21:45.843187" level="INFO">${headers} = {'Authorization': 'Bearer eyJhbGciOiJIUzI1NiIsInR5cCI6IkpXVCJ9.eyJzdWIiOiJjbWxzNzB4amkwMDBmMTAzbzVzemtwbmRmIiwicm9sZSI6IlBBU1NFTkdFUiIsImlhdCI6MTc3MjYzMDUwNSwiZXhwIjoxNzcyNjM0MTA1fQ.iTe2JxjCeBlbCvud4p...</msg>
<var>${headers}</var>
<arg>${token}</arg>
<doc>Create header with Bearer token</doc>
<status status="PASS" start="2026-03-04T20:21:45.842607" elapsed="0.000596"/>
</kw>
<kw name="GET On Session" owner="RequestsLibrary">
<msg time="2026-03-04T20:21:46.243833" level="INFO">GET Request : url=https://painamnaewebapp-production.up.railway.app/api/reviews/me 
 path_url=/api/reviews/me 
 headers={'User-Agent': 'python-requests/2.32.5', 'Accept-Encoding': 'gzip, deflate, zstd', 'Accept': '*/*', 'Connection': 'keep-alive', 'Authorization': 'Bearer eyJhbGciOiJIUzI1NiIsInR5cCI6IkpXVCJ9.eyJzdWIiOiJjbWxzNzB4amkwMDBmMTAzbzVzemtwbmRmIiwicm9sZSI6IlBBU1NFTkdFUiIsImlhdCI6MTc3MjYzMDUwNSwiZXhwIjoxNzcyNjM0MTA1fQ.iTe2JxjCeBlbCvud4pTA4UVRYJgUtrYodfIXFd6hLXI', 'Content-Type': 'application/json'} 
 body=None 
 </msg>
<msg time="2026-03-04T20:21:46.243932" level="INFO">GET Response : url=https://painamnaewebapp-production.up.railway.app/api/reviews/me 
 status=200, reason=OK 
 headers={'Connection': 'keep-alive', 'Content-Length': '86', 'Access-Control-Allow-Credentials': 'true', 'Content-Security-Policy': "default-src 'self';base-uri 'self';font-src 'self' https: data:;form-action 'self';frame-ancestors 'self';img-src 'self' data:;object-src 'none';script-src 'self';script-src-attr 'none';style-src 'self' https: 'unsafe-inline';upgrade-insecure-requests", 'Content-Type': 'application/json; charset=utf-8', 'Cross-Origin-Opener-Policy': 'same-origin', 'Cross-Origin-Resource-Policy': 'same-origin', 'Etag': 'W/"56-zXitF75nHcjEDL/YadMZ53AvpiI"', 'Origin-Agent-Cluster': '?1', 'Referrer-Policy': 'no-referrer', 'Server': 'railway-edge', 'Strict-Transport-Security': 'max-age=15552000; includeSubDomains', 'X-Content-Type-Options': 'nosniff', 'X-Dns-Prefetch-Control': 'off', 'X-Download-Options': 'noopen', 'X-Frame-Options': 'SAMEORIGIN', 'X-Permitted-Cross-Domain-Policies': 'none', 'X-Railway-Edge': 'railway/asia-southeast1-eqsg3a', 'X-Railway-Request-Id': '8gpXZIO0TS268nuCAQeqjw', 'X-Xss-Protection': '0', 'Accept-Ranges': 'bytes', 'Via': '1.1 varnish, 1.1 varnish', 'Date': 'Wed, 04 Mar 2026 13:21:46 GMT', 'X-Cache': 'MISS, MISS', 'X-Cache-Hits': '0, 0', 'X-Timer': 'S1772630506.733980,VS0,VE389', 'Vary': 'Origin', 'X-Railway-CDN-Edge': 'fastly/cache-bkk2310023-BKK'} 
 body={"success":true,"data":[],"pagination":{"page":1,"limit":20,"total":0,"totalPages":0}} 
 </msg>
<msg time="2026-03-04T20:21:46.244042" level="INFO">${resp} = &lt;Response [200]&gt;</msg>
<var>${resp}</var>
<arg>api</arg>
<arg>/reviews/me</arg>
<arg>headers=${headers}</arg>
<doc>Sends a GET request on a previously created HTTP Session.</doc>
<status status="PASS" start="2026-03-04T20:21:45.843332" elapsed="0.400728"/>
</kw>
<kw name="Should Be Equal As Strings" owner="BuiltIn">
<msg time="2026-03-04T20:21:46.245113" level="INFO">Argument types are:
&lt;class 'int'&gt;
&lt;class 'str'&gt;</msg>
<arg>${resp.status_code}</arg>
<arg>${STATUS_OK}</arg>
<doc>Fails if objects are unequal after converting them to strings.</doc>
<status status="PASS" start="2026-03-04T20:21:46.244290" elapsed="0.000870"/>
</kw>
<kw name="Validate Response Success" owner="common">
<kw name="Set Variable" owner="BuiltIn">
<msg time="2026-03-04T20:21:46.246083" level="INFO">${json} = {'success': True, 'data': [], 'pagination': {'page': 1, 'limit': 20, 'total': 0, 'totalPages': 0}}</msg>
<var>${json}</var>
<arg>${response.json()}</arg>
<doc>Returns the given values which can then be assigned to a variables.</doc>
<status status="PASS" start="2026-03-04T20:21:46.245562" elapsed="0.000541"/>
</kw>
<kw name="Should Be True" owner="BuiltIn">
<arg>${json['success']}</arg>
<doc>Fails if the given condition is not true.</doc>
<status status="PASS" start="2026-03-04T20:21:46.246176" elapsed="0.000458"/>
</kw>
<arg>${resp}</arg>
<doc>Validate that response has success: true</doc>
<status status="PASS" start="2026-03-04T20:21:46.245352" elapsed="0.001335"/>
</kw>
<tag>sprint2</tag>
<tag>view</tag>
<status status="PASS" start="2026-03-04T20:21:45.315076" elapsed="0.931785"/>
</test>
<test id="s1-t2" name="TC-REV-002: หากยังไม่เคยรีวิว ระบบต้องไม่แสดงข้อมูลรีวิว" line="41">
<kw name="Login And Get Token" owner="common">
<kw name="Create API Session" owner="common">
<kw name="Create Session" owner="RequestsLibrary">
<msg time="2026-03-04T20:21:46.249597" level="INFO">Creating Session using : alias=api, url=https://painamnaewebapp-production.up.railway.app/api, headers={},                     cookies={}, auth=None, timeout=None, proxies=None, verify=False,                     debug=0 </msg>
<arg>api</arg>
<arg>${BASE_URL}</arg>
<arg>verify=${verify_ssl}</arg>
<arg>disable_warnings=${True}</arg>
<doc>Create Session: create a HTTP session to a server</doc>
<status status="PASS" start="2026-03-04T20:21:46.249409" elapsed="0.000374"/>
</kw>
<doc>Create a session for API requests</doc>
<status status="PASS" start="2026-03-04T20:21:46.249225" elapsed="0.000609"/>
</kw>
<kw name="Create Dictionary" owner="BuiltIn">
<msg time="2026-03-04T20:21:46.250202" level="INFO">${body} = {'email': 'testuser@example.com', 'password': '123123aq'}</msg>
<var>${body}</var>
<arg>email=${email}</arg>
<arg>password=${password}</arg>
<doc>Creates and returns a dictionary based on the given ``items``.</doc>
<status status="PASS" start="2026-03-04T20:21:46.249909" elapsed="0.000311"/>
</kw>
<kw name="POST On Session" owner="RequestsLibrary">
<msg time="2026-03-04T20:21:46.766182" level="INFO">POST Request : url=https://painamnaewebapp-production.up.railway.app/api/auth/login 
 path_url=/api/auth/login 
 headers={'User-Agent': 'python-requests/2.32.5', 'Accept-Encoding': 'gzip, deflate, zstd', 'Accept': '*/*', 'Connection': 'keep-alive', 'Content-Length': '57', 'Content-Type': 'application/json'} 
 body=b'{"email": "testuser@example.com", "password": "123123aq"}' 
 </msg>
<msg time="2026-03-04T20:21:46.766297" level="INFO">POST Response : url=https://painamnaewebapp-production.up.railway.app/api/auth/login 
 status=200, reason=OK 
 headers={'Connection': 'keep-alive', 'Content-Length': '567', 'Access-Control-Allow-Credentials': 'true', 'Content-Security-Policy': "default-src 'self';base-uri 'self';font-src 'self' https: data:;form-action 'self';frame-ancestors 'self';img-src 'self' data:;object-src 'none';script-src 'self';script-src-attr 'none';style-src 'self' https: 'unsafe-inline';upgrade-insecure-requests", 'Content-Type': 'application/json; charset=utf-8', 'Cross-Origin-Opener-Policy': 'same-origin', 'Cross-Origin-Resource-Policy': 'same-origin', 'Etag': 'W/"237-7AVA8mzR38/purB7SnQAB7NHLtM"', 'Origin-Agent-Cluster': '?1', 'Referrer-Policy': 'no-referrer', 'Server': 'railway-edge', 'Strict-Transport-Security': 'max-age=15552000; includeSubDomains', 'X-Content-Type-Options': 'nosniff', 'X-Dns-Prefetch-Control': 'off', 'X-Download-Options': 'noopen', 'X-Frame-Options': 'SAMEORIGIN', 'X-Permitted-Cross-Domain-Policies': 'none', 'X-Railway-Edge': 'railway/asia-southeast1-eqsg3a', 'X-Railway-Request-Id': 'reLSpVDdT-CA0VMSoB_USg', 'X-Xss-Protection': '0', 'Accept-Ranges': 'bytes', 'Via': '1.1 varnish, 1.1 varnish', 'Date': 'Wed, 04 Mar 2026 13:21:46 GMT', 'X-Cache': 'MISS, MISS', 'X-Cache-Hits': '0, 0', 'X-Timer': 'S1772630506.191063,VS0,VE454', 'Vary': 'Origin', 'X-Railway-CDN-Edge': 'fastly/cache-bkk2310034-BKK'} 
 body={"success":true,"message":"Login successful","data":{"token":"eyJhbGciOiJIUzI1NiIsInR5cCI6IkpXVCJ9.eyJzdWIiOiJjbWxzNzB4amkwMDBmMTAzbzVzemtwbmRmIiwicm9sZSI6IlBBU1NFTkdFUiIsImlhdCI6MTc3MjYzMDUwNiwiZXhwIjoxNzcyNjM0MTA2fQ.6e5FVHyJCSNRwVe_dYWx4_hNRExiz3zZGFB2cZgiELM","user":{"id":"cmls70xji000f103o5szkpndf","firstName":"TestUser1","lastName":"UserTest1","profilePicture":null,"role":"PASSENGER","passengerSuspendedUntil":null,"driverSuspendedUntil":null,"averageRating":0,"reviewCount":0,"status":"ACTIVE","deletedAt":null,"scheduledDeleteAt":null,"deleteReason":null}}} 
 </msg>
<msg time="2026-03-04T20:21:46.766434" level="INFO">${response} = &lt;Response [200]&gt;</msg>
<var>${response}</var>
<arg>api</arg>
<arg>/auth/login</arg>
<arg>json=${body}</arg>
<doc>Sends a POST request on a previously created HTTP Session.</doc>
<status status="PASS" start="2026-03-04T20:21:46.250289" elapsed="0.516163"/>
</kw>
<kw name="Should Be Equal As Strings" owner="BuiltIn">
<msg time="2026-03-04T20:21:46.767143" level="INFO">Argument types are:
&lt;class 'int'&gt;
&lt;class 'str'&gt;</msg>
<arg>${response.status_code}</arg>
<arg>${STATUS_OK}</arg>
<doc>Fails if objects are unequal after converting them to strings.</doc>
<status status="PASS" start="2026-03-04T20:21:46.766577" elapsed="0.000610"/>
</kw>
<kw name="Set Variable" owner="BuiltIn">
<msg time="2026-03-04T20:21:46.767792" level="INFO">${token} = eyJhbGciOiJIUzI1NiIsInR5cCI6IkpXVCJ9.eyJzdWIiOiJjbWxzNzB4amkwMDBmMTAzbzVzemtwbmRmIiwicm9sZSI6IlBBU1NFTkdFUiIsImlhdCI6MTc3MjYzMDUwNiwiZXhwIjoxNzcyNjM0MTA2fQ.6e5FVHyJCSNRwVe_dYWx4_hNRExiz3zZGFB2cZgiELM</msg>
<var>${token}</var>
<arg>${response.json()['data']['token']}</arg>
<doc>Returns the given values which can then be assigned to a variables.</doc>
<status status="PASS" start="2026-03-04T20:21:46.767308" elapsed="0.000504"/>
</kw>
<return>
<value>${token}</value>
<status status="PASS" start="2026-03-04T20:21:46.767850" elapsed="0.000028"/>
</return>
<msg time="2026-03-04T20:21:46.767965" level="INFO">${token} = eyJhbGciOiJIUzI1NiIsInR5cCI6IkpXVCJ9.eyJzdWIiOiJjbWxzNzB4amkwMDBmMTAzbzVzemtwbmRmIiwicm9sZSI6IlBBU1NFTkdFUiIsImlhdCI6MTc3MjYzMDUwNiwiZXhwIjoxNzcyNjM0MTA2fQ.6e5FVHyJCSNRwVe_dYWx4_hNRExiz3zZGFB2cZgiELM</msg>
<var>${token}</var>
<arg>${TEST_EMAIL}</arg>
<arg>${TEST_PASSWORD}</arg>
<doc>Login and return the auth token</doc>
<status status="PASS" start="2026-03-04T20:21:46.248988" elapsed="0.518994"/>
</kw>
<kw name="Create Authorized Header" owner="common">
<kw name="Create Dictionary" owner="BuiltIn">
<msg time="2026-03-04T20:21:46.768875" level="INFO">${headers} = {'Authorization': 'Bearer eyJhbGciOiJIUzI1NiIsInR5cCI6IkpXVCJ9.eyJzdWIiOiJjbWxzNzB4amkwMDBmMTAzbzVzemtwbmRmIiwicm9sZSI6IlBBU1NFTkdFUiIsImlhdCI6MTc3MjYzMDUwNiwiZXhwIjoxNzcyNjM0MTA2fQ.6e5FVHyJCSNRwVe_dY...</msg>
<var>${headers}</var>
<arg>Authorization=Bearer ${token}</arg>
<arg>Content-Type=application/json</arg>
<doc>Creates and returns a dictionary based on the given ``items``.</doc>
<status status="PASS" start="2026-03-04T20:21:46.768605" elapsed="0.000289"/>
</kw>
<return>
<value>${headers}</value>
<status status="PASS" start="2026-03-04T20:21:46.768927" elapsed="0.000019"/>
</return>
<msg time="2026-03-04T20:21:46.769021" level="INFO">${headers} = {'Authorization': 'Bearer eyJhbGciOiJIUzI1NiIsInR5cCI6IkpXVCJ9.eyJzdWIiOiJjbWxzNzB4amkwMDBmMTAzbzVzemtwbmRmIiwicm9sZSI6IlBBU1NFTkdFUiIsImlhdCI6MTc3MjYzMDUwNiwiZXhwIjoxNzcyNjM0MTA2fQ.6e5FVHyJCSNRwVe_dY...</msg>
<var>${headers}</var>
<arg>${token}</arg>
<doc>Create header with Bearer token</doc>
<status status="PASS" start="2026-03-04T20:21:46.768296" elapsed="0.000754"/>
</kw>
<kw name="GET On Session" owner="RequestsLibrary">
<msg time="2026-03-04T20:21:47.206780" level="INFO">GET Request : url=https://painamnaewebapp-production.up.railway.app/api/reviews/trip/TRIP_NO_REVIEW 
 path_url=/api/reviews/trip/TRIP_NO_REVIEW 
 headers={'User-Agent': 'python-requests/2.32.5', 'Accept-Encoding': 'gzip, deflate, zstd', 'Accept': '*/*', 'Connection': 'keep-alive', 'Authorization': 'Bearer eyJhbGciOiJIUzI1NiIsInR5cCI6IkpXVCJ9.eyJzdWIiOiJjbWxzNzB4amkwMDBmMTAzbzVzemtwbmRmIiwicm9sZSI6IlBBU1NFTkdFUiIsImlhdCI6MTc3MjYzMDUwNiwiZXhwIjoxNzcyNjM0MTA2fQ.6e5FVHyJCSNRwVe_dYWx4_hNRExiz3zZGFB2cZgiELM', 'Content-Type': 'application/json'} 
 body=None 
 </msg>
<msg time="2026-03-04T20:21:47.206892" level="INFO">GET Response : url=https://painamnaewebapp-production.up.railway.app/api/reviews/trip/TRIP_NO_REVIEW 
 status=404, reason=Not Found 
 headers={'Connection': 'keep-alive', 'Content-Length': '85', 'Access-Control-Allow-Credentials': 'true', 'Content-Security-Policy': "default-src 'self';base-uri 'self';font-src 'self' https: data:;form-action 'self';frame-ancestors 'self';img-src 'self' data:;object-src 'none';script-src 'self';script-src-attr 'none';style-src 'self' https: 'unsafe-inline';upgrade-insecure-requests", 'Content-Type': 'application/json; charset=utf-8', 'Cross-Origin-Opener-Policy': 'same-origin', 'Cross-Origin-Resource-Policy': 'same-origin', 'Etag': 'W/"55-spuLAdiiHRlezaIadbEvXjfsWD8"', 'Origin-Agent-Cluster': '?1', 'Referrer-Policy': 'no-referrer', 'Server': 'railway-edge', 'Strict-Transport-Security': 'max-age=15552000; includeSubDomains', 'X-Content-Type-Options': 'nosniff', 'X-Dns-Prefetch-Control': 'off', 'X-Download-Options': 'noopen', 'X-Frame-Options': 'SAMEORIGIN', 'X-Permitted-Cross-Domain-Policies': 'none', 'X-Railway-Edge': 'railway/asia-southeast1-eqsg3a', 'X-Railway-Request-Id': '0zjUOfR1S-KFetjKipRofQ', 'X-Xss-Protection': '0', 'Accept-Ranges': 'bytes', 'Via': '1.1 varnish, 1.1 varnish', 'Date': 'Wed, 04 Mar 2026 13:21:47 GMT', 'X-Cache': 'MISS, MISS', 'X-Cache-Hits': '0, 0', 'X-Timer': 'S1772630507.659069,VS0,VE427', 'Vary': 'Origin', 'X-Railway-CDN-Edge': 'fastly/cache-bkk2310034-BKK'} 
 body={"success":false,"message":"Cannot GET /api/reviews/trip/TRIP_NO_REVIEW","data":null} 
 </msg>
<msg time="2026-03-04T20:21:47.207046" level="INFO">${resp} = &lt;Response [404]&gt;</msg>
<var>${resp}</var>
<arg>api</arg>
<arg>/reviews/trip/TRIP_NO_REVIEW</arg>
<arg>headers=${headers}</arg>
<arg>expected_status=any</arg>
<doc>Sends a GET request on a previously created HTTP Session.</doc>
<status status="PASS" start="2026-03-04T20:21:46.769178" elapsed="0.437895"/>
</kw>
<kw name="Should Be Equal As Strings" owner="BuiltIn">
<msg time="2026-03-04T20:21:47.207916" level="INFO">Argument types are:
&lt;class 'int'&gt;
&lt;class 'str'&gt;</msg>
<arg>${resp.status_code}</arg>
<arg>${STATUS_NOT_FOUND}</arg>
<doc>Fails if objects are unequal after converting them to strings.</doc>
<status status="PASS" start="2026-03-04T20:21:47.207317" elapsed="0.000643"/>
</kw>
<tag>negative</tag>
<tag>sprint2</tag>
<tag>view</tag>
<status status="PASS" start="2026-03-04T20:21:46.247445" elapsed="0.960675"/>
</test>
<test id="s1-t3" name="TC-REV-003: รีวิวคนขับสำเร็จด้วยความเห็นทั่วไป" line="49">
<kw name="Login And Get Token" owner="common">
<kw name="Create API Session" owner="common">
<kw name="Create Session" owner="RequestsLibrary">
<msg time="2026-03-04T20:21:47.210274" level="INFO">Creating Session using : alias=api, url=https://painamnaewebapp-production.up.railway.app/api, headers={},                     cookies={}, auth=None, timeout=None, proxies=None, verify=False,                     debug=0 </msg>
<arg>api</arg>
<arg>${BASE_URL}</arg>
<arg>verify=${verify_ssl}</arg>
<arg>disable_warnings=${True}</arg>
<doc>Create Session: create a HTTP session to a server</doc>
<status status="PASS" start="2026-03-04T20:21:47.210023" elapsed="0.000414"/>
</kw>
<doc>Create a session for API requests</doc>
<status status="PASS" start="2026-03-04T20:21:47.209792" elapsed="0.000690"/>
</kw>
<kw name="Create Dictionary" owner="BuiltIn">
<msg time="2026-03-04T20:21:47.210828" level="INFO">${body} = {'email': 'testuser@example.com', 'password': '123123aq'}</msg>
<var>${body}</var>
<arg>email=${email}</arg>
<arg>password=${password}</arg>
<doc>Creates and returns a dictionary based on the given ``items``.</doc>
<status status="PASS" start="2026-03-04T20:21:47.210552" elapsed="0.000294"/>
</kw>
<kw name="POST On Session" owner="RequestsLibrary">
<msg time="2026-03-04T20:21:47.711066" level="INFO">POST Request : url=https://painamnaewebapp-production.up.railway.app/api/auth/login 
 path_url=/api/auth/login 
 headers={'User-Agent': 'python-requests/2.32.5', 'Accept-Encoding': 'gzip, deflate, zstd', 'Accept': '*/*', 'Connection': 'keep-alive', 'Content-Length': '57', 'Content-Type': 'application/json'} 
 body=b'{"email": "testuser@example.com", "password": "123123aq"}' 
 </msg>
<msg time="2026-03-04T20:21:47.711178" level="INFO">POST Response : url=https://painamnaewebapp-production.up.railway.app/api/auth/login 
 status=200, reason=OK 
 headers={'Connection': 'keep-alive', 'Content-Length': '567', 'Access-Control-Allow-Credentials': 'true', 'Content-Security-Policy': "default-src 'self';base-uri 'self';font-src 'self' https: data:;form-action 'self';frame-ancestors 'self';img-src 'self' data:;object-src 'none';script-src 'self';script-src-attr 'none';style-src 'self' https: 'unsafe-inline';upgrade-insecure-requests", 'Content-Type': 'application/json; charset=utf-8', 'Cross-Origin-Opener-Policy': 'same-origin', 'Cross-Origin-Resource-Policy': 'same-origin', 'Etag': 'W/"237-oBx3OS+Rog8oqm0+SPGCULlnKuY"', 'Origin-Agent-Cluster': '?1', 'Referrer-Policy': 'no-referrer', 'Server': 'railway-edge', 'Strict-Transport-Security': 'max-age=15552000; includeSubDomains', 'X-Content-Type-Options': 'nosniff', 'X-Dns-Prefetch-Control': 'off', 'X-Download-Options': 'noopen', 'X-Frame-Options': 'SAMEORIGIN', 'X-Permitted-Cross-Domain-Policies': 'none', 'X-Railway-Edge': 'railway/asia-southeast1-eqsg3a', 'X-Railway-Request-Id': 'Tw0IGOvsQCy3nbzTDcO5xA', 'X-Xss-Protection': '0', 'Accept-Ranges': 'bytes', 'Via': '1.1 varnish, 1.1 varnish', 'Date': 'Wed, 04 Mar 2026 13:21:47 GMT', 'X-Cache': 'MISS, MISS', 'X-Cache-Hits': '0, 0', 'X-Timer': 'S1772630507.148888,VS0,VE440', 'Vary': 'Origin', 'X-Railway-CDN-Edge': 'fastly/cache-bkk2310030-BKK'} 
 body={"success":true,"message":"Login successful","data":{"token":"eyJhbGciOiJIUzI1NiIsInR5cCI6IkpXVCJ9.eyJzdWIiOiJjbWxzNzB4amkwMDBmMTAzbzVzemtwbmRmIiwicm9sZSI6IlBBU1NFTkdFUiIsImlhdCI6MTc3MjYzMDUwNywiZXhwIjoxNzcyNjM0MTA3fQ.zLV6_I9cZnmMuhWdFSmlqpSxwY-8Q-OjQK2hEOKJeg4","user":{"id":"cmls70xji000f103o5szkpndf","firstName":"TestUser1","lastName":"UserTest1","profilePicture":null,"role":"PASSENGER","passengerSuspendedUntil":null,"driverSuspendedUntil":null,"averageRating":0,"reviewCount":0,"status":"ACTIVE","deletedAt":null,"scheduledDeleteAt":null,"deleteReason":null}}} 
 </msg>
<msg time="2026-03-04T20:21:47.711317" level="INFO">${response} = &lt;Response [200]&gt;</msg>
<var>${response}</var>
<arg>api</arg>
<arg>/auth/login</arg>
<arg>json=${body}</arg>
<doc>Sends a POST request on a previously created HTTP Session.</doc>
<status status="PASS" start="2026-03-04T20:21:47.210915" elapsed="0.500431"/>
</kw>
<kw name="Should Be Equal As Strings" owner="BuiltIn">
<msg time="2026-03-04T20:21:47.712264" level="INFO">Argument types are:
&lt;class 'int'&gt;
&lt;class 'str'&gt;</msg>
<arg>${response.status_code}</arg>
<arg>${STATUS_OK}</arg>
<doc>Fails if objects are unequal after converting them to strings.</doc>
<status status="PASS" start="2026-03-04T20:21:47.711501" elapsed="0.000816"/>
</kw>
<kw name="Set Variable" owner="BuiltIn">
<msg time="2026-03-04T20:21:47.712854" level="INFO">${token} = eyJhbGciOiJIUzI1NiIsInR5cCI6IkpXVCJ9.eyJzdWIiOiJjbWxzNzB4amkwMDBmMTAzbzVzemtwbmRmIiwicm9sZSI6IlBBU1NFTkdFUiIsImlhdCI6MTc3MjYzMDUwNywiZXhwIjoxNzcyNjM0MTA3fQ.zLV6_I9cZnmMuhWdFSmlqpSxwY-8Q-OjQK2hEOKJeg4</msg>
<var>${token}</var>
<arg>${response.json()['data']['token']}</arg>
<doc>Returns the given values which can then be assigned to a variables.</doc>
<status status="PASS" start="2026-03-04T20:21:47.712389" elapsed="0.000499"/>
</kw>
<return>
<value>${token}</value>
<status status="PASS" start="2026-03-04T20:21:47.712930" elapsed="0.000029"/>
</return>
<msg time="2026-03-04T20:21:47.713046" level="INFO">${token} = eyJhbGciOiJIUzI1NiIsInR5cCI6IkpXVCJ9.eyJzdWIiOiJjbWxzNzB4amkwMDBmMTAzbzVzemtwbmRmIiwicm9sZSI6IlBBU1NFTkdFUiIsImlhdCI6MTc3MjYzMDUwNywiZXhwIjoxNzcyNjM0MTA3fQ.zLV6_I9cZnmMuhWdFSmlqpSxwY-8Q-OjQK2hEOKJeg4</msg>
<var>${token}</var>
<arg>${TEST_EMAIL}</arg>
<arg>${TEST_PASSWORD}</arg>
<doc>Login and return the auth token</doc>
<status status="PASS" start="2026-03-04T20:21:47.209468" elapsed="0.503594"/>
</kw>
<kw name="Create Authorized Header" owner="common">
<kw name="Create Dictionary" owner="BuiltIn">
<msg time="2026-03-04T20:21:47.713987" level="INFO">${headers} = {'Authorization': 'Bearer eyJhbGciOiJIUzI1NiIsInR5cCI6IkpXVCJ9.eyJzdWIiOiJjbWxzNzB4amkwMDBmMTAzbzVzemtwbmRmIiwicm9sZSI6IlBBU1NFTkdFUiIsImlhdCI6MTc3MjYzMDUwNywiZXhwIjoxNzcyNjM0MTA3fQ.zLV6_I9cZnmMuhWdFS...</msg>
<var>${headers}</var>
<arg>Authorization=Bearer ${token}</arg>
<arg>Content-Type=application/json</arg>
<doc>Creates and returns a dictionary based on the given ``items``.</doc>
<status status="PASS" start="2026-03-04T20:21:47.713636" elapsed="0.000378"/>
</kw>
<return>
<value>${headers}</value>
<status status="PASS" start="2026-03-04T20:21:47.714061" elapsed="0.000028"/>
</return>
<msg time="2026-03-04T20:21:47.714203" level="INFO">${headers} = {'Authorization': 'Bearer eyJhbGciOiJIUzI1NiIsInR5cCI6IkpXVCJ9.eyJzdWIiOiJjbWxzNzB4amkwMDBmMTAzbzVzemtwbmRmIiwicm9sZSI6IlBBU1NFTkdFUiIsImlhdCI6MTc3MjYzMDUwNywiZXhwIjoxNzcyNjM0MTA3fQ.zLV6_I9cZnmMuhWdFS...</msg>
<var>${headers}</var>
<arg>${token}</arg>
<doc>Create header with Bearer token</doc>
<status status="PASS" start="2026-03-04T20:21:47.713369" elapsed="0.000858"/>
</kw>
<kw name="Evaluate" owner="BuiltIn">
<msg time="2026-03-04T20:21:47.714712" level="INFO">${rating} = 5</msg>
<var>${rating}</var>
<arg>5</arg>
<doc>Evaluates the given expression in Python and returns the result.</doc>
<status status="PASS" start="2026-03-04T20:21:47.714415" elapsed="0.000346"/>
</kw>
<kw name="Create Dictionary" owner="BuiltIn">
<msg time="2026-03-04T20:21:47.715206" level="INFO">${body} = {'trip_id': 'TRIP-MY-01', 'rating': 5, 'comment': 'รีวิวสุดยอด'}</msg>
<var>${body}</var>
<arg>trip_id=${MY_TRIP_ID}</arg>
<arg>rating=${rating}</arg>
<arg>comment=รีวิวสุดยอด</arg>
<doc>Creates and returns a dictionary based on the given ``items``.</doc>
<status status="PASS" start="2026-03-04T20:21:47.714900" elapsed="0.000326"/>
</kw>
<kw name="POST On Session" owner="RequestsLibrary">
<msg time="2026-03-04T20:21:47.948946" level="INFO">POST Request : url=https://painamnaewebapp-production.up.railway.app/api/reviews 
 path_url=/api/reviews 
 headers={'User-Agent': 'python-requests/2.32.5', 'Accept-Encoding': 'gzip, deflate, zstd', 'Accept': '*/*', 'Connection': 'keep-alive', 'Authorization': 'Bearer eyJhbGciOiJIUzI1NiIsInR5cCI6IkpXVCJ9.eyJzdWIiOiJjbWxzNzB4amkwMDBmMTAzbzVzemtwbmRmIiwicm9sZSI6IlBBU1NFTkdFUiIsImlhdCI6MTc3MjYzMDUwNywiZXhwIjoxNzcyNjM0MTA3fQ.zLV6_I9cZnmMuhWdFSmlqpSxwY-8Q-OjQK2hEOKJeg4', 'Content-Type': 'application/json', 'Content-Length': '119'} 
 body=b'{"trip_id": "TRIP-MY-01", "rating": 5, "comment": "\\u0e23\\u0e35\\u0e27\\u0e34\\u0e27\\u0e2a\\u0e38\\u0e14\\u0e22\\u0e2d\\u0e14"}' 
 </msg>
<msg time="2026-03-04T20:21:47.949054" level="INFO">POST Response : url=https://painamnaewebapp-production.up.railway.app/api/reviews 
 status=404, reason=Not Found 
 headers={'Connection': 'keep-alive', 'Content-Length': '66', 'Access-Control-Allow-Credentials': 'true', 'Content-Security-Policy': "default-src 'self';base-uri 'self';font-src 'self' https: data:;form-action 'self';frame-ancestors 'self';img-src 'self' data:;object-src 'none';script-src 'self';script-src-attr 'none';style-src 'self' https: 'unsafe-inline';upgrade-insecure-requests", 'Content-Type': 'application/json; charset=utf-8', 'Cross-Origin-Opener-Policy': 'same-origin', 'Cross-Origin-Resource-Policy': 'same-origin', 'Etag': 'W/"42-HZdoW7+SNna7ZQTZpycR21Jq7IE"', 'Origin-Agent-Cluster': '?1', 'Referrer-Policy': 'no-referrer', 'Server': 'railway-edge', 'Strict-Transport-Security': 'max-age=15552000; includeSubDomains', 'X-Content-Type-Options': 'nosniff', 'X-Dns-Prefetch-Control': 'off', 'X-Download-Options': 'noopen', 'X-Frame-Options': 'SAMEORIGIN', 'X-Permitted-Cross-Domain-Policies': 'none', 'X-Railway-Edge': 'railway/asia-southeast1-eqsg3a', 'X-Railway-Request-Id': '2hEMqgTSSgylr5aMAXC71g', 'X-Xss-Protection': '0', 'Accept-Ranges': 'bytes', 'Via': '1.1 varnish, 1.1 varnish', 'Date': 'Wed, 04 Mar 2026 13:21:47 GMT', 'X-Cache': 'MISS, MISS', 'X-Cache-Hits': '0, 0', 'X-Timer': 'S1772630508.604870,VS0,VE223', 'Vary': 'Origin', 'X-Railway-CDN-Edge': 'fastly/cache-bkk2310030-BKK'} 
 body={"success":false,"message":"Booking (trip) not found","data":null} 
 </msg>
<msg time="2026-03-04T20:21:47.949219" level="INFO">${resp} = &lt;Response [404]&gt;</msg>
<var>${resp}</var>
<arg>api</arg>
<arg>/reviews</arg>
<arg>json=${body}</arg>
<arg>headers=${headers}</arg>
<arg>expected_status=any</arg>
<doc>Sends a POST request on a previously created HTTP Session.</doc>
<status status="PASS" start="2026-03-04T20:21:47.715372" elapsed="0.233873"/>
</kw>
<kw name="Run Keyword If" owner="BuiltIn">
<arg>'${resp.status_code}' == '${STATUS_CREATED}'</arg>
<arg>Validate Response Success</arg>
<arg>${resp}</arg>
<doc>Runs the given keyword with the given arguments, if ``condition`` is true.</doc>
<status status="PASS" start="2026-03-04T20:21:47.949563" elapsed="0.000859"/>
</kw>
<tag>positive</tag>
<tag>sprint2</tag>
<status status="PASS" start="2026-03-04T20:21:47.208479" elapsed="0.742101"/>
</test>
<test id="s1-t4" name="TC-REV-004: ไม่สามารถรีวิวทริปที่ยังไม่เสร็จ" line="58">
<kw name="Login And Get Token" owner="common">
<kw name="Create API Session" owner="common">
<kw name="Create Session" owner="RequestsLibrary">
<msg time="2026-03-04T20:21:47.952462" level="INFO">Creating Session using : alias=api, url=https://painamnaewebapp-production.up.railway.app/api, headers={},                     cookies={}, auth=None, timeout=None, proxies=None, verify=False,                     debug=0 </msg>
<arg>api</arg>
<arg>${BASE_URL}</arg>
<arg>verify=${verify_ssl}</arg>
<arg>disable_warnings=${True}</arg>
<doc>Create Session: create a HTTP session to a server</doc>
<status status="PASS" start="2026-03-04T20:21:47.952285" elapsed="0.000300"/>
</kw>
<doc>Create a session for API requests</doc>
<status status="PASS" start="2026-03-04T20:21:47.952129" elapsed="0.000501"/>
</kw>
<kw name="Create Dictionary" owner="BuiltIn">
<msg time="2026-03-04T20:21:47.952958" level="INFO">${body} = {'email': 'testuser@example.com', 'password': '123123aq'}</msg>
<var>${body}</var>
<arg>email=${email}</arg>
<arg>password=${password}</arg>
<doc>Creates and returns a dictionary based on the given ``items``.</doc>
<status status="PASS" start="2026-03-04T20:21:47.952695" elapsed="0.000280"/>
</kw>
<kw name="POST On Session" owner="RequestsLibrary">
<msg time="2026-03-04T20:21:48.469272" level="INFO">POST Request : url=https://painamnaewebapp-production.up.railway.app/api/auth/login 
 path_url=/api/auth/login 
 headers={'User-Agent': 'python-requests/2.32.5', 'Accept-Encoding': 'gzip, deflate, zstd', 'Accept': '*/*', 'Connection': 'keep-alive', 'Content-Length': '57', 'Content-Type': 'application/json'} 
 body=b'{"email": "testuser@example.com", "password": "123123aq"}' 
 </msg>
<msg time="2026-03-04T20:21:48.469360" level="INFO">POST Response : url=https://painamnaewebapp-production.up.railway.app/api/auth/login 
 status=200, reason=OK 
 headers={'Connection': 'keep-alive', 'Content-Length': '567', 'Access-Control-Allow-Credentials': 'true', 'Content-Security-Policy': "default-src 'self';base-uri 'self';font-src 'self' https: data:;form-action 'self';frame-ancestors 'self';img-src 'self' data:;object-src 'none';script-src 'self';script-src-attr 'none';style-src 'self' https: 'unsafe-inline';upgrade-insecure-requests", 'Content-Type': 'application/json; charset=utf-8', 'Cross-Origin-Opener-Policy': 'same-origin', 'Cross-Origin-Resource-Policy': 'same-origin', 'Etag': 'W/"237-V+/jb6qdsf2BBaF5y91EIC5Bgg0"', 'Origin-Agent-Cluster': '?1', 'Referrer-Policy': 'no-referrer', 'Server': 'railway-edge', 'Strict-Transport-Security': 'max-age=15552000; includeSubDomains', 'X-Content-Type-Options': 'nosniff', 'X-Dns-Prefetch-Control': 'off', 'X-Download-Options': 'noopen', 'X-Frame-Options': 'SAMEORIGIN', 'X-Permitted-Cross-Domain-Policies': 'none', 'X-Railway-Edge': 'railway/asia-southeast1-eqsg3a', 'X-Railway-Request-Id': 'xH4L4ac6TCaHRWOvmrpb1w', 'X-Xss-Protection': '0', 'Accept-Ranges': 'bytes', 'Via': '1.1 varnish, 1.1 varnish', 'Date': 'Wed, 04 Mar 2026 13:21:48 GMT', 'X-Cache': 'MISS, MISS', 'X-Cache-Hits': '0, 0', 'X-Timer': 'S1772630508.894001,VS0,VE453', 'Vary': 'Origin', 'X-Railway-CDN-Edge': 'fastly/cache-bkk2310027-BKK'} 
 body={"success":true,"message":"Login successful","data":{"token":"eyJhbGciOiJIUzI1NiIsInR5cCI6IkpXVCJ9.eyJzdWIiOiJjbWxzNzB4amkwMDBmMTAzbzVzemtwbmRmIiwicm9sZSI6IlBBU1NFTkdFUiIsImlhdCI6MTc3MjYzMDUwOCwiZXhwIjoxNzcyNjM0MTA4fQ.CoWr1l0orFrKJ3BLJjN849RJPWesIXr4cwL_k-F3iYc","user":{"id":"cmls70xji000f103o5szkpndf","firstName":"TestUser1","lastName":"UserTest1","profilePicture":null,"role":"PASSENGER","passengerSuspendedUntil":null,"driverSuspendedUntil":null,"averageRating":0,"reviewCount":0,"status":"ACTIVE","deletedAt":null,"scheduledDeleteAt":null,"deleteReason":null}}} 
 </msg>
<msg time="2026-03-04T20:21:48.469527" level="INFO">${response} = &lt;Response [200]&gt;</msg>
<var>${response}</var>
<arg>api</arg>
<arg>/auth/login</arg>
<arg>json=${body}</arg>
<doc>Sends a POST request on a previously created HTTP Session.</doc>
<status status="PASS" start="2026-03-04T20:21:47.953040" elapsed="0.516508"/>
</kw>
<kw name="Should Be Equal As Strings" owner="BuiltIn">
<msg time="2026-03-04T20:21:48.470266" level="INFO">Argument types are:
&lt;class 'int'&gt;
&lt;class 'str'&gt;</msg>
<arg>${response.status_code}</arg>
<arg>${STATUS_OK}</arg>
<doc>Fails if objects are unequal after converting them to strings.</doc>
<status status="PASS" start="2026-03-04T20:21:48.469675" elapsed="0.000636"/>
</kw>
<kw name="Set Variable" owner="BuiltIn">
<msg time="2026-03-04T20:21:48.470923" level="INFO">${token} = eyJhbGciOiJIUzI1NiIsInR5cCI6IkpXVCJ9.eyJzdWIiOiJjbWxzNzB4amkwMDBmMTAzbzVzemtwbmRmIiwicm9sZSI6IlBBU1NFTkdFUiIsImlhdCI6MTc3MjYzMDUwOCwiZXhwIjoxNzcyNjM0MTA4fQ.CoWr1l0orFrKJ3BLJjN849RJPWesIXr4cwL_k-F3iYc</msg>
<var>${token}</var>
<arg>${response.json()['data']['token']}</arg>
<doc>Returns the given values which can then be assigned to a variables.</doc>
<status status="PASS" start="2026-03-04T20:21:48.470387" elapsed="0.000565"/>
</kw>
<return>
<value>${token}</value>
<status status="PASS" start="2026-03-04T20:21:48.471026" elapsed="0.000033"/>
</return>
<msg time="2026-03-04T20:21:48.471167" level="INFO">${token} = eyJhbGciOiJIUzI1NiIsInR5cCI6IkpXVCJ9.eyJzdWIiOiJjbWxzNzB4amkwMDBmMTAzbzVzemtwbmRmIiwicm9sZSI6IlBBU1NFTkdFUiIsImlhdCI6MTc3MjYzMDUwOCwiZXhwIjoxNzcyNjM0MTA4fQ.CoWr1l0orFrKJ3BLJjN849RJPWesIXr4cwL_k-F3iYc</msg>
<var>${token}</var>
<arg>${TEST_EMAIL}</arg>
<arg>${TEST_PASSWORD}</arg>
<doc>Login and return the auth token</doc>
<status status="PASS" start="2026-03-04T20:21:47.951830" elapsed="0.519355"/>
</kw>
<kw name="Create Authorized Header" owner="common">
<kw name="Create Dictionary" owner="BuiltIn">
<msg time="2026-03-04T20:21:48.472038" level="INFO">${headers} = {'Authorization': 'Bearer eyJhbGciOiJIUzI1NiIsInR5cCI6IkpXVCJ9.eyJzdWIiOiJjbWxzNzB4amkwMDBmMTAzbzVzemtwbmRmIiwicm9sZSI6IlBBU1NFTkdFUiIsImlhdCI6MTc3MjYzMDUwOCwiZXhwIjoxNzcyNjM0MTA4fQ.CoWr1l0orFrKJ3BLJj...</msg>
<var>${headers}</var>
<arg>Authorization=Bearer ${token}</arg>
<arg>Content-Type=application/json</arg>
<doc>Creates and returns a dictionary based on the given ``items``.</doc>
<status status="PASS" start="2026-03-04T20:21:48.471785" elapsed="0.000273"/>
</kw>
<return>
<value>${headers}</value>
<status status="PASS" start="2026-03-04T20:21:48.472092" elapsed="0.000023"/>
</return>
<msg time="2026-03-04T20:21:48.472196" level="INFO">${headers} = {'Authorization': 'Bearer eyJhbGciOiJIUzI1NiIsInR5cCI6IkpXVCJ9.eyJzdWIiOiJjbWxzNzB4amkwMDBmMTAzbzVzemtwbmRmIiwicm9sZSI6IlBBU1NFTkdFUiIsImlhdCI6MTc3MjYzMDUwOCwiZXhwIjoxNzcyNjM0MTA4fQ.CoWr1l0orFrKJ3BLJj...</msg>
<var>${headers}</var>
<arg>${token}</arg>
<doc>Create header with Bearer token</doc>
<status status="PASS" start="2026-03-04T20:21:48.471509" elapsed="0.000704"/>
</kw>
<kw name="Create Dictionary" owner="BuiltIn">
<msg time="2026-03-04T20:21:48.472830" level="INFO">${body} = {'tripId': 'TRIP-RUNNING-02', 'rating': 5, 'comment': 'พยายามรีวิวทริปที่วิ่งอยู่'}</msg>
<var>${body}</var>
<arg>tripId=${TRIP_IN_PROGRESS_ID}</arg>
<arg>rating=${5}</arg>
<arg>comment=พยายามรีวิวทริปที่วิ่งอยู่</arg>
<doc>Creates and returns a dictionary based on the given ``items``.</doc>
<status status="PASS" start="2026-03-04T20:21:48.472345" elapsed="0.000506"/>
</kw>
<kw name="POST On Session" owner="RequestsLibrary">
<msg time="2026-03-04T20:21:48.868647" level="INFO">POST Request : url=https://painamnaewebapp-production.up.railway.app/api/reviews 
 path_url=/api/reviews 
 headers={'User-Agent': 'python-requests/2.32.5', 'Accept-Encoding': 'gzip, deflate, zstd', 'Accept': '*/*', 'Connection': 'keep-alive', 'Authorization': 'Bearer eyJhbGciOiJIUzI1NiIsInR5cCI6IkpXVCJ9.eyJzdWIiOiJjbWxzNzB4amkwMDBmMTAzbzVzemtwbmRmIiwicm9sZSI6IlBBU1NFTkdFUiIsImlhdCI6MTc3MjYzMDUwOCwiZXhwIjoxNzcyNjM0MTA4fQ.CoWr1l0orFrKJ3BLJjN849RJPWesIXr4cwL_k-F3iYc', 'Content-Type': 'application/json', 'Content-Length': '213'} 
 body=b'{"tripId": "TRIP-RUNNING-02", "rating": 5, "comment": "\\u0e1e\\u0e22\\u0e32\\u0e22\\u0e32\\u0e21\\u0e23\\u0e35\\u0e27\\u0e34\\u0e27\\u0e17\\u0e23\\u0e34\\u0e1b\\u0e17\\u0e35\\u0e48\\u0e27\\u0e34\\u0e48\\u0e07\\u0e2d\\u0e22\\u0e39\\u0e48"}' 
 </msg>
<msg time="2026-03-04T20:21:48.868760" level="INFO">POST Response : url=https://painamnaewebapp-production.up.railway.app/api/reviews 
 status=400, reason=Bad Request 
 headers={'Connection': 'keep-alive', 'Content-Length': '83', 'Access-Control-Allow-Credentials': 'true', 'Content-Security-Policy': "default-src 'self';base-uri 'self';font-src 'self' https: data:;form-action 'self';frame-ancestors 'self';img-src 'self' data:;object-src 'none';script-src 'self';script-src-attr 'none';style-src 'self' https: 'unsafe-inline';upgrade-insecure-requests", 'Content-Type': 'application/json; charset=utf-8', 'Cross-Origin-Opener-Policy': 'same-origin', 'Cross-Origin-Resource-Policy': 'same-origin', 'Etag': 'W/"53-d2EJNeDL8gyfEqJ9v0wq5M18X4c"', 'Origin-Agent-Cluster': '?1', 'Referrer-Policy': 'no-referrer', 'Server': 'railway-edge', 'Strict-Transport-Security': 'max-age=15552000; includeSubDomains', 'X-Content-Type-Options': 'nosniff', 'X-Dns-Prefetch-Control': 'off', 'X-Download-Options': 'noopen', 'X-Frame-Options': 'SAMEORIGIN', 'X-Permitted-Cross-Domain-Policies': 'none', 'X-Railway-Edge': 'railway/asia-southeast1-eqsg3a', 'X-Railway-Request-Id': 'YxPXntlUQ5yHJ49JVOLIQQ', 'X-Xss-Protection': '0', 'Accept-Ranges': 'bytes', 'Via': '1.1 varnish, 1.1 varnish', 'Date': 'Wed, 04 Mar 2026 13:21:48 GMT', 'X-Cache': 'MISS, MISS', 'X-Cache-Hits': '0, 0', 'X-Timer': 'S1772630508.362296,VS0,VE384', 'Vary': 'Origin', 'X-Railway-CDN-Edge': 'fastly/cache-bkk2310027-BKK'} 
 body={"success":false,"message":"Validation error: body.trip_id - Required","data":null} 
 </msg>
<msg time="2026-03-04T20:21:48.868893" level="INFO">${resp} = &lt;Response [400]&gt;</msg>
<var>${resp}</var>
<arg>api</arg>
<arg>/reviews</arg>
<arg>json=${body}</arg>
<arg>headers=${headers}</arg>
<arg>expected_status=any</arg>
<doc>Sends a POST request on a previously created HTTP Session.</doc>
<status status="PASS" start="2026-03-04T20:21:48.472994" elapsed="0.395924"/>
</kw>
<kw name="Should Be True" owner="BuiltIn">
<arg>${resp.status_code} == 400 or ${resp.status_code} == 404</arg>
<doc>Fails if the given condition is not true.</doc>
<status status="PASS" start="2026-03-04T20:21:48.869244" elapsed="0.001192"/>
</kw>
<kw name="Log" owner="BuiltIn">
<msg time="2026-03-04T20:21:48.870724" level="INFO">Checked: Trip In Progress validation.</msg>
<arg>Checked: Trip In Progress validation.</arg>
<doc>Logs the given message with the given level.</doc>
<status status="PASS" start="2026-03-04T20:21:48.870572" elapsed="0.000183"/>
</kw>
<tag>negative</tag>
<tag>sprint2</tag>
<status status="PASS" start="2026-03-04T20:21:47.950903" elapsed="0.919980"/>
</test>
<test id="s1-t5" name="TC-REV-005: ฉันต้องให้คะแนนก่อนส่งรีวิว" line="72">
<kw name="Login And Get Token" owner="common">
<kw name="Create API Session" owner="common">
<kw name="Create Session" owner="RequestsLibrary">
<msg time="2026-03-04T20:21:48.872854" level="INFO">Creating Session using : alias=api, url=https://painamnaewebapp-production.up.railway.app/api, headers={},                     cookies={}, auth=None, timeout=None, proxies=None, verify=False,                     debug=0 </msg>
<arg>api</arg>
<arg>${BASE_URL}</arg>
<arg>verify=${verify_ssl}</arg>
<arg>disable_warnings=${True}</arg>
<doc>Create Session: create a HTTP session to a server</doc>
<status status="PASS" start="2026-03-04T20:21:48.872686" elapsed="0.000292"/>
</kw>
<doc>Create a session for API requests</doc>
<status status="PASS" start="2026-03-04T20:21:48.872530" elapsed="0.000497"/>
</kw>
<kw name="Create Dictionary" owner="BuiltIn">
<msg time="2026-03-04T20:21:48.873373" level="INFO">${body} = {'email': 'testuser@example.com', 'password': '123123aq'}</msg>
<var>${body}</var>
<arg>email=${email}</arg>
<arg>password=${password}</arg>
<doc>Creates and returns a dictionary based on the given ``items``.</doc>
<status status="PASS" start="2026-03-04T20:21:48.873114" elapsed="0.000277"/>
</kw>
<kw name="POST On Session" owner="RequestsLibrary">
<msg time="2026-03-04T20:21:49.408201" level="INFO">POST Request : url=https://painamnaewebapp-production.up.railway.app/api/auth/login 
 path_url=/api/auth/login 
 headers={'User-Agent': 'python-requests/2.32.5', 'Accept-Encoding': 'gzip, deflate, zstd', 'Accept': '*/*', 'Connection': 'keep-alive', 'Content-Length': '57', 'Content-Type': 'application/json'} 
 body=b'{"email": "testuser@example.com", "password": "123123aq"}' 
 </msg>
<msg time="2026-03-04T20:21:49.408312" level="INFO">POST Response : url=https://painamnaewebapp-production.up.railway.app/api/auth/login 
 status=200, reason=OK 
 headers={'Connection': 'keep-alive', 'Content-Length': '567', 'Access-Control-Allow-Credentials': 'true', 'Content-Security-Policy': "default-src 'self';base-uri 'self';font-src 'self' https: data:;form-action 'self';frame-ancestors 'self';img-src 'self' data:;object-src 'none';script-src 'self';script-src-attr 'none';style-src 'self' https: 'unsafe-inline';upgrade-insecure-requests", 'Content-Type': 'application/json; charset=utf-8', 'Cross-Origin-Opener-Policy': 'same-origin', 'Cross-Origin-Resource-Policy': 'same-origin', 'Etag': 'W/"237-/uBRrGB9FAN8fIEYrC/Dk4DRd+g"', 'Origin-Agent-Cluster': '?1', 'Referrer-Policy': 'no-referrer', 'Server': 'railway-edge', 'Strict-Transport-Security': 'max-age=15552000; includeSubDomains', 'X-Content-Type-Options': 'nosniff', 'X-Dns-Prefetch-Control': 'off', 'X-Download-Options': 'noopen', 'X-Frame-Options': 'SAMEORIGIN', 'X-Permitted-Cross-Domain-Policies': 'none', 'X-Railway-Edge': 'railway/asia-southeast1-eqsg3a', 'X-Railway-Request-Id': '0BDhTalhSeGVFmRl0ubPiw', 'X-Xss-Protection': '0', 'Accept-Ranges': 'bytes', 'Via': '1.1 varnish, 1.1 varnish', 'Date': 'Wed, 04 Mar 2026 13:21:49 GMT', 'X-Cache': 'MISS, MISS', 'X-Cache-Hits': '0, 0', 'X-Timer': 'S1772630509.814152,VS0,VE473', 'Vary': 'Origin', 'X-Railway-CDN-Edge': 'fastly/cache-bkk2310026-BKK'} 
 body={"success":true,"message":"Login successful","data":{"token":"eyJhbGciOiJIUzI1NiIsInR5cCI6IkpXVCJ9.eyJzdWIiOiJjbWxzNzB4amkwMDBmMTAzbzVzemtwbmRmIiwicm9sZSI6IlBBU1NFTkdFUiIsImlhdCI6MTc3MjYzMDUwOSwiZXhwIjoxNzcyNjM0MTA5fQ.LAW1UbbaTjdEwr4blJ98rTDACmpeTbluXCK-hThpHvc","user":{"id":"cmls70xji000f103o5szkpndf","firstName":"TestUser1","lastName":"UserTest1","profilePicture":null,"role":"PASSENGER","passengerSuspendedUntil":null,"driverSuspendedUntil":null,"averageRating":0,"reviewCount":0,"status":"ACTIVE","deletedAt":null,"scheduledDeleteAt":null,"deleteReason":null}}} 
 </msg>
<msg time="2026-03-04T20:21:49.408459" level="INFO">${response} = &lt;Response [200]&gt;</msg>
<var>${response}</var>
<arg>api</arg>
<arg>/auth/login</arg>
<arg>json=${body}</arg>
<doc>Sends a POST request on a previously created HTTP Session.</doc>
<status status="PASS" start="2026-03-04T20:21:48.873456" elapsed="0.535029"/>
</kw>
<kw name="Should Be Equal As Strings" owner="BuiltIn">
<msg time="2026-03-04T20:21:49.409346" level="INFO">Argument types are:
&lt;class 'int'&gt;
&lt;class 'str'&gt;</msg>
<arg>${response.status_code}</arg>
<arg>${STATUS_OK}</arg>
<doc>Fails if objects are unequal after converting them to strings.</doc>
<status status="PASS" start="2026-03-04T20:21:49.408639" elapsed="0.000774"/>
</kw>
<kw name="Set Variable" owner="BuiltIn">
<msg time="2026-03-04T20:21:49.410186" level="INFO">${token} = eyJhbGciOiJIUzI1NiIsInR5cCI6IkpXVCJ9.eyJzdWIiOiJjbWxzNzB4amkwMDBmMTAzbzVzemtwbmRmIiwicm9sZSI6IlBBU1NFTkdFUiIsImlhdCI6MTc3MjYzMDUwOSwiZXhwIjoxNzcyNjM0MTA5fQ.LAW1UbbaTjdEwr4blJ98rTDACmpeTbluXCK-hThpHvc</msg>
<var>${token}</var>
<arg>${response.json()['data']['token']}</arg>
<doc>Returns the given values which can then be assigned to a variables.</doc>
<status status="PASS" start="2026-03-04T20:21:49.409523" elapsed="0.000684"/>
</kw>
<return>
<value>${token}</value>
<status status="PASS" start="2026-03-04T20:21:49.410245" elapsed="0.000028"/>
</return>
<msg time="2026-03-04T20:21:49.410359" level="INFO">${token} = eyJhbGciOiJIUzI1NiIsInR5cCI6IkpXVCJ9.eyJzdWIiOiJjbWxzNzB4amkwMDBmMTAzbzVzemtwbmRmIiwicm9sZSI6IlBBU1NFTkdFUiIsImlhdCI6MTc3MjYzMDUwOSwiZXhwIjoxNzcyNjM0MTA5fQ.LAW1UbbaTjdEwr4blJ98rTDACmpeTbluXCK-hThpHvc</msg>
<var>${token}</var>
<arg>${TEST_EMAIL}</arg>
<arg>${TEST_PASSWORD}</arg>
<doc>Login and return the auth token</doc>
<status status="PASS" start="2026-03-04T20:21:48.872309" elapsed="0.538066"/>
</kw>
<kw name="Create Authorized Header" owner="common">
<kw name="Create Dictionary" owner="BuiltIn">
<msg time="2026-03-04T20:21:49.411356" level="INFO">${headers} = {'Authorization': 'Bearer eyJhbGciOiJIUzI1NiIsInR5cCI6IkpXVCJ9.eyJzdWIiOiJjbWxzNzB4amkwMDBmMTAzbzVzemtwbmRmIiwicm9sZSI6IlBBU1NFTkdFUiIsImlhdCI6MTc3MjYzMDUwOSwiZXhwIjoxNzcyNjM0MTA5fQ.LAW1UbbaTjdEwr4blJ...</msg>
<var>${headers}</var>
<arg>Authorization=Bearer ${token}</arg>
<arg>Content-Type=application/json</arg>
<doc>Creates and returns a dictionary based on the given ``items``.</doc>
<status status="PASS" start="2026-03-04T20:21:49.410998" elapsed="0.000387"/>
</kw>
<return>
<value>${headers}</value>
<status status="PASS" start="2026-03-04T20:21:49.411421" elapsed="0.000018"/>
</return>
<msg time="2026-03-04T20:21:49.411516" level="INFO">${headers} = {'Authorization': 'Bearer eyJhbGciOiJIUzI1NiIsInR5cCI6IkpXVCJ9.eyJzdWIiOiJjbWxzNzB4amkwMDBmMTAzbzVzemtwbmRmIiwicm9sZSI6IlBBU1NFTkdFUiIsImlhdCI6MTc3MjYzMDUwOSwiZXhwIjoxNzcyNjM0MTA5fQ.LAW1UbbaTjdEwr4blJ...</msg>
<var>${headers}</var>
<arg>${token}</arg>
<doc>Create header with Bearer token</doc>
<status status="PASS" start="2026-03-04T20:21:49.410723" elapsed="0.000808"/>
</kw>
<kw name="Create Dictionary" owner="BuiltIn">
<msg time="2026-03-04T20:21:49.411907" level="INFO">${body} = {'trip_id': 'TRIP-MY-01', 'comment': 'ไม่มีดาว'}</msg>
<var>${body}</var>
<arg>trip_id=${MY_TRIP_ID}</arg>
<arg>comment=ไม่มีดาว</arg>
<doc>Creates and returns a dictionary based on the given ``items``.</doc>
<status status="PASS" start="2026-03-04T20:21:49.411674" elapsed="0.000252"/>
</kw>
<kw name="POST On Session" owner="RequestsLibrary">
<msg time="2026-03-04T20:21:49.651190" level="INFO">POST Request : url=https://painamnaewebapp-production.up.railway.app/api/reviews 
 path_url=/api/reviews 
 headers={'User-Agent': 'python-requests/2.32.5', 'Accept-Encoding': 'gzip, deflate, zstd', 'Accept': '*/*', 'Connection': 'keep-alive', 'Authorization': 'Bearer eyJhbGciOiJIUzI1NiIsInR5cCI6IkpXVCJ9.eyJzdWIiOiJjbWxzNzB4amkwMDBmMTAzbzVzemtwbmRmIiwicm9sZSI6IlBBU1NFTkdFUiIsImlhdCI6MTc3MjYzMDUwOSwiZXhwIjoxNzcyNjM0MTA5fQ.LAW1UbbaTjdEwr4blJ98rTDACmpeTbluXCK-hThpHvc', 'Content-Type': 'application/json', 'Content-Length': '88'} 
 body=b'{"trip_id": "TRIP-MY-01", "comment": "\\u0e44\\u0e21\\u0e48\\u0e21\\u0e35\\u0e14\\u0e32\\u0e27"}' 
 </msg>
<msg time="2026-03-04T20:21:49.651301" level="INFO">POST Response : url=https://painamnaewebapp-production.up.railway.app/api/reviews 
 status=400, reason=Bad Request 
 headers={'Connection': 'keep-alive', 'Content-Length': '82', 'Access-Control-Allow-Credentials': 'true', 'Content-Security-Policy': "default-src 'self';base-uri 'self';font-src 'self' https: data:;form-action 'self';frame-ancestors 'self';img-src 'self' data:;object-src 'none';script-src 'self';script-src-attr 'none';style-src 'self' https: 'unsafe-inline';upgrade-insecure-requests", 'Content-Type': 'application/json; charset=utf-8', 'Cross-Origin-Opener-Policy': 'same-origin', 'Cross-Origin-Resource-Policy': 'same-origin', 'Etag': 'W/"52-5fpVX5aTXxEwC1H9+e56T10knXE"', 'Origin-Agent-Cluster': '?1', 'Referrer-Policy': 'no-referrer', 'Server': 'railway-edge', 'Strict-Transport-Security': 'max-age=15552000; includeSubDomains', 'X-Content-Type-Options': 'nosniff', 'X-Dns-Prefetch-Control': 'off', 'X-Download-Options': 'noopen', 'X-Frame-Options': 'SAMEORIGIN', 'X-Permitted-Cross-Domain-Policies': 'none', 'X-Railway-Edge': 'railway/asia-southeast1-eqsg3a', 'X-Railway-Request-Id': '5OEvzqbMSl6ujZ6dAQeqjw', 'X-Xss-Protection': '0', 'Accept-Ranges': 'bytes', 'Via': '1.1 varnish, 1.1 varnish', 'Date': 'Wed, 04 Mar 2026 13:21:49 GMT', 'X-Cache': 'MISS, MISS', 'X-Cache-Hits': '0, 0', 'X-Timer': 'S1772630509.303084,VS0,VE227', 'Vary': 'Origin', 'X-Railway-CDN-Edge': 'fastly/cache-bkk2310026-BKK'} 
 body={"success":false,"message":"Validation error: body.rating - Required","data":null} 
 </msg>
<msg time="2026-03-04T20:21:49.651450" level="INFO">${resp} = &lt;Response [400]&gt;</msg>
<var>${resp}</var>
<arg>api</arg>
<arg>/reviews</arg>
<arg>json=${body}</arg>
<arg>headers=${headers}</arg>
<arg>expected_status=any</arg>
<doc>Sends a POST request on a previously created HTTP Session.</doc>
<status status="PASS" start="2026-03-04T20:21:49.412053" elapsed="0.239422"/>
</kw>
<kw name="Should Be Equal As Strings" owner="BuiltIn">
<msg time="2026-03-04T20:21:49.652606" level="INFO">Argument types are:
&lt;class 'int'&gt;
&lt;class 'str'&gt;</msg>
<arg>${resp.status_code}</arg>
<arg>${STATUS_BAD_REQUEST}</arg>
<doc>Fails if objects are unequal after converting them to strings.</doc>
<status status="PASS" start="2026-03-04T20:21:49.651773" elapsed="0.000893"/>
</kw>
<tag>create</tag>
<tag>negative</tag>
<tag>sprint2</tag>
<status status="PASS" start="2026-03-04T20:21:48.871239" elapsed="0.781580"/>
</test>
<test id="s1-t6" name="TC-REV-006: ไม่สามารถรีวิวซ้ำในทริปเดิมได้" line="80">
<kw name="Login And Get Token" owner="common">
<kw name="Create API Session" owner="common">
<kw name="Create Session" owner="RequestsLibrary">
<msg time="2026-03-04T20:21:49.655168" level="INFO">Creating Session using : alias=api, url=https://painamnaewebapp-production.up.railway.app/api, headers={},                     cookies={}, auth=None, timeout=None, proxies=None, verify=False,                     debug=0 </msg>
<arg>api</arg>
<arg>${BASE_URL}</arg>
<arg>verify=${verify_ssl}</arg>
<arg>disable_warnings=${True}</arg>
<doc>Create Session: create a HTTP session to a server</doc>
<status status="PASS" start="2026-03-04T20:21:49.654925" elapsed="0.000374"/>
</kw>
<doc>Create a session for API requests</doc>
<status status="PASS" start="2026-03-04T20:21:49.654671" elapsed="0.000682"/>
</kw>
<kw name="Create Dictionary" owner="BuiltIn">
<msg time="2026-03-04T20:21:49.655699" level="INFO">${body} = {'email': 'testuser@example.com', 'password': '123123aq'}</msg>
<var>${body}</var>
<arg>email=${email}</arg>
<arg>password=${password}</arg>
<doc>Creates and returns a dictionary based on the given ``items``.</doc>
<status status="PASS" start="2026-03-04T20:21:49.655427" elapsed="0.000290"/>
</kw>
<kw name="POST On Session" owner="RequestsLibrary">
<msg time="2026-03-04T20:21:49.991563" level="INFO">POST Request : url=https://painamnaewebapp-production.up.railway.app/api/auth/login 
 path_url=/api/auth/login 
 headers={'User-Agent': 'python-requests/2.32.5', 'Accept-Encoding': 'gzip, deflate, zstd', 'Accept': '*/*', 'Connection': 'keep-alive', 'Content-Length': '57', 'Content-Type': 'application/json'} 
 body=b'{"email": "testuser@example.com", "password": "123123aq"}' 
 </msg>
<msg time="2026-03-04T20:21:49.991669" level="INFO">POST Response : url=https://painamnaewebapp-production.up.railway.app/api/auth/login 
 status=200, reason=OK 
[...]
 body={"success":true,"message":"Login successful","data":{"token":"eyJhbGciOiJIUzI1NiIsInR5cCI6IkpXVCJ9.eyJzdWIiOiJjbWxzNzI0dTYwMDBpMTAzb3h0NXlvcmppIiwicm9sZSI6IkRSSVZFUiIsImlhdCI6MTc3MjYzMDUyMywiZXhwIjoxNzcyNjM0MTIzfQ.AHKE3COSeF4xO-nmNMkJz1jhyseivlOngprStszig4Y","user":{"id":"cmls724u6000i103oxt5yorji","firstName":"testdriver","lastName":"testdriver","profilePicture":null,"role":"DRIVER","passengerSuspendedUntil":null,"driverSuspendedUntil":null,"averageRating":0,"reviewCount":0,"status":"ACTIVE","deletedAt":null,"scheduledDeleteAt":null,"deleteReason":null}}} 
 </msg>
<msg time="2026-03-04T20:22:03.288173" level="INFO">${response} = &lt;Response [200]&gt;</msg>
<var>${response}</var>
<arg>api</arg>
<arg>/auth/login</arg>
<arg>json=${body}</arg>
<doc>Sends a POST request on a previously created HTTP Session.</doc>
<status status="PASS" start="2026-03-04T20:22:02.950731" elapsed="0.337460"/>
</kw>
<kw name="Should Be Equal As Strings" owner="BuiltIn">
<msg time="2026-03-04T20:22:03.288874" level="INFO">Argument types are:
&lt;class 'int'&gt;
&lt;class 'str'&gt;</msg>
<arg>${response.status_code}</arg>
<arg>${STATUS_OK}</arg>
<doc>Fails if objects are unequal after converting them to strings.</doc>
<status status="PASS" start="2026-03-04T20:22:03.288313" elapsed="0.000603"/>
</kw>
<kw name="Set Variable" owner="BuiltIn">
<msg time="2026-03-04T20:22:03.289432" level="INFO">${token} = eyJhbGciOiJIUzI1NiIsInR5cCI6IkpXVCJ9.eyJzdWIiOiJjbWxzNzI0dTYwMDBpMTAzb3h0NXlvcmppIiwicm9sZSI6IkRSSVZFUiIsImlhdCI6MTc3MjYzMDUyMywiZXhwIjoxNzcyNjM0MTIzfQ.AHKE3COSeF4xO-nmNMkJz1jhyseivlOngprStszig4Y</msg>
<var>${token}</var>
<arg>${response.json()['data']['token']}</arg>
<doc>Returns the given values which can then be assigned to a variables.</doc>
<status status="PASS" start="2026-03-04T20:22:03.288986" elapsed="0.000465"/>
</kw>
<return>
<value>${token}</value>
<status status="PASS" start="2026-03-04T20:22:03.289489" elapsed="0.000029"/>
</return>
<msg time="2026-03-04T20:22:03.289604" level="INFO">${token} = eyJhbGciOiJIUzI1NiIsInR5cCI6IkpXVCJ9.eyJzdWIiOiJjbWxzNzI0dTYwMDBpMTAzb3h0NXlvcmppIiwicm9sZSI6IkRSSVZFUiIsImlhdCI6MTc3MjYzMDUyMywiZXhwIjoxNzcyNjM0MTIzfQ.AHKE3COSeF4xO-nmNMkJz1jhyseivlOngprStszig4Y</msg>
<var>${token}</var>
<arg>${TEST_DRIVER_EMAIL}</arg>
<arg>${TEST_DRIVER_PASSWORD}</arg>
<doc>Login and return the auth token</doc>
<status status="PASS" start="2026-03-04T20:22:02.949420" elapsed="0.340200"/>
</kw>
<kw name="Create Authorized Header" owner="common">
<kw name="Create Dictionary" owner="BuiltIn">
<msg time="2026-03-04T20:22:03.290547" level="INFO">${headers} = {'Authorization': 'Bearer eyJhbGciOiJIUzI1NiIsInR5cCI6IkpXVCJ9.eyJzdWIiOiJjbWxzNzI0dTYwMDBpMTAzb3h0NXlvcmppIiwicm9sZSI6IkRSSVZFUiIsImlhdCI6MTc3MjYzMDUyMywiZXhwIjoxNzcyNjM0MTIzfQ.AHKE3COSeF4xO-nmNMkJz1...</msg>
<var>${headers}</var>
<arg>Authorization=Bearer ${token}</arg>
<arg>Content-Type=application/json</arg>
<doc>Creates and returns a dictionary based on the given ``items``.</doc>
<status status="PASS" start="2026-03-04T20:22:03.290197" elapsed="0.000379"/>
</kw>
<return>
<value>${headers}</value>
<status status="PASS" start="2026-03-04T20:22:03.290624" elapsed="0.000025"/>
</return>
<msg time="2026-03-04T20:22:03.290759" level="INFO">${headers} = {'Authorization': 'Bearer eyJhbGciOiJIUzI1NiIsInR5cCI6IkpXVCJ9.eyJzdWIiOiJjbWxzNzI0dTYwMDBpMTAzb3h0NXlvcmppIiwicm9sZSI6IkRSSVZFUiIsImlhdCI6MTc3MjYzMDUyMywiZXhwIjoxNzcyNjM0MTIzfQ.AHKE3COSeF4xO-nmNMkJz1...</msg>
<var>${headers}</var>
<arg>${token}</arg>
<doc>Create header with Bearer token</doc>
<status status="PASS" start="2026-03-04T20:22:03.289920" elapsed="0.000862"/>
</kw>
<kw name="Get Latest Incident ID">
<kw name="GET On Session" owner="RequestsLibrary">
<msg time="2026-03-04T20:22:03.513795" level="INFO">GET Request : url=https://painamnaewebapp-production.up.railway.app/api/emergency/my-emergencies 
 path_url=/api/emergency/my-emergencies 
 headers={'User-Agent': 'python-requests/2.32.5', 'Accept-Encoding': 'gzip, deflate, zstd', 'Accept': '*/*', 'Connection': 'keep-alive', 'Authorization': 'Bearer eyJhbGciOiJIUzI1NiIsInR5cCI6IkpXVCJ9.eyJzdWIiOiJjbWxzNzI0dTYwMDBpMTAzb3h0NXlvcmppIiwicm9sZSI6IkRSSVZFUiIsImlhdCI6MTc3MjYzMDUyMywiZXhwIjoxNzcyNjM0MTIzfQ.AHKE3COSeF4xO-nmNMkJz1jhyseivlOngprStszig4Y', 'Content-Type': 'application/json'} 
 body=None 
 </msg>
<msg time="2026-03-04T20:22:03.513909" level="INFO">GET Response : url=https://painamnaewebapp-production.up.railway.app/api/emergency/my-emergencies 
 status=200, reason=OK 
 headers={'Connection': 'keep-alive', 'Content-Length': '4402', 'Access-Control-Allow-Credentials': 'true', 'Content-Security-Policy': "default-src 'self';base-uri 'self';font-src 'self' https: data:;form-action 'self';frame-ancestors 'self';img-src 'self' data:;object-src 'none';script-src 'self';script-src-attr 'none';style-src 'self' https: 'unsafe-inline';upgrade-insecure-requests", 'Content-Type': 'application/json; charset=utf-8', 'Cross-Origin-Opener-Policy': 'same-origin', 'Cross-Origin-Resource-Policy': 'same-origin', 'Etag': 'W/"1132-VAYru2TajtEb/reNVY1Vu5Vhv4o"', 'Origin-Agent-Cluster': '?1', 'Referrer-Policy': 'no-referrer', 'Server': 'railway-edge', 'Strict-Transport-Security': 'max-age=15552000; includeSubDomains', 'X-Content-Type-Options': 'nosniff', 'X-Dns-Prefetch-Control': 'off', 'X-Download-Options': 'noopen', 'X-Frame-Options': 'SAMEORIGIN', 'X-Permitted-Cross-Domain-Policies': 'none', 'X-Railway-Edge': 'railway/asia-southeast1-eqsg3a', 'X-Railway-Request-Id': 'kC6G2Fx7TQ2a62lcDcO5xA', 'X-Xss-Protection': '0', 'Accept-Ranges': 'bytes', 'Via': '1.1 varnish, 1.1 varnish', 'Date': 'Wed, 04 Mar 2026 13:22:03 GMT', 'X-Cache': 'MISS, MISS', 'X-Cache-Hits': '0, 0', 'X-Timer': 'S1772630523.180504,VS0,VE211', 'Vary': 'Origin', 'X-Railway-CDN-Edge': 'fastly/cache-bkk2310029-BKK'} 
 body={"success":true,"data":[{"id":"cmmc2fznf000bo0vgd6h5ifkt","driverId":"cmls724u6000i103oxt5yorji","rideId":null,"type":"VEHICLE_BREAKDOWN","description":"Emergency for admin test","attachments":null,"latitude":13.7563,"longitude":100.5018,"address":null,"status":"ACTIVE","adminNotes":null,"resolvedById":null,"createdAt":"2026-03-04T13:22:00.889Z","respondedAt":null,"resolvedAt":null,"cancelledAt":null,"cancelReason":null},{"id":"cmmc1fs7y001v5ur588is2vfy","driverId":"cmls724u6000i103oxt5yorji","rideId":null,"type":"VEHICLE_BREAKDOWN","description":"Emergency for admin test","attachments":null,"latitude":13.7563,"longitude":100.5018,"address":null,"status":"CANCELLED","adminNotes":null,"resolvedById":null,"createdAt":"2026-03-04T12:53:51.647Z","respondedAt":null,"resolvedAt":null,"cancelledAt":"2026-03-04T12:53:54.773Z","cancelReason":"False alarm"},{"id":"cmmbzs8iz001p5ur5f6d21x7x","driverId":"cmls724u6000i103oxt5yorji","rideId":null,"type":"VEHICLE_BREAKDOWN","description":"Emergency for admin test","attachments":null,"latitude":13.7563,"longitude":100.5018,"address":null,"status":"CANCELLED","adminNotes":null,"resolvedById":null,"createdAt":"2026-03-04T12:07:33.419Z","respondedAt":null,"resolvedAt":null,"cancelledAt":"2026-03-04T12:07:36.292Z","cancelReason":"False alarm"},{"id":"cmmbzprqv001j5ur51t36sfir","driverId":"cmls724u6000i103oxt5yorji","rideId":null,"type":"VEHICLE_BREAKDOWN","description":"Emergency for admin test","attachments":null,"latitude":13.7563,"longitude":100.5018,"address":null,"status":"CANCELLED","adminNotes":null,"resolvedById":null,"createdAt":"2026-03-04T12:05:38.360Z","respondedAt":null,"resolvedAt":null,"cancelledAt":"2026-03-04T12:05:41.231Z","cancelReason":"False alarm"},{"id":"cmmbznk72001d5ur5qkkzhqcc","driverId":"cmls724u6000i103oxt5yorji","rideId":null,"type":"VEHICLE_BREAKDOWN","description":"Emergency for admin test","attachments":null,"latitude":13.7563,"longitude":100.5018,"address":null,"status":"CANCELLED","adminNotes":null,"resolvedById":null,"createdAt":"2026-03-04T12:03:55.263Z","respondedAt":null,"resolvedAt":null,"cancelledAt":"2026-03-04T12:03:58.313Z","cancelReason":"False alarm"},{"id":"cmmbzkcyr00175ur55p992wyw","driverId":"cmls724u6000i103oxt5yorji","rideId":null,"type":"VEHICLE_BREAKDOWN","description":"Emergency for admin test","attachments":null,"latitude":13.7563,"longitude":100.5018,"address":null,"status":"CANCELLED","adminNotes":null,"resolvedById":null,"createdAt":"2026-03-04T12:01:25.924Z","respondedAt":null,"resolvedAt":null,"cancelledAt":"2026-03-04T12:01:28.820Z","cancelReason":"False alarm"},{"id":"cmmbzgaj100115ur5ua5kdujc","driverId":"cmls724u6000i103oxt5yorji","rideId":null,"type":"VEHICLE_BREAKDOWN","description":"Emergency for admin test","attachments":null,"latitude":13.7563,"longitude":100.5018,"address":null,"status":"CANCELLED","adminNotes":null,"resolvedById":null,"createdAt":"2026-03-04T11:58:16.141Z","respondedAt":null,"resolvedAt":null,"cancelledAt":"2026-03-04T11:58:19.364Z","cancelReason":"False alarm"},{"id":"cmmbzct6f000v5ur58khdnenl","driverId":"cmls724u6000i103oxt5yorji","rideId":null,"type":"VEHICLE_BREAKDOWN","description":"Emergency for admin test","attachments":null,"latitude":13.7563,"longitude":100.5018,"address":null,"status":"CANCELLED","adminNotes":null,"resolvedById":null,"createdAt":"2026-03-04T11:55:33.687Z","respondedAt":null,"resolvedAt":null,"cancelledAt":"2026-03-04T11:55:36.426Z","cancelReason":"False alarm"},{"id":"cmmbz82b8000p5ur5cgo3mhc6","driverId":"cmls724u6000i103oxt5yorji","rideId":null,"type":"VEHICLE_BREAKDOWN","description":"Emergency for admin test","attachments":null,"latitude":13.7563,"longitude":100.5018,"address":null,"status":"CANCELLED","adminNotes":null,"resolvedById":null,"createdAt":"2026-03-04T11:51:52.244Z","respondedAt":null,"resolvedAt":null,"cancelledAt":"2026-03-04T11:51:55.276Z","cancelReason":"False alarm"},{"id":"cmmbz5wpg000j5ur5n8xjfeh8","driverId":"cmls724u6000i103oxt5yorji","rideId":null,"type":"VEHICLE_BREAKDOWN","description":"Emergency for admin test","attachments":null,"latitude":13.7563,"longitude":100.5018,"address":null,"status":"CANCELLED","adminNotes":null,"resolvedById":null,"createdAt":"2026-03-04T11:50:11.668Z","respondedAt":null,"resolvedAt":null,"cancelledAt":"2026-03-04T11:50:14.766Z","cancelReason":"False alarm"}],"pagination":{"page":1,"limit":10,"total":57,"totalPages":6}} 
 </msg>
<msg time="2026-03-04T20:22:03.514078" level="INFO">${resp} = &lt;Response [200]&gt;</msg>
<var>${resp}</var>
<arg>api</arg>
<arg>/emergency/my-emergencies</arg>
<arg>headers=${headers}</arg>
<arg>expected_status=any</arg>
<doc>Sends a GET request on a previously created HTTP Session.</doc>
<status status="PASS" start="2026-03-04T20:22:03.291165" elapsed="0.222940"/>
</kw>
<kw name="Run Keyword If" owner="BuiltIn">
<arg>'${resp.status_code}' != '${STATUS_OK}'</arg>
<arg>Return From Keyword</arg>
<arg>${EMPTY}</arg>
<doc>Runs the given keyword with the given arguments, if ``condition`` is true.</doc>
<status status="PASS" start="2026-03-04T20:22:03.514271" elapsed="0.000768"/>
</kw>
<kw name="Run Keyword And Ignore Error" owner="BuiltIn">
<kw name="Get Length" owner="BuiltIn">
<msg time="2026-03-04T20:22:03.515775" level="INFO">Length is 10.</msg>
<arg>${resp.json()['data']}</arg>
<doc>Returns and logs the length of the given item as an integer.</doc>
<status status="PASS" start="2026-03-04T20:22:03.515305" elapsed="0.000504"/>
</kw>
<msg time="2026-03-04T20:22:03.515876" level="INFO">${ok} = PASS</msg>
<msg time="2026-03-04T20:22:03.515903" level="INFO">${length} = 10</msg>
<var>${ok}</var>
<var>${length}</var>
<arg>Get Length</arg>
<arg>${resp.json()['data']}</arg>
<doc>Runs the given keyword with the given arguments and ignores possible error.</doc>
<status status="PASS" start="2026-03-04T20:22:03.515128" elapsed="0.000788"/>
</kw>
<kw name="Run Keyword If" owner="BuiltIn">
<arg>'${ok}' == 'FAIL'</arg>
<arg>Return From Keyword</arg>
<arg>${EMPTY}</arg>
<doc>Runs the given keyword with the given arguments, if ``condition`` is true.</doc>
<status status="PASS" start="2026-03-04T20:22:03.515986" elapsed="0.000186"/>
</kw>
<kw name="Run Keyword If" owner="BuiltIn">
<arg>${length} == 0</arg>
<arg>Return From Keyword</arg>
<arg>${EMPTY}</arg>
<doc>Runs the given keyword with the given arguments, if ``condition`` is true.</doc>
<status status="PASS" start="2026-03-04T20:22:03.516242" elapsed="0.000174"/>
</kw>
<kw name="Get From List" owner="Collections">
<msg time="2026-03-04T20:22:03.516909" level="INFO">${first} = {'id': 'cmmc2fznf000bo0vgd6h5ifkt', 'driverId': 'cmls724u6000i103oxt5yorji', 'rideId': None, 'type': 'VEHICLE_BREAKDOWN', 'description': 'Emergency for admin test', 'attachments': None, 'latitude': 13...</msg>
<var>${first}</var>
<arg>${resp.json()['data']}</arg>
<arg>0</arg>
<doc>Returns the value specified with an ``index`` from ``list``.</doc>
<status status="PASS" start="2026-03-04T20:22:03.516485" elapsed="0.000443"/>
</kw>
<kw name="Get From Dictionary" owner="Collections">
<msg time="2026-03-04T20:22:03.517099" level="INFO">${id} = cmmc2fznf000bo0vgd6h5ifkt</msg>
<var>${id}</var>
<arg>${first}</arg>
<arg>id</arg>
<doc>Returns a value from the given ``dictionary`` based on the given ``key``.</doc>
<status status="PASS" start="2026-03-04T20:22:03.516994" elapsed="0.000127"/>
</kw>
<return>
<value>${id}</value>
<status status="PASS" start="2026-03-04T20:22:03.517158" elapsed="0.000028"/>
</return>
<msg time="2026-03-04T20:22:03.517265" level="INFO">${id} = cmmc2fznf000bo0vgd6h5ifkt</msg>
<var>${id}</var>
<arg>${headers}</arg>
<status status="PASS" start="2026-03-04T20:22:03.290989" elapsed="0.226291"/>
</kw>
<kw name="Skip If" owner="BuiltIn">
<arg>'${id}' == ''</arg>
<arg>No incident to edit</arg>
<doc>Skips the rest of the current test if the ``condition`` is True.</doc>
<status status="PASS" start="2026-03-04T20:22:03.517503" elapsed="0.000405"/>
</kw>
<kw name="Create Dictionary" owner="BuiltIn">
<msg time="2026-03-04T20:22:03.518340" level="INFO">${body} = {'description': 'Trying to change description'}</msg>
<var>${body}</var>
<arg>description=Trying to change description</arg>
<doc>Creates and returns a dictionary based on the given ``items``.</doc>
<status status="PASS" start="2026-03-04T20:22:03.518128" elapsed="0.000232"/>
</kw>
<kw name="PATCH On Session" owner="RequestsLibrary">
<msg time="2026-03-04T20:22:03.973444" level="INFO">PATCH Request : url=https://painamnaewebapp-production.up.railway.app/api/emergency/cmmc2fznf000bo0vgd6h5ifkt/cancel 
 path_url=/api/emergency/cmmc2fznf000bo0vgd6h5ifkt/cancel 
 headers={'User-Agent': 'python-requests/2.32.5', 'Accept-Encoding': 'gzip, deflate, zstd', 'Accept': '*/*', 'Connection': 'keep-alive', 'Authorization': 'Bearer eyJhbGciOiJIUzI1NiIsInR5cCI6IkpXVCJ9.eyJzdWIiOiJjbWxzNzI0dTYwMDBpMTAzb3h0NXlvcmppIiwicm9sZSI6IkRSSVZFUiIsImlhdCI6MTc3MjYzMDUyMywiZXhwIjoxNzcyNjM0MTIzfQ.AHKE3COSeF4xO-nmNMkJz1jhyseivlOngprStszig4Y', 'Content-Type': 'application/json', 'Content-Length': '47'} 
 body=b'{"description": "Trying to change description"}' 
 </msg>
<msg time="2026-03-04T20:22:03.973533" level="INFO">PATCH Response : url=https://painamnaewebapp-production.up.railway.app/api/emergency/cmmc2fznf000bo0vgd6h5ifkt/cancel 
 status=200, reason=OK 
 headers={'Connection': 'keep-alive', 'Content-Length': '498', 'Access-Control-Allow-Credentials': 'true', 'Content-Security-Policy': "default-src 'self';base-uri 'self';font-src 'self' https: data:;form-action 'self';frame-ancestors 'self';img-src 'self' data:;object-src 'none';script-src 'self';script-src-attr 'none';style-src 'self' https: 'unsafe-inline';upgrade-insecure-requests", 'Content-Type': 'application/json; charset=utf-8', 'Cross-Origin-Opener-Policy': 'same-origin', 'Cross-Origin-Resource-Policy': 'same-origin', 'Etag': 'W/"1f2-NcfuuAmatdJC30U5xTl5MKsANAA"', 'Origin-Agent-Cluster': '?1', 'Referrer-Policy': 'no-referrer', 'Server': 'railway-edge', 'Strict-Transport-Security': 'max-age=15552000; includeSubDomains', 'X-Content-Type-Options': 'nosniff', 'X-Dns-Prefetch-Control': 'off', 'X-Download-Options': 'noopen', 'X-Frame-Options': 'SAMEORIGIN', 'X-Permitted-Cross-Domain-Policies': 'none', 'X-Railway-Edge': 'railway/asia-southeast1-eqsg3a', 'X-Railway-Request-Id': 'ZsZPEp2MQ_KKGNeLV7rehQ', 'X-Xss-Protection': '0', 'Accept-Ranges': 'bytes', 'Via': '1.1 varnish, 1.1 varnish', 'Date': 'Wed, 04 Mar 2026 13:22:03 GMT', 'X-Cache': 'MISS, MISS', 'X-Cache-Hits': '0, 0', 'X-Timer': 'S1772630523.408728,VS0,VE443', 'Vary': 'Origin', 'X-Railway-CDN-Edge': 'fastly/cache-bkk2310029-BKK'} 
 body={"success":true,"message":"Emergency request cancelled","data":{"id":"cmmc2fznf000bo0vgd6h5ifkt","driverId":"cmls724u6000i103oxt5yorji","rideId":null,"type":"VEHICLE_BREAKDOWN","description":"Emergency for admin test","attachments":null,"latitude":13.7563,"longitude":100.5018,"address":null,"status":"CANCELLED","adminNotes":null,"resolvedById":null,"createdAt":"2026-03-04T13:22:00.889Z","respondedAt":null,"resolvedAt":null,"cancelledAt":"2026-03-04T13:22:03.745Z","cancelReason":"False alarm"}} 
 </msg>
<msg time="2026-03-04T20:22:03.973641" level="INFO">${resp} = &lt;Response [200]&gt;</msg>
<var>${resp}</var>
<arg>api</arg>
<arg>/emergency/${id}/cancel</arg>
<arg>json=${body}</arg>
<arg>headers=${headers}</arg>
<arg>expected_status=any</arg>
<doc>Sends a PATCH request on a previously created HTTP Session.</doc>
<status status="PASS" start="2026-03-04T20:22:03.518732" elapsed="0.454928"/>
</kw>
<kw name="Should Be True" owner="BuiltIn">
<arg>${resp.status_code} == ${STATUS_OK} or ${resp.status_code} == ${STATUS_UNAUTHORIZED} or ${resp.status_code} == ${STATUS_NOT_FOUND}</arg>
<doc>Fails if the given condition is not true.</doc>
<status status="PASS" start="2026-03-04T20:22:03.973945" elapsed="0.002331"/>
</kw>
<tag>incident</tag>
<tag>negative</tag>
<tag>security</tag>
<tag>sprint2</tag>
<status status="PASS" start="2026-03-04T20:22:02.948271" elapsed="1.028222"/>
</test>
<kw name="Delete All Sessions" owner="RequestsLibrary" type="TEARDOWN">
<msg time="2026-03-04T20:22:03.977265" level="INFO">Deleting All Sessions</msg>
<doc>Removes all the session objects</doc>
<status status="PASS" start="2026-03-04T20:22:03.977193" elapsed="0.000296"/>
</kw>
<doc>Sprint 2 Feature Tests for Review System</doc>
<status status="PASS" start="2026-03-04T20:21:42.378068" elapsed="21.599447"/>
</suite>
<statistics>
<total>
<stat pass="24" fail="0" skip="0">All Tests</stat>
</total>
<tag>
<stat pass="5" fail="0" skip="0">admin</stat>
<stat pass="1" fail="0" skip="0">create</stat>
<stat pass="7" fail="0" skip="0">incident</stat>
<stat pass="1" fail="0" skip="0">length</stat>
<stat pass="11" fail="0" skip="0">negative</stat>
<stat pass="6" fail="0" skip="0">positive</stat>
<stat pass="4" fail="0" skip="0">security</stat>
<stat pass="24" fail="0" skip="0">sprint2</stat>
<stat pass="1" fail="0" skip="0">time</stat>
<stat pass="1" fail="0" skip="0">ui_logic</stat>
<stat pass="3" fail="0" skip="0">view</stat>
</tag>
<suite>
<stat name="Feature API Tests" id="s1" pass="24" fail="0" skip="0">Feature API Tests</stat>
</suite>
</statistics>
<errors>
</errors>
</robot>
