<?xml version="1.0" encoding="UTF-8"?>
<robot generator="Robot 7.4.1 (Python 3.12.2 on win32)" generated="2026-02-17T16:06:13.954745" rpa="false" schemaversion="5">
<suite id="s1" name="Robot" source="D:\Software Engineer\PaiNamNae\PaiNamNaeWebApp\tests\robot">
<suite id="s1-s1" name="Api Tests" source="D:\Software Engineer\PaiNamNae\PaiNamNaeWebApp\tests\robot\api_tests.robot">
<kw name="Create API Session" owner="common" type="SETUP">
<kw name="Create Session" owner="RequestsLibrary">
<msg time="2026-02-17T16:06:14.075807" level="INFO">Creating Session using : alias=api, url=http://localhost:3000/api, headers={},                     cookies={}, auth=None, timeout=None, proxies=None, verify=False,                     debug=0 </msg>
<arg>api</arg>
<arg>${BASE_URL}</arg>
<arg>verify=${False}</arg>
<doc>Create Session: create a HTTP session to a server</doc>
<status status="PASS" start="2026-02-17T16:06:14.075807" elapsed="0.000000"/>
</kw>
<doc>Create a session for API requests</doc>
<status status="PASS" start="2026-02-17T16:06:14.075807" elapsed="0.001000"/>
</kw>
<test id="s1-s1-t1" name="API Health Check" line="16">
<kw name="GET On Session" owner="RequestsLibrary">
<msg time="2026-02-17T16:06:14.082807" level="INFO">GET Request : url=http://localhost:3000/api/health 
 path_url=/api/health 
 headers={'User-Agent': 'python-requests/2.32.5', 'Accept-Encoding': 'gzip, deflate', 'Accept': '*/*', 'Connection': 'keep-alive'} 
 body=None 
 </msg>
<msg time="2026-02-17T16:06:14.082807" level="INFO">GET Response : url=http://localhost:3000/api/health 
 status=200, reason=OK 
 headers={'Vary': 'Origin', 'Access-Control-Allow-Credentials': 'true', 'Content-Security-Policy': "default-src 'self';base-uri 'self';font-src 'self' https: data:;form-action 'self';frame-ancestors 'self';img-src 'self' data:;object-src 'none';script-src 'self';script-src-attr 'none';style-src 'self' https: 'unsafe-inline';upgrade-insecure-requests", 'Cross-Origin-Opener-Policy': 'same-origin', 'Cross-Origin-Resource-Policy': 'same-origin', 'Origin-Agent-Cluster': '?1', 'Referrer-Policy': 'no-referrer', 'Strict-Transport-Security': 'max-age=15552000; includeSubDomains', 'X-Content-Type-Options': 'nosniff', 'X-DNS-Prefetch-Control': 'off', 'X-Download-Options': 'noopen', 'X-Frame-Options': 'SAMEORIGIN', 'X-Permitted-Cross-Domain-Policies': 'none', 'X-XSS-Protection': '0', 'Content-Type': 'application/json; charset=utf-8', 'Content-Length': '104', 'ETag': 'W/"68-Jbo8bU4PzbMcUGf/GqBMsLYTJkk"', 'Date': 'Tue, 17 Feb 2026 09:06:14 GMT', 'Connection': 'keep-alive', 'Keep-Alive': 'timeout=5'} 
 body={"success":true,"message":"API is running","timestamp":"2026-02-17T09:06:14.081Z","uptime":5448.1382766} 
 </msg>
<msg time="2026-02-17T16:06:14.082807" level="INFO">${response} = &lt;Response [200]&gt;</msg>
<var>${response}</var>
<arg>api</arg>
<arg>/health</arg>
<arg>expected_status=any</arg>
<doc>Sends a GET request on a previously created HTTP Session.</doc>
<status status="PASS" start="2026-02-17T16:06:14.076807" elapsed="0.006000"/>
</kw>
<kw name="Should Be Equal As Strings" owner="BuiltIn">
<msg time="2026-02-17T16:06:14.082807" level="INFO">Argument types are:
&lt;class 'int'&gt;
&lt;class 'str'&gt;</msg>
<arg>${response.status_code}</arg>
<arg>${STATUS_OK}</arg>
<doc>Fails if objects are unequal after converting them to strings.</doc>
<status status="PASS" start="2026-02-17T16:06:14.082807" elapsed="0.000000"/>
</kw>
<doc>ทดสอบว่า API server ทำงานปกติ</doc>
<tag>health</tag>
<tag>smoke</tag>
<status status="PASS" start="2026-02-17T16:06:14.076807" elapsed="0.007504"/>
</test>
<test id="s1-s1-t2" name="Auth - Login With Valid Credentials" line="24">
<kw name="Create Dictionary" owner="BuiltIn">
<msg time="2026-02-17T16:06:14.085316" level="INFO">${body} = {'email': 'admin@painamnae.com', 'password': 'Admin123!'}</msg>
<var>${body}</var>
<arg>email=${ADMIN_EMAIL}</arg>
<arg>password=${ADMIN_PASSWORD}</arg>
<doc>Creates and returns a dictionary based on the given ``items``.</doc>
<status status="PASS" start="2026-02-17T16:06:14.084311" elapsed="0.001005"/>
</kw>
<kw name="POST On Session" owner="RequestsLibrary">
<msg time="2026-02-17T16:06:14.138784" level="INFO">POST Request : url=http://localhost:3000/api/auth/login 
 path_url=/api/auth/login 
 headers={'User-Agent': 'python-requests/2.32.5', 'Accept-Encoding': 'gzip, deflate', 'Accept': '*/*', 'Connection': 'keep-alive', 'Content-Length': '57', 'Content-Type': 'application/json'} 
 body=b'{"email": "admin@painamnae.com", "password": "Admin123!"}' 
 </msg>
<msg time="2026-02-17T16:06:14.138784" level="INFO">POST Response : url=http://localhost:3000/api/auth/login 
 status=200, reason=OK 
 headers={'Vary': 'Origin', 'Access-Control-Allow-Credentials': 'true', 'Content-Security-Policy': "default-src 'self';base-uri 'self';font-src 'self' https: data:;form-action 'self';frame-ancestors 'self';img-src 'self' data:;object-src 'none';script-src 'self';script-src-attr 'none';style-src 'self' https: 'unsafe-inline';upgrade-insecure-requests", 'Cross-Origin-Opener-Policy': 'same-origin', 'Cross-Origin-Resource-Policy': 'same-origin', 'Origin-Agent-Cluster': '?1', 'Referrer-Policy': 'no-referrer', 'Strict-Transport-Security': 'max-age=15552000; includeSubDomains', 'X-Content-Type-Options': 'nosniff', 'X-DNS-Prefetch-Control': 'off', 'X-Download-Options': 'noopen', 'X-Frame-Options': 'SAMEORIGIN', 'X-Permitted-Cross-Domain-Policies': 'none', 'X-XSS-Protection': '0', 'Content-Type': 'application/json; charset=utf-8', 'Content-Length': '519', 'ETag': 'W/"207-ff4pVwqJE9S92R5LJNpD/oSjZ2A"', 'Date': 'Tue, 17 Feb 2026 09:06:14 GMT', 'Connection': 'keep-alive', 'Keep-Alive': 'timeout=5'} 
 body={"success":true,"message":"Login successful","data":{"token":"eyJhbGciOiJIUzI1NiIsInR5cCI6IkpXVCJ9.eyJzdWIiOiJjbWxtNTE2MHkwMDAwbXR2bWJ0NmVsZ21lIiwicm9sZSI6IkFETUlOIiwiaWF0IjoxNzcxMzE5MTc0LCJleHAiOjE3NzEzMjI3NzR9.zsPevlzsQ4Mk-aG7R0PiGwrjsHEP9zs4ERf2oQlOxYo","user":{"id":"cmlm5160y0000mtvmbt6elgme","firstName":"Admin","lastName":"PaiNamNae","profilePicture":null,"role":"ADMIN","passengerSuspendedUntil":null,"driverSuspendedUntil":null,"status":"ACTIVE","deletedAt":null,"scheduledDeleteAt":null,"deleteReason":null}}} 
 </msg>
<msg time="2026-02-17T16:06:14.138784" level="INFO">${response} = &lt;Response [200]&gt;</msg>
<var>${response}</var>
<arg>api</arg>
<arg>/auth/login</arg>
<arg>json=${body}</arg>
<arg>expected_status=any</arg>
<doc>Sends a POST request on a previously created HTTP Session.</doc>
<status status="PASS" start="2026-02-17T16:06:14.085316" elapsed="0.053468"/>
</kw>
<kw name="Log" owner="BuiltIn">
<msg time="2026-02-17T16:06:14.139784" level="INFO">Response: {'success': True, 'message': 'Login successful', 'data': {'token': 'eyJhbGciOiJIUzI1NiIsInR5cCI6IkpXVCJ9.eyJzdWIiOiJjbWxtNTE2MHkwMDAwbXR2bWJ0NmVsZ21lIiwicm9sZSI6IkFETUlOIiwiaWF0IjoxNzcxMzE5MTc0LCJleHAiOjE3NzEzMjI3NzR9.zsPevlzsQ4Mk-aG7R0PiGwrjsHEP9zs4ERf2oQlOxYo', 'user': {'id': 'cmlm5160y0000mtvmbt6elgme', 'firstName': 'Admin', 'lastName': 'PaiNamNae', 'profilePicture': None, 'role': 'ADMIN', 'passengerSuspendedUntil': None, 'driverSuspendedUntil': None, 'status': 'ACTIVE', 'deletedAt': None, 'scheduledDeleteAt': None, 'deleteReason': None}}}</msg>
<arg>Response: ${response.json()}</arg>
<doc>Logs the given message with the given level.</doc>
<status status="PASS" start="2026-02-17T16:06:14.138784" elapsed="0.001000"/>
</kw>
<kw name="Run Keyword If" owner="BuiltIn">
<kw name="Validate Response Success" owner="common">
<kw name="Set Variable" owner="BuiltIn">
<msg time="2026-02-17T16:06:14.140784" level="INFO">${json} = {'success': True, 'message': 'Login successful', 'data': {'token': 'eyJhbGciOiJIUzI1NiIsInR5cCI6IkpXVCJ9.eyJzdWIiOiJjbWxtNTE2MHkwMDAwbXR2bWJ0NmVsZ21lIiwicm9sZSI6IkFETUlOIiwiaWF0IjoxNzcxMzE5MTc0LCJleHA...</msg>
<var>${json}</var>
<arg>${response.json()}</arg>
<doc>Returns the given values which can then be assigned to a variables.</doc>
<status status="PASS" start="2026-02-17T16:06:14.140784" elapsed="0.000000"/>
</kw>
<kw name="Should Be True" owner="BuiltIn">
<arg>${json['success']}</arg>
<doc>Fails if the given condition is not true.</doc>
<status status="PASS" start="2026-02-17T16:06:14.140784" elapsed="0.000000"/>
</kw>
<arg>${response}</arg>
<doc>Validate that response has success: true</doc>
<status status="PASS" start="2026-02-17T16:06:14.139784" elapsed="0.001000"/>
</kw>
<arg>${response.status_code} == 200</arg>
<arg>Validate Response Success</arg>
<arg>${response}</arg>
<doc>Runs the given keyword with the given arguments, if ``condition`` is true.</doc>
<status status="PASS" start="2026-02-17T16:06:14.139784" elapsed="0.001000"/>
</kw>
<doc>ทดสอบการ login ด้วย credentials ที่ถูกต้อง</doc>
<tag>auth</tag>
<tag>smoke</tag>
<status status="PASS" start="2026-02-17T16:06:14.084311" elapsed="0.056473"/>
</test>
<test id="s1-s1-t3" name="Auth - Login With Invalid Credentials" line="33">
<kw name="Create Dictionary" owner="BuiltIn">
<msg time="2026-02-17T16:06:14.141784" level="INFO">${body} = {'email': 'invalid@test.com', 'password': 'wrongpassword'}</msg>
<var>${body}</var>
<arg>email=invalid@test.com</arg>
<arg>password=wrongpassword</arg>
<doc>Creates and returns a dictionary based on the given ``items``.</doc>
<status status="PASS" start="2026-02-17T16:06:14.141784" elapsed="0.000000"/>
</kw>
<kw name="POST On Session" owner="RequestsLibrary">
<msg time="2026-02-17T16:06:14.145294" level="INFO">POST Request : url=http://localhost:3000/api/auth/login 
 path_url=/api/auth/login 
 headers={'User-Agent': 'python-requests/2.32.5', 'Accept-Encoding': 'gzip, deflate', 'Accept': '*/*', 'Connection': 'keep-alive', 'Content-Length': '58', 'Content-Type': 'application/json'} 
 body=b'{"email": "invalid@test.com", "password": "wrongpassword"}' 
 </msg>
<msg time="2026-02-17T16:06:14.145294" level="INFO">POST Response : url=http://localhost:3000/api/auth/login 
 status=401, reason=Unauthorized 
 headers={'Vary': 'Origin', 'Access-Control-Allow-Credentials': 'true', 'Content-Security-Policy': "default-src 'self';base-uri 'self';font-src 'self' https: data:;form-action 'self';frame-ancestors 'self';img-src 'self' data:;object-src 'none';script-src 'self';script-src-attr 'none';style-src 'self' https: 'unsafe-inline';upgrade-insecure-requests", 'Cross-Origin-Opener-Policy': 'same-origin', 'Cross-Origin-Resource-Policy': 'same-origin', 'Origin-Agent-Cluster': '?1', 'Referrer-Policy': 'no-referrer', 'Strict-Transport-Security': 'max-age=15552000; includeSubDomains', 'X-Content-Type-Options': 'nosniff', 'X-DNS-Prefetch-Control': 'off', 'X-Download-Options': 'noopen', 'X-Frame-Options': 'SAMEORIGIN', 'X-Permitted-Cross-Domain-Policies': 'none', 'X-XSS-Protection': '0', 'Content-Type': 'application/json; charset=utf-8', 'Content-Length': '61', 'ETag': 'W/"3d-0toiamGqKJ3JkE3ODE9GMUIG1zo"', 'Date': 'Tue, 17 Feb 2026 09:06:14 GMT', 'Connection': 'keep-alive', 'Keep-Alive': 'timeout=5'} 
 body={"success":false,"message":"Invalid credentials","data":null} 
 </msg>
<msg time="2026-02-17T16:06:14.145294" level="INFO">${response} = &lt;Response [401]&gt;</msg>
<var>${response}</var>
<arg>api</arg>
<arg>/auth/login</arg>
<arg>json=${body}</arg>
<arg>expected_status=any</arg>
<doc>Sends a POST request on a previously created HTTP Session.</doc>
<status status="PASS" start="2026-02-17T16:06:14.141784" elapsed="0.003510"/>
</kw>
<kw name="Should Be Equal As Strings" owner="BuiltIn">
<msg time="2026-02-17T16:06:14.146293" level="INFO">Argument types are:
&lt;class 'int'&gt;
&lt;class 'str'&gt;</msg>
<arg>${response.status_code}</arg>
<arg>${STATUS_UNAUTHORIZED}</arg>
<doc>Fails if objects are unequal after converting them to strings.</doc>
<status status="PASS" start="2026-02-17T16:06:14.145294" elapsed="0.000999"/>
</kw>
<doc>ทดสอบการ login ด้วย credentials ที่ไม่ถูกต้อง</doc>
<tag>auth</tag>
<tag>negative</tag>
<status status="PASS" start="2026-02-17T16:06:14.141784" elapsed="0.004509"/>
</test>
<test id="s1-s1-t4" name="Auth - Login With Missing Fields" line="40">
<kw name="Create Dictionary" owner="BuiltIn">
<msg time="2026-02-17T16:06:14.147293" level="INFO">${body} = {'email': 'test@example.com'}</msg>
<var>${body}</var>
<arg>email=test@example.com</arg>
<doc>Creates and returns a dictionary based on the given ``items``.</doc>
<status status="PASS" start="2026-02-17T16:06:14.147293" elapsed="0.000000"/>
</kw>
<kw name="POST On Session" owner="RequestsLibrary">
<msg time="2026-02-17T16:06:14.149293" level="INFO">POST Request : url=http://localhost:3000/api/auth/login 
 path_url=/api/auth/login 
 headers={'User-Agent': 'python-requests/2.32.5', 'Accept-Encoding': 'gzip, deflate', 'Accept': '*/*', 'Connection': 'keep-alive', 'Content-Length': '29', 'Content-Type': 'application/json'} 
 body=b'{"email": "test@example.com"}' 
 </msg>
<msg time="2026-02-17T16:06:14.150293" level="INFO">POST Response : url=http://localhost:3000/api/auth/login 
 status=400, reason=Bad Request 
 headers={'Vary': 'Origin', 'Access-Control-Allow-Credentials': 'true', 'Content-Security-Policy': "default-src 'self';base-uri 'self';font-src 'self' https: data:;form-action 'self';frame-ancestors 'self';img-src 'self' data:;object-src 'none';script-src 'self';script-src-attr 'none';style-src 'self' https: 'unsafe-inline';upgrade-insecure-requests", 'Cross-Origin-Opener-Policy': 'same-origin', 'Cross-Origin-Resource-Policy': 'same-origin', 'Origin-Agent-Cluster': '?1', 'Referrer-Policy': 'no-referrer', 'Strict-Transport-Security': 'max-age=15552000; includeSubDomains', 'X-Content-Type-Options': 'nosniff', 'X-DNS-Prefetch-Control': 'off', 'X-Download-Options': 'noopen', 'X-Frame-Options': 'SAMEORIGIN', 'X-Permitted-Cross-Domain-Policies': 'none', 'X-XSS-Protection': '0', 'Content-Type': 'application/json; charset=utf-8', 'Content-Length': '84', 'ETag': 'W/"54-as5NFDxSfwiUIpn9d536w1YQnnk"', 'Date': 'Tue, 17 Feb 2026 09:06:14 GMT', 'Connection': 'keep-alive', 'Keep-Alive': 'timeout=5'} 
 body={"success":false,"message":"Validation error: body.password - Required","data":null} 
 </msg>
<msg time="2026-02-17T16:06:14.150293" level="INFO">${response} = &lt;Response [400]&gt;</msg>
<var>${response}</var>
<arg>api</arg>
<arg>/auth/login</arg>
<arg>json=${body}</arg>
<arg>expected_status=any</arg>
<doc>Sends a POST request on a previously created HTTP Session.</doc>
<status status="PASS" start="2026-02-17T16:06:14.147293" elapsed="0.003000"/>
</kw>
<kw name="Should Be True" owner="BuiltIn">
<arg>${response.status_code} &gt;= 400</arg>
<doc>Fails if the given condition is not true.</doc>
<status status="PASS" start="2026-02-17T16:06:14.150293" elapsed="0.000999"/>
</kw>
<doc>ทดสอบการ login โดยไม่ส่ง required fields</doc>
<tag>auth</tag>
<tag>negative</tag>
<tag>validation</tag>
<status status="PASS" start="2026-02-17T16:06:14.146293" elapsed="0.004999"/>
</test>
<test id="s1-s1-t5" name="Auth - Register With Invalid Email" line="47">
<kw name="Create Dictionary" owner="BuiltIn">
<msg time="2026-02-17T16:06:14.152293" level="INFO">${body} = {'email': 'invalid-email', 'username': 'testuser123', 'password': 'TestPass123!', 'firstName': 'Test', 'lastName': 'User', 'phoneNumber': '0812345678', 'gender': 'MALE', 'nationalIdNumber': '123456789...</msg>
<var>${body}</var>
<arg>email=invalid-email</arg>
<arg>username=${TEST_USERNAME}</arg>
<arg>password=${TEST_PASSWORD}</arg>
<arg>firstName=${TEST_FIRST_NAME}</arg>
<arg>lastName=${TEST_LAST_NAME}</arg>
<arg>phoneNumber=${TEST_PHONE}</arg>
<arg>gender=MALE</arg>
<arg>nationalIdNumber=1234567890123</arg>
<arg>nationalIdExpiryDate=2030-01-01T00:00:00.000Z</arg>
<doc>Creates and returns a dictionary based on the given ``items``.</doc>
<status status="PASS" start="2026-02-17T16:06:14.152293" elapsed="0.000000"/>
</kw>
<kw name="POST On Session" owner="RequestsLibrary">
<msg time="2026-02-17T16:06:14.154798" level="INFO">POST Request : url=http://localhost:3000/api/auth/register 
 path_url=/api/auth/register 
 headers={'User-Agent': 'python-requests/2.32.5', 'Accept-Encoding': 'gzip, deflate', 'Accept': '*/*', 'Connection': 'keep-alive', 'Content-Length': '258', 'Content-Type': 'application/json'} 
 body=b'{"email": "invalid-email", "username": "testuser123", "password": "TestPass123!", "firstName": "Test", "lastName": "User", "phoneNumber": "0812345678", "gender": "MALE", "nationalIdNumber": "1234567890123", "nationalIdExpiryDate": "2030-01-01T00:00:00.000Z"}' 
 </msg>
<msg time="2026-02-17T16:06:14.154798" level="INFO">POST Response : url=http://localhost:3000/api/auth/register 
 status=404, reason=Not Found 
 headers={'Vary': 'Origin', 'Access-Control-Allow-Credentials': 'true', 'Content-Security-Policy': "default-src 'self';base-uri 'self';font-src 'self' https: data:;form-action 'self';frame-ancestors 'self';img-src 'self' data:;object-src 'none';script-src 'self';script-src-attr 'none';style-src 'self' https: 'unsafe-inline';upgrade-insecure-requests", 'Cross-Origin-Opener-Policy': 'same-origin', 'Cross-Origin-Resource-Policy': 'same-origin', 'Origin-Agent-Cluster': '?1', 'Referrer-Policy': 'no-referrer', 'Strict-Transport-Security': 'max-age=15552000; includeSubDomains', 'X-Content-Type-Options': 'nosniff', 'X-DNS-Prefetch-Control': 'off', 'X-Download-Options': 'noopen', 'X-Frame-Options': 'SAMEORIGIN', 'X-Permitted-Cross-Domain-Policies': 'none', 'X-XSS-Protection': '0', 'Content-Type': 'application/json; charset=utf-8', 'Content-Length': '72', 'ETag': 'W/"48-jaJbqON5tXjfXw2NGnziwlMNRUM"', 'Date': 'Tue, 17 Feb 2026 09:06:14 GMT', 'Connection': 'keep-alive', 'Keep-Alive': 'timeout=5'} 
 body={"success":false,"message":"Cannot POST /api/auth/register","data":null} 
 </msg>
<msg time="2026-02-17T16:06:14.154798" level="INFO">${response} = &lt;Response [404]&gt;</msg>
<var>${response}</var>
<arg>api</arg>
<arg>/auth/register</arg>
<arg>json=${body}</arg>
<arg>expected_status=any</arg>
<doc>Sends a POST request on a previously created HTTP Session.</doc>
<status status="PASS" start="2026-02-17T16:06:14.152293" elapsed="0.002505"/>
</kw>
<kw name="Should Be True" owner="BuiltIn">
<arg>${response.status_code} &gt;= 400</arg>
<doc>Fails if the given condition is not true.</doc>
<status status="PASS" start="2026-02-17T16:06:14.155804" elapsed="0.000000"/>
</kw>
<doc>ทดสอบการลงทะเบียนด้วย email ที่ไม่ถูกต้อง</doc>
<tag>auth</tag>
<tag>negative</tag>
<tag>validation</tag>
<status status="PASS" start="2026-02-17T16:06:14.151292" elapsed="0.004512"/>
</test>
<test id="s1-s1-t6" name="Auth - Register With Short Username" line="63">
<kw name="Create Dictionary" owner="BuiltIn">
<msg time="2026-02-17T16:06:14.157808" level="INFO">${body} = {'email': 'newuser@test.com', 'username': 'abc', 'password': 'TestPass123!', 'firstName': 'Test', 'lastName': 'User', 'phoneNumber': '0812345678', 'gender': 'MALE', 'nationalIdNumber': '1234567890123'...</msg>
<var>${body}</var>
<arg>email=newuser@test.com</arg>
<arg>username=abc</arg>
<arg>password=${TEST_PASSWORD}</arg>
<arg>firstName=${TEST_FIRST_NAME}</arg>
<arg>lastName=${TEST_LAST_NAME}</arg>
<arg>phoneNumber=${TEST_PHONE}</arg>
<arg>gender=MALE</arg>
<arg>nationalIdNumber=1234567890123</arg>
<arg>nationalIdExpiryDate=2030-01-01T00:00:00.000Z</arg>
<doc>Creates and returns a dictionary based on the given ``items``.</doc>
<status status="PASS" start="2026-02-17T16:06:14.156808" elapsed="0.001000"/>
</kw>
<kw name="POST On Session" owner="RequestsLibrary">
<msg time="2026-02-17T16:06:14.159809" level="INFO">POST Request : url=http://localhost:3000/api/auth/register 
 path_url=/api/auth/register 
 headers={'User-Agent': 'python-requests/2.32.5', 'Accept-Encoding': 'gzip, deflate', 'Accept': '*/*', 'Connection': 'keep-alive', 'Content-Length': '253', 'Content-Type': 'application/json'} 
 body=b'{"email": "newuser@test.com", "username": "abc", "password": "TestPass123!", "firstName": "Test", "lastName": "User", "phoneNumber": "0812345678", "gender": "MALE", "nationalIdNumber": "1234567890123", "nationalIdExpiryDate": "2030-01-01T00:00:00.000Z"}' 
 </msg>
<msg time="2026-02-17T16:06:14.159809" level="INFO">POST Response : url=http://localhost:3000/api/auth/register 
 status=404, reason=Not Found 
 headers={'Vary': 'Origin', 'Access-Control-Allow-Credentials': 'true', 'Content-Security-Policy': "default-src 'self';base-uri 'self';font-src 'self' https: data:;form-action 'self';frame-ancestors 'self';img-src 'self' data:;object-src 'none';script-src 'self';script-src-attr 'none';style-src 'self' https: 'unsafe-inline';upgrade-insecure-requests", 'Cross-Origin-Opener-Policy': 'same-origin', 'Cross-Origin-Resource-Policy': 'same-origin', 'Origin-Agent-Cluster': '?1', 'Referrer-Policy': 'no-referrer', 'Strict-Transport-Security': 'max-age=15552000; includeSubDomains', 'X-Content-Type-Options': 'nosniff', 'X-DNS-Prefetch-Control': 'off', 'X-Download-Options': 'noopen', 'X-Frame-Options': 'SAMEORIGIN', 'X-Permitted-Cross-Domain-Policies': 'none', 'X-XSS-Protection': '0', 'Content-Type': 'application/json; charset=utf-8', 'Content-Length': '72', 'ETag': 'W/"48-jaJbqON5tXjfXw2NGnziwlMNRUM"', 'Date': 'Tue, 17 Feb 2026 09:06:14 GMT', 'Connection': 'keep-alive', 'Keep-Alive': 'timeout=5'} 
 body={"success":false,"message":"Cannot POST /api/auth/register","data":null} 
 </msg>
<msg time="2026-02-17T16:06:14.159809" level="INFO">${response} = &lt;Response [404]&gt;</msg>
<var>${response}</var>
<arg>api</arg>
<arg>/auth/register</arg>
<arg>json=${body}</arg>
<arg>expected_status=any</arg>
<doc>Sends a POST request on a previously created HTTP Session.</doc>
<status status="PASS" start="2026-02-17T16:06:14.157808" elapsed="0.002001"/>
</kw>
<kw name="Should Be True" owner="BuiltIn">
<arg>${response.status_code} &gt;= 400</arg>
<doc>Fails if the given condition is not true.</doc>
<status status="PASS" start="2026-02-17T16:06:14.159809" elapsed="0.000999"/>
</kw>
<kw name="Log" owner="BuiltIn">
<msg time="2026-02-17T16:06:14.160808" level="INFO">Username validation: Short username should be rejected</msg>
<arg>Username validation: Short username should be rejected</arg>
<doc>Logs the given message with the given level.</doc>
<status status="PASS" start="2026-02-17T16:06:14.160808" elapsed="0.000000"/>
</kw>
<doc>ทดสอบการลงทะเบียนด้วย username สั้นกว่า 6 ตัวอักษร</doc>
<tag>auth</tag>
<tag>bug-fix</tag>
<tag>negative</tag>
<tag>validation</tag>
<status status="PASS" start="2026-02-17T16:06:14.156808" elapsed="0.004000"/>
</test>
<test id="s1-s1-t7" name="Auth - Register With Invalid Phone Number" line="80">
<kw name="Create Dictionary" owner="BuiltIn">
<msg time="2026-02-17T16:06:14.162809" level="INFO">${body} = {'email': 'phonetest@test.com', 'username': 'phonetestuser', 'password': 'TestPass123!', 'firstName': 'Test', 'lastName': 'User', 'phoneNumber': '081234567', 'gender': 'MALE', 'nationalIdNumber': '123...</msg>
<var>${body}</var>
<arg>email=phonetest@test.com</arg>
<arg>username=phonetestuser</arg>
<arg>password=${TEST_PASSWORD}</arg>
<arg>firstName=${TEST_FIRST_NAME}</arg>
<arg>lastName=${TEST_LAST_NAME}</arg>
<arg>phoneNumber=081234567</arg>
<arg>gender=MALE</arg>
<arg>nationalIdNumber=1234567890123</arg>
<arg>nationalIdExpiryDate=2030-01-01T00:00:00.000Z</arg>
<doc>Creates and returns a dictionary based on the given ``items``.</doc>
<status status="PASS" start="2026-02-17T16:06:14.161809" elapsed="0.001000"/>
</kw>
<kw name="POST On Session" owner="RequestsLibrary">
<msg time="2026-02-17T16:06:14.165319" level="INFO">POST Request : url=http://localhost:3000/api/auth/register 
 path_url=/api/auth/register 
 headers={'User-Agent': 'python-requests/2.32.5', 'Accept-Encoding': 'gzip, deflate', 'Accept': '*/*', 'Connection': 'keep-alive', 'Content-Length': '264', 'Content-Type': 'application/json'} 
 body=b'{"email": "phonetest@test.com", "username": "phonetestuser", "password": "TestPass123!", "firstName": "Test", "lastName": "User", "phoneNumber": "081234567", "gender": "MALE", "nationalIdNumber": "1234567890123", "nationalIdExpiryDate": "2030-01-01T00:00:00.000Z"}' 
 </msg>
<msg time="2026-02-17T16:06:14.165319" level="INFO">POST Response : url=http://localhost:3000/api/auth/register 
 status=404, reason=Not Found 
 headers={'Vary': 'Origin', 'Access-Control-Allow-Credentials': 'true', 'Content-Security-Policy': "default-src 'self';base-uri 'self';font-src 'self' https: data:;form-action 'self';frame-ancestors 'self';img-src 'self' data:;object-src 'none';script-src 'self';script-src-attr 'none';style-src 'self' https: 'unsafe-inline';upgrade-insecure-requests", 'Cross-Origin-Opener-Policy': 'same-origin', 'Cross-Origin-Resource-Policy': 'same-origin', 'Origin-Agent-Cluster': '?1', 'Referrer-Policy': 'no-referrer', 'Strict-Transport-Security': 'max-age=15552000; includeSubDomains', 'X-Content-Type-Options': 'nosniff', 'X-DNS-Prefetch-Control': 'off', 'X-Download-Options': 'noopen', 'X-Frame-Options': 'SAMEORIGIN', 'X-Permitted-Cross-Domain-Policies': 'none', 'X-XSS-Protection': '0', 'Content-Type': 'application/json; charset=utf-8', 'Content-Length': '72', 'ETag': 'W/"48-jaJbqON5tXjfXw2NGnziwlMNRUM"', 'Date': 'Tue, 17 Feb 2026 09:06:14 GMT', 'Connection': 'keep-alive', 'Keep-Alive': 'timeout=5'} 
 body={"success":false,"message":"Cannot POST /api/auth/register","data":null} 
 </msg>
<msg time="2026-02-17T16:06:14.165319" level="INFO">${response} = &lt;Response [404]&gt;</msg>
<var>${response}</var>
<arg>api</arg>
<arg>/auth/register</arg>
<arg>json=${body}</arg>
<arg>expected_status=any</arg>
<doc>Sends a POST request on a previously created HTTP Session.</doc>
<status status="PASS" start="2026-02-17T16:06:14.162809" elapsed="0.002510"/>
</kw>
<kw name="Should Be True" owner="BuiltIn">
<arg>${response.status_code} &gt;= 400</arg>
<doc>Fails if the given condition is not true.</doc>
<status status="PASS" start="2026-02-17T16:06:14.165319" elapsed="0.000999"/>
</kw>
<kw name="Log" owner="BuiltIn">
<msg time="2026-02-17T16:06:14.166318" level="INFO">Phone validation: 9-digit phone should be rejected</msg>
<arg>Phone validation: 9-digit phone should be rejected</arg>
<doc>Logs the given message with the given level.</doc>
<status status="PASS" start="2026-02-17T16:06:14.166318" elapsed="0.000000"/>
</kw>
<doc>ทดสอบการลงทะเบียนด้วยเบอร์โทรน้อยกว่า 10 หลัก</doc>
<tag>auth</tag>
<tag>bug-fix</tag>
<tag>negative</tag>
<tag>validation</tag>
<status status="PASS" start="2026-02-17T16:06:14.161809" elapsed="0.004509"/>
</test>
<test id="s1-s1-t8" name="Routes - Get All Routes (Public)" line="99">
<kw name="GET On Session" owner="RequestsLibrary">
<msg time="2026-02-17T16:06:14.176491" level="INFO">GET Request : url=http://localhost:3000/api/routes 
 path_url=/api/routes 
 headers={'User-Agent': 'python-requests/2.32.5', 'Accept-Encoding': 'gzip, deflate', 'Accept': '*/*', 'Connection': 'keep-alive'} 
 body=None 
 </msg>
<msg time="2026-02-17T16:06:14.176491" level="INFO">GET Response : url=http://localhost:3000/api/routes 
 status=200, reason=OK 
 headers={'Vary': 'Origin', 'Access-Control-Allow-Credentials': 'true', 'Content-Security-Policy': "default-src 'self';base-uri 'self';font-src 'self' https: data:;form-action 'self';frame-ancestors 'self';img-src 'self' data:;object-src 'none';script-src 'self';script-src-attr 'none';style-src 'self' https: 'unsafe-inline';upgrade-insecure-requests", 'Cross-Origin-Opener-Policy': 'same-origin', 'Cross-Origin-Resource-Policy': 'same-origin', 'Origin-Agent-Cluster': '?1', 'Referrer-Policy': 'no-referrer', 'Strict-Transport-Security': 'max-age=15552000; includeSubDomains', 'X-Content-Type-Options': 'nosniff', 'X-DNS-Prefetch-Control': 'off', 'X-Download-Options': 'noopen', 'X-Frame-Options': 'SAMEORIGIN', 'X-Permitted-Cross-Domain-Policies': 'none', 'X-XSS-Protection': '0', 'Content-Type': 'application/json; charset=utf-8', 'Content-Length': '173404', 'ETag': 'W/"2a55c-al2633wdYBCUO4+5j+y7Klsbu2Y"', 'Date': 'Tue, 17 Feb 2026 09:06:14 GMT', 'Connection': 'keep-alive', 'Keep-Alive': 'timeout=5'} 
 body={"success":true,"message":"Routes retrieved successfully","data":[{"id":"cmlqa8uz00001agrnjeoss1x2","driverId":"cmlq8j1c60000ocrh5hw90myz","vehicleId":"cmlq8n1cd0009ocrh85maywfm","startLocation":{"lat":14.86340815890085,"lng":102.028899609375,"name":"โรงจัดการขยะแบบครบวงจร มหาวิทยาลัยเทคโนโลยีสุรนารี","address":"V27H+556 ตำบล สุรนารี อำเภอเมืองนครราชสีมา นครราชสีมา 30000 ประเทศ"},"endLocation":{"lat":13.71361132915011,"lng":100.622649609375,"name":"59 สุขุมวิท 77","address":"59 สุขุมวิท 77 แขวงสวนหลวง เขตสวนหลวง กรุงเทพมหานคร 10250 ประเทศ"},"departureTime":"2026-02-28T11:30:00.000Z","availableSeats":3,"pricePerSeat":1400,"conditions":"ห้ามอวก","status":"AVAILABLE","cancelledAt":null,"cancelledBy":null,"routePolyline":"ccvyAirvmRiIvJuJ`Ry[|jAkBjEeAtAsBzAtA~B|BjEhBrDp@nAtHvIpLnOxD`AvKv@vA~HrChTSfCkBjCs|@~Zwu@~WkOdGyi@j@mWxGoZ\\am@`_@w[|Hi_@|Aip@`R}MtD_FxB~@tCpFrRzRtm@~Rjn@~\\`fAn{@`nCjmA`yDvqBtlGbVvu@xPzj@hClUQnq@Sno@kAzaDq@|~BqAljDz@nw@hW|aBpUb{A`Z~iBv|@b{F`w@n_FOpS}DtOsVxo@wg@fsA}@bPjF~W~E`P~Ynv@da@|^rr@b^lc@bUtMbHhPzDxSMzV`Ivf@pFfOhCbJfG~Op[|GrN|QhS|q@hOhbAbQ|nBx]ddBj[zJnBt[tRb\\lXb_CdoBpcEjjDtZxWxVnZ~I~q@hH`y@fL|qAfRbxBxWffDrBpWtJnV`O`_@bB~X\\|SuBbPoQ|SkKzZyGjn@vItp@z[lnB|J|XnX`_@|I|b@xXhzB~b@blDjWjvBjB|]{Gha@sRrbAsE~b@vBhl@|[b{@lLba@bDtWo@dF}JtVcWrOmK|G_F`JwFnXg@|\\~BxHfBxLkCbU~@pF`E|Jo@tEkE~LcC|YMtp@rHhgAtWpgA`Q|O|`@bZ`Yz|@pd@nm@dOn\\pQxi@rg@j|Azl@~fBbuBrpGpd@loAlpCvcChcAxlAhp@ffAx]~\\nKrNpCpP|Ani@vB~^xx@cKt\\kDpU^jb@hE`XjClp@pLhg@xMzk@hOnbCtn@bi@fN~w@hPjxEhh@~qAjNfn@tNzjA~e@bu@xK|ZvUff@~d@`q@bp@fM|QpTzb@tEzE`cAfp@bkB~iAfoB~lA`_@tUtOhXpvBf{ExrBzrEzFhSE~K\\l\\zq@v_BbiEvyJde@`bAtOv@xP}Fdy@q^bKiBt_@nC`HKfRcH~e@cUz|Ays@vhF_cCd}B{dAl~B}M~bB}Hl`DGhUoDng@yPpk@wR|sAsd@l]aKzPq@~a@Vdy@p@h|@Sn~@dA|jAtPhvA|Uvt@nQd{@h\\rR`IfI\\xKFjHbE|ErPJxKvB|t@hA`fAdJrk@pTfj@dTlZvWfQ|l@`Ph|@tF~WtBjPtGnHhEhS~CtZbItRnIn}@r`@vo@bUbn@nQrfArh@bnCr`AhVlGxgAxHbSlNta@p[`_@vVhNM~MkJzPc\\|KiL`]qCj]nBvu@t@nj@sBxq@rWp^dSxKlDfMgEt@qC{DcJiLpEqEvDuBbDt@eDzCiCbBaA}AwDoEuIuB_E_D_I_DgMvC}LrImR|E{Xa@gWi@cLSaE}BoA_FDuDlBaEB[I","distanceMeters":263414,"durationSeconds":12653,"routeSummary":"AH12","distance":"263 กม.","duration":"3 ชั่วโมง 31 นาที","waypoints":{"requested":[],"optimizedOrder":[],"used":[],"optimize":true},"landmarks":{"overview_polyline":"ccvyAirvmRiIvJuJ`Ry[|jAkBjEeAtAsBzAtA~B|BjEhBrDp@nAtHvIpLnOxD`AvKv@vA~HrChTSfCkBjCs|@~Zwu@~WkOdGyi@j@mWxGoZ\\am@`_@w[|Hi_@|Aip@`R}MtD_FxB~@tCpFrRzRtm@~Rjn@~\\`fAn{@`nCjmA`yDvqBtlGbVvu@xPzj@hClUQnq@Sno@kAzaDq@|~BqAljDz@nw@hW|aBpUb{A`Z~iBv|@b{F`w@n_FOpS}DtOsVxo@wg@fsA}@bPjF~W~E`P~Ynv@da@|^rr@b^lc@bUtMbHhPzDxSMzV`Ivf@pFfOhCbJfG~Op[|GrN|QhS|q@hOhbAbQ|nBx]ddBj[zJnBt[tRb\\lXb_CdoBpcEjjDtZxWxVnZ~I~q@hH`y@fL|qAfRbxBxWffDrBpWtJnV`O`_@bB~X\\|SuBbPoQ|SkKzZyGjn@vItp@z[lnB|J|XnX`_@|I|b@xXhzB~b@blDjWjvBjB|]{Gha@sRrbAsE~b@vBhl@|[b{@lLba@bDtWo@dF}JtVcWrOmK|G_F`JwFnXg@|\\~BxHfBxLkCbU~@pF`E|Jo@tEkE~LcC|YMtp@rHhgAtWpgA`Q|O|`@bZ`Yz|@pd@nm@dOn\\pQxi@rg@j|Azl@~fBbuBrpGpd@loAlpCvcChcAxlAhp@ffAx]~\\nKrNpCpP|Ani@vB~^xx@cKt\\kDpU^jb@hE`XjClp@pLhg@xMzk@hOnbCtn@bi@fN~w@hPjxEhh@~qAjNfn@tNzjA~e@bu@xK|ZvUff@~d@`q@bp@fM|QpTzb@tEzE`cAfp@bkB~iAfoB~lA`_@tUtOhXpvBf{ExrBzrEzFhSE~K\\l\\zq@v_BbiEvyJde@`bAtOv@xP}Fdy@q^bKiBt_@nC`HKfRcH~e@cUz|Ays@vhF_cCd}B{dAl~B}M~bB}Hl`DGhUoDng@yPpk@wR|sAsd@l]aKzPq@~a@Vdy@p@h|@Sn~@dA|jAtPhvA|Uvt@nQd{@h\\rR`IfI\\xKFjHbE|ErPJxKvB|t@hA`fAdJrk@pTfj@dTlZvWfQ|l@`Ph|@tF~WtBjPtGnHhEhS~CtZbItRnIn}@r`@vo@bUbn@nQrfArh@bnCr`AhVlGxgAxHbSlNta@p[`_@vVhNM~MkJzPc\\|KiL`]qCj]nBvu@t@nj@sBxq@rWp^dSxKlDfMgEt@qC{DcJiLpEqEvDuBbDt@eDzCiCbBaA}AwDoEuIuB_E_D_I_DgMvC}LrImR|E{Xa@gWi@cLSaE}BoA_FDuDlBaEB[I"},"steps":[{"html_instructions":"มุ่งหน้าทาง&lt;b&gt;ตะวันตกเฉียงเหนือ&lt;/b&gt; ไปตาม&lt;b&gt;ถนน มหาวิทยาลัย&lt;/b&gt;","distance":"2.3 กม.","duration":"3 นาที","start_location":{"lat":14.8640166,"lng":102.0293256},"end_location":{"lat":14.873618,"lng":102.0103409},"travel_mode":"DRIVING","maneuver":null},{"html_instructions":"เลี้ยว&lt;b&gt;ซ้าย&lt;/b&gt; เข้าสู่ &lt;b&gt;ถนน มหาวิทยาลัย 4&lt;/b&gt;","distance":"1.3 กม.","duration":"2 นาที","start_location":{"lat":14.873618,"lng":102.0103409},"end_location":{"lat":14.8650946,"lng":102.0024146},"travel_mode":"DRIVING","maneuver":"turn-left"},{"html_instructions":"เลี้ยว&lt;b&gt;ขวา&lt;/b&gt; เข้าสู่ &lt;b&gt;นม.1020&lt;/b&gt;","distance":"8.5 กม.","duration":"8 นาที","start_location":{"lat":14.8650946,"lng":102.0024146},"end_location":{"lat":14.9295441,"lng":101.9728248},"travel_mode":"DRIVING","maneuver":"turn-right"},{"html_instructions":"เลี้ยว&lt;b&gt;ซ้าย&lt;/b&gt; เข้าสู่ &lt;b&gt;มิตรภาพ&lt;/b&gt;","distance":"0.1 กม.","duration":"1 นาที","start_location":{"lat":14.9295441,"lng":101.9728248},"end_location":{"lat":14.9291659,"lng":101.9719427},"travel_mode":"DRIVING","maneuver":"turn-left"},{"html_instructions":"ใช้ทางลาดไปยัง &lt;b&gt;ถนนหมายเลข 2&lt;/b&gt;/&lt;wbr/&gt;&lt;b&gt;AH12&lt;/b&gt;&lt;div style=\"font-size:0.9em\"&gt;เดินทางต่อไปตามเส้นทาง AH12&lt;/div&gt;","distance":"60.5 กม.","duration":"47 นาที","start_location":{"lat":14.9291659,"lng":101.9719427},"end_location":{"lat":14.7343015,"lng":101.5084065},"travel_mode":"DRIVING","maneuver":null},{"html_instructions":"ชิด&lt;b&gt;ขวา&lt;/b&gt; เพื่อวิ่งต่อบน &lt;b&gt;ถนนหมายเลข 2&lt;/b&gt;&lt;div style=\"font-size:0.9em\"&gt;ผ่าน 7-Eleven สาขา เจ็ดคต (ทับกวาง) (13128) (อีก 54.3 กม. ทางซ้าย)&lt;/div&gt;","distance":"55.9 กม.","duration":"44 นาที","start_location":{"lat":14.7343015,"lng":101.5084065},"end_location":{"lat":14.599375,"lng":101.0477363},"travel_mode":"DRIVING","maneuver":"keep-right"},{"html_instructions":"ขับตรงไปตลอดโดยวิ่งบน &lt;b&gt;ถนนหมายเลข 2&lt;/b&gt;","distance":"16.7 กม.","duration":"12 นาที","start_location":{"lat":14.599375,"lng":101.0477363},"end_location":{"lat":14.5203505,"lng":100.9203691},"travel_mode":"DRIVING","maneuver":"straight"},{"html_instructions":"ใช้ทางออกเข้าสู่ &lt;b&gt;Phaholyothin Rd&lt;/b&gt;","distance":"0.5 กม.","duration":"1 นาที","start_location":{"lat":14.5203505,"lng":100.9203691},"end_location":{"lat":14.5199882,"lng":100.9156481},"travel_mode":"DRIVING","maneuver":"ramp-left"},{"html_instructions":"ชิด&lt;b&gt;ซ้าย&lt;/b&gt; เพื่อวิ่งต่อบน &lt;b&gt;Phaholyothin Rd&lt;/b&gt;","distance":"94 ม.","duration":"1 นาที","start_location":{"lat":14.5199882,"lng":100.9156481},"end_location":{"lat":14.5195196,"lng":100.9150286},"travel_mode":"DRIVING","maneuver":"keep-left"},{"html_instructions":"วิ่งตรงต่อไป","distance":"68 ม.","duration":"1 นาที","start_location":{"lat":14.5195196,"lng":100.9150286},"end_location":{"lat":14.5189128,"lng":100.9149796},"travel_mode":"DRIVING","maneuver":"straight"},{"html_instructions":"ตัดเข้าไปยัง &lt;b&gt;ถนนหมายเลข 1&lt;/b&gt;","distance":"50.0 กม.","duration":"38 นาที","start_location":{"lat":14.5189128,"lng":100.9149796},"end_location":{"lat":14.195408,"lng":100.6476432},"travel_mode":"DRIVING","maneuver":"merge"},{"html_instructions":"ใช้ทางลาดไปยัง &lt;b&gt;บางนา&lt;/b&gt;/&lt;wbr/&gt;&lt;b&gt;ชลบุรี&lt;/b&gt;","distance":"75 ม.","duration":"1 นาที","start_location":{"lat":14.195408,"lng":100.6476432},"end_location":{"lat":14.1949965,"lng":100.6470907},"travel_mode":"DRIVING","maneuver":"ramp-left"},{"html_instructions":"ตัดเข้าไปยัง &lt;b&gt;ทางคู่ขนาน ถ. พหลโยธิน&lt;/b&gt;","distance":"0.5 กม.","duration":"1 นาที","start_location":{"lat":14.1949965,"lng":100.6470907},"end_location":{"lat":14.1926138,"lng":100.6427186},"travel_mode":"DRIVING","maneuver":"merge"},{"html_instructions":"เลี้ยว&lt;b&gt;ซ้าย&lt;/b&gt; เพื่อตัดเข้าไปยัง &lt;b&gt;ทางหลวงพิเศษหมายเลข 6&lt;/b&gt;","distance":"2.9 กม.","duration":"2 นาที","start_location":{"lat":14.1926138,"lng":100.6427186},"end_location":{"lat":14.168541,"lng":100.6486639},"travel_mode":"DRIVING","maneuver":"ramp-left"},{"html_instructions":"ขับต่อไปยัง &lt;b&gt;ถ. กาญจนาภิเษก&lt;/b&gt;/&lt;wbr/&gt;&lt;b&gt;ทางพิเศษกาญจนาภิเษก&lt;/b&gt;/&lt;wbr/&gt;&lt;b&gt;ทางหลวงพิเศษหมายเลข 9&lt;/b&gt;/&lt;wbr/&gt;&lt;b&gt;วงแหวนรอบนอกกรุงเทพมหานครฝั่งตะวันออก&lt;/b&gt;&lt;div style=\"font-size:0.9em\"&gt;ทางพิเศษ&lt;/div&gt;","distance":"22.5 กม.","duration":"15 นาที","start_location":{"lat":14.168541,"lng":100.6486639},"end_location":{"lat":13.9806754,"lng":100.7133072},"travel_mode":"DRIVING","maneuver":null},{"html_instructions":"วิ่งตรงต่อไป","distance":"1.5 กม.","duration":"1 นาที","start_location":{"lat":13.9806754,"lng":100.7133072},"end_location":{"lat":13.9675919,"lng":100.7132102},"travel_mode":"DRIVING","maneuver":"straight"},{"html_instructions":"ตัดเข้าไปยัง &lt;b&gt;ถ. กาญจนาภิเษก&lt;/b&gt;/&lt;wbr/&gt;&lt;b&gt;ทางพิเศษกาญจนาภิเษก&lt;/b&gt;/&lt;wbr/&gt;&lt;b&gt;ทางหลวงพิเศษหมายเลข 9&lt;/b&gt;/&lt;wbr/&gt;&lt;b&gt;วงแหวนรอบนอกกรุงเทพมหานครฝั่งตะวันออก&lt;/b&gt;&lt;div style=\"font-size:0.9em\"&gt;ทางพิเศษ&lt;/div&gt;","distance":"6.3 กม.","duration":"5 นาที","start_location":{"lat":13.9675919,"lng":100.7132102},"end_location":{"lat":13.9123416,"lng":100.7010916},"travel_mode":"DRIVING","maneuver":"merge"},{"html_instructions":"ใช้ทางออกเข้าสู่ &lt;b&gt;ถนนพระราม ๙&lt;/b&gt;/&lt;wbr/&gt;&lt;b&gt;เอกมัย&lt;/b&gt;/&lt;wbr/&gt;&lt;b&gt;ดาวคะนอง&lt;/b&gt;&lt;div style=\"font-size:0.9em\"&gt;ทางพิเศษ&lt;/div&gt;","distance":"2.6 กม.","duration":"2 นาที","start_location":{"lat":13.9123416,"lng":100.7010916},"end_location":{"lat":13.8972485,"lng":100.6878369},"travel_mode":"DRIVING","maneuver":"ramp-left"},{"html_instructions":"ขับต่อไปยัง &lt;b&gt;ทางพิเศษฉลองรัช&lt;/b&gt;&lt;div style=\"font-size:0.9em\"&gt;ทางพิเศษ&lt;/div&gt;","distance":"25.9 กม.","duration":"18 นาที","start_location":{"lat":13.8972485,"lng":100.6878369},"end_location":{"lat":13.7112837,"lng":100.5982534},"travel_mode":"DRIVING","maneuver":null},{"html_instructions":"ใช้ทางออก &lt;b&gt;1&lt;/b&gt; ไปยัง &lt;b&gt;สุขุมวิท ๕๐&lt;/b&gt; เข้าสู่ &lt;b&gt;ถ. ริมทางรถไฟ&lt;/b&gt;/&lt;wbr/&gt;&lt;b&gt;สายปากน้ำ&lt;/b&gt;&lt;div style=\"font-size:0.9em\"&gt;ทางพิเศษ&lt;/div&gt;","distance":"0.7 กม.","duration":"1 นาที","start_location":{"lat":13.7112837,"lng":100.5982534},"end_location":{"lat":13.7058186,"lng":100.5980149},"travel_mode":"DRIVING","maneuver":"ramp-left"},{"html_instructions":"เบี่ยง&lt;b&gt;ซ้าย&lt;/b&gt;เล็กน้อย เข้าสู่ทางลาดไปยัง &lt;b&gt;ถนน สุขุมวิท&lt;/b&gt;/&lt;wbr/&gt;&lt;b&gt;Sukhumvit Road&lt;/b&gt;/&lt;wbr/&gt;&lt;b&gt;พระโขนง&lt;/b&gt;/&lt;wbr/&gt;&lt;b&gt;Phra Khanong&lt;/b&gt;","distance":"42 ม.","duration":"1 นาที","start_location":{"lat":13.7058186,"lng":100.5980149},"end_location":{"lat":13.7056273,"lng":100.5983388},"travel_mode":"DRIVING","maneuver":"ramp-left"},{"html_instructions":"เลี้ยว&lt;b&gt;ซ้าย&lt;/b&gt; เข้าสู่ &lt;b&gt;ซ. สุขุมวิท 50&lt;/b&gt;","distance":"0.3 กม.","duration":"1 นาที","start_location":{"lat":13.7056273,"lng":100.5983388},"end_location":{"lat":13.7066589,"lng":100.6004486},"t... (set the log level to DEBUG or TRACE to see the full content) 
 </msg>
<msg time="2026-02-17T16:06:14.176491" level="INFO">${response} = &lt;Response [200]&gt;</msg>
<var>${response}</var>
<arg>api</arg>
<arg>/routes</arg>
<arg>expected_status=any</arg>
<doc>Sends a GET request on a previously created HTTP Session.</doc>
<status status="PASS" start="2026-02-17T16:06:14.167323" elapsed="0.009168"/>
</kw>
<kw name="Run Keyword If" owner="BuiltIn">
<kw name="Validate Response Has Data" owner="common">
<kw name="Set Variable" owner="BuiltIn">
<msg time="2026-02-17T16:06:14.180492" level="INFO">${json} = {'success': True, 'message': 'Routes retrieved successfully', 'data': [{'id': 'cmlqa8uz00001agrnjeoss1x2', 'driverId': 'cmlq8j1c60000ocrh5hw90myz', 'vehicleId': 'cmlq8n1cd0009ocrh85maywfm', 'startLoca...</msg>
<var>${json}</var>
<arg>${response.json()}</arg>
<doc>Returns the given values which can then be assigned to a variables.</doc>
<status status="PASS" start="2026-02-17T16:06:14.177490" elapsed="0.004001"/>
</kw>
<kw name="Dictionary Should Contain Key" owner="Collections">
<arg>${json}</arg>
<arg>data</arg>
<doc>Fails if ``key`` is not found from ``dictionary``.</doc>
<status status="PASS" start="2026-02-17T16:06:14.181491" elapsed="0.000000"/>
</kw>
<arg>${response}</arg>
<doc>Validate that response contains data field</doc>
<status status="PASS" start="2026-02-17T16:06:14.177490" elapsed="0.004001"/>
</kw>
<arg>${response.status_code} == 200</arg>
<arg>Validate Response Has Data</arg>
<arg>${response}</arg>
<doc>Runs the given keyword with the given arguments, if ``condition`` is true.</doc>
<status status="PASS" start="2026-02-17T16:06:14.176491" elapsed="0.005000"/>
</kw>
<doc>ทดสอบการดึงรายการ routes ทั้งหมด</doc>
<tag>routes</tag>
<tag>smoke</tag>
<status status="PASS" start="2026-02-17T16:06:14.166318" elapsed="0.015173"/>
</test>
<test id="s1-s1-t9" name="Routes - Get Routes With Pagination" line="106">
<kw name="Create Dictionary" owner="BuiltIn">
<msg time="2026-02-17T16:06:14.182491" level="INFO">${params} = {'page': '1', 'limit': '10'}</msg>
<var>${params}</var>
<arg>page=1</arg>
<arg>limit=10</arg>
<doc>Creates and returns a dictionary based on the given ``items``.</doc>
<status status="PASS" start="2026-02-17T16:06:14.182491" elapsed="0.000000"/>
</kw>
<kw name="GET On Session" owner="RequestsLibrary">
<msg time="2026-02-17T16:06:14.191587" level="INFO">GET Request : url=http://localhost:3000/api/routes?page=1&amp;limit=10 
 path_url=/api/routes?page=1&amp;limit=10 
 headers={'User-Agent': 'python-requests/2.32.5', 'Accept-Encoding': 'gzip, deflate', 'Accept': '*/*', 'Connection': 'keep-alive'} 
 body=None 
 </msg>
<msg time="2026-02-17T16:06:14.191587" level="INFO">GET Response : url=http://localhost:3000/api/routes?page=1&amp;limit=10 
 status=200, reason=OK 
 headers={'Vary': 'Origin', 'Access-Control-Allow-Credentials': 'true', 'Content-Security-Policy': "default-src 'self';base-uri 'self';font-src 'self' https: data:;form-action 'self';frame-ancestors 'self';img-src 'self' data:;object-src 'none';script-src 'self';script-src-attr 'none';style-src 'self' https: 'unsafe-inline';upgrade-insecure-requests", 'Cross-Origin-Opener-Policy': 'same-origin', 'Cross-Origin-Resource-Policy': 'same-origin', 'Origin-Agent-Cluster': '?1', 'Referrer-Policy': 'no-referrer', 'Strict-Transport-Security': 'max-age=15552000; includeSubDomains', 'X-Content-Type-Options': 'nosniff', 'X-DNS-Prefetch-Control': 'off', 'X-Download-Options': 'noopen', 'X-Frame-Options': 'SAMEORIGIN', 'X-Permitted-Cross-Domain-Policies': 'none', 'X-XSS-Protection': '0', 'Content-Type': 'application/json; charset=utf-8', 'Content-Length': '173404', 'ETag': 'W/"2a55c-oRcha4/KGqRLb5Rdx7AyP6Umm0E"', 'Date': 'Tue, 17 Feb 2026 09:06:14 GMT', 'Connection': 'keep-alive', 'Keep-Alive': 'timeout=5'} 
 body={"success":true,"message":"Routes retrieved successfully","data":[{"id":"cmlqa8uz00001agrnjeoss1x2","driverId":"cmlq8j1c60000ocrh5hw90myz","vehicleId":"cmlq8n1cd0009ocrh85maywfm","startLocation":{"lat":14.86340815890085,"lng":102.028899609375,"name":"โรงจัดการขยะแบบครบวงจร มหาวิทยาลัยเทคโนโลยีสุรนารี","address":"V27H+556 ตำบล สุรนารี อำเภอเมืองนครราชสีมา นครราชสีมา 30000 ประเทศ"},"endLocation":{"lat":13.71361132915011,"lng":100.622649609375,"name":"59 สุขุมวิท 77","address":"59 สุขุมวิท 77 แขวงสวนหลวง เขตสวนหลวง กรุงเทพมหานคร 10250 ประเทศ"},"departureTime":"2026-02-28T11:30:00.000Z","availableSeats":3,"pricePerSeat":1400,"conditions":"ห้ามอวก","status":"AVAILABLE","cancelledAt":null,"cancelledBy":null,"routePolyline":"ccvyAirvmRiIvJuJ`Ry[|jAkBjEeAtAsBzAtA~B|BjEhBrDp@nAtHvIpLnOxD`AvKv@vA~HrChTSfCkBjCs|@~Zwu@~WkOdGyi@j@mWxGoZ\\am@`_@w[|Hi_@|Aip@`R}MtD_FxB~@tCpFrRzRtm@~Rjn@~\\`fAn{@`nCjmA`yDvqBtlGbVvu@xPzj@hClUQnq@Sno@kAzaDq@|~BqAljDz@nw@hW|aBpUb{A`Z~iBv|@b{F`w@n_FOpS}DtOsVxo@wg@fsA}@bPjF~W~E`P~Ynv@da@|^rr@b^lc@bUtMbHhPzDxSMzV`Ivf@pFfOhCbJfG~Op[|GrN|QhS|q@hOhbAbQ|nBx]ddBj[zJnBt[tRb\\lXb_CdoBpcEjjDtZxWxVnZ~I~q@hH`y@fL|qAfRbxBxWffDrBpWtJnV`O`_@bB~X\\|SuBbPoQ|SkKzZyGjn@vItp@z[lnB|J|XnX`_@|I|b@xXhzB~b@blDjWjvBjB|]{Gha@sRrbAsE~b@vBhl@|[b{@lLba@bDtWo@dF}JtVcWrOmK|G_F`JwFnXg@|\\~BxHfBxLkCbU~@pF`E|Jo@tEkE~LcC|YMtp@rHhgAtWpgA`Q|O|`@bZ`Yz|@pd@nm@dOn\\pQxi@rg@j|Azl@~fBbuBrpGpd@loAlpCvcChcAxlAhp@ffAx]~\\nKrNpCpP|Ani@vB~^xx@cKt\\kDpU^jb@hE`XjClp@pLhg@xMzk@hOnbCtn@bi@fN~w@hPjxEhh@~qAjNfn@tNzjA~e@bu@xK|ZvUff@~d@`q@bp@fM|QpTzb@tEzE`cAfp@bkB~iAfoB~lA`_@tUtOhXpvBf{ExrBzrEzFhSE~K\\l\\zq@v_BbiEvyJde@`bAtOv@xP}Fdy@q^bKiBt_@nC`HKfRcH~e@cUz|Ays@vhF_cCd}B{dAl~B}M~bB}Hl`DGhUoDng@yPpk@wR|sAsd@l]aKzPq@~a@Vdy@p@h|@Sn~@dA|jAtPhvA|Uvt@nQd{@h\\rR`IfI\\xKFjHbE|ErPJxKvB|t@hA`fAdJrk@pTfj@dTlZvWfQ|l@`Ph|@tF~WtBjPtGnHhEhS~CtZbItRnIn}@r`@vo@bUbn@nQrfArh@bnCr`AhVlGxgAxHbSlNta@p[`_@vVhNM~MkJzPc\\|KiL`]qCj]nBvu@t@nj@sBxq@rWp^dSxKlDfMgEt@qC{DcJiLpEqEvDuBbDt@eDzCiCbBaA}AwDoEuIuB_E_D_I_DgMvC}LrImR|E{Xa@gWi@cLSaE}BoA_FDuDlBaEB[I","distanceMeters":263414,"durationSeconds":12653,"routeSummary":"AH12","distance":"263 กม.","duration":"3 ชั่วโมง 31 นาที","waypoints":{"requested":[],"optimizedOrder":[],"used":[],"optimize":true},"landmarks":{"overview_polyline":"ccvyAirvmRiIvJuJ`Ry[|jAkBjEeAtAsBzAtA~B|BjEhBrDp@nAtHvIpLnOxD`AvKv@vA~HrChTSfCkBjCs|@~Zwu@~WkOdGyi@j@mWxGoZ\\am@`_@w[|Hi_@|Aip@`R}MtD_FxB~@tCpFrRzRtm@~Rjn@~\\`fAn{@`nCjmA`yDvqBtlGbVvu@xPzj@hClUQnq@Sno@kAzaDq@|~BqAljDz@nw@hW|aBpUb{A`Z~iBv|@b{F`w@n_FOpS}DtOsVxo@wg@fsA}@bPjF~W~E`P~Ynv@da@|^rr@b^lc@bUtMbHhPzDxSMzV`Ivf@pFfOhCbJfG~Op[|GrN|QhS|q@hOhbAbQ|nBx]ddBj[zJnBt[tRb\\lXb_CdoBpcEjjDtZxWxVnZ~I~q@hH`y@fL|qAfRbxBxWffDrBpWtJnV`O`_@bB~X\\|SuBbPoQ|SkKzZyGjn@vItp@z[lnB|J|XnX`_@|I|b@xXhzB~b@blDjWjvBjB|]{Gha@sRrbAsE~b@vBhl@|[b{@lLba@bDtWo@dF}JtVcWrOmK|G_F`JwFnXg@|\\~BxHfBxLkCbU~@pF`E|Jo@tEkE~LcC|YMtp@rHhgAtWpgA`Q|O|`@bZ`Yz|@pd@nm@dOn\\pQxi@rg@j|Azl@~fBbuBrpGpd@loAlpCvcChcAxlAhp@ffAx]~\\nKrNpCpP|Ani@vB~^xx@cKt\\kDpU^jb@hE`XjClp@pLhg@xMzk@hOnbCtn@bi@fN~w@hPjxEhh@~qAjNfn@tNzjA~e@bu@xK|ZvUff@~d@`q@bp@fM|QpTzb@tEzE`cAfp@bkB~iAfoB~lA`_@tUtOhXpvBf{ExrBzrEzFhSE~K\\l\\zq@v_BbiEvyJde@`bAtOv@xP}Fdy@q^bKiBt_@nC`HKfRcH~e@cUz|Ays@vhF_cCd}B{dAl~B}M~bB}Hl`DGhUoDng@yPpk@wR|sAsd@l]aKzPq@~a@Vdy@p@h|@Sn~@dA|jAtPhvA|Uvt@nQd{@h\\rR`IfI\\xKFjHbE|ErPJxKvB|t@hA`fAdJrk@pTfj@dTlZvWfQ|l@`Ph|@tF~WtBjPtGnHhEhS~CtZbItRnIn}@r`@vo@bUbn@nQrfArh@bnCr`AhVlGxgAxHbSlNta@p[`_@vVhNM~MkJzPc\\|KiL`]qCj]nBvu@t@nj@sBxq@rWp^dSxKlDfMgEt@qC{DcJiLpEqEvDuBbDt@eDzCiCbBaA}AwDoEuIuB_E_D_I_DgMvC}LrImR|E{Xa@gWi@cLSaE}BoA_FDuDlBaEB[I"},"steps":[{"html_instructions":"มุ่งหน้าทาง&lt;b&gt;ตะวันตกเฉียงเหนือ&lt;/b&gt; ไปตาม&lt;b&gt;ถนน มหาวิทยาลัย&lt;/b&gt;","distance":"2.3 กม.","duration":"3 นาที","start_location":{"lat":14.8640166,"lng":102.0293256},"end_location":{"lat":14.873618,"lng":102.0103409},"travel_mode":"DRIVING","maneuver":null},{"html_instructions":"เลี้ยว&lt;b&gt;ซ้าย&lt;/b&gt; เข้าสู่ &lt;b&gt;ถนน มหาวิทยาลัย 4&lt;/b&gt;","distance":"1.3 กม.","duration":"2 นาที","start_location":{"lat":14.873618,"lng":102.0103409},"end_location":{"lat":14.8650946,"lng":102.0024146},"travel_mode":"DRIVING","maneuver":"turn-left"},{"html_instructions":"เลี้ยว&lt;b&gt;ขวา&lt;/b&gt; เข้าสู่ &lt;b&gt;นม.1020&lt;/b&gt;","distance":"8.5 กม.","duration":"8 นาที","start_location":{"lat":14.8650946,"lng":102.0024146},"end_location":{"lat":14.9295441,"lng":101.9728248},"travel_mode":"DRIVING","maneuver":"turn-right"},{"html_instructions":"เลี้ยว&lt;b&gt;ซ้าย&lt;/b&gt; เข้าสู่ &lt;b&gt;มิตรภาพ&lt;/b&gt;","distance":"0.1 กม.","duration":"1 นาที","start_location":{"lat":14.9295441,"lng":101.9728248},"end_location":{"lat":14.9291659,"lng":101.9719427},"travel_mode":"DRIVING","maneuver":"turn-left"},{"html_instructions":"ใช้ทางลาดไปยัง &lt;b&gt;ถนนหมายเลข 2&lt;/b&gt;/&lt;wbr/&gt;&lt;b&gt;AH12&lt;/b&gt;&lt;div style=\"font-size:0.9em\"&gt;เดินทางต่อไปตามเส้นทาง AH12&lt;/div&gt;","distance":"60.5 กม.","duration":"47 นาที","start_location":{"lat":14.9291659,"lng":101.9719427},"end_location":{"lat":14.7343015,"lng":101.5084065},"travel_mode":"DRIVING","maneuver":null},{"html_instructions":"ชิด&lt;b&gt;ขวา&lt;/b&gt; เพื่อวิ่งต่อบน &lt;b&gt;ถนนหมายเลข 2&lt;/b&gt;&lt;div style=\"font-size:0.9em\"&gt;ผ่าน 7-Eleven สาขา เจ็ดคต (ทับกวาง) (13128) (อีก 54.3 กม. ทางซ้าย)&lt;/div&gt;","distance":"55.9 กม.","duration":"44 นาที","start_location":{"lat":14.7343015,"lng":101.5084065},"end_location":{"lat":14.599375,"lng":101.0477363},"travel_mode":"DRIVING","maneuver":"keep-right"},{"html_instructions":"ขับตรงไปตลอดโดยวิ่งบน &lt;b&gt;ถนนหมายเลข 2&lt;/b&gt;","distance":"16.7 กม.","duration":"12 นาที","start_location":{"lat":14.599375,"lng":101.0477363},"end_location":{"lat":14.5203505,"lng":100.9203691},"travel_mode":"DRIVING","maneuver":"straight"},{"html_instructions":"ใช้ทางออกเข้าสู่ &lt;b&gt;Phaholyothin Rd&lt;/b&gt;","distance":"0.5 กม.","duration":"1 นาที","start_location":{"lat":14.5203505,"lng":100.9203691},"end_location":{"lat":14.5199882,"lng":100.9156481},"travel_mode":"DRIVING","maneuver":"ramp-left"},{"html_instructions":"ชิด&lt;b&gt;ซ้าย&lt;/b&gt; เพื่อวิ่งต่อบน &lt;b&gt;Phaholyothin Rd&lt;/b&gt;","distance":"94 ม.","duration":"1 นาที","start_location":{"lat":14.5199882,"lng":100.9156481},"end_location":{"lat":14.5195196,"lng":100.9150286},"travel_mode":"DRIVING","maneuver":"keep-left"},{"html_instructions":"วิ่งตรงต่อไป","distance":"68 ม.","duration":"1 นาที","start_location":{"lat":14.5195196,"lng":100.9150286},"end_location":{"lat":14.5189128,"lng":100.9149796},"travel_mode":"DRIVING","maneuver":"straight"},{"html_instructions":"ตัดเข้าไปยัง &lt;b&gt;ถนนหมายเลข 1&lt;/b&gt;","distance":"50.0 กม.","duration":"38 นาที","start_location":{"lat":14.5189128,"lng":100.9149796},"end_location":{"lat":14.195408,"lng":100.6476432},"travel_mode":"DRIVING","maneuver":"merge"},{"html_instructions":"ใช้ทางลาดไปยัง &lt;b&gt;บางนา&lt;/b&gt;/&lt;wbr/&gt;&lt;b&gt;ชลบุรี&lt;/b&gt;","distance":"75 ม.","duration":"1 นาที","start_location":{"lat":14.195408,"lng":100.6476432},"end_location":{"lat":14.1949965,"lng":100.6470907},"travel_mode":"DRIVING","maneuver":"ramp-left"},{"html_instructions":"ตัดเข้าไปยัง &lt;b&gt;ทางคู่ขนาน ถ. พหลโยธิน&lt;/b&gt;","distance":"0.5 กม.","duration":"1 นาที","start_location":{"lat":14.1949965,"lng":100.6470907},"end_location":{"lat":14.1926138,"lng":100.6427186},"travel_mode":"DRIVING","maneuver":"merge"},{"html_instructions":"เลี้ยว&lt;b&gt;ซ้าย&lt;/b&gt; เพื่อตัดเข้าไปยัง &lt;b&gt;ทางหลวงพิเศษหมายเลข 6&lt;/b&gt;","distance":"2.9 กม.","duration":"2 นาที","start_location":{"lat":14.1926138,"lng":100.6427186},"end_location":{"lat":14.168541,"lng":100.6486639},"travel_mode":"DRIVING","maneuver":"ramp-left"},{"html_instructions":"ขับต่อไปยัง &lt;b&gt;ถ. กาญจนาภิเษก&lt;/b&gt;/&lt;wbr/&gt;&lt;b&gt;ทางพิเศษกาญจนาภิเษก&lt;/b&gt;/&lt;wbr/&gt;&lt;b&gt;ทางหลวงพิเศษหมายเลข 9&lt;/b&gt;/&lt;wbr/&gt;&lt;b&gt;วงแหวนรอบนอกกรุงเทพมหานครฝั่งตะวันออก&lt;/b&gt;&lt;div style=\"font-size:0.9em\"&gt;ทางพิเศษ&lt;/div&gt;","distance":"22.5 กม.","duration":"15 นาที","start_location":{"lat":14.168541,"lng":100.6486639},"end_location":{"lat":13.9806754,"lng":100.7133072},"travel_mode":"DRIVING","maneuver":null},{"html_instructions":"วิ่งตรงต่อไป","distance":"1.5 กม.","duration":"1 นาที","start_location":{"lat":13.9806754,"lng":100.7133072},"end_location":{"lat":13.9675919,"lng":100.7132102},"travel_mode":"DRIVING","maneuver":"straight"},{"html_instructions":"ตัดเข้าไปยัง &lt;b&gt;ถ. กาญจนาภิเษก&lt;/b&gt;/&lt;wbr/&gt;&lt;b&gt;ทางพิเศษกาญจนาภิเษก&lt;/b&gt;/&lt;wbr/&gt;&lt;b&gt;ทางหลวงพิเศษหมายเลข 9&lt;/b&gt;/&lt;wbr/&gt;&lt;b&gt;วงแหวนรอบนอกกรุงเทพมหานครฝั่งตะวันออก&lt;/b&gt;&lt;div style=\"font-size:0.9em\"&gt;ทางพิเศษ&lt;/div&gt;","distance":"6.3 กม.","duration":"5 นาที","start_location":{"lat":13.9675919,"lng":100.7132102},"end_location":{"lat":13.9123416,"lng":100.7010916},"travel_mode":"DRIVING","maneuver":"merge"},{"html_instructions":"ใช้ทางออกเข้าสู่ &lt;b&gt;ถนนพระราม ๙&lt;/b&gt;/&lt;wbr/&gt;&lt;b&gt;เอกมัย&lt;/b&gt;/&lt;wbr/&gt;&lt;b&gt;ดาวคะนอง&lt;/b&gt;&lt;div style=\"font-size:0.9em\"&gt;ทางพิเศษ&lt;/div&gt;","distance":"2.6 กม.","duration":"2 นาที","start_location":{"lat":13.9123416,"lng":100.7010916},"end_location":{"lat":13.8972485,"lng":100.6878369},"travel_mode":"DRIVING","maneuver":"ramp-left"},{"html_instructions":"ขับต่อไปยัง &lt;b&gt;ทางพิเศษฉลองรัช&lt;/b&gt;&lt;div style=\"font-size:0.9em\"&gt;ทางพิเศษ&lt;/div&gt;","distance":"25.9 กม.","duration":"18 นาที","start_location":{"lat":13.8972485,"lng":100.6878369},"end_location":{"lat":13.7112837,"lng":100.5982534},"travel_mode":"DRIVING","maneuver":null},{"html_instructions":"ใช้ทางออก &lt;b&gt;1&lt;/b&gt; ไปยัง &lt;b&gt;สุขุมวิท ๕๐&lt;/b&gt; เข้าสู่ &lt;b&gt;ถ. ริมทางรถไฟ&lt;/b&gt;/&lt;wbr/&gt;&lt;b&gt;สายปากน้ำ&lt;/b&gt;&lt;div style=\"font-size:0.9em\"&gt;ทางพิเศษ&lt;/div&gt;","distance":"0.7 กม.","duration":"1 นาที","start_location":{"lat":13.7112837,"lng":100.5982534},"end_location":{"lat":13.7058186,"lng":100.5980149},"travel_mode":"DRIVING","maneuver":"ramp-left"},{"html_instructions":"เบี่ยง&lt;b&gt;ซ้าย&lt;/b&gt;เล็กน้อย เข้าสู่ทางลาดไปยัง &lt;b&gt;ถนน สุขุมวิท&lt;/b&gt;/&lt;wbr/&gt;&lt;b&gt;Sukhumvit Road&lt;/b&gt;/&lt;wbr/&gt;&lt;b&gt;พระโขนง&lt;/b&gt;/&lt;wbr/&gt;&lt;b&gt;Phra Khanong&lt;/b&gt;","distance":"42 ม.","duration":"1 นาที","start_location":{"lat":13.7058186,"lng":100.5980149},"end_location":{"lat":13.7056273,"lng":100.5983388},"travel_mode":"DRIVING","maneuver":"ramp-left"},{"html_instructions":"เลี้ยว&lt;b&gt;ซ้าย&lt;/b&gt; เข้าสู่ &lt;b&gt;ซ. สุขุมวิท 50&lt;/b&gt;","distance":"0.3 กม.","duration":"1 นาที","start_location":{"lat":13.7056273,"lng":100.5983388},"end_location":{"lat":13.7066589,"lng":100.6004486},"t... (set the log level to DEBUG or TRACE to see the full content) 
 </msg>
<msg time="2026-02-17T16:06:14.191587" level="INFO">${response} = &lt;Response [200]&gt;</msg>
<var>${response}</var>
<arg>api</arg>
<arg>/routes</arg>
<arg>params=${params}</arg>
<arg>expected_status=any</arg>
<doc>Sends a GET request on a previously created HTTP Session.</doc>
<status status="PASS" start="2026-02-17T16:06:14.182491" elapsed="0.010096"/>
</kw>
<kw name="Run Keyword If" owner="BuiltIn">
<kw name="Validate Pagination Response" owner="common">
<kw name="Set Variable" owner="BuiltIn">
<msg time="2026-02-17T16:06:14.197125" level="INFO">${json} = {'success': True, 'message': 'Routes retrieved successfully', 'data': [{'id': 'cmlqa8uz00001agrnjeoss1x2', 'driverId': 'cmlq8j1c60000ocrh5hw90myz', 'vehicleId': 'cmlq8n1cd0009ocrh85maywfm', 'startLoca...</msg>
<var>${json}</var>
<arg>${response.json()}</arg>
<doc>Returns the given values which can then be assigned to a variables.</doc>
<status status="PASS" start="2026-02-17T16:06:14.192587" elapsed="0.004538"/>
</kw>
<kw name="Dictionary Should Contain Key" owner="Collections">
<arg>${json}</arg>
<arg>pagination</arg>
<doc>Fails if ``key`` is not found from ``dictionary``.</doc>
<status status="PASS" start="2026-02-17T16:06:14.197125" elapsed="0.000000"/>
</kw>
<kw name="Set Variable" owner="BuiltIn">
<msg time="2026-02-17T16:06:14.198125" level="INFO">${pagination} = {'page': 1, 'limit': 10, 'total': 7, 'totalPages': 1}</msg>
<var>${pagination}</var>
<arg>${json['pagination']}</arg>
<doc>Returns the given values which can then be assigned to a variables.</doc>
<status status="PASS" start="2026-02-17T16:06:14.197125" elapsed="0.001000"/>
</kw>
<kw name="Dictionary Should Contain Key" owner="Collections">
<arg>${pagination}</arg>
<arg>page</arg>
<doc>Fails if ``key`` is not found from ``dictionary``.</doc>
<status status="PASS" start="2026-02-17T16:06:14.198125" elapsed="0.000000"/>
</kw>
<kw name="Dictionary Should Contain Key" owner="Collections">
<arg>${pagination}</arg>
<arg>limit</arg>
<doc>Fails if ``key`` is not found from ``dictionary``.</doc>
<status status="PASS" start="2026-02-17T16:06:14.198125" elapsed="0.000000"/>
</kw>
<kw name="Dictionary Should Contain Key" owner="Collections">
<arg>${pagination}</arg>
<arg>total</arg>
<doc>Fails if ``key`` is not found from ``dictionary``.</doc>
<status status="PASS" start="2026-02-17T16:06:14.198125" elapsed="0.000000"/>
</kw>
<kw name="Dictionary Should Contain Key" owner="Collections">
<arg>${pagination}</arg>
<arg>totalPages</arg>
<doc>Fails if ``key`` is not found from ``dictionary``.</doc>
<status status="PASS" start="2026-02-17T16:06:14.198125" elapsed="0.000000"/>
</kw>
<arg>${response}</arg>
<doc>Validate that response contains pagination fields</doc>
<status status="PASS" start="2026-02-17T16:06:14.192587" elapsed="0.006538"/>
</kw>
<arg>${response.status_code} == 200</arg>
<arg>Validate Pagination Response</arg>
<arg>${response}</arg>
<doc>Runs the given keyword with the given arguments, if ``condition`` is true.</doc>
<status status="PASS" start="2026-02-17T16:06:14.192587" elapsed="0.006538"/>
</kw>
<doc>ทดสอบ pagination parameters</doc>
<tag>pagination</tag>
<tag>routes</tag>
<status status="PASS" start="2026-02-17T16:06:14.181491" elapsed="0.017634"/>
</test>
<test id="s1-s1-t10" name="Routes - Search Routes With Seats Filter" line="114">
<kw name="Create Dictionary" owner="BuiltIn">
<msg time="2026-02-17T16:06:14.200125" level="INFO">${params} = {'seatsRequired': '2'}</msg>
<var>${params}</var>
<arg>seatsRequired=2</arg>
<doc>Creates and returns a dictionary based on the given ``items``.</doc>
<status status="PASS" start="2026-02-17T16:06:14.200125" elapsed="0.000000"/>
</kw>
<kw name="GET On Session" owner="RequestsLibrary">
<msg time="2026-02-17T16:06:14.209637" level="INFO">GET Request : url=http://localhost:3000/api/routes?seatsRequired=2 
 path_url=/api/routes?seatsRequired=2 
 headers={'User-Agent': 'python-requests/2.32.5', 'Accept-Encoding': 'gzip, deflate', 'Accept': '*/*', 'Connection': 'keep-alive'} 
 body=None 
 </msg>
<msg time="2026-02-17T16:06:14.209637" level="INFO">GET Response : url=http://localhost:3000/api/routes?seatsRequired=2 
 status=200, reason=OK 
 headers={'Vary': 'Origin', 'Access-Control-Allow-Credentials': 'true', 'Content-Security-Policy': "default-src 'self';base-uri 'self';font-src 'self' https: data:;form-action 'self';frame-ancestors 'self';img-src 'self' data:;object-src 'none';script-src 'self';script-src-attr 'none';style-src 'self' https: 'unsafe-inline';upgrade-insecure-requests", 'Cross-Origin-Opener-Policy': 'same-origin', 'Cross-Origin-Resource-Policy': 'same-origin', 'Origin-Agent-Cluster': '?1', 'Referrer-Policy': 'no-referrer', 'Strict-Transport-Security': 'max-age=15552000; includeSubDomains', 'X-Content-Type-Options': 'nosniff', 'X-DNS-Prefetch-Control': 'off', 'X-Download-Options': 'noopen', 'X-Frame-Options': 'SAMEORIGIN', 'X-Permitted-Cross-Domain-Policies': 'none', 'X-XSS-Protection': '0', 'Content-Type': 'application/json; charset=utf-8', 'Content-Length': '173404', 'ETag': 'W/"2a55c-al2633wdYBCUO4+5j+y7Klsbu2Y"', 'Date': 'Tue, 17 Feb 2026 09:06:14 GMT', 'Connection': 'keep-alive', 'Keep-Alive': 'timeout=5'} 
 body={"success":true,"message":"Routes retrieved successfully","data":[{"id":"cmlqa8uz00001agrnjeoss1x2","driverId":"cmlq8j1c60000ocrh5hw90myz","vehicleId":"cmlq8n1cd0009ocrh85maywfm","startLocation":{"lat":14.86340815890085,"lng":102.028899609375,"name":"โรงจัดการขยะแบบครบวงจร มหาวิทยาลัยเทคโนโลยีสุรนารี","address":"V27H+556 ตำบล สุรนารี อำเภอเมืองนครราชสีมา นครราชสีมา 30000 ประเทศ"},"endLocation":{"lat":13.71361132915011,"lng":100.622649609375,"name":"59 สุขุมวิท 77","address":"59 สุขุมวิท 77 แขวงสวนหลวง เขตสวนหลวง กรุงเทพมหานคร 10250 ประเทศ"},"departureTime":"2026-02-28T11:30:00.000Z","availableSeats":3,"pricePerSeat":1400,"conditions":"ห้ามอวก","status":"AVAILABLE","cancelledAt":null,"cancelledBy":null,"routePolyline":"ccvyAirvmRiIvJuJ`Ry[|jAkBjEeAtAsBzAtA~B|BjEhBrDp@nAtHvIpLnOxD`AvKv@vA~HrChTSfCkBjCs|@~Zwu@~WkOdGyi@j@mWxGoZ\\am@`_@w[|Hi_@|Aip@`R}MtD_FxB~@tCpFrRzRtm@~Rjn@~\\`fAn{@`nCjmA`yDvqBtlGbVvu@xPzj@hClUQnq@Sno@kAzaDq@|~BqAljDz@nw@hW|aBpUb{A`Z~iBv|@b{F`w@n_FOpS}DtOsVxo@wg@fsA}@bPjF~W~E`P~Ynv@da@|^rr@b^lc@bUtMbHhPzDxSMzV`Ivf@pFfOhCbJfG~Op[|GrN|QhS|q@hOhbAbQ|nBx]ddBj[zJnBt[tRb\\lXb_CdoBpcEjjDtZxWxVnZ~I~q@hH`y@fL|qAfRbxBxWffDrBpWtJnV`O`_@bB~X\\|SuBbPoQ|SkKzZyGjn@vItp@z[lnB|J|XnX`_@|I|b@xXhzB~b@blDjWjvBjB|]{Gha@sRrbAsE~b@vBhl@|[b{@lLba@bDtWo@dF}JtVcWrOmK|G_F`JwFnXg@|\\~BxHfBxLkCbU~@pF`E|Jo@tEkE~LcC|YMtp@rHhgAtWpgA`Q|O|`@bZ`Yz|@pd@nm@dOn\\pQxi@rg@j|Azl@~fBbuBrpGpd@loAlpCvcChcAxlAhp@ffAx]~\\nKrNpCpP|Ani@vB~^xx@cKt\\kDpU^jb@hE`XjClp@pLhg@xMzk@hOnbCtn@bi@fN~w@hPjxEhh@~qAjNfn@tNzjA~e@bu@xK|ZvUff@~d@`q@bp@fM|QpTzb@tEzE`cAfp@bkB~iAfoB~lA`_@tUtOhXpvBf{ExrBzrEzFhSE~K\\l\\zq@v_BbiEvyJde@`bAtOv@xP}Fdy@q^bKiBt_@nC`HKfRcH~e@cUz|Ays@vhF_cCd}B{dAl~B}M~bB}Hl`DGhUoDng@yPpk@wR|sAsd@l]aKzPq@~a@Vdy@p@h|@Sn~@dA|jAtPhvA|Uvt@nQd{@h\\rR`IfI\\xKFjHbE|ErPJxKvB|t@hA`fAdJrk@pTfj@dTlZvWfQ|l@`Ph|@tF~WtBjPtGnHhEhS~CtZbItRnIn}@r`@vo@bUbn@nQrfArh@bnCr`AhVlGxgAxHbSlNta@p[`_@vVhNM~MkJzPc\\|KiL`]qCj]nBvu@t@nj@sBxq@rWp^dSxKlDfMgEt@qC{DcJiLpEqEvDuBbDt@eDzCiCbBaA}AwDoEuIuB_E_D_I_DgMvC}LrImR|E{Xa@gWi@cLSaE}BoA_FDuDlBaEB[I","distanceMeters":263414,"durationSeconds":12653,"routeSummary":"AH12","distance":"263 กม.","duration":"3 ชั่วโมง 31 นาที","waypoints":{"requested":[],"optimizedOrder":[],"used":[],"optimize":true},"landmarks":{"overview_polyline":"ccvyAirvmRiIvJuJ`Ry[|jAkBjEeAtAsBzAtA~B|BjEhBrDp@nAtHvIpLnOxD`AvKv@vA~HrChTSfCkBjCs|@~Zwu@~WkOdGyi@j@mWxGoZ\\am@`_@w[|Hi_@|Aip@`R}MtD_FxB~@tCpFrRzRtm@~Rjn@~\\`fAn{@`nCjmA`yDvqBtlGbVvu@xPzj@hClUQnq@Sno@kAzaDq@|~BqAljDz@nw@hW|aBpUb{A`Z~iBv|@b{F`w@n_FOpS}DtOsVxo@wg@fsA}@bPjF~W~E`P~Ynv@da@|^rr@b^lc@bUtMbHhPzDxSMzV`Ivf@pFfOhCbJfG~Op[|GrN|QhS|q@hOhbAbQ|nBx]ddBj[zJnBt[tRb\\lXb_CdoBpcEjjDtZxWxVnZ~I~q@hH`y@fL|qAfRbxBxWffDrBpWtJnV`O`_@bB~X\\|SuBbPoQ|SkKzZyGjn@vItp@z[lnB|J|XnX`_@|I|b@xXhzB~b@blDjWjvBjB|]{Gha@sRrbAsE~b@vBhl@|[b{@lLba@bDtWo@dF}JtVcWrOmK|G_F`JwFnXg@|\\~BxHfBxLkCbU~@pF`E|Jo@tEkE~LcC|YMtp@rHhgAtWpgA`Q|O|`@bZ`Yz|@pd@nm@dOn\\pQxi@rg@j|Azl@~fBbuBrpGpd@loAlpCvcChcAxlAhp@ffAx]~\\nKrNpCpP|Ani@vB~^xx@cKt\\kDpU^jb@hE`XjClp@pLhg@xMzk@hOnbCtn@bi@fN~w@hPjxEhh@~qAjNfn@tNzjA~e@bu@xK|ZvUff@~d@`q@bp@fM|QpTzb@tEzE`cAfp@bkB~iAfoB~lA`_@tUtOhXpvBf{ExrBzrEzFhSE~K\\l\\zq@v_BbiEvyJde@`bAtOv@xP}Fdy@q^bKiBt_@nC`HKfRcH~e@cUz|Ays@vhF_cCd}B{dAl~B}M~bB}Hl`DGhUoDng@yPpk@wR|sAsd@l]aKzPq@~a@Vdy@p@h|@Sn~@dA|jAtPhvA|Uvt@nQd{@h\\rR`IfI\\xKFjHbE|ErPJxKvB|t@hA`fAdJrk@pTfj@dTlZvWfQ|l@`Ph|@tF~WtBjPtGnHhEhS~CtZbItRnIn}@r`@vo@bUbn@nQrfArh@bnCr`AhVlGxgAxHbSlNta@p[`_@vVhNM~MkJzPc\\|KiL`]qCj]nBvu@t@nj@sBxq@rWp^dSxKlDfMgEt@qC{DcJiLpEqEvDuBbDt@eDzCiCbBaA}AwDoEuIuB_E_D_I_DgMvC}LrImR|E{Xa@gWi@cLSaE}BoA_FDuDlBaEB[I"},"steps":[{"html_instructions":"มุ่งหน้าทาง&lt;b&gt;ตะวันตกเฉียงเหนือ&lt;/b&gt; ไปตาม&lt;b&gt;ถนน มหาวิทยาลัย&lt;/b&gt;","distance":"2.3 กม.","duration":"3 นาที","start_location":{"lat":14.8640166,"lng":102.0293256},"end_location":{"lat":14.873618,"lng":102.0103409},"travel_mode":"DRIVING","maneuver":null},{"html_instructions":"เลี้ยว&lt;b&gt;ซ้าย&lt;/b&gt; เข้าสู่ &lt;b&gt;ถนน มหาวิทยาลัย 4&lt;/b&gt;","distance":"1.3 กม.","duration":"2 นาที","start_location":{"lat":14.873618,"lng":102.0103409},"end_location":{"lat":14.8650946,"lng":102.0024146},"travel_mode":"DRIVING","maneuver":"turn-left"},{"html_instructions":"เลี้ยว&lt;b&gt;ขวา&lt;/b&gt; เข้าสู่ &lt;b&gt;นม.1020&lt;/b&gt;","distance":"8.5 กม.","duration":"8 นาที","start_location":{"lat":14.8650946,"lng":102.0024146},"end_location":{"lat":14.9295441,"lng":101.9728248},"travel_mode":"DRIVING","maneuver":"turn-right"},{"html_instructions":"เลี้ยว&lt;b&gt;ซ้าย&lt;/b&gt; เข้าสู่ &lt;b&gt;มิตรภาพ&lt;/b&gt;","distance":"0.1 กม.","duration":"1 นาที","start_location":{"lat":14.9295441,"lng":101.9728248},"end_location":{"lat":14.9291659,"lng":101.9719427},"travel_mode":"DRIVING","maneuver":"turn-left"},{"html_instructions":"ใช้ทางลาดไปยัง &lt;b&gt;ถนนหมายเลข 2&lt;/b&gt;/&lt;wbr/&gt;&lt;b&gt;AH12&lt;/b&gt;&lt;div style=\"font-size:0.9em\"&gt;เดินทางต่อไปตามเส้นทาง AH12&lt;/div&gt;","distance":"60.5 กม.","duration":"47 นาที","start_location":{"lat":14.9291659,"lng":101.9719427},"end_location":{"lat":14.7343015,"lng":101.5084065},"travel_mode":"DRIVING","maneuver":null},{"html_instructions":"ชิด&lt;b&gt;ขวา&lt;/b&gt; เพื่อวิ่งต่อบน &lt;b&gt;ถนนหมายเลข 2&lt;/b&gt;&lt;div style=\"font-size:0.9em\"&gt;ผ่าน 7-Eleven สาขา เจ็ดคต (ทับกวาง) (13128) (อีก 54.3 กม. ทางซ้าย)&lt;/div&gt;","distance":"55.9 กม.","duration":"44 นาที","start_location":{"lat":14.7343015,"lng":101.5084065},"end_location":{"lat":14.599375,"lng":101.0477363},"travel_mode":"DRIVING","maneuver":"keep-right"},{"html_instructions":"ขับตรงไปตลอดโดยวิ่งบน &lt;b&gt;ถนนหมายเลข 2&lt;/b&gt;","distance":"16.7 กม.","duration":"12 นาที","start_location":{"lat":14.599375,"lng":101.0477363},"end_location":{"lat":14.5203505,"lng":100.9203691},"travel_mode":"DRIVING","maneuver":"straight"},{"html_instructions":"ใช้ทางออกเข้าสู่ &lt;b&gt;Phaholyothin Rd&lt;/b&gt;","distance":"0.5 กม.","duration":"1 นาที","start_location":{"lat":14.5203505,"lng":100.9203691},"end_location":{"lat":14.5199882,"lng":100.9156481},"travel_mode":"DRIVING","maneuver":"ramp-left"},{"html_instructions":"ชิด&lt;b&gt;ซ้าย&lt;/b&gt; เพื่อวิ่งต่อบน &lt;b&gt;Phaholyothin Rd&lt;/b&gt;","distance":"94 ม.","duration":"1 นาที","start_location":{"lat":14.5199882,"lng":100.9156481},"end_location":{"lat":14.5195196,"lng":100.9150286},"travel_mode":"DRIVING","maneuver":"keep-left"},{"html_instructions":"วิ่งตรงต่อไป","distance":"68 ม.","duration":"1 นาที","start_location":{"lat":14.5195196,"lng":100.9150286},"end_location":{"lat":14.5189128,"lng":100.9149796},"travel_mode":"DRIVING","maneuver":"straight"},{"html_instructions":"ตัดเข้าไปยัง &lt;b&gt;ถนนหมายเลข 1&lt;/b&gt;","distance":"50.0 กม.","duration":"38 นาที","start_location":{"lat":14.5189128,"lng":100.9149796},"end_location":{"lat":14.195408,"lng":100.6476432},"travel_mode":"DRIVING","maneuver":"merge"},{"html_instructions":"ใช้ทางลาดไปยัง &lt;b&gt;บางนา&lt;/b&gt;/&lt;wbr/&gt;&lt;b&gt;ชลบุรี&lt;/b&gt;","distance":"75 ม.","duration":"1 นาที","start_location":{"lat":14.195408,"lng":100.6476432},"end_location":{"lat":14.1949965,"lng":100.6470907},"travel_mode":"DRIVING","maneuver":"ramp-left"},{"html_instructions":"ตัดเข้าไปยัง &lt;b&gt;ทางคู่ขนาน ถ. พหลโยธิน&lt;/b&gt;","distance":"0.5 กม.","duration":"1 นาที","start_location":{"lat":14.1949965,"lng":100.6470907},"end_location":{"lat":14.1926138,"lng":100.6427186},"travel_mode":"DRIVING","maneuver":"merge"},{"html_instructions":"เลี้ยว&lt;b&gt;ซ้าย&lt;/b&gt; เพื่อตัดเข้าไปยัง &lt;b&gt;ทางหลวงพิเศษหมายเลข 6&lt;/b&gt;","distance":"2.9 กม.","duration":"2 นาที","start_location":{"lat":14.1926138,"lng":100.6427186},"end_location":{"lat":14.168541,"lng":100.6486639},"travel_mode":"DRIVING","maneuver":"ramp-left"},{"html_instructions":"ขับต่อไปยัง &lt;b&gt;ถ. กาญจนาภิเษก&lt;/b&gt;/&lt;wbr/&gt;&lt;b&gt;ทางพิเศษกาญจนาภิเษก&lt;/b&gt;/&lt;wbr/&gt;&lt;b&gt;ทางหลวงพิเศษหมายเลข 9&lt;/b&gt;/&lt;wbr/&gt;&lt;b&gt;วงแหวนรอบนอกกรุงเทพมหานครฝั่งตะวันออก&lt;/b&gt;&lt;div style=\"font-size:0.9em\"&gt;ทางพิเศษ&lt;/div&gt;","distance":"22.5 กม.","duration":"15 นาที","start_location":{"lat":14.168541,"lng":100.6486639},"end_location":{"lat":13.9806754,"lng":100.7133072},"travel_mode":"DRIVING","maneuver":null},{"html_instructions":"วิ่งตรงต่อไป","distance":"1.5 กม.","duration":"1 นาที","start_location":{"lat":13.9806754,"lng":100.7133072},"end_location":{"lat":13.9675919,"lng":100.7132102},"travel_mode":"DRIVING","maneuver":"straight"},{"html_instructions":"ตัดเข้าไปยัง &lt;b&gt;ถ. กาญจนาภิเษก&lt;/b&gt;/&lt;wbr/&gt;&lt;b&gt;ทางพิเศษกาญจนาภิเษก&lt;/b&gt;/&lt;wbr/&gt;&lt;b&gt;ทางหลวงพิเศษหมายเลข 9&lt;/b&gt;/&lt;wbr/&gt;&lt;b&gt;วงแหวนรอบนอกกรุงเทพมหานครฝั่งตะวันออก&lt;/b&gt;&lt;div style=\"font-size:0.9em\"&gt;ทางพิเศษ&lt;/div&gt;","distance":"6.3 กม.","duration":"5 นาที","start_location":{"lat":13.9675919,"lng":100.7132102},"end_location":{"lat":13.9123416,"lng":100.7010916},"travel_mode":"DRIVING","maneuver":"merge"},{"html_instructions":"ใช้ทางออกเข้าสู่ &lt;b&gt;ถนนพระราม ๙&lt;/b&gt;/&lt;wbr/&gt;&lt;b&gt;เอกมัย&lt;/b&gt;/&lt;wbr/&gt;&lt;b&gt;ดาวคะนอง&lt;/b&gt;&lt;div style=\"font-size:0.9em\"&gt;ทางพิเศษ&lt;/div&gt;","distance":"2.6 กม.","duration":"2 นาที","start_location":{"lat":13.9123416,"lng":100.7010916},"end_location":{"lat":13.8972485,"lng":100.6878369},"travel_mode":"DRIVING","maneuver":"ramp-left"},{"html_instructions":"ขับต่อไปยัง &lt;b&gt;ทางพิเศษฉลองรัช&lt;/b&gt;&lt;div style=\"font-size:0.9em\"&gt;ทางพิเศษ&lt;/div&gt;","distance":"25.9 กม.","duration":"18 นาที","start_location":{"lat":13.8972485,"lng":100.6878369},"end_location":{"lat":13.7112837,"lng":100.5982534},"travel_mode":"DRIVING","maneuver":null},{"html_instructions":"ใช้ทางออก &lt;b&gt;1&lt;/b&gt; ไปยัง &lt;b&gt;สุขุมวิท ๕๐&lt;/b&gt; เข้าสู่ &lt;b&gt;ถ. ริมทางรถไฟ&lt;/b&gt;/&lt;wbr/&gt;&lt;b&gt;สายปากน้ำ&lt;/b&gt;&lt;div style=\"font-size:0.9em\"&gt;ทางพิเศษ&lt;/div&gt;","distance":"0.7 กม.","duration":"1 นาที","start_location":{"lat":13.7112837,"lng":100.5982534},"end_location":{"lat":13.7058186,"lng":100.5980149},"travel_mode":"DRIVING","maneuver":"ramp-left"},{"html_instructions":"เบี่ยง&lt;b&gt;ซ้าย&lt;/b&gt;เล็กน้อย เข้าสู่ทางลาดไปยัง &lt;b&gt;ถนน สุขุมวิท&lt;/b&gt;/&lt;wbr/&gt;&lt;b&gt;Sukhumvit Road&lt;/b&gt;/&lt;wbr/&gt;&lt;b&gt;พระโขนง&lt;/b&gt;/&lt;wbr/&gt;&lt;b&gt;Phra Khanong&lt;/b&gt;","distance":"42 ม.","duration":"1 นาที","start_location":{"lat":13.7058186,"lng":100.5980149},"end_location":{"lat":13.7056273,"lng":100.5983388},"travel_mode":"DRIVING","maneuver":"ramp-left"},{"html_instructions":"เลี้ยว&lt;b&gt;ซ้าย&lt;/b&gt; เข้าสู่ &lt;b&gt;ซ. สุขุมวิท 50&lt;/b&gt;","distance":"0.3 กม.","duration":"1 นาที","start_location":{"lat":13.7056273,"lng":100.5983388},"end_location":{"lat":13.7066589,"lng":100.6004486},"t... (set the log level to DEBUG or TRACE to see the full content) 
 </msg>
<msg time="2026-02-17T16:06:14.210639" level="INFO">${response} = &lt;Response [200]&gt;</msg>
<var>${response}</var>
<arg>api</arg>
<arg>/routes</arg>
<arg>params=${params}</arg>
<arg>expected_status=any</arg>
<doc>Sends a GET request on a previously created HTTP Session.</doc>
<status status="PASS" start="2026-02-17T16:06:14.200125" elapsed="0.010514"/>
</kw>
<kw name="Log" owner="BuiltIn">
<msg time="2026-02-17T16:06:14.213638" level="INFO">Response: {'success': True, 'message': 'Routes retrieved successfully', 'data': [{'id': 'cmlqa8uz00001agrnjeoss1x2', 'driverId': 'cmlq8j1c60000ocrh5hw90myz', 'vehicleId': 'cmlq8n1cd0009ocrh85maywfm', 'startLocation': {'lat': 14.86340815890085, 'lng': 102.028899609375, 'name': 'โรงจัดการขยะแบบครบวงจร มหาวิทยาลัยเทคโนโลยีสุรนารี', 'address': 'V27H+556 ตำบล สุรนารี อำเภอเมืองนครราชสีมา นครราชสีมา 30000 ประเทศ'}, 'endLocation': {'lat': 13.71361132915011, 'lng': 100.622649609375, 'name': '59 สุขุมวิท 77', 'address': '59 สุขุมวิท 77 แขวงสวนหลวง เขตสวนหลวง กรุงเทพมหานคร 10250 ประเทศ'}, 'departureTime': '2026-02-28T11:30:00.000Z', 'availableSeats': 3, 'pricePerSeat': 1400, 'conditions': 'ห้ามอวก', 'status': 'AVAILABLE', 'cancelledAt': None, 'cancelledBy': None, 'routePolyline': 'ccvyAirvmRiIvJuJ`Ry[|jAkBjEeAtAsBzAtA~B|BjEhBrDp@nAtHvIpLnOxD`AvKv@vA~HrChTSfCkBjCs|@~Zwu@~WkOdGyi@j@mWxGoZ\\am@`_@w[|Hi_@|Aip@`R}MtD_FxB~@tCpFrRzRtm@~Rjn@~\\`fAn{@`nCjmA`yDvqBtlGbVvu@xPzj@hClUQnq@Sno@kAzaDq@|~BqAljDz@nw@hW|aBpUb{A`Z~iBv|@b{F`w@n_FOpS}DtOsVxo@wg@fsA}@bPjF~W~E`P~Ynv@da@|^rr@b^lc@bUtMbHhPzDxSMzV`Ivf@pFfOhCbJfG~Op[|GrN|QhS|q@hOhbAbQ|nBx]ddBj[zJnBt[tRb\\lXb_CdoBpcEjjDtZxWxVnZ~I~q@hH`y@fL|qAfRbxBxWffDrBpWtJnV`O`_@bB~X\\|SuBbPoQ|SkKzZyGjn@vItp@z[lnB|J|XnX`_@|I|b@xXhzB~b@blDjWjvBjB|]{Gha@sRrbAsE~b@vBhl@|[b{@lLba@bDtWo@dF}JtVcWrOmK|G_F`JwFnXg@|\\~BxHfBxLkCbU~@pF`E|Jo@tEkE~LcC|YMtp@rHhgAtWpgA`Q|O|`@bZ`Yz|@pd@nm@dOn\\pQxi@rg@j|Azl@~fBbuBrpGpd@loAlpCvcChcAxlAhp@ffAx]~\\nKrNpCpP|Ani@vB~^xx@cKt\\kDpU^jb@hE`XjClp@pLhg@xMzk@hOnbCtn@bi@fN~w@hPjxEhh@~qAjNfn@tNzjA~e@bu@xK|ZvUff@~d@`q@bp@fM|QpTzb@tEzE`cAfp@bkB~iAfoB~lA`_@tUtOhXpvBf{ExrBzrEzFhSE~K\\l\\zq@v_BbiEvyJde@`bAtOv@xP}Fdy@q^bKiBt_@nC`HKfRcH~e@cUz|Ays@vhF_cCd}B{dAl~B}M~bB}Hl`DGhUoDng@yPpk@wR|sAsd@l]aKzPq@~a@Vdy@p@h|@Sn~@dA|jAtPhvA|Uvt@nQd{@h\\rR`IfI\\xKFjHbE|ErPJxKvB|t@hA`fAdJrk@pTfj@dTlZvWfQ|l@`Ph|@tF~WtBjPtGnHhEhS~CtZbItRnIn}@r`@vo@bUbn@nQrfArh@bnCr`AhVlGxgAxHbSlNta@p[`_@vVhNM~MkJzPc\\|KiL`]qCj]nBvu@t@nj@sBxq@rWp^dSxKlDfMgEt@qC{DcJiLpEqEvDuBbDt@eDzCiCbBaA}AwDoEuIuB_E_D_I_DgMvC}LrImR|E{Xa@gWi@cLSaE}BoA_FDuDlBaEB[I', 'distanceMeters': 263414, 'durationSeconds': 12653, 'routeSummary': 'AH12', 'distance': '263 กม.', 'duration': '3 ชั่วโมง 31 นาที', 'waypoints': {'requested': [], 'optimizedOrder': [], 'used': [], 'optimize': True}, 'landmarks': {'overview_polyline': 'ccvyAirvmRiIvJuJ`Ry[|jAkBjEeAtAsBzAtA~B|BjEhBrDp@nAtHvIpLnOxD`AvKv@vA~HrChTSfCkBjCs|@~Zwu@~WkOdGyi@j@mWxGoZ\\am@`_@w[|Hi_@|Aip@`R}MtD_FxB~@tCpFrRzRtm@~Rjn@~\\`fAn{@`nCjmA`yDvqBtlGbVvu@xPzj@hClUQnq@Sno@kAzaDq@|~BqAljDz@nw@hW|aBpUb{A`Z~iBv|@b{F`w@n_FOpS}DtOsVxo@wg@fsA}@bPjF~W~E`P~Ynv@da@|^rr@b^lc@bUtMbHhPzDxSMzV`Ivf@pFfOhCbJfG~Op[|GrN|QhS|q@hOhbAbQ|nBx]ddBj[zJnBt[tRb\\lXb_CdoBpcEjjDtZxWxVnZ~I~q@hH`y@fL|qAfRbxBxWffDrBpWtJnV`O`_@bB~X\\|SuBbPoQ|SkKzZyGjn@vItp@z[lnB|J|XnX`_@|I|b@xXhzB~b@blDjWjvBjB|]{Gha@sRrbAsE~b@vBhl@|[b{@lLba@bDtWo@dF}JtVcWrOmK|G_F`JwFnXg@|\\~BxHfBxLkCbU~@pF`E|Jo@tEkE~LcC|YMtp@rHhgAtWpgA`Q|O|`@bZ`Yz|@pd@nm@dOn\\pQxi@rg@j|Azl@~fBbuBrpGpd@loAlpCvcChcAxlAhp@ffAx]~\\nKrNpCpP|Ani@vB~^xx@cKt\\kDpU^jb@hE`XjClp@pLhg@xMzk@hOnbCtn@bi@fN~w@hPjxEhh@~qAjNfn@tNzjA~e@bu@xK|ZvUff@~d@`q@bp@fM|QpTzb@tEzE`cAfp@bkB~iAfoB~lA`_@tUtOhXpvBf{ExrBzrEzFhSE~K\\l\\zq@v_BbiEvyJde@`bAtOv@xP}Fdy@q^bKiBt_@nC`HKfRcH~e@cUz|Ays@vhF_cCd}B{dAl~B}M~bB}Hl`DGhUoDng@yPpk@wR|sAsd@l]aKzPq@~a@Vdy@p@h|@Sn~@dA|jAtPhvA|Uvt@nQd{@h\\rR`IfI\\xKFjHbE|ErPJxKvB|t@hA`fAdJrk@pTfj@dTlZvWfQ|l@`Ph|@tF~WtBjPtGnHhEhS~CtZbItRnIn}@r`@vo@bUbn@nQrfArh@bnCr`AhVlGxgAxHbSlNta@p[`_@vVhNM~MkJzPc\\|KiL`]qCj]nBvu@t@nj@sBxq@rWp^dSxKlDfMgEt@qC{DcJiLpEqEvDuBbDt@eDzCiCbBaA}AwDoEuIuB_E_D_I_DgMvC}LrImR|E{Xa@gWi@cLSaE}BoA_FDuDlBaEB[I'}, 'steps': [{'html_instructions': 'มุ่งหน้าทาง&lt;b&gt;ตะวันตกเฉียงเหนือ&lt;/b&gt; ไปตาม&lt;b&gt;ถนน มหาวิทยาลัย&lt;/b&gt;', 'distance': '2.3 กม.', 'duration': '3 นาที', 'start_location': {'lat': 14.8640166, 'lng': 102.0293256}, 'end_location': {'lat': 14.873618, 'lng': 102.0103409}, 'travel_mode': 'DRIVING', 'maneuver': None}, {'html_instructions': 'เลี้ยว&lt;b&gt;ซ้าย&lt;/b&gt; เข้าสู่ &lt;b&gt;ถนน มหาวิทยาลัย 4&lt;/b&gt;', 'distance': '1.3 กม.', 'duration': '2 นาที', 'start_location': {'lat': 14.873618, 'lng': 102.0103409}, 'end_location': {'lat': 14.8650946, 'lng': 102.0024146}, 'travel_mode': 'DRIVING', 'maneuver': 'turn-left'}, {'html_instructions': 'เลี้ยว&lt;b&gt;ขวา&lt;/b&gt; เข้าสู่ &lt;b&gt;นม.1020&lt;/b&gt;', 'distance': '8.5 กม.', 'duration': '8 นาที', 'start_location': {'lat': 14.8650946, 'lng': 102.0024146}, 'end_location': {'lat': 14.9295441, 'lng': 101.9728248}, 'travel_mode': 'DRIVING', 'maneuver': 'turn-right'}, {'html_instructions': 'เลี้ยว&lt;b&gt;ซ้าย&lt;/b&gt; เข้าสู่ &lt;b&gt;มิตรภาพ&lt;/b&gt;', 'distance': '0.1 กม.', 'duration': '1 นาที', 'start_location': {'lat': 14.9295441, 'lng': 101.9728248}, 'end_location': {'lat': 14.9291659, 'lng': 101.9719427}, 'travel_mode': 'DRIVING', 'maneuver': 'turn-left'}, {'html_instructions': 'ใช้ทางลาดไปยัง &lt;b&gt;ถนนหมายเลข 2&lt;/b&gt;/&lt;wbr/&gt;&lt;b&gt;AH12&lt;/b&gt;&lt;div style="font-size:0.9em"&gt;เดินทางต่อไปตามเส้นทาง AH12&lt;/div&gt;', 'distance': '60.5 กม.', 'duration': '47 นาที', 'start_location': {'lat': 14.9291659, 'lng': 101.9719427}, 'end_location': {'lat': 14.7343015, 'lng': 101.5084065}, 'travel_mode': 'DRIVING', 'maneuver': None}, {'html_instructions': 'ชิด&lt;b&gt;ขวา&lt;/b&gt; เพื่อวิ่งต่อบน &lt;b&gt;ถนนหมายเลข 2&lt;/b&gt;&lt;div style="font-size:0.9em"&gt;ผ่าน 7-Eleven สาขา เจ็ดคต (ทับกวาง) (13128) (อีก 54.3 กม. ทางซ้าย)&lt;/div&gt;', 'distance': '55.9 กม.', 'duration': '44 นาที', 'start_location': {'lat': 14.7343015, 'lng': 101.5084065}, 'end_location': {'lat': 14.599375, 'lng': 101.0477363}, 'travel_mode': 'DRIVING', 'maneuver': 'keep-right'}, {'html_instructions': 'ขับตรงไปตลอดโดยวิ่งบน &lt;b&gt;ถนนหมายเลข 2&lt;/b&gt;', 'distance': '16.7 กม.', 'duration': '12 นาที', 'start_location': {'lat': 14.599375, 'lng': 101.0477363}, 'end_location': {'lat': 14.5203505, 'lng': 100.9203691}, 'travel_mode': 'DRIVING', 'maneuver': 'straight'}, {'html_instructions': 'ใช้ทางออกเข้าสู่ &lt;b&gt;Phaholyothin Rd&lt;/b&gt;', 'distance': '0.5 กม.', 'duration': '1 นาที', 'start_location': {'lat': 14.5203505, 'lng': 100.9203691}, 'end_location': {'lat': 14.5199882, 'lng': 100.9156481}, 'travel_mode': 'DRIVING', 'maneuver': 'ramp-left'}, {'html_instructions': 'ชิด&lt;b&gt;ซ้าย&lt;/b&gt; เพื่อวิ่งต่อบน &lt;b&gt;Phaholyothin Rd&lt;/b&gt;', 'distance': '94 ม.', 'duration': '1 นาที', 'start_location': {'lat': 14.5199882, 'lng': 100.9156481}, 'end_location': {'lat': 14.5195196, 'lng': 100.9150286}, 'travel_mode': 'DRIVING', 'maneuver': 'keep-left'}, {'html_instructions': 'วิ่งตรงต่อไป', 'distance': '68 ม.', 'duration': '1 นาที', 'start_location': {'lat': 14.5195196, 'lng': 100.9150286}, 'end_location': {'lat': 14.5189128, 'lng': 100.9149796}, 'travel_mode': 'DRIVING', 'maneuver': 'straight'}, {'html_instructions': 'ตัดเข้าไปยัง &lt;b&gt;ถนนหมายเลข 1&lt;/b&gt;', 'distance': '50.0 กม.', 'duration': '38 นาที', 'start_location': {'lat': 14.5189128, 'lng': 100.9149796}, 'end_location': {'lat': 14.195408, 'lng': 100.6476432}, 'travel_mode': 'DRIVING', 'maneuver': 'merge'}, {'html_instructions': 'ใช้ทางลาดไปยัง &lt;b&gt;บางนา&lt;/b&gt;/&lt;wbr/&gt;&lt;b&gt;ชลบุรี&lt;/b&gt;', 'distance': '75 ม.', 'duration': '1 นาที', 'start_location': {'lat': 14.195408, 'lng': 100.6476432}, 'end_location': {'lat': 14.1949965, 'lng': 100.6470907}, 'travel_mode': 'DRIVING', 'maneuver': 'ramp-left'}, {'html_instructions': 'ตัดเข้าไปยัง &lt;b&gt;ทางคู่ขนาน ถ. พหลโยธิน&lt;/b&gt;', 'distance': '0.5 กม.', 'duration': '1 นาที', 'start_location': {'lat': 14.1949965, 'lng': 100.6470907}, 'end_location': {'lat': 14.1926138, 'lng': 100.6427186}, 'travel_mode': 'DRIVING', 'maneuver': 'merge'}, {'html_instructions': 'เลี้ยว&lt;b&gt;ซ้าย&lt;/b&gt; เพื่อตัดเข้าไปยัง &lt;b&gt;ทางหลวงพิเศษหมายเลข 6&lt;/b&gt;', 'distance': '2.9 กม.', 'duration': '2 นาที', 'start_location': {'lat': 14.1926138, 'lng': 100.6427186}, 'end_location': {'lat': 14.168541, 'lng': 100.6486639}, 'travel_mode': 'DRIVING', 'maneuver': 'ramp-left'}, {'html_instructions': 'ขับต่อไปยัง &lt;b&gt;ถ. กาญจนาภิเษก&lt;/b&gt;/&lt;wbr/&gt;&lt;b&gt;ทางพิเศษกาญจนาภิเษก&lt;/b&gt;/&lt;wbr/&gt;&lt;b&gt;ทางหลวงพิเศษหมายเลข 9&lt;/b&gt;/&lt;wbr/&gt;&lt;b&gt;วงแหวนรอบนอกกรุงเทพมหานครฝั่งตะวันออก&lt;/b&gt;&lt;div style="font-size:0.9em"&gt;ทางพิเศษ&lt;/div&gt;', 'distance': '22.5 กม.', 'duration': '15 นาที', 'start_location': {'lat': 14.168541, 'lng': 100.6486639}, 'end_location': {'lat': 13.9806754, 'lng': 100.7133072}, 'travel_mode': 'DRIVING', 'maneuver': None}, {'html_instructions': 'วิ่งตรงต่อไป', 'distance': '1.5 กม.', 'duration': '1 นาที', 'start_location': {'lat': 13.9806754, 'lng': 100.7133072}, 'end_location': {'lat': 13.9675919, 'lng': 100.7132102}, 'travel_mode': 'DRIVING', 'maneuver': 'straight'}, {'html_instructions': 'ตัดเข้าไปยัง &lt;b&gt;ถ. กาญจนาภิเษก&lt;/b&gt;/&lt;wbr/&gt;&lt;b&gt;ทางพิเศษกาญจนาภิเษก&lt;/b&gt;/&lt;wbr/&gt;&lt;b&gt;ทางหลวงพิเศษหมายเลข 9&lt;/b&gt;/&lt;wbr/&gt;&lt;b&gt;วงแหวนรอบนอกกรุงเทพมหานครฝั่งตะวันออก&lt;/b&gt;&lt;div style="font-size:0.9em"&gt;ทางพิเศษ&lt;/div&gt;', 'distance': '6.3 กม.', 'duration': '5 นาที', 'start_location': {'lat': 13.9675919, 'lng': 100.7132102}, 'end_location': {'lat': 13.9123416, 'lng': 100.7010916}, 'travel_mode': 'DRIVING', 'maneuver': 'merge'}, {'html_instructions': 'ใช้ทางออกเข้าสู่ &lt;b&gt;ถนนพระราม ๙&lt;/b&gt;/&lt;wbr/&gt;&lt;b&gt;เอกมัย&lt;/b&gt;/&lt;wbr/&gt;&lt;b&gt;ดาวคะนอง&lt;/b&gt;&lt;div style="font-size:0.9em"&gt;ทางพิเศษ&lt;/div&gt;', 'distance': '2.6 กม.', 'duration': '2 นาที', 'start_location': {'lat': 13.9123416, 'lng': 100.7010916}, 'end_location': {'lat': 13.8972485, 'lng': 100.6878369}, 'travel_mode': 'DRIVING', 'maneuver': 'ramp-left'}, {'html_instructions': 'ขับต่อไปยัง &lt;b&gt;ทางพิเศษฉลองรัช&lt;/b&gt;&lt;div style="font-size:0.9em"&gt;ทางพิเศษ&lt;/div&gt;', 'distance': '25.9 กม.', 'duration': '18 นาที', 'start_location': {'lat': 13.8972485, 'lng': 100.6878369}, 'end_location': {'lat': 13.7112837, 'lng': 100.5982534}, 'travel_mode': 'DRIVING', 'maneuver': None}, {'html_instructions': 'ใช้ทางออก &lt;b&gt;1&lt;/b&gt; ไปยัง &lt;b&gt;สุขุมวิท ๕๐&lt;/b&gt; เข้าสู่ &lt;b&gt;ถ. ริมทางรถไฟ&lt;/b&gt;/&lt;wbr/&gt;&lt;b&gt;สายปากน้ำ&lt;/b&gt;&lt;div style="font-size:0.9em"&gt;ทางพิเศษ&lt;/div&gt;', 'distance': '0.7 กม.', 'duration
[...]
</kw>
<kw name="Should Contain" owner="BuiltIn">
<arg>${current_url}</arg>
<arg>login</arg>
<doc>Fails if ``container`` does not contain ``item`` one or more times.</doc>
<status status="PASS" start="2026-02-17T16:07:24.209790" elapsed="0.000000"/>
</kw>
<doc>ทดสอบว่าหน้า create trip ต้อง login ก่อน</doc>
<tag>auth</tag>
<tag>create-trip</tag>
<status status="PASS" start="2026-02-17T16:07:22.006173" elapsed="2.203617"/>
</test>
<test id="s1-s2-t9" name="Find Trip - Page Should Load" line="122">
<kw name="Go To Frontend">
<kw name="Go To" owner="SeleniumLibrary">
<msg time="2026-02-17T16:07:24.212301" level="INFO">Opening url 'http://localhost:3001/findTrip'</msg>
<arg>${FRONTEND_URL}${path}</arg>
<doc>Navigates the current browser window to the provided ``url``.</doc>
<status status="PASS" start="2026-02-17T16:07:24.211296" elapsed="0.187012"/>
</kw>
<arg>/findTrip</arg>
<doc>Navigate to frontend URL</doc>
<status status="PASS" start="2026-02-17T16:07:24.211296" elapsed="0.187012"/>
</kw>
<kw name="Wait For Page Load">
<kw name="Wait Until Page Does Not Contain Element" owner="SeleniumLibrary">
<arg>css:.loading</arg>
<arg>timeout=15s</arg>
<doc>Waits until the element ``locator`` disappears from the current page.</doc>
<status status="PASS" start="2026-02-17T16:07:24.399308" elapsed="10.009390"/>
</kw>
<doc>รอให้หน้าโหลดเสร็จ</doc>
<status status="PASS" start="2026-02-17T16:07:24.399308" elapsed="10.009390"/>
</kw>
<kw name="Get Title" owner="SeleniumLibrary">
<msg time="2026-02-17T16:07:34.411961" level="INFO">${title} = ค้นหาเส้นทาง - Car Pool</msg>
<var>${title}</var>
<doc>Returns the title of the current page.</doc>
<status status="PASS" start="2026-02-17T16:07:34.408698" elapsed="0.003263"/>
</kw>
<kw name="Should Not Be Empty" owner="BuiltIn">
<msg time="2026-02-17T16:07:34.412961" level="INFO">Length is 23.</msg>
<arg>${title}</arg>
<doc>Verifies that the given item is not empty.</doc>
<status status="PASS" start="2026-02-17T16:07:34.412961" elapsed="0.000000"/>
</kw>
<doc>ทดสอบการโหลดหน้าค้นหาเที่ยว</doc>
<tag>find-trip</tag>
<tag>smoke</tag>
<status status="PASS" start="2026-02-17T16:07:24.211296" elapsed="10.201665"/>
</test>
<test id="s1-s2-t10" name="Find Trip - Should Have Search Form" line="130">
<kw name="Go To Frontend">
<kw name="Go To" owner="SeleniumLibrary">
<msg time="2026-02-17T16:07:34.414466" level="INFO">Opening url 'http://localhost:3001/findTrip'</msg>
<arg>${FRONTEND_URL}${path}</arg>
<doc>Navigates the current browser window to the provided ``url``.</doc>
<status status="PASS" start="2026-02-17T16:07:34.414466" elapsed="0.168438"/>
</kw>
<arg>/findTrip</arg>
<doc>Navigate to frontend URL</doc>
<status status="PASS" start="2026-02-17T16:07:34.414466" elapsed="0.168438"/>
</kw>
<kw name="Wait For Page Load">
<kw name="Wait Until Page Does Not Contain Element" owner="SeleniumLibrary">
<arg>css:.loading</arg>
<arg>timeout=15s</arg>
<doc>Waits until the element ``locator`` disappears from the current page.</doc>
<status status="PASS" start="2026-02-17T16:07:34.584409" elapsed="10.011371"/>
</kw>
<doc>รอให้หน้าโหลดเสร็จ</doc>
<status status="PASS" start="2026-02-17T16:07:34.582904" elapsed="10.012876"/>
</kw>
<doc>ทดสอบว่ามี search form</doc>
<tag>find-trip</tag>
<tag>search</tag>
<status status="PASS" start="2026-02-17T16:07:34.412961" elapsed="10.182819"/>
</test>
<test id="s1-s2-t11" name="Admin - Should Require Login" line="139">
<kw name="Go To Frontend">
<kw name="Go To" owner="SeleniumLibrary">
<msg time="2026-02-17T16:07:44.596780" level="INFO">Opening url 'http://localhost:3001/admin'</msg>
<arg>${FRONTEND_URL}${path}</arg>
<doc>Navigates the current browser window to the provided ``url``.</doc>
<status status="PASS" start="2026-02-17T16:07:44.596780" elapsed="0.186414"/>
</kw>
<arg>/admin</arg>
<doc>Navigate to frontend URL</doc>
<status status="PASS" start="2026-02-17T16:07:44.596780" elapsed="0.186414"/>
</kw>
<kw name="Sleep" owner="BuiltIn">
<msg time="2026-02-17T16:07:47.783226" level="INFO">Slept 3 seconds.</msg>
<arg>3s</arg>
<doc>Pauses the test executed for the given time.</doc>
<status status="PASS" start="2026-02-17T16:07:44.783194" elapsed="3.000032"/>
</kw>
<kw name="Get Location" owner="SeleniumLibrary">
<msg time="2026-02-17T16:07:47.786735" level="INFO">${current_url} = http://localhost:3001/admin</msg>
<var>${current_url}</var>
<doc>Returns the current browser window URL.</doc>
<status status="PASS" start="2026-02-17T16:07:47.783226" elapsed="0.003509"/>
</kw>
<kw name="Run Keyword And Return Status" owner="BuiltIn">
<kw name="Should Contain" owner="BuiltIn">
<msg time="2026-02-17T16:07:47.786735" level="FAIL">'http://localhost:3001/admin' does not contain 'login'</msg>
<arg>${current_url}</arg>
<arg>login</arg>
<doc>Fails if ``container`` does not contain ``item`` one or more times.</doc>
<status status="FAIL" start="2026-02-17T16:07:47.786735" elapsed="0.000999">'http://localhost:3001/admin' does not contain 'login'</status>
</kw>
<msg time="2026-02-17T16:07:47.787734" level="INFO">${is_login} = False</msg>
<var>${is_login}</var>
<arg>Should Contain</arg>
<arg>${current_url}</arg>
<arg>login</arg>
<doc>Runs the specified keyword and returns the status as a Boolean value.</doc>
<status status="PASS" start="2026-02-17T16:07:47.786735" elapsed="0.000999"/>
</kw>
<kw name="Run Keyword And Return Status" owner="BuiltIn">
<kw name="Should Contain" owner="BuiltIn">
<arg>${current_url}</arg>
<arg>admin</arg>
<doc>Fails if ``container`` does not contain ``item`` one or more times.</doc>
<status status="PASS" start="2026-02-17T16:07:47.787734" elapsed="0.000000"/>
</kw>
<msg time="2026-02-17T16:07:47.787734" level="INFO">${is_admin} = True</msg>
<var>${is_admin}</var>
<arg>Should Contain</arg>
<arg>${current_url}</arg>
<arg>admin</arg>
<doc>Runs the specified keyword and returns the status as a Boolean value.</doc>
<status status="PASS" start="2026-02-17T16:07:47.787734" elapsed="0.000000"/>
</kw>
<kw name="Should Be True" owner="BuiltIn">
<arg>${is_login} or ${is_admin}</arg>
<doc>Fails if the given condition is not true.</doc>
<status status="PASS" start="2026-02-17T16:07:47.787734" elapsed="0.001000"/>
</kw>
<kw name="Log" owner="BuiltIn">
<msg time="2026-02-17T16:07:47.788734" level="INFO">Admin page should require authentication</msg>
<arg>Admin page should require authentication</arg>
<doc>Logs the given message with the given level.</doc>
<status status="PASS" start="2026-02-17T16:07:47.788734" elapsed="0.000000"/>
</kw>
<doc>ทดสอบว่า admin panel ต้อง login ก่อน</doc>
<tag>admin</tag>
<tag>auth</tag>
<status status="PASS" start="2026-02-17T16:07:44.595780" elapsed="3.192954"/>
</test>
<test id="s1-s2-t12" name="Profile - Should Require Login" line="154">
<kw name="Go To Frontend">
<kw name="Go To" owner="SeleniumLibrary">
<msg time="2026-02-17T16:07:47.788734" level="INFO">Opening url 'http://localhost:3001/profile'</msg>
<arg>${FRONTEND_URL}${path}</arg>
<doc>Navigates the current browser window to the provided ``url``.</doc>
<status status="PASS" start="2026-02-17T16:07:47.788734" elapsed="0.138998"/>
</kw>
<arg>/profile</arg>
<doc>Navigate to frontend URL</doc>
<status status="PASS" start="2026-02-17T16:07:47.788734" elapsed="0.138998"/>
</kw>
<kw name="Sleep" owner="BuiltIn">
<msg time="2026-02-17T16:07:49.928969" level="INFO">Slept 2 seconds.</msg>
<arg>2s</arg>
<doc>Pauses the test executed for the given time.</doc>
<status status="PASS" start="2026-02-17T16:07:47.928733" elapsed="2.000236"/>
</kw>
<kw name="Get Location" owner="SeleniumLibrary">
<msg time="2026-02-17T16:07:49.932991" level="INFO">${current_url} = http://localhost:3001/login</msg>
<var>${current_url}</var>
<doc>Returns the current browser window URL.</doc>
<status status="PASS" start="2026-02-17T16:07:49.928969" elapsed="0.004022"/>
</kw>
<kw name="Should Contain" owner="BuiltIn">
<arg>${current_url}</arg>
<arg>login</arg>
<doc>Fails if ``container`` does not contain ``item`` one or more times.</doc>
<status status="PASS" start="2026-02-17T16:07:49.932991" elapsed="0.000000"/>
</kw>
<doc>ทดสอบว่าหน้า profile ต้อง login ก่อน</doc>
<tag>auth</tag>
<tag>profile</tag>
<status status="PASS" start="2026-02-17T16:07:47.788734" elapsed="2.144257"/>
</test>
<test id="s1-s2-t13" name="Verify UI - Alert Changed To Toast in Reports" line="164">
<kw name="Log" owner="BuiltIn">
<msg time="2026-02-17T16:07:49.934495" level="INFO">Reports page should use toast.error() instead of alert()</msg>
<arg>Reports page should use toast.error() instead of alert()</arg>
<doc>Logs the given message with the given level.</doc>
<status status="PASS" start="2026-02-17T16:07:49.932991" elapsed="0.001504"/>
</kw>
<doc>ตรวจสอบว่าหน้า reports ใช้ toast แทน alert</doc>
<tag>bug-fix</tag>
<tag>reports</tag>
<tag>ui</tag>
<status status="PASS" start="2026-02-17T16:07:49.932991" elapsed="0.001504"/>
</test>
<test id="s1-s2-t14" name="Verify UI - Alert Changed To Toast in Emergency Contacts" line="169">
<kw name="Log" owner="BuiltIn">
<msg time="2026-02-17T16:07:49.935500" level="INFO">Emergency contacts page should use toast.error() instead of alert()</msg>
<arg>Emergency contacts page should use toast.error() instead of alert()</arg>
<doc>Logs the given message with the given level.</doc>
<status status="PASS" start="2026-02-17T16:07:49.934495" elapsed="0.001005"/>
</kw>
<doc>ตรวจสอบว่าหน้า emergency contacts ใช้ toast แทน alert</doc>
<tag>bug-fix</tag>
<tag>emergency-contacts</tag>
<tag>ui</tag>
<status status="PASS" start="2026-02-17T16:07:49.934495" elapsed="0.001005"/>
</test>
<test id="s1-s2-t15" name="Verify UI - Form Validation Messages Are Correct" line="174">
<kw name="Go To Frontend">
<kw name="Go To" owner="SeleniumLibrary">
<msg time="2026-02-17T16:07:49.936500" level="INFO">Opening url 'http://localhost:3001/register'</msg>
<arg>${FRONTEND_URL}${path}</arg>
<doc>Navigates the current browser window to the provided ``url``.</doc>
<status status="PASS" start="2026-02-17T16:07:49.936500" elapsed="0.126323"/>
</kw>
<arg>/register</arg>
<doc>Navigate to frontend URL</doc>
<status status="PASS" start="2026-02-17T16:07:49.936500" elapsed="0.126323"/>
</kw>
<kw name="Wait For Page Load">
<kw name="Wait Until Page Does Not Contain Element" owner="SeleniumLibrary">
<arg>css:.loading</arg>
<arg>timeout=15s</arg>
<doc>Waits until the element ``locator`` disappears from the current page.</doc>
<status status="PASS" start="2026-02-17T16:07:50.062823" elapsed="10.046471"/>
</kw>
<doc>รอให้หน้าโหลดเสร็จ</doc>
<status status="PASS" start="2026-02-17T16:07:50.062823" elapsed="10.046471"/>
</kw>
<kw name="Log" owner="BuiltIn">
<msg time="2026-02-17T16:08:00.110429" level="INFO">Username validation should say "6 ตัวอักษร" not "4 ตัวอักษร"</msg>
<arg>Username validation should say "6 ตัวอักษร" not "4 ตัวอักษร"</arg>
<doc>Logs the given message with the given level.</doc>
<status status="PASS" start="2026-02-17T16:08:00.109294" elapsed="0.001135"/>
</kw>
<kw name="Log" owner="BuiltIn">
<msg time="2026-02-17T16:08:00.110429" level="INFO">Phone validation should say "10 หลัก" not "9-10 หลัก"</msg>
<arg>Phone validation should say "10 หลัก" not "9-10 หลัก"</arg>
<doc>Logs the given message with the given level.</doc>
<status status="PASS" start="2026-02-17T16:08:00.110429" elapsed="0.000000"/>
</kw>
<doc>ตรวจสอบว่า validation messages ถูกต้อง</doc>
<tag>bug-fix</tag>
<tag>ui</tag>
<tag>validation</tag>
<status status="PASS" start="2026-02-17T16:07:49.935500" elapsed="10.174929"/>
</test>
<test id="s1-s2-t16" name="Responsive - Mobile View" line="184">
<kw name="Set Window Size" owner="SeleniumLibrary">
<arg>375</arg>
<arg>812</arg>
<doc>Sets current windows size to given ``width`` and ``height``.</doc>
<status status="PASS" start="2026-02-17T16:08:00.111433" elapsed="0.369813"/>
</kw>
<kw name="Go To Frontend">
<kw name="Go To" owner="SeleniumLibrary">
<msg time="2026-02-17T16:08:00.482247" level="INFO">Opening url 'http://localhost:3001'</msg>
<arg>${FRONTEND_URL}${path}</arg>
<doc>Navigates the current browser window to the provided ``url``.</doc>
<status status="PASS" start="2026-02-17T16:08:00.482247" elapsed="0.203195"/>
</kw>
<doc>Navigate to frontend URL</doc>
<status status="PASS" start="2026-02-17T16:08:00.481246" elapsed="0.204196"/>
</kw>
<kw name="Wait For Page Load">
<kw name="Wait Until Page Does Not Contain Element" owner="SeleniumLibrary">
<arg>css:.loading</arg>
<arg>timeout=15s</arg>
<doc>Waits until the element ``locator`` disappears from the current page.</doc>
<status status="PASS" start="2026-02-17T16:08:00.686443" elapsed="10.011089"/>
</kw>
<doc>รอให้หน้าโหลดเสร็จ</doc>
<status status="PASS" start="2026-02-17T16:08:00.685442" elapsed="10.012090"/>
</kw>
<kw name="Set Window Size" owner="SeleniumLibrary">
<arg>1920</arg>
<arg>1080</arg>
<doc>Sets current windows size to given ``width`` and ``height``.</doc>
<status status="PASS" start="2026-02-17T16:08:10.697532" elapsed="0.029066"/>
</kw>
<doc>ทดสอบการแสดงผลบน mobile</doc>
<tag>mobile</tag>
<tag>responsive</tag>
<status status="PASS" start="2026-02-17T16:08:00.111433" elapsed="10.616166"/>
</test>
<test id="s1-s2-t17" name="Responsive - Tablet View" line="193">
<kw name="Set Window Size" owner="SeleniumLibrary">
<arg>768</arg>
<arg>1024</arg>
<doc>Sets current windows size to given ``width`` and ``height``.</doc>
<status status="PASS" start="2026-02-17T16:08:10.729102" elapsed="0.028552"/>
</kw>
<kw name="Go To Frontend">
<kw name="Go To" owner="SeleniumLibrary">
<msg time="2026-02-17T16:08:10.759719" level="INFO">Opening url 'http://localhost:3001'</msg>
<arg>${FRONTEND_URL}${path}</arg>
<doc>Navigates the current browser window to the provided ``url``.</doc>
<status status="PASS" start="2026-02-17T16:08:10.759719" elapsed="0.187860"/>
</kw>
<doc>Navigate to frontend URL</doc>
<status status="PASS" start="2026-02-17T16:08:10.758653" elapsed="0.188926"/>
</kw>
<kw name="Wait For Page Load">
<kw name="Wait Until Page Does Not Contain Element" owner="SeleniumLibrary">
<arg>css:.loading</arg>
<arg>timeout=15s</arg>
<doc>Waits until the element ``locator`` disappears from the current page.</doc>
<status status="PASS" start="2026-02-17T16:08:10.947579" elapsed="10.029716"/>
</kw>
<doc>รอให้หน้าโหลดเสร็จ</doc>
<status status="PASS" start="2026-02-17T16:08:10.947579" elapsed="10.029716"/>
</kw>
<kw name="Set Window Size" owner="SeleniumLibrary">
<arg>1920</arg>
<arg>1080</arg>
<doc>Sets current windows size to given ``width`` and ``height``.</doc>
<status status="PASS" start="2026-02-17T16:08:20.977295" elapsed="0.029145"/>
</kw>
<doc>ทดสอบการแสดงผลบน tablet</doc>
<tag>responsive</tag>
<tag>tablet</tag>
<status status="PASS" start="2026-02-17T16:08:10.727599" elapsed="10.278841"/>
</test>
<test id="s1-s2-t18" name="Accessibility - Page Has Title" line="204">
<kw name="Go To Frontend">
<kw name="Go To" owner="SeleniumLibrary">
<msg time="2026-02-17T16:08:21.008440" level="INFO">Opening url 'http://localhost:3001'</msg>
<arg>${FRONTEND_URL}${path}</arg>
<doc>Navigates the current browser window to the provided ``url``.</doc>
<status status="PASS" start="2026-02-17T16:08:21.008440" elapsed="0.178332"/>
</kw>
<doc>Navigate to frontend URL</doc>
<status status="PASS" start="2026-02-17T16:08:21.008440" elapsed="0.178332"/>
</kw>
<kw name="Wait For Page Load">
<kw name="Wait Until Page Does Not Contain Element" owner="SeleniumLibrary">
<arg>css:.loading</arg>
<arg>timeout=15s</arg>
<doc>Waits until the element ``locator`` disappears from the current page.</doc>
<status status="PASS" start="2026-02-17T16:08:21.186772" elapsed="10.038573"/>
</kw>
<doc>รอให้หน้าโหลดเสร็จ</doc>
<status status="PASS" start="2026-02-17T16:08:21.186772" elapsed="10.038573"/>
</kw>
<kw name="Get Title" owner="SeleniumLibrary">
<msg time="2026-02-17T16:08:31.227850" level="INFO">${title} = ไปนำแหน่</msg>
<var>${title}</var>
<doc>Returns the title of the current page.</doc>
<status status="PASS" start="2026-02-17T16:08:31.225345" elapsed="0.002505"/>
</kw>
<kw name="Should Not Be Empty" owner="BuiltIn">
<msg time="2026-02-17T16:08:31.227850" level="INFO">Length is 8.</msg>
<arg>${title}</arg>
<doc>Verifies that the given item is not empty.</doc>
<status status="PASS" start="2026-02-17T16:08:31.227850" elapsed="0.000000"/>
</kw>
<doc>ทดสอบว่าทุกหน้ามี title</doc>
<tag>accessibility</tag>
<status status="PASS" start="2026-02-17T16:08:21.007439" elapsed="10.221416"/>
</test>
<test id="s1-s2-t19" name="Accessibility - Form Labels Present" line="212">
<kw name="Go To Frontend">
<kw name="Go To" owner="SeleniumLibrary">
<msg time="2026-02-17T16:08:31.228855" level="INFO">Opening url 'http://localhost:3001/login'</msg>
<arg>${FRONTEND_URL}${path}</arg>
<doc>Navigates the current browser window to the provided ``url``.</doc>
<status status="PASS" start="2026-02-17T16:08:31.228855" elapsed="0.194177"/>
</kw>
<arg>/login</arg>
<doc>Navigate to frontend URL</doc>
<status status="PASS" start="2026-02-17T16:08:31.228855" elapsed="0.194177"/>
</kw>
<kw name="Wait For Page Load">
<kw name="Wait Until Page Does Not Contain Element" owner="SeleniumLibrary">
<arg>css:.loading</arg>
<arg>timeout=15s</arg>
<doc>Waits until the element ``locator`` disappears from the current page.</doc>
<status status="PASS" start="2026-02-17T16:08:31.423032" elapsed="10.059131"/>
</kw>
<doc>รอให้หน้าโหลดเสร็จ</doc>
<status status="PASS" start="2026-02-17T16:08:31.423032" elapsed="10.059131"/>
</kw>
<doc>ทดสอบว่า form มี labels</doc>
<tag>accessibility</tag>
<tag>forms</tag>
<status status="PASS" start="2026-02-17T16:08:31.228855" elapsed="10.253308"/>
</test>
<kw name="Close All Browsers" owner="SeleniumLibrary" type="TEARDOWN">
<doc>Closes all open browsers and resets the browser cache.</doc>
<status status="PASS" start="2026-02-17T16:08:41.483165" elapsed="2.158079"/>
</kw>
<doc>UI Tests for PaiNamNae WebApp
ทดสอบ Frontend UI และ User Experience</doc>
<status status="PASS" start="2026-02-17T16:06:14.257804" elapsed="149.383440"/>
</suite>
<status status="PASS" start="2026-02-17T16:06:13.956768" elapsed="149.685478"/>
</suite>
<statistics>
<total>
<stat pass="38" fail="0" skip="0">All Tests</stat>
</total>
<tag>
<stat pass="2" fail="0" skip="0">accessibility</stat>
<stat pass="2" fail="0" skip="0">activity-logs</stat>
<stat pass="1" fail="0" skip="0">admin</stat>
<stat pass="9" fail="0" skip="0">auth</stat>
<stat pass="1" fail="0" skip="0">bookings</stat>
<stat pass="11" fail="0" skip="0">bug-fix</stat>
<stat pass="1" fail="0" skip="0">create-trip</stat>
<stat pass="2" fail="0" skip="0">emergency</stat>
<stat pass="1" fail="0" skip="0">emergency-contacts</stat>
<stat pass="1" fail="0" skip="0">error-handling</stat>
<stat pass="2" fail="0" skip="0">find-trip</stat>
<stat pass="1" fail="0" skip="0">forms</stat>
<stat pass="1" fail="0" skip="0">health</stat>
<stat pass="2" fail="0" skip="0">homepage</stat>
<stat pass="2" fail="0" skip="0">login</stat>
<stat pass="1" fail="0" skip="0">mobile</stat>
<stat pass="1" fail="0" skip="0">navigation</stat>
<stat pass="5" fail="0" skip="0">negative</stat>
<stat pass="2" fail="0" skip="0">pagination</stat>
<stat pass="1" fail="0" skip="0">profile</stat>
<stat pass="3" fail="0" skip="0">register</stat>
<stat pass="2" fail="0" skip="0">reports</stat>
<stat pass="2" fail="0" skip="0">responsive</stat>
<stat pass="4" fail="0" skip="0">routes</stat>
<stat pass="2" fail="0" skip="0">search</stat>
<stat pass="5" fail="0" skip="0">security</stat>
<stat pass="7" fail="0" skip="0">smoke</stat>
<stat pass="1" fail="0" skip="0">tablet</stat>
<stat pass="3" fail="0" skip="0">ui</stat>
<stat pass="8" fail="0" skip="0">validation</stat>
<stat pass="1" fail="0" skip="0">vehicles</stat>
</tag>
<suite>
<stat name="Robot" id="s1" pass="38" fail="0" skip="0">Robot</stat>
<stat name="Api Tests" id="s1-s1" pass="19" fail="0" skip="0">Robot.Api Tests</stat>
<stat name="Ui Tests" id="s1-s2" pass="19" fail="0" skip="0">Robot.Ui Tests</stat>
</suite>
</statistics>
<errors>
</errors>
</robot>
